

================================================================
== Vivado HLS Report for 'getClustersin3x4Regi'
================================================================
* Date:           Sun Jan 20 19:47:10 2019

* Version:        2018.2 (Build 2258646 on Thu Jun 14 20:25:20 MDT 2018)
* Project:        proj
* Solution:       solution1
* Product family: virtex7
* Target device:  xc7vx690tffg1927-2


================================================================
== Performance Estimates
================================================================
+ Timing (ns): 
    * Summary: 
    +--------+-------+----------+------------+
    |  Clock | Target| Estimated| Uncertainty|
    +--------+-------+----------+------------+
    |ap_clk  |   8.33|     6.123|        1.04|
    +--------+-------+----------+------------+

+ Latency (clock cycles): 
    * Summary: 
    +-----+-----+-----+-----+----------+
    |  Latency  |  Interval | Pipeline |
    | min | max | min | max |   Type   |
    +-----+-----+-----+-----+----------+
    |    4|    4|    1|    1| function |
    +-----+-----+-----+-----+----------+

    + Detail: 
        * Instance: 
        +--------------------------------+--------------------+-----+-----+-----+-----+----------+
        |                                |                    |  Latency  |  Interval | Pipeline |
        |            Instance            |       Module       | min | max | min | max |   Type   |
        +--------------------------------+--------------------+-----+-----+-----+-----+----------+
        |grp_getClustersInTower_fu_2412  |getClustersInTower  |    3|    3|    1|    1| function |
        |grp_getClustersInTower_fu_2466  |getClustersInTower  |    3|    3|    1|    1| function |
        |grp_getClustersInTower_fu_2520  |getClustersInTower  |    3|    3|    1|    1| function |
        |grp_getClustersInTower_fu_2574  |getClustersInTower  |    3|    3|    1|    1| function |
        |grp_getClustersInTower_fu_2628  |getClustersInTower  |    3|    3|    1|    1| function |
        |grp_getClustersInTower_fu_2682  |getClustersInTower  |    3|    3|    1|    1| function |
        |grp_getClustersInTower_fu_2736  |getClustersInTower  |    3|    3|    1|    1| function |
        |grp_getClustersInTower_fu_2790  |getClustersInTower  |    3|    3|    1|    1| function |
        |grp_getClustersInTower_fu_2844  |getClustersInTower  |    3|    3|    1|    1| function |
        |grp_getClustersInTower_fu_2898  |getClustersInTower  |    3|    3|    1|    1| function |
        |grp_getClustersInTower_fu_2952  |getClustersInTower  |    3|    3|    1|    1| function |
        |grp_getClustersInTower_fu_3006  |getClustersInTower  |    3|    3|    1|    1| function |
        +--------------------------------+--------------------+-----+-----+-----+-----+----------+

        * Loop: 
        N/A



================================================================
== Utilization Estimates
================================================================
* Summary: 
+-----------------+---------+-------+--------+--------+
|       Name      | BRAM_18K| DSP48E|   FF   |   LUT  |
+-----------------+---------+-------+--------+--------+
|DSP              |        -|      -|       -|       -|
|Expression       |        -|      -|       -|       -|
|FIFO             |        -|      -|       -|       -|
|Instance         |        0|      -|   12492|   17184|
|Memory           |        -|      -|       -|       -|
|Multiplexer      |        -|      -|       -|       -|
|Register         |        -|      -|    4800|       -|
+-----------------+---------+-------+--------+--------+
|Total            |        0|      0|   17292|   17184|
+-----------------+---------+-------+--------+--------+
|Available        |     2940|   3600|  866400|  433200|
+-----------------+---------+-------+--------+--------+
|Utilization (%)  |        0|      0|       1|       3|
+-----------------+---------+-------+--------+--------+

+ Detail: 
    * Instance: 
    +--------------------------------+--------------------+---------+-------+------+------+
    |            Instance            |       Module       | BRAM_18K| DSP48E|  FF  |  LUT |
    +--------------------------------+--------------------+---------+-------+------+------+
    |grp_getClustersInTower_fu_2412  |getClustersInTower  |        0|      0|  1041|  1432|
    |grp_getClustersInTower_fu_2466  |getClustersInTower  |        0|      0|  1041|  1432|
    |grp_getClustersInTower_fu_2520  |getClustersInTower  |        0|      0|  1041|  1432|
    |grp_getClustersInTower_fu_2574  |getClustersInTower  |        0|      0|  1041|  1432|
    |grp_getClustersInTower_fu_2628  |getClustersInTower  |        0|      0|  1041|  1432|
    |grp_getClustersInTower_fu_2682  |getClustersInTower  |        0|      0|  1041|  1432|
    |grp_getClustersInTower_fu_2736  |getClustersInTower  |        0|      0|  1041|  1432|
    |grp_getClustersInTower_fu_2790  |getClustersInTower  |        0|      0|  1041|  1432|
    |grp_getClustersInTower_fu_2844  |getClustersInTower  |        0|      0|  1041|  1432|
    |grp_getClustersInTower_fu_2898  |getClustersInTower  |        0|      0|  1041|  1432|
    |grp_getClustersInTower_fu_2952  |getClustersInTower  |        0|      0|  1041|  1432|
    |grp_getClustersInTower_fu_3006  |getClustersInTower  |        0|      0|  1041|  1432|
    +--------------------------------+--------------------+---------+-------+------+------+
    |Total                           |                    |        0|      0| 12492| 17184|
    +--------------------------------+--------------------+---------+-------+------+------+

    * DSP48: 
    N/A

    * Memory: 
    N/A

    * FIFO: 
    N/A

    * Expression: 
    N/A

    * Multiplexer: 
    N/A

    * Register: 
    +-------------------------------------+----+----+-----+-----------+
    |                 Name                | FF | LUT| Bits| Const Bits|
    +-------------------------------------+----+----+-----+-----------+
    |crystals_tower_0_0_0_0_read_int_reg  |  16|   0|   16|          0|
    |crystals_tower_0_0_0_1_read_int_reg  |  16|   0|   16|          0|
    |crystals_tower_0_0_0_2_read_int_reg  |  16|   0|   16|          0|
    |crystals_tower_0_0_0_3_read_int_reg  |  16|   0|   16|          0|
    |crystals_tower_0_0_0_4_read_int_reg  |  16|   0|   16|          0|
    |crystals_tower_0_0_1_0_read_int_reg  |  16|   0|   16|          0|
    |crystals_tower_0_0_1_1_read_int_reg  |  16|   0|   16|          0|
    |crystals_tower_0_0_1_2_read_int_reg  |  16|   0|   16|          0|
    |crystals_tower_0_0_1_3_read_int_reg  |  16|   0|   16|          0|
    |crystals_tower_0_0_1_4_read_int_reg  |  16|   0|   16|          0|
    |crystals_tower_0_0_2_0_read_int_reg  |  16|   0|   16|          0|
    |crystals_tower_0_0_2_1_read_int_reg  |  16|   0|   16|          0|
    |crystals_tower_0_0_2_2_read_int_reg  |  16|   0|   16|          0|
    |crystals_tower_0_0_2_3_read_int_reg  |  16|   0|   16|          0|
    |crystals_tower_0_0_2_4_read_int_reg  |  16|   0|   16|          0|
    |crystals_tower_0_0_3_0_read_int_reg  |  16|   0|   16|          0|
    |crystals_tower_0_0_3_1_read_int_reg  |  16|   0|   16|          0|
    |crystals_tower_0_0_3_2_read_int_reg  |  16|   0|   16|          0|
    |crystals_tower_0_0_3_3_read_int_reg  |  16|   0|   16|          0|
    |crystals_tower_0_0_3_4_read_int_reg  |  16|   0|   16|          0|
    |crystals_tower_0_0_4_0_read_int_reg  |  16|   0|   16|          0|
    |crystals_tower_0_0_4_1_read_int_reg  |  16|   0|   16|          0|
    |crystals_tower_0_0_4_2_read_int_reg  |  16|   0|   16|          0|
    |crystals_tower_0_0_4_3_read_int_reg  |  16|   0|   16|          0|
    |crystals_tower_0_0_4_4_read_int_reg  |  16|   0|   16|          0|
    |crystals_tower_0_1_0_0_read_int_reg  |  16|   0|   16|          0|
    |crystals_tower_0_1_0_1_read_int_reg  |  16|   0|   16|          0|
    |crystals_tower_0_1_0_2_read_int_reg  |  16|   0|   16|          0|
    |crystals_tower_0_1_0_3_read_int_reg  |  16|   0|   16|          0|
    |crystals_tower_0_1_0_4_read_int_reg  |  16|   0|   16|          0|
    |crystals_tower_0_1_1_0_read_int_reg  |  16|   0|   16|          0|
    |crystals_tower_0_1_1_1_read_int_reg  |  16|   0|   16|          0|
    |crystals_tower_0_1_1_2_read_int_reg  |  16|   0|   16|          0|
    |crystals_tower_0_1_1_3_read_int_reg  |  16|   0|   16|          0|
    |crystals_tower_0_1_1_4_read_int_reg  |  16|   0|   16|          0|
    |crystals_tower_0_1_2_0_read_int_reg  |  16|   0|   16|          0|
    |crystals_tower_0_1_2_1_read_int_reg  |  16|   0|   16|          0|
    |crystals_tower_0_1_2_2_read_int_reg  |  16|   0|   16|          0|
    |crystals_tower_0_1_2_3_read_int_reg  |  16|   0|   16|          0|
    |crystals_tower_0_1_2_4_read_int_reg  |  16|   0|   16|          0|
    |crystals_tower_0_1_3_0_read_int_reg  |  16|   0|   16|          0|
    |crystals_tower_0_1_3_1_read_int_reg  |  16|   0|   16|          0|
    |crystals_tower_0_1_3_2_read_int_reg  |  16|   0|   16|          0|
    |crystals_tower_0_1_3_3_read_int_reg  |  16|   0|   16|          0|
    |crystals_tower_0_1_3_4_read_int_reg  |  16|   0|   16|          0|
    |crystals_tower_0_1_4_0_read_int_reg  |  16|   0|   16|          0|
    |crystals_tower_0_1_4_1_read_int_reg  |  16|   0|   16|          0|
    |crystals_tower_0_1_4_2_read_int_reg  |  16|   0|   16|          0|
    |crystals_tower_0_1_4_3_read_int_reg  |  16|   0|   16|          0|
    |crystals_tower_0_1_4_4_read_int_reg  |  16|   0|   16|          0|
    |crystals_tower_0_2_0_0_read_int_reg  |  16|   0|   16|          0|
    |crystals_tower_0_2_0_1_read_int_reg  |  16|   0|   16|          0|
    |crystals_tower_0_2_0_2_read_int_reg  |  16|   0|   16|          0|
    |crystals_tower_0_2_0_3_read_int_reg  |  16|   0|   16|          0|
    |crystals_tower_0_2_0_4_read_int_reg  |  16|   0|   16|          0|
    |crystals_tower_0_2_1_0_read_int_reg  |  16|   0|   16|          0|
    |crystals_tower_0_2_1_1_read_int_reg  |  16|   0|   16|          0|
    |crystals_tower_0_2_1_2_read_int_reg  |  16|   0|   16|          0|
    |crystals_tower_0_2_1_3_read_int_reg  |  16|   0|   16|          0|
    |crystals_tower_0_2_1_4_read_int_reg  |  16|   0|   16|          0|
    |crystals_tower_0_2_2_0_read_int_reg  |  16|   0|   16|          0|
    |crystals_tower_0_2_2_1_read_int_reg  |  16|   0|   16|          0|
    |crystals_tower_0_2_2_2_read_int_reg  |  16|   0|   16|          0|
    |crystals_tower_0_2_2_3_read_int_reg  |  16|   0|   16|          0|
    |crystals_tower_0_2_2_4_read_int_reg  |  16|   0|   16|          0|
    |crystals_tower_0_2_3_0_read_int_reg  |  16|   0|   16|          0|
    |crystals_tower_0_2_3_1_read_int_reg  |  16|   0|   16|          0|
    |crystals_tower_0_2_3_2_read_int_reg  |  16|   0|   16|          0|
    |crystals_tower_0_2_3_3_read_int_reg  |  16|   0|   16|          0|
    |crystals_tower_0_2_3_4_read_int_reg  |  16|   0|   16|          0|
    |crystals_tower_0_2_4_0_read_int_reg  |  16|   0|   16|          0|
    |crystals_tower_0_2_4_1_read_int_reg  |  16|   0|   16|          0|
    |crystals_tower_0_2_4_2_read_int_reg  |  16|   0|   16|          0|
    |crystals_tower_0_2_4_3_read_int_reg  |  16|   0|   16|          0|
    |crystals_tower_0_2_4_4_read_int_reg  |  16|   0|   16|          0|
    |crystals_tower_0_3_0_0_read_int_reg  |  16|   0|   16|          0|
    |crystals_tower_0_3_0_1_read_int_reg  |  16|   0|   16|          0|
    |crystals_tower_0_3_0_2_read_int_reg  |  16|   0|   16|          0|
    |crystals_tower_0_3_0_3_read_int_reg  |  16|   0|   16|          0|
    |crystals_tower_0_3_0_4_read_int_reg  |  16|   0|   16|          0|
    |crystals_tower_0_3_1_0_read_int_reg  |  16|   0|   16|          0|
    |crystals_tower_0_3_1_1_read_int_reg  |  16|   0|   16|          0|
    |crystals_tower_0_3_1_2_read_int_reg  |  16|   0|   16|          0|
    |crystals_tower_0_3_1_3_read_int_reg  |  16|   0|   16|          0|
    |crystals_tower_0_3_1_4_read_int_reg  |  16|   0|   16|          0|
    |crystals_tower_0_3_2_0_read_int_reg  |  16|   0|   16|          0|
    |crystals_tower_0_3_2_1_read_int_reg  |  16|   0|   16|          0|
    |crystals_tower_0_3_2_2_read_int_reg  |  16|   0|   16|          0|
    |crystals_tower_0_3_2_3_read_int_reg  |  16|   0|   16|          0|
    |crystals_tower_0_3_2_4_read_int_reg  |  16|   0|   16|          0|
    |crystals_tower_0_3_3_0_read_int_reg  |  16|   0|   16|          0|
    |crystals_tower_0_3_3_1_read_int_reg  |  16|   0|   16|          0|
    |crystals_tower_0_3_3_2_read_int_reg  |  16|   0|   16|          0|
    |crystals_tower_0_3_3_3_read_int_reg  |  16|   0|   16|          0|
    |crystals_tower_0_3_3_4_read_int_reg  |  16|   0|   16|          0|
    |crystals_tower_0_3_4_0_read_int_reg  |  16|   0|   16|          0|
    |crystals_tower_0_3_4_1_read_int_reg  |  16|   0|   16|          0|
    |crystals_tower_0_3_4_2_read_int_reg  |  16|   0|   16|          0|
    |crystals_tower_0_3_4_3_read_int_reg  |  16|   0|   16|          0|
    |crystals_tower_0_3_4_4_read_int_reg  |  16|   0|   16|          0|
    |crystals_tower_1_0_0_0_read_int_reg  |  16|   0|   16|          0|
    |crystals_tower_1_0_0_1_read_int_reg  |  16|   0|   16|          0|
    |crystals_tower_1_0_0_2_read_int_reg  |  16|   0|   16|          0|
    |crystals_tower_1_0_0_3_read_int_reg  |  16|   0|   16|          0|
    |crystals_tower_1_0_0_4_read_int_reg  |  16|   0|   16|          0|
    |crystals_tower_1_0_1_0_read_int_reg  |  16|   0|   16|          0|
    |crystals_tower_1_0_1_1_read_int_reg  |  16|   0|   16|          0|
    |crystals_tower_1_0_1_2_read_int_reg  |  16|   0|   16|          0|
    |crystals_tower_1_0_1_3_read_int_reg  |  16|   0|   16|          0|
    |crystals_tower_1_0_1_4_read_int_reg  |  16|   0|   16|          0|
    |crystals_tower_1_0_2_0_read_int_reg  |  16|   0|   16|          0|
    |crystals_tower_1_0_2_1_read_int_reg  |  16|   0|   16|          0|
    |crystals_tower_1_0_2_2_read_int_reg  |  16|   0|   16|          0|
    |crystals_tower_1_0_2_3_read_int_reg  |  16|   0|   16|          0|
    |crystals_tower_1_0_2_4_read_int_reg  |  16|   0|   16|          0|
    |crystals_tower_1_0_3_0_read_int_reg  |  16|   0|   16|          0|
    |crystals_tower_1_0_3_1_read_int_reg  |  16|   0|   16|          0|
    |crystals_tower_1_0_3_2_read_int_reg  |  16|   0|   16|          0|
    |crystals_tower_1_0_3_3_read_int_reg  |  16|   0|   16|          0|
    |crystals_tower_1_0_3_4_read_int_reg  |  16|   0|   16|          0|
    |crystals_tower_1_0_4_0_read_int_reg  |  16|   0|   16|          0|
    |crystals_tower_1_0_4_1_read_int_reg  |  16|   0|   16|          0|
    |crystals_tower_1_0_4_2_read_int_reg  |  16|   0|   16|          0|
    |crystals_tower_1_0_4_3_read_int_reg  |  16|   0|   16|          0|
    |crystals_tower_1_0_4_4_read_int_reg  |  16|   0|   16|          0|
    |crystals_tower_1_1_0_0_read_int_reg  |  16|   0|   16|          0|
    |crystals_tower_1_1_0_1_read_int_reg  |  16|   0|   16|          0|
    |crystals_tower_1_1_0_2_read_int_reg  |  16|   0|   16|          0|
    |crystals_tower_1_1_0_3_read_int_reg  |  16|   0|   16|          0|
    |crystals_tower_1_1_0_4_read_int_reg  |  16|   0|   16|          0|
    |crystals_tower_1_1_1_0_read_int_reg  |  16|   0|   16|          0|
    |crystals_tower_1_1_1_1_read_int_reg  |  16|   0|   16|          0|
    |crystals_tower_1_1_1_2_read_int_reg  |  16|   0|   16|          0|
    |crystals_tower_1_1_1_3_read_int_reg  |  16|   0|   16|          0|
    |crystals_tower_1_1_1_4_read_int_reg  |  16|   0|   16|          0|
    |crystals_tower_1_1_2_0_read_int_reg  |  16|   0|   16|          0|
    |crystals_tower_1_1_2_1_read_int_reg  |  16|   0|   16|          0|
    |crystals_tower_1_1_2_2_read_int_reg  |  16|   0|   16|          0|
    |crystals_tower_1_1_2_3_read_int_reg  |  16|   0|   16|          0|
    |crystals_tower_1_1_2_4_read_int_reg  |  16|   0|   16|          0|
    |crystals_tower_1_1_3_0_read_int_reg  |  16|   0|   16|          0|
    |crystals_tower_1_1_3_1_read_int_reg  |  16|   0|   16|          0|
    |crystals_tower_1_1_3_2_read_int_reg  |  16|   0|   16|          0|
    |crystals_tower_1_1_3_3_read_int_reg  |  16|   0|   16|          0|
    |crystals_tower_1_1_3_4_read_int_reg  |  16|   0|   16|          0|
    |crystals_tower_1_1_4_0_read_int_reg  |  16|   0|   16|          0|
    |crystals_tower_1_1_4_1_read_int_reg  |  16|   0|   16|          0|
    |crystals_tower_1_1_4_2_read_int_reg  |  16|   0|   16|          0|
    |crystals_tower_1_1_4_3_read_int_reg  |  16|   0|   16|          0|
    |crystals_tower_1_1_4_4_read_int_reg  |  16|   0|   16|          0|
    |crystals_tower_1_2_0_0_read_int_reg  |  16|   0|   16|          0|
    |crystals_tower_1_2_0_1_read_int_reg  |  16|   0|   16|          0|
    |crystals_tower_1_2_0_2_read_int_reg  |  16|   0|   16|          0|
    |crystals_tower_1_2_0_3_read_int_reg  |  16|   0|   16|          0|
    |crystals_tower_1_2_0_4_read_int_reg  |  16|   0|   16|          0|
    |crystals_tower_1_2_1_0_read_int_reg  |  16|   0|   16|          0|
    |crystals_tower_1_2_1_1_read_int_reg  |  16|   0|   16|          0|
    |crystals_tower_1_2_1_2_read_int_reg  |  16|   0|   16|          0|
    |crystals_tower_1_2_1_3_read_int_reg  |  16|   0|   16|          0|
    |crystals_tower_1_2_1_4_read_int_reg  |  16|   0|   16|          0|
    |crystals_tower_1_2_2_0_read_int_reg  |  16|   0|   16|          0|
    |crystals_tower_1_2_2_1_read_int_reg  |  16|   0|   16|          0|
    |crystals_tower_1_2_2_2_read_int_reg  |  16|   0|   16|          0|
    |crystals_tower_1_2_2_3_read_int_reg  |  16|   0|   16|          0|
    |crystals_tower_1_2_2_4_read_int_reg  |  16|   0|   16|          0|
    |crystals_tower_1_2_3_0_read_int_reg  |  16|   0|   16|          0|
    |crystals_tower_1_2_3_1_read_int_reg  |  16|   0|   16|          0|
    |crystals_tower_1_2_3_2_read_int_reg  |  16|   0|   16|          0|
    |crystals_tower_1_2_3_3_read_int_reg  |  16|   0|   16|          0|
    |crystals_tower_1_2_3_4_read_int_reg  |  16|   0|   16|          0|
    |crystals_tower_1_2_4_0_read_int_reg  |  16|   0|   16|          0|
    |crystals_tower_1_2_4_1_read_int_reg  |  16|   0|   16|          0|
    |crystals_tower_1_2_4_2_read_int_reg  |  16|   0|   16|          0|
    |crystals_tower_1_2_4_3_read_int_reg  |  16|   0|   16|          0|
    |crystals_tower_1_2_4_4_read_int_reg  |  16|   0|   16|          0|
    |crystals_tower_1_3_0_0_read_int_reg  |  16|   0|   16|          0|
    |crystals_tower_1_3_0_1_read_int_reg  |  16|   0|   16|          0|
    |crystals_tower_1_3_0_2_read_int_reg  |  16|   0|   16|          0|
    |crystals_tower_1_3_0_3_read_int_reg  |  16|   0|   16|          0|
    |crystals_tower_1_3_0_4_read_int_reg  |  16|   0|   16|          0|
    |crystals_tower_1_3_1_0_read_int_reg  |  16|   0|   16|          0|
    |crystals_tower_1_3_1_1_read_int_reg  |  16|   0|   16|          0|
    |crystals_tower_1_3_1_2_read_int_reg  |  16|   0|   16|          0|
    |crystals_tower_1_3_1_3_read_int_reg  |  16|   0|   16|          0|
    |crystals_tower_1_3_1_4_read_int_reg  |  16|   0|   16|          0|
    |crystals_tower_1_3_2_0_read_int_reg  |  16|   0|   16|          0|
    |crystals_tower_1_3_2_1_read_int_reg  |  16|   0|   16|          0|
    |crystals_tower_1_3_2_2_read_int_reg  |  16|   0|   16|          0|
    |crystals_tower_1_3_2_3_read_int_reg  |  16|   0|   16|          0|
    |crystals_tower_1_3_2_4_read_int_reg  |  16|   0|   16|          0|
    |crystals_tower_1_3_3_0_read_int_reg  |  16|   0|   16|          0|
    |crystals_tower_1_3_3_1_read_int_reg  |  16|   0|   16|          0|
    |crystals_tower_1_3_3_2_read_int_reg  |  16|   0|   16|          0|
    |crystals_tower_1_3_3_3_read_int_reg  |  16|   0|   16|          0|
    |crystals_tower_1_3_3_4_read_int_reg  |  16|   0|   16|          0|
    |crystals_tower_1_3_4_0_read_int_reg  |  16|   0|   16|          0|
    |crystals_tower_1_3_4_1_read_int_reg  |  16|   0|   16|          0|
    |crystals_tower_1_3_4_2_read_int_reg  |  16|   0|   16|          0|
    |crystals_tower_1_3_4_3_read_int_reg  |  16|   0|   16|          0|
    |crystals_tower_1_3_4_4_read_int_reg  |  16|   0|   16|          0|
    |crystals_tower_2_0_0_0_read_int_reg  |  16|   0|   16|          0|
    |crystals_tower_2_0_0_1_read_int_reg  |  16|   0|   16|          0|
    |crystals_tower_2_0_0_2_read_int_reg  |  16|   0|   16|          0|
    |crystals_tower_2_0_0_3_read_int_reg  |  16|   0|   16|          0|
    |crystals_tower_2_0_0_4_read_int_reg  |  16|   0|   16|          0|
    |crystals_tower_2_0_1_0_read_int_reg  |  16|   0|   16|          0|
    |crystals_tower_2_0_1_1_read_int_reg  |  16|   0|   16|          0|
    |crystals_tower_2_0_1_2_read_int_reg  |  16|   0|   16|          0|
    |crystals_tower_2_0_1_3_read_int_reg  |  16|   0|   16|          0|
    |crystals_tower_2_0_1_4_read_int_reg  |  16|   0|   16|          0|
    |crystals_tower_2_0_2_0_read_int_reg  |  16|   0|   16|          0|
    |crystals_tower_2_0_2_1_read_int_reg  |  16|   0|   16|          0|
    |crystals_tower_2_0_2_2_read_int_reg  |  16|   0|   16|          0|
    |crystals_tower_2_0_2_3_read_int_reg  |  16|   0|   16|          0|
    |crystals_tower_2_0_2_4_read_int_reg  |  16|   0|   16|          0|
    |crystals_tower_2_0_3_0_read_int_reg  |  16|   0|   16|          0|
    |crystals_tower_2_0_3_1_read_int_reg  |  16|   0|   16|          0|
    |crystals_tower_2_0_3_2_read_int_reg  |  16|   0|   16|          0|
    |crystals_tower_2_0_3_3_read_int_reg  |  16|   0|   16|          0|
    |crystals_tower_2_0_3_4_read_int_reg  |  16|   0|   16|          0|
    |crystals_tower_2_0_4_0_read_int_reg  |  16|   0|   16|          0|
    |crystals_tower_2_0_4_1_read_int_reg  |  16|   0|   16|          0|
    |crystals_tower_2_0_4_2_read_int_reg  |  16|   0|   16|          0|
    |crystals_tower_2_0_4_3_read_int_reg  |  16|   0|   16|          0|
    |crystals_tower_2_0_4_4_read_int_reg  |  16|   0|   16|          0|
    |crystals_tower_2_1_0_0_read_int_reg  |  16|   0|   16|          0|
    |crystals_tower_2_1_0_1_read_int_reg  |  16|   0|   16|          0|
    |crystals_tower_2_1_0_2_read_int_reg  |  16|   0|   16|          0|
    |crystals_tower_2_1_0_3_read_int_reg  |  16|   0|   16|          0|
    |crystals_tower_2_1_0_4_read_int_reg  |  16|   0|   16|          0|
    |crystals_tower_2_1_1_0_read_int_reg  |  16|   0|   16|          0|
    |crystals_tower_2_1_1_1_read_int_reg  |  16|   0|   16|          0|
    |crystals_tower_2_1_1_2_read_int_reg  |  16|   0|   16|          0|
    |crystals_tower_2_1_1_3_read_int_reg  |  16|   0|   16|          0|
    |crystals_tower_2_1_1_4_read_int_reg  |  16|   0|   16|          0|
    |crystals_tower_2_1_2_0_read_int_reg  |  16|   0|   16|          0|
    |crystals_tower_2_1_2_1_read_int_reg  |  16|   0|   16|          0|
    |crystals_tower_2_1_2_2_read_int_reg  |  16|   0|   16|          0|
    |crystals_tower_2_1_2_3_read_int_reg  |  16|   0|   16|          0|
    |crystals_tower_2_1_2_4_read_int_reg  |  16|   0|   16|          0|
    |crystals_tower_2_1_3_0_read_int_reg  |  16|   0|   16|          0|
    |crystals_tower_2_1_3_1_read_int_reg  |  16|   0|   16|          0|
    |crystals_tower_2_1_3_2_read_int_reg  |  16|   0|   16|          0|
    |crystals_tower_2_1_3_3_read_int_reg  |  16|   0|   16|          0|
    |crystals_tower_2_1_3_4_read_int_reg  |  16|   0|   16|          0|
    |crystals_tower_2_1_4_0_read_int_reg  |  16|   0|   16|          0|
    |crystals_tower_2_1_4_1_read_int_reg  |  16|   0|   16|          0|
    |crystals_tower_2_1_4_2_read_int_reg  |  16|   0|   16|          0|
    |crystals_tower_2_1_4_3_read_int_reg  |  16|   0|   16|          0|
    |crystals_tower_2_1_4_4_read_int_reg  |  16|   0|   16|          0|
    |crystals_tower_2_2_0_0_read_int_reg  |  16|   0|   16|          0|
    |crystals_tower_2_2_0_1_read_int_reg  |  16|   0|   16|          0|
    |crystals_tower_2_2_0_2_read_int_reg  |  16|   0|   16|          0|
    |crystals_tower_2_2_0_3_read_int_reg  |  16|   0|   16|          0|
    |crystals_tower_2_2_0_4_read_int_reg  |  16|   0|   16|          0|
    |crystals_tower_2_2_1_0_read_int_reg  |  16|   0|   16|          0|
    |crystals_tower_2_2_1_1_read_int_reg  |  16|   0|   16|          0|
    |crystals_tower_2_2_1_2_read_int_reg  |  16|   0|   16|          0|
    |crystals_tower_2_2_1_3_read_int_reg  |  16|   0|   16|          0|
    |crystals_tower_2_2_1_4_read_int_reg  |  16|   0|   16|          0|
    |crystals_tower_2_2_2_0_read_int_reg  |  16|   0|   16|          0|
    |crystals_tower_2_2_2_1_read_int_reg  |  16|   0|   16|          0|
    |crystals_tower_2_2_2_2_read_int_reg  |  16|   0|   16|          0|
    |crystals_tower_2_2_2_3_read_int_reg  |  16|   0|   16|          0|
    |crystals_tower_2_2_2_4_read_int_reg  |  16|   0|   16|          0|
    |crystals_tower_2_2_3_0_read_int_reg  |  16|   0|   16|          0|
    |crystals_tower_2_2_3_1_read_int_reg  |  16|   0|   16|          0|
    |crystals_tower_2_2_3_2_read_int_reg  |  16|   0|   16|          0|
    |crystals_tower_2_2_3_3_read_int_reg  |  16|   0|   16|          0|
    |crystals_tower_2_2_3_4_read_int_reg  |  16|   0|   16|          0|
    |crystals_tower_2_2_4_0_read_int_reg  |  16|   0|   16|          0|
    |crystals_tower_2_2_4_1_read_int_reg  |  16|   0|   16|          0|
    |crystals_tower_2_2_4_2_read_int_reg  |  16|   0|   16|          0|
    |crystals_tower_2_2_4_3_read_int_reg  |  16|   0|   16|          0|
    |crystals_tower_2_2_4_4_read_int_reg  |  16|   0|   16|          0|
    |crystals_tower_2_3_0_0_read_int_reg  |  16|   0|   16|          0|
    |crystals_tower_2_3_0_1_read_int_reg  |  16|   0|   16|          0|
    |crystals_tower_2_3_0_2_read_int_reg  |  16|   0|   16|          0|
    |crystals_tower_2_3_0_3_read_int_reg  |  16|   0|   16|          0|
    |crystals_tower_2_3_0_4_read_int_reg  |  16|   0|   16|          0|
    |crystals_tower_2_3_1_0_read_int_reg  |  16|   0|   16|          0|
    |crystals_tower_2_3_1_1_read_int_reg  |  16|   0|   16|          0|
    |crystals_tower_2_3_1_2_read_int_reg  |  16|   0|   16|          0|
    |crystals_tower_2_3_1_3_read_int_reg  |  16|   0|   16|          0|
    |crystals_tower_2_3_1_4_read_int_reg  |  16|   0|   16|          0|
    |crystals_tower_2_3_2_0_read_int_reg  |  16|   0|   16|          0|
    |crystals_tower_2_3_2_1_read_int_reg  |  16|   0|   16|          0|
    |crystals_tower_2_3_2_2_read_int_reg  |  16|   0|   16|          0|
    |crystals_tower_2_3_2_3_read_int_reg  |  16|   0|   16|          0|
    |crystals_tower_2_3_2_4_read_int_reg  |  16|   0|   16|          0|
    |crystals_tower_2_3_3_0_read_int_reg  |  16|   0|   16|          0|
    |crystals_tower_2_3_3_1_read_int_reg  |  16|   0|   16|          0|
    |crystals_tower_2_3_3_2_read_int_reg  |  16|   0|   16|          0|
    |crystals_tower_2_3_3_3_read_int_reg  |  16|   0|   16|          0|
    |crystals_tower_2_3_3_4_read_int_reg  |  16|   0|   16|          0|
    |crystals_tower_2_3_4_0_read_int_reg  |  16|   0|   16|          0|
    |crystals_tower_2_3_4_1_read_int_reg  |  16|   0|   16|          0|
    |crystals_tower_2_3_4_2_read_int_reg  |  16|   0|   16|          0|
    |crystals_tower_2_3_4_3_read_int_reg  |  16|   0|   16|          0|
    |crystals_tower_2_3_4_4_read_int_reg  |  16|   0|   16|          0|
    +-------------------------------------+----+----+-----+-----------+
    |Total                                |4800|   0| 4800|          0|
    +-------------------------------------+----+----+-----+-----------+



================================================================
== Interface
================================================================
* Summary: 
+-----------------------------+----+-----+------------+-----------------------------+--------------+
|          RTL Ports          | Dir| Bits|  Protocol  |        Source Object        |    C Type    |
+-----------------------------+----+-----+------------+-----------------------------+--------------+
|ap_clk                       | in |    1| ap_ctrl_hs |     getClustersin3x4Regi    | return value |
|ap_rst                       | in |    1| ap_ctrl_hs |     getClustersin3x4Regi    | return value |
|ap_ce                        | in |    1| ap_ctrl_hs |     getClustersin3x4Regi    | return value |
|crystals_tower_0_0_0_0_read  | in |   16|   ap_none  | crystals_tower_0_0_0_0_read |    scalar    |
|crystals_tower_0_0_0_1_read  | in |   16|   ap_none  | crystals_tower_0_0_0_1_read |    scalar    |
|crystals_tower_0_0_0_2_read  | in |   16|   ap_none  | crystals_tower_0_0_0_2_read |    scalar    |
|crystals_tower_0_0_0_3_read  | in |   16|   ap_none  | crystals_tower_0_0_0_3_read |    scalar    |
|crystals_tower_0_0_0_4_read  | in |   16|   ap_none  | crystals_tower_0_0_0_4_read |    scalar    |
|crystals_tower_0_0_1_0_read  | in |   16|   ap_none  | crystals_tower_0_0_1_0_read |    scalar    |
|crystals_tower_0_0_1_1_read  | in |   16|   ap_none  | crystals_tower_0_0_1_1_read |    scalar    |
|crystals_tower_0_0_1_2_read  | in |   16|   ap_none  | crystals_tower_0_0_1_2_read |    scalar    |
|crystals_tower_0_0_1_3_read  | in |   16|   ap_none  | crystals_tower_0_0_1_3_read |    scalar    |
|crystals_tower_0_0_1_4_read  | in |   16|   ap_none  | crystals_tower_0_0_1_4_read |    scalar    |
|crystals_tower_0_0_2_0_read  | in |   16|   ap_none  | crystals_tower_0_0_2_0_read |    scalar    |
|crystals_tower_0_0_2_1_read  | in |   16|   ap_none  | crystals_tower_0_0_2_1_read |    scalar    |
|crystals_tower_0_0_2_2_read  | in |   16|   ap_none  | crystals_tower_0_0_2_2_read |    scalar    |
|crystals_tower_0_0_2_3_read  | in |   16|   ap_none  | crystals_tower_0_0_2_3_read |    scalar    |
|crystals_tower_0_0_2_4_read  | in |   16|   ap_none  | crystals_tower_0_0_2_4_read |    scalar    |
|crystals_tower_0_0_3_0_read  | in |   16|   ap_none  | crystals_tower_0_0_3_0_read |    scalar    |
|crystals_tower_0_0_3_1_read  | in |   16|   ap_none  | crystals_tower_0_0_3_1_read |    scalar    |
|crystals_tower_0_0_3_2_read  | in |   16|   ap_none  | crystals_tower_0_0_3_2_read |    scalar    |
|crystals_tower_0_0_3_3_read  | in |   16|   ap_none  | crystals_tower_0_0_3_3_read |    scalar    |
|crystals_tower_0_0_3_4_read  | in |   16|   ap_none  | crystals_tower_0_0_3_4_read |    scalar    |
|crystals_tower_0_0_4_0_read  | in |   16|   ap_none  | crystals_tower_0_0_4_0_read |    scalar    |
|crystals_tower_0_0_4_1_read  | in |   16|   ap_none  | crystals_tower_0_0_4_1_read |    scalar    |
|crystals_tower_0_0_4_2_read  | in |   16|   ap_none  | crystals_tower_0_0_4_2_read |    scalar    |
|crystals_tower_0_0_4_3_read  | in |   16|   ap_none  | crystals_tower_0_0_4_3_read |    scalar    |
|crystals_tower_0_0_4_4_read  | in |   16|   ap_none  | crystals_tower_0_0_4_4_read |    scalar    |
|crystals_tower_0_1_0_0_read  | in |   16|   ap_none  | crystals_tower_0_1_0_0_read |    scalar    |
|crystals_tower_0_1_0_1_read  | in |   16|   ap_none  | crystals_tower_0_1_0_1_read |    scalar    |
|crystals_tower_0_1_0_2_read  | in |   16|   ap_none  | crystals_tower_0_1_0_2_read |    scalar    |
|crystals_tower_0_1_0_3_read  | in |   16|   ap_none  | crystals_tower_0_1_0_3_read |    scalar    |
|crystals_tower_0_1_0_4_read  | in |   16|   ap_none  | crystals_tower_0_1_0_4_read |    scalar    |
|crystals_tower_0_1_1_0_read  | in |   16|   ap_none  | crystals_tower_0_1_1_0_read |    scalar    |
|crystals_tower_0_1_1_1_read  | in |   16|   ap_none  | crystals_tower_0_1_1_1_read |    scalar    |
|crystals_tower_0_1_1_2_read  | in |   16|   ap_none  | crystals_tower_0_1_1_2_read |    scalar    |
|crystals_tower_0_1_1_3_read  | in |   16|   ap_none  | crystals_tower_0_1_1_3_read |    scalar    |
|crystals_tower_0_1_1_4_read  | in |   16|   ap_none  | crystals_tower_0_1_1_4_read |    scalar    |
|crystals_tower_0_1_2_0_read  | in |   16|   ap_none  | crystals_tower_0_1_2_0_read |    scalar    |
|crystals_tower_0_1_2_1_read  | in |   16|   ap_none  | crystals_tower_0_1_2_1_read |    scalar    |
|crystals_tower_0_1_2_2_read  | in |   16|   ap_none  | crystals_tower_0_1_2_2_read |    scalar    |
|crystals_tower_0_1_2_3_read  | in |   16|   ap_none  | crystals_tower_0_1_2_3_read |    scalar    |
|crystals_tower_0_1_2_4_read  | in |   16|   ap_none  | crystals_tower_0_1_2_4_read |    scalar    |
|crystals_tower_0_1_3_0_read  | in |   16|   ap_none  | crystals_tower_0_1_3_0_read |    scalar    |
|crystals_tower_0_1_3_1_read  | in |   16|   ap_none  | crystals_tower_0_1_3_1_read |    scalar    |
|crystals_tower_0_1_3_2_read  | in |   16|   ap_none  | crystals_tower_0_1_3_2_read |    scalar    |
|crystals_tower_0_1_3_3_read  | in |   16|   ap_none  | crystals_tower_0_1_3_3_read |    scalar    |
|crystals_tower_0_1_3_4_read  | in |   16|   ap_none  | crystals_tower_0_1_3_4_read |    scalar    |
|crystals_tower_0_1_4_0_read  | in |   16|   ap_none  | crystals_tower_0_1_4_0_read |    scalar    |
|crystals_tower_0_1_4_1_read  | in |   16|   ap_none  | crystals_tower_0_1_4_1_read |    scalar    |
|crystals_tower_0_1_4_2_read  | in |   16|   ap_none  | crystals_tower_0_1_4_2_read |    scalar    |
|crystals_tower_0_1_4_3_read  | in |   16|   ap_none  | crystals_tower_0_1_4_3_read |    scalar    |
|crystals_tower_0_1_4_4_read  | in |   16|   ap_none  | crystals_tower_0_1_4_4_read |    scalar    |
|crystals_tower_0_2_0_0_read  | in |   16|   ap_none  | crystals_tower_0_2_0_0_read |    scalar    |
|crystals_tower_0_2_0_1_read  | in |   16|   ap_none  | crystals_tower_0_2_0_1_read |    scalar    |
|crystals_tower_0_2_0_2_read  | in |   16|   ap_none  | crystals_tower_0_2_0_2_read |    scalar    |
|crystals_tower_0_2_0_3_read  | in |   16|   ap_none  | crystals_tower_0_2_0_3_read |    scalar    |
|crystals_tower_0_2_0_4_read  | in |   16|   ap_none  | crystals_tower_0_2_0_4_read |    scalar    |
|crystals_tower_0_2_1_0_read  | in |   16|   ap_none  | crystals_tower_0_2_1_0_read |    scalar    |
|crystals_tower_0_2_1_1_read  | in |   16|   ap_none  | crystals_tower_0_2_1_1_read |    scalar    |
|crystals_tower_0_2_1_2_read  | in |   16|   ap_none  | crystals_tower_0_2_1_2_read |    scalar    |
|crystals_tower_0_2_1_3_read  | in |   16|   ap_none  | crystals_tower_0_2_1_3_read |    scalar    |
|crystals_tower_0_2_1_4_read  | in |   16|   ap_none  | crystals_tower_0_2_1_4_read |    scalar    |
|crystals_tower_0_2_2_0_read  | in |   16|   ap_none  | crystals_tower_0_2_2_0_read |    scalar    |
|crystals_tower_0_2_2_1_read  | in |   16|   ap_none  | crystals_tower_0_2_2_1_read |    scalar    |
|crystals_tower_0_2_2_2_read  | in |   16|   ap_none  | crystals_tower_0_2_2_2_read |    scalar    |
|crystals_tower_0_2_2_3_read  | in |   16|   ap_none  | crystals_tower_0_2_2_3_read |    scalar    |
|crystals_tower_0_2_2_4_read  | in |   16|   ap_none  | crystals_tower_0_2_2_4_read |    scalar    |
|crystals_tower_0_2_3_0_read  | in |   16|   ap_none  | crystals_tower_0_2_3_0_read |    scalar    |
|crystals_tower_0_2_3_1_read  | in |   16|   ap_none  | crystals_tower_0_2_3_1_read |    scalar    |
|crystals_tower_0_2_3_2_read  | in |   16|   ap_none  | crystals_tower_0_2_3_2_read |    scalar    |
|crystals_tower_0_2_3_3_read  | in |   16|   ap_none  | crystals_tower_0_2_3_3_read |    scalar    |
|crystals_tower_0_2_3_4_read  | in |   16|   ap_none  | crystals_tower_0_2_3_4_read |    scalar    |
|crystals_tower_0_2_4_0_read  | in |   16|   ap_none  | crystals_tower_0_2_4_0_read |    scalar    |
|crystals_tower_0_2_4_1_read  | in |   16|   ap_none  | crystals_tower_0_2_4_1_read |    scalar    |
|crystals_tower_0_2_4_2_read  | in |   16|   ap_none  | crystals_tower_0_2_4_2_read |    scalar    |
|crystals_tower_0_2_4_3_read  | in |   16|   ap_none  | crystals_tower_0_2_4_3_read |    scalar    |
|crystals_tower_0_2_4_4_read  | in |   16|   ap_none  | crystals_tower_0_2_4_4_read |    scalar    |
|crystals_tower_0_3_0_0_read  | in |   16|   ap_none  | crystals_tower_0_3_0_0_read |    scalar    |
|crystals_tower_0_3_0_1_read  | in |   16|   ap_none  | crystals_tower_0_3_0_1_read |    scalar    |
|crystals_tower_0_3_0_2_read  | in |   16|   ap_none  | crystals_tower_0_3_0_2_read |    scalar    |
|crystals_tower_0_3_0_3_read  | in |   16|   ap_none  | crystals_tower_0_3_0_3_read |    scalar    |
|crystals_tower_0_3_0_4_read  | in |   16|   ap_none  | crystals_tower_0_3_0_4_read |    scalar    |
|crystals_tower_0_3_1_0_read  | in |   16|   ap_none  | crystals_tower_0_3_1_0_read |    scalar    |
|crystals_tower_0_3_1_1_read  | in |   16|   ap_none  | crystals_tower_0_3_1_1_read |    scalar    |
|crystals_tower_0_3_1_2_read  | in |   16|   ap_none  | crystals_tower_0_3_1_2_read |    scalar    |
|crystals_tower_0_3_1_3_read  | in |   16|   ap_none  | crystals_tower_0_3_1_3_read |    scalar    |
|crystals_tower_0_3_1_4_read  | in |   16|   ap_none  | crystals_tower_0_3_1_4_read |    scalar    |
|crystals_tower_0_3_2_0_read  | in |   16|   ap_none  | crystals_tower_0_3_2_0_read |    scalar    |
|crystals_tower_0_3_2_1_read  | in |   16|   ap_none  | crystals_tower_0_3_2_1_read |    scalar    |
|crystals_tower_0_3_2_2_read  | in |   16|   ap_none  | crystals_tower_0_3_2_2_read |    scalar    |
|crystals_tower_0_3_2_3_read  | in |   16|   ap_none  | crystals_tower_0_3_2_3_read |    scalar    |
|crystals_tower_0_3_2_4_read  | in |   16|   ap_none  | crystals_tower_0_3_2_4_read |    scalar    |
|crystals_tower_0_3_3_0_read  | in |   16|   ap_none  | crystals_tower_0_3_3_0_read |    scalar    |
|crystals_tower_0_3_3_1_read  | in |   16|   ap_none  | crystals_tower_0_3_3_1_read |    scalar    |
|crystals_tower_0_3_3_2_read  | in |   16|   ap_none  | crystals_tower_0_3_3_2_read |    scalar    |
|crystals_tower_0_3_3_3_read  | in |   16|   ap_none  | crystals_tower_0_3_3_3_read |    scalar    |
|crystals_tower_0_3_3_4_read  | in |   16|   ap_none  | crystals_tower_0_3_3_4_read |    scalar    |
|crystals_tower_0_3_4_0_read  | in |   16|   ap_none  | crystals_tower_0_3_4_0_read |    scalar    |
|crystals_tower_0_3_4_1_read  | in |   16|   ap_none  | crystals_tower_0_3_4_1_read |    scalar    |
|crystals_tower_0_3_4_2_read  | in |   16|   ap_none  | crystals_tower_0_3_4_2_read |    scalar    |
|crystals_tower_0_3_4_3_read  | in |   16|   ap_none  | crystals_tower_0_3_4_3_read |    scalar    |
|crystals_tower_0_3_4_4_read  | in |   16|   ap_none  | crystals_tower_0_3_4_4_read |    scalar    |
|crystals_tower_1_0_0_0_read  | in |   16|   ap_none  | crystals_tower_1_0_0_0_read |    scalar    |
|crystals_tower_1_0_0_1_read  | in |   16|   ap_none  | crystals_tower_1_0_0_1_read |    scalar    |
|crystals_tower_1_0_0_2_read  | in |   16|   ap_none  | crystals_tower_1_0_0_2_read |    scalar    |
|crystals_tower_1_0_0_3_read  | in |   16|   ap_none  | crystals_tower_1_0_0_3_read |    scalar    |
|crystals_tower_1_0_0_4_read  | in |   16|   ap_none  | crystals_tower_1_0_0_4_read |    scalar    |
|crystals_tower_1_0_1_0_read  | in |   16|   ap_none  | crystals_tower_1_0_1_0_read |    scalar    |
|crystals_tower_1_0_1_1_read  | in |   16|   ap_none  | crystals_tower_1_0_1_1_read |    scalar    |
|crystals_tower_1_0_1_2_read  | in |   16|   ap_none  | crystals_tower_1_0_1_2_read |    scalar    |
|crystals_tower_1_0_1_3_read  | in |   16|   ap_none  | crystals_tower_1_0_1_3_read |    scalar    |
|crystals_tower_1_0_1_4_read  | in |   16|   ap_none  | crystals_tower_1_0_1_4_read |    scalar    |
|crystals_tower_1_0_2_0_read  | in |   16|   ap_none  | crystals_tower_1_0_2_0_read |    scalar    |
|crystals_tower_1_0_2_1_read  | in |   16|   ap_none  | crystals_tower_1_0_2_1_read |    scalar    |
|crystals_tower_1_0_2_2_read  | in |   16|   ap_none  | crystals_tower_1_0_2_2_read |    scalar    |
|crystals_tower_1_0_2_3_read  | in |   16|   ap_none  | crystals_tower_1_0_2_3_read |    scalar    |
|crystals_tower_1_0_2_4_read  | in |   16|   ap_none  | crystals_tower_1_0_2_4_read |    scalar    |
|crystals_tower_1_0_3_0_read  | in |   16|   ap_none  | crystals_tower_1_0_3_0_read |    scalar    |
|crystals_tower_1_0_3_1_read  | in |   16|   ap_none  | crystals_tower_1_0_3_1_read |    scalar    |
|crystals_tower_1_0_3_2_read  | in |   16|   ap_none  | crystals_tower_1_0_3_2_read |    scalar    |
|crystals_tower_1_0_3_3_read  | in |   16|   ap_none  | crystals_tower_1_0_3_3_read |    scalar    |
|crystals_tower_1_0_3_4_read  | in |   16|   ap_none  | crystals_tower_1_0_3_4_read |    scalar    |
|crystals_tower_1_0_4_0_read  | in |   16|   ap_none  | crystals_tower_1_0_4_0_read |    scalar    |
|crystals_tower_1_0_4_1_read  | in |   16|   ap_none  | crystals_tower_1_0_4_1_read |    scalar    |
|crystals_tower_1_0_4_2_read  | in |   16|   ap_none  | crystals_tower_1_0_4_2_read |    scalar    |
|crystals_tower_1_0_4_3_read  | in |   16|   ap_none  | crystals_tower_1_0_4_3_read |    scalar    |
|crystals_tower_1_0_4_4_read  | in |   16|   ap_none  | crystals_tower_1_0_4_4_read |    scalar    |
|crystals_tower_1_1_0_0_read  | in |   16|   ap_none  | crystals_tower_1_1_0_0_read |    scalar    |
|crystals_tower_1_1_0_1_read  | in |   16|   ap_none  | crystals_tower_1_1_0_1_read |    scalar    |
|crystals_tower_1_1_0_2_read  | in |   16|   ap_none  | crystals_tower_1_1_0_2_read |    scalar    |
|crystals_tower_1_1_0_3_read  | in |   16|   ap_none  | crystals_tower_1_1_0_3_read |    scalar    |
|crystals_tower_1_1_0_4_read  | in |   16|   ap_none  | crystals_tower_1_1_0_4_read |    scalar    |
|crystals_tower_1_1_1_0_read  | in |   16|   ap_none  | crystals_tower_1_1_1_0_read |    scalar    |
|crystals_tower_1_1_1_1_read  | in |   16|   ap_none  | crystals_tower_1_1_1_1_read |    scalar    |
|crystals_tower_1_1_1_2_read  | in |   16|   ap_none  | crystals_tower_1_1_1_2_read |    scalar    |
|crystals_tower_1_1_1_3_read  | in |   16|   ap_none  | crystals_tower_1_1_1_3_read |    scalar    |
|crystals_tower_1_1_1_4_read  | in |   16|   ap_none  | crystals_tower_1_1_1_4_read |    scalar    |
|crystals_tower_1_1_2_0_read  | in |   16|   ap_none  | crystals_tower_1_1_2_0_read |    scalar    |
|crystals_tower_1_1_2_1_read  | in |   16|   ap_none  | crystals_tower_1_1_2_1_read |    scalar    |
|crystals_tower_1_1_2_2_read  | in |   16|   ap_none  | crystals_tower_1_1_2_2_read |    scalar    |
|crystals_tower_1_1_2_3_read  | in |   16|   ap_none  | crystals_tower_1_1_2_3_read |    scalar    |
|crystals_tower_1_1_2_4_read  | in |   16|   ap_none  | crystals_tower_1_1_2_4_read |    scalar    |
|crystals_tower_1_1_3_0_read  | in |   16|   ap_none  | crystals_tower_1_1_3_0_read |    scalar    |
|crystals_tower_1_1_3_1_read  | in |   16|   ap_none  | crystals_tower_1_1_3_1_read |    scalar    |
|crystals_tower_1_1_3_2_read  | in |   16|   ap_none  | crystals_tower_1_1_3_2_read |    scalar    |
|crystals_tower_1_1_3_3_read  | in |   16|   ap_none  | crystals_tower_1_1_3_3_read |    scalar    |
|crystals_tower_1_1_3_4_read  | in |   16|   ap_none  | crystals_tower_1_1_3_4_read |    scalar    |
|crystals_tower_1_1_4_0_read  | in |   16|   ap_none  | crystals_tower_1_1_4_0_read |    scalar    |
|crystals_tower_1_1_4_1_read  | in |   16|   ap_none  | crystals_tower_1_1_4_1_read |    scalar    |
|crystals_tower_1_1_4_2_read  | in |   16|   ap_none  | crystals_tower_1_1_4_2_read |    scalar    |
|crystals_tower_1_1_4_3_read  | in |   16|   ap_none  | crystals_tower_1_1_4_3_read |    scalar    |
|crystals_tower_1_1_4_4_read  | in |   16|   ap_none  | crystals_tower_1_1_4_4_read |    scalar    |
|crystals_tower_1_2_0_0_read  | in |   16|   ap_none  | crystals_tower_1_2_0_0_read |    scalar    |
|crystals_tower_1_2_0_1_read  | in |   16|   ap_none  | crystals_tower_1_2_0_1_read |    scalar    |
|crystals_tower_1_2_0_2_read  | in |   16|   ap_none  | crystals_tower_1_2_0_2_read |    scalar    |
|crystals_tower_1_2_0_3_read  | in |   16|   ap_none  | crystals_tower_1_2_0_3_read |    scalar    |
|crystals_tower_1_2_0_4_read  | in |   16|   ap_none  | crystals_tower_1_2_0_4_read |    scalar    |
|crystals_tower_1_2_1_0_read  | in |   16|   ap_none  | crystals_tower_1_2_1_0_read |    scalar    |
|crystals_tower_1_2_1_1_read  | in |   16|   ap_none  | crystals_tower_1_2_1_1_read |    scalar    |
|crystals_tower_1_2_1_2_read  | in |   16|   ap_none  | crystals_tower_1_2_1_2_read |    scalar    |
|crystals_tower_1_2_1_3_read  | in |   16|   ap_none  | crystals_tower_1_2_1_3_read |    scalar    |
|crystals_tower_1_2_1_4_read  | in |   16|   ap_none  | crystals_tower_1_2_1_4_read |    scalar    |
|crystals_tower_1_2_2_0_read  | in |   16|   ap_none  | crystals_tower_1_2_2_0_read |    scalar    |
|crystals_tower_1_2_2_1_read  | in |   16|   ap_none  | crystals_tower_1_2_2_1_read |    scalar    |
|crystals_tower_1_2_2_2_read  | in |   16|   ap_none  | crystals_tower_1_2_2_2_read |    scalar    |
|crystals_tower_1_2_2_3_read  | in |   16|   ap_none  | crystals_tower_1_2_2_3_read |    scalar    |
|crystals_tower_1_2_2_4_read  | in |   16|   ap_none  | crystals_tower_1_2_2_4_read |    scalar    |
|crystals_tower_1_2_3_0_read  | in |   16|   ap_none  | crystals_tower_1_2_3_0_read |    scalar    |
|crystals_tower_1_2_3_1_read  | in |   16|   ap_none  | crystals_tower_1_2_3_1_read |    scalar    |
|crystals_tower_1_2_3_2_read  | in |   16|   ap_none  | crystals_tower_1_2_3_2_read |    scalar    |
|crystals_tower_1_2_3_3_read  | in |   16|   ap_none  | crystals_tower_1_2_3_3_read |    scalar    |
|crystals_tower_1_2_3_4_read  | in |   16|   ap_none  | crystals_tower_1_2_3_4_read |    scalar    |
|crystals_tower_1_2_4_0_read  | in |   16|   ap_none  | crystals_tower_1_2_4_0_read |    scalar    |
|crystals_tower_1_2_4_1_read  | in |   16|   ap_none  | crystals_tower_1_2_4_1_read |    scalar    |
|crystals_tower_1_2_4_2_read  | in |   16|   ap_none  | crystals_tower_1_2_4_2_read |    scalar    |
|crystals_tower_1_2_4_3_read  | in |   16|   ap_none  | crystals_tower_1_2_4_3_read |    scalar    |
|crystals_tower_1_2_4_4_read  | in |   16|   ap_none  | crystals_tower_1_2_4_4_read |    scalar    |
|crystals_tower_1_3_0_0_read  | in |   16|   ap_none  | crystals_tower_1_3_0_0_read |    scalar    |
|crystals_tower_1_3_0_1_read  | in |   16|   ap_none  | crystals_tower_1_3_0_1_read |    scalar    |
|crystals_tower_1_3_0_2_read  | in |   16|   ap_none  | crystals_tower_1_3_0_2_read |    scalar    |
|crystals_tower_1_3_0_3_read  | in |   16|   ap_none  | crystals_tower_1_3_0_3_read |    scalar    |
|crystals_tower_1_3_0_4_read  | in |   16|   ap_none  | crystals_tower_1_3_0_4_read |    scalar    |
|crystals_tower_1_3_1_0_read  | in |   16|   ap_none  | crystals_tower_1_3_1_0_read |    scalar    |
|crystals_tower_1_3_1_1_read  | in |   16|   ap_none  | crystals_tower_1_3_1_1_read |    scalar    |
|crystals_tower_1_3_1_2_read  | in |   16|   ap_none  | crystals_tower_1_3_1_2_read |    scalar    |
|crystals_tower_1_3_1_3_read  | in |   16|   ap_none  | crystals_tower_1_3_1_3_read |    scalar    |
|crystals_tower_1_3_1_4_read  | in |   16|   ap_none  | crystals_tower_1_3_1_4_read |    scalar    |
|crystals_tower_1_3_2_0_read  | in |   16|   ap_none  | crystals_tower_1_3_2_0_read |    scalar    |
|crystals_tower_1_3_2_1_read  | in |   16|   ap_none  | crystals_tower_1_3_2_1_read |    scalar    |
|crystals_tower_1_3_2_2_read  | in |   16|   ap_none  | crystals_tower_1_3_2_2_read |    scalar    |
|crystals_tower_1_3_2_3_read  | in |   16|   ap_none  | crystals_tower_1_3_2_3_read |    scalar    |
|crystals_tower_1_3_2_4_read  | in |   16|   ap_none  | crystals_tower_1_3_2_4_read |    scalar    |
|crystals_tower_1_3_3_0_read  | in |   16|   ap_none  | crystals_tower_1_3_3_0_read |    scalar    |
|crystals_tower_1_3_3_1_read  | in |   16|   ap_none  | crystals_tower_1_3_3_1_read |    scalar    |
|crystals_tower_1_3_3_2_read  | in |   16|   ap_none  | crystals_tower_1_3_3_2_read |    scalar    |
|crystals_tower_1_3_3_3_read  | in |   16|   ap_none  | crystals_tower_1_3_3_3_read |    scalar    |
|crystals_tower_1_3_3_4_read  | in |   16|   ap_none  | crystals_tower_1_3_3_4_read |    scalar    |
|crystals_tower_1_3_4_0_read  | in |   16|   ap_none  | crystals_tower_1_3_4_0_read |    scalar    |
|crystals_tower_1_3_4_1_read  | in |   16|   ap_none  | crystals_tower_1_3_4_1_read |    scalar    |
|crystals_tower_1_3_4_2_read  | in |   16|   ap_none  | crystals_tower_1_3_4_2_read |    scalar    |
|crystals_tower_1_3_4_3_read  | in |   16|   ap_none  | crystals_tower_1_3_4_3_read |    scalar    |
|crystals_tower_1_3_4_4_read  | in |   16|   ap_none  | crystals_tower_1_3_4_4_read |    scalar    |
|crystals_tower_2_0_0_0_read  | in |   16|   ap_none  | crystals_tower_2_0_0_0_read |    scalar    |
|crystals_tower_2_0_0_1_read  | in |   16|   ap_none  | crystals_tower_2_0_0_1_read |    scalar    |
|crystals_tower_2_0_0_2_read  | in |   16|   ap_none  | crystals_tower_2_0_0_2_read |    scalar    |
|crystals_tower_2_0_0_3_read  | in |   16|   ap_none  | crystals_tower_2_0_0_3_read |    scalar    |
|crystals_tower_2_0_0_4_read  | in |   16|   ap_none  | crystals_tower_2_0_0_4_read |    scalar    |
|crystals_tower_2_0_1_0_read  | in |   16|   ap_none  | crystals_tower_2_0_1_0_read |    scalar    |
|crystals_tower_2_0_1_1_read  | in |   16|   ap_none  | crystals_tower_2_0_1_1_read |    scalar    |
|crystals_tower_2_0_1_2_read  | in |   16|   ap_none  | crystals_tower_2_0_1_2_read |    scalar    |
|crystals_tower_2_0_1_3_read  | in |   16|   ap_none  | crystals_tower_2_0_1_3_read |    scalar    |
|crystals_tower_2_0_1_4_read  | in |   16|   ap_none  | crystals_tower_2_0_1_4_read |    scalar    |
|crystals_tower_2_0_2_0_read  | in |   16|   ap_none  | crystals_tower_2_0_2_0_read |    scalar    |
|crystals_tower_2_0_2_1_read  | in |   16|   ap_none  | crystals_tower_2_0_2_1_read |    scalar    |
|crystals_tower_2_0_2_2_read  | in |   16|   ap_none  | crystals_tower_2_0_2_2_read |    scalar    |
|crystals_tower_2_0_2_3_read  | in |   16|   ap_none  | crystals_tower_2_0_2_3_read |    scalar    |
|crystals_tower_2_0_2_4_read  | in |   16|   ap_none  | crystals_tower_2_0_2_4_read |    scalar    |
|crystals_tower_2_0_3_0_read  | in |   16|   ap_none  | crystals_tower_2_0_3_0_read |    scalar    |
|crystals_tower_2_0_3_1_read  | in |   16|   ap_none  | crystals_tower_2_0_3_1_read |    scalar    |
|crystals_tower_2_0_3_2_read  | in |   16|   ap_none  | crystals_tower_2_0_3_2_read |    scalar    |
|crystals_tower_2_0_3_3_read  | in |   16|   ap_none  | crystals_tower_2_0_3_3_read |    scalar    |
|crystals_tower_2_0_3_4_read  | in |   16|   ap_none  | crystals_tower_2_0_3_4_read |    scalar    |
|crystals_tower_2_0_4_0_read  | in |   16|   ap_none  | crystals_tower_2_0_4_0_read |    scalar    |
|crystals_tower_2_0_4_1_read  | in |   16|   ap_none  | crystals_tower_2_0_4_1_read |    scalar    |
|crystals_tower_2_0_4_2_read  | in |   16|   ap_none  | crystals_tower_2_0_4_2_read |    scalar    |
|crystals_tower_2_0_4_3_read  | in |   16|   ap_none  | crystals_tower_2_0_4_3_read |    scalar    |
|crystals_tower_2_0_4_4_read  | in |   16|   ap_none  | crystals_tower_2_0_4_4_read |    scalar    |
|crystals_tower_2_1_0_0_read  | in |   16|   ap_none  | crystals_tower_2_1_0_0_read |    scalar    |
|crystals_tower_2_1_0_1_read  | in |   16|   ap_none  | crystals_tower_2_1_0_1_read |    scalar    |
|crystals_tower_2_1_0_2_read  | in |   16|   ap_none  | crystals_tower_2_1_0_2_read |    scalar    |
|crystals_tower_2_1_0_3_read  | in |   16|   ap_none  | crystals_tower_2_1_0_3_read |    scalar    |
|crystals_tower_2_1_0_4_read  | in |   16|   ap_none  | crystals_tower_2_1_0_4_read |    scalar    |
|crystals_tower_2_1_1_0_read  | in |   16|   ap_none  | crystals_tower_2_1_1_0_read |    scalar    |
|crystals_tower_2_1_1_1_read  | in |   16|   ap_none  | crystals_tower_2_1_1_1_read |    scalar    |
|crystals_tower_2_1_1_2_read  | in |   16|   ap_none  | crystals_tower_2_1_1_2_read |    scalar    |
|crystals_tower_2_1_1_3_read  | in |   16|   ap_none  | crystals_tower_2_1_1_3_read |    scalar    |
|crystals_tower_2_1_1_4_read  | in |   16|   ap_none  | crystals_tower_2_1_1_4_read |    scalar    |
|crystals_tower_2_1_2_0_read  | in |   16|   ap_none  | crystals_tower_2_1_2_0_read |    scalar    |
|crystals_tower_2_1_2_1_read  | in |   16|   ap_none  | crystals_tower_2_1_2_1_read |    scalar    |
|crystals_tower_2_1_2_2_read  | in |   16|   ap_none  | crystals_tower_2_1_2_2_read |    scalar    |
|crystals_tower_2_1_2_3_read  | in |   16|   ap_none  | crystals_tower_2_1_2_3_read |    scalar    |
|crystals_tower_2_1_2_4_read  | in |   16|   ap_none  | crystals_tower_2_1_2_4_read |    scalar    |
|crystals_tower_2_1_3_0_read  | in |   16|   ap_none  | crystals_tower_2_1_3_0_read |    scalar    |
|crystals_tower_2_1_3_1_read  | in |   16|   ap_none  | crystals_tower_2_1_3_1_read |    scalar    |
|crystals_tower_2_1_3_2_read  | in |   16|   ap_none  | crystals_tower_2_1_3_2_read |    scalar    |
|crystals_tower_2_1_3_3_read  | in |   16|   ap_none  | crystals_tower_2_1_3_3_read |    scalar    |
|crystals_tower_2_1_3_4_read  | in |   16|   ap_none  | crystals_tower_2_1_3_4_read |    scalar    |
|crystals_tower_2_1_4_0_read  | in |   16|   ap_none  | crystals_tower_2_1_4_0_read |    scalar    |
|crystals_tower_2_1_4_1_read  | in |   16|   ap_none  | crystals_tower_2_1_4_1_read |    scalar    |
|crystals_tower_2_1_4_2_read  | in |   16|   ap_none  | crystals_tower_2_1_4_2_read |    scalar    |
|crystals_tower_2_1_4_3_read  | in |   16|   ap_none  | crystals_tower_2_1_4_3_read |    scalar    |
|crystals_tower_2_1_4_4_read  | in |   16|   ap_none  | crystals_tower_2_1_4_4_read |    scalar    |
|crystals_tower_2_2_0_0_read  | in |   16|   ap_none  | crystals_tower_2_2_0_0_read |    scalar    |
|crystals_tower_2_2_0_1_read  | in |   16|   ap_none  | crystals_tower_2_2_0_1_read |    scalar    |
|crystals_tower_2_2_0_2_read  | in |   16|   ap_none  | crystals_tower_2_2_0_2_read |    scalar    |
|crystals_tower_2_2_0_3_read  | in |   16|   ap_none  | crystals_tower_2_2_0_3_read |    scalar    |
|crystals_tower_2_2_0_4_read  | in |   16|   ap_none  | crystals_tower_2_2_0_4_read |    scalar    |
|crystals_tower_2_2_1_0_read  | in |   16|   ap_none  | crystals_tower_2_2_1_0_read |    scalar    |
|crystals_tower_2_2_1_1_read  | in |   16|   ap_none  | crystals_tower_2_2_1_1_read |    scalar    |
|crystals_tower_2_2_1_2_read  | in |   16|   ap_none  | crystals_tower_2_2_1_2_read |    scalar    |
|crystals_tower_2_2_1_3_read  | in |   16|   ap_none  | crystals_tower_2_2_1_3_read |    scalar    |
|crystals_tower_2_2_1_4_read  | in |   16|   ap_none  | crystals_tower_2_2_1_4_read |    scalar    |
|crystals_tower_2_2_2_0_read  | in |   16|   ap_none  | crystals_tower_2_2_2_0_read |    scalar    |
|crystals_tower_2_2_2_1_read  | in |   16|   ap_none  | crystals_tower_2_2_2_1_read |    scalar    |
|crystals_tower_2_2_2_2_read  | in |   16|   ap_none  | crystals_tower_2_2_2_2_read |    scalar    |
|crystals_tower_2_2_2_3_read  | in |   16|   ap_none  | crystals_tower_2_2_2_3_read |    scalar    |
|crystals_tower_2_2_2_4_read  | in |   16|   ap_none  | crystals_tower_2_2_2_4_read |    scalar    |
|crystals_tower_2_2_3_0_read  | in |   16|   ap_none  | crystals_tower_2_2_3_0_read |    scalar    |
|crystals_tower_2_2_3_1_read  | in |   16|   ap_none  | crystals_tower_2_2_3_1_read |    scalar    |
|crystals_tower_2_2_3_2_read  | in |   16|   ap_none  | crystals_tower_2_2_3_2_read |    scalar    |
|crystals_tower_2_2_3_3_read  | in |   16|   ap_none  | crystals_tower_2_2_3_3_read |    scalar    |
|crystals_tower_2_2_3_4_read  | in |   16|   ap_none  | crystals_tower_2_2_3_4_read |    scalar    |
|crystals_tower_2_2_4_0_read  | in |   16|   ap_none  | crystals_tower_2_2_4_0_read |    scalar    |
|crystals_tower_2_2_4_1_read  | in |   16|   ap_none  | crystals_tower_2_2_4_1_read |    scalar    |
|crystals_tower_2_2_4_2_read  | in |   16|   ap_none  | crystals_tower_2_2_4_2_read |    scalar    |
|crystals_tower_2_2_4_3_read  | in |   16|   ap_none  | crystals_tower_2_2_4_3_read |    scalar    |
|crystals_tower_2_2_4_4_read  | in |   16|   ap_none  | crystals_tower_2_2_4_4_read |    scalar    |
|crystals_tower_2_3_0_0_read  | in |   16|   ap_none  | crystals_tower_2_3_0_0_read |    scalar    |
|crystals_tower_2_3_0_1_read  | in |   16|   ap_none  | crystals_tower_2_3_0_1_read |    scalar    |
|crystals_tower_2_3_0_2_read  | in |   16|   ap_none  | crystals_tower_2_3_0_2_read |    scalar    |
|crystals_tower_2_3_0_3_read  | in |   16|   ap_none  | crystals_tower_2_3_0_3_read |    scalar    |
|crystals_tower_2_3_0_4_read  | in |   16|   ap_none  | crystals_tower_2_3_0_4_read |    scalar    |
|crystals_tower_2_3_1_0_read  | in |   16|   ap_none  | crystals_tower_2_3_1_0_read |    scalar    |
|crystals_tower_2_3_1_1_read  | in |   16|   ap_none  | crystals_tower_2_3_1_1_read |    scalar    |
|crystals_tower_2_3_1_2_read  | in |   16|   ap_none  | crystals_tower_2_3_1_2_read |    scalar    |
|crystals_tower_2_3_1_3_read  | in |   16|   ap_none  | crystals_tower_2_3_1_3_read |    scalar    |
|crystals_tower_2_3_1_4_read  | in |   16|   ap_none  | crystals_tower_2_3_1_4_read |    scalar    |
|crystals_tower_2_3_2_0_read  | in |   16|   ap_none  | crystals_tower_2_3_2_0_read |    scalar    |
|crystals_tower_2_3_2_1_read  | in |   16|   ap_none  | crystals_tower_2_3_2_1_read |    scalar    |
|crystals_tower_2_3_2_2_read  | in |   16|   ap_none  | crystals_tower_2_3_2_2_read |    scalar    |
|crystals_tower_2_3_2_3_read  | in |   16|   ap_none  | crystals_tower_2_3_2_3_read |    scalar    |
|crystals_tower_2_3_2_4_read  | in |   16|   ap_none  | crystals_tower_2_3_2_4_read |    scalar    |
|crystals_tower_2_3_3_0_read  | in |   16|   ap_none  | crystals_tower_2_3_3_0_read |    scalar    |
|crystals_tower_2_3_3_1_read  | in |   16|   ap_none  | crystals_tower_2_3_3_1_read |    scalar    |
|crystals_tower_2_3_3_2_read  | in |   16|   ap_none  | crystals_tower_2_3_3_2_read |    scalar    |
|crystals_tower_2_3_3_3_read  | in |   16|   ap_none  | crystals_tower_2_3_3_3_read |    scalar    |
|crystals_tower_2_3_3_4_read  | in |   16|   ap_none  | crystals_tower_2_3_3_4_read |    scalar    |
|crystals_tower_2_3_4_0_read  | in |   16|   ap_none  | crystals_tower_2_3_4_0_read |    scalar    |
|crystals_tower_2_3_4_1_read  | in |   16|   ap_none  | crystals_tower_2_3_4_1_read |    scalar    |
|crystals_tower_2_3_4_2_read  | in |   16|   ap_none  | crystals_tower_2_3_4_2_read |    scalar    |
|crystals_tower_2_3_4_3_read  | in |   16|   ap_none  | crystals_tower_2_3_4_3_read |    scalar    |
|crystals_tower_2_3_4_4_read  | in |   16|   ap_none  | crystals_tower_2_3_4_4_read |    scalar    |
+-----------------------------+----+-----+------------+-----------------------------+--------------+

