

================================================================
== Vivado HLS Report for 'getClustersInTower'
================================================================
* Date:           Sun Jan 20 19:47:09 2019

* Version:        2018.2 (Build 2258646 on Thu Jun 14 20:25:20 MDT 2018)
* Project:        proj
* Solution:       solution1
* Product family: virtex7
* Target device:  xc7vx690tffg1927-2


================================================================
== Performance Estimates
================================================================
+ Timing (ns): 
    * Summary: 
    +--------+-------+----------+------------+
    |  Clock | Target| Estimated| Uncertainty|
    +--------+-------+----------+------------+
    |ap_clk  |   8.33|     6.123|        1.04|
    +--------+-------+----------+------------+

+ Latency (clock cycles): 
    * Summary: 
    +-----+-----+-----+-----+----------+
    |  Latency  |  Interval | Pipeline |
    | min | max | min | max |   Type   |
    +-----+-----+-----+-----+----------+
    |    3|    3|    1|    1| function |
    +-----+-----+-----+-----+----------+

    + Detail: 
        * Instance: 
        +--------------------------+---------------+-----+-----+-----+-----+----------+
        |                          |               |  Latency  |  Interval | Pipeline |
        |         Instance         |     Module    | min | max | min | max |   Type   |
        +--------------------------+---------------+-----+-----+-----+-----+----------+
        |grp_getPeakBinOf5_fu_216  |getPeakBinOf5  |    1|    1|    1|    1| function |
        |grp_getPeakBinOf5_fu_226  |getPeakBinOf5  |    1|    1|    1|    1| function |
        +--------------------------+---------------+-----+-----+-----+-----+----------+

        * Loop: 
        N/A



================================================================
== Utilization Estimates
================================================================
* Summary: 
+-----------------+---------+-------+--------+--------+
|       Name      | BRAM_18K| DSP48E|   FF   |   LUT  |
+-----------------+---------+-------+--------+--------+
|DSP              |        -|      -|       -|       -|
|Expression       |        -|      -|       0|     716|
|FIFO             |        -|      -|       -|       -|
|Instance         |        -|      -|      64|     556|
|Memory           |        -|      -|       -|       -|
|Multiplexer      |        -|      -|       -|       -|
|Register         |        0|      -|     977|     160|
+-----------------+---------+-------+--------+--------+
|Total            |        0|      0|    1041|    1432|
+-----------------+---------+-------+--------+--------+
|Available        |     2940|   3600|  866400|  433200|
+-----------------+---------+-------+--------+--------+
|Utilization (%)  |        0|      0|   ~0   |   ~0   |
+-----------------+---------+-------+--------+--------+

+ Detail: 
    * Instance: 
    +--------------------------+----------------------+---------+-------+----+-----+
    |         Instance         |        Module        | BRAM_18K| DSP48E| FF | LUT |
    +--------------------------+----------------------+---------+-------+----+-----+
    |algo_unpacked_muxbkb_U7   |algo_unpacked_muxbkb  |        0|      0|   0|   25|
    |algo_unpacked_muxbkb_U8   |algo_unpacked_muxbkb  |        0|      0|   0|   25|
    |grp_getPeakBinOf5_fu_216  |getPeakBinOf5         |        0|      0|  32|  253|
    |grp_getPeakBinOf5_fu_226  |getPeakBinOf5         |        0|      0|  32|  253|
    +--------------------------+----------------------+---------+-------+----+-----+
    |Total                     |                      |        0|      0|  64|  556|
    +--------------------------+----------------------+---------+-------+----+-----+

    * DSP48: 
    N/A

    * Memory: 
    N/A

    * FIFO: 
    N/A

    * Expression: 
    +-------------------------+----------+-------+---+----+------------+------------+
    |      Variable Name      | Operation| DSP48E| FF| LUT| Bitwidth P0| Bitwidth P1|
    +-------------------------+----------+-------+---+----+------------+------------+
    |empty_fu_501_p6          |     +    |      0|  0|  12|           3|           2|
    |etaStripSum_0_fu_374_p2  |     +    |      0|  0|  16|          16|          16|
    |etaStripSum_1_fu_398_p2  |     +    |      0|  0|  16|          16|          16|
    |etaStripSum_2_fu_422_p2  |     +    |      0|  0|  16|          16|          16|
    |etaStripSum_3_fu_446_p2  |     +    |      0|  0|  16|          16|          16|
    |etaStripSum_4_fu_470_p2  |     +    |      0|  0|  16|          16|          16|
    |phiStripSum_0_fu_254_p2  |     +    |      0|  0|  16|          16|          16|
    |phiStripSum_1_fu_278_p2  |     +    |      0|  0|  16|          16|          16|
    |phiStripSum_2_fu_302_p2  |     +    |      0|  0|  16|          16|          16|
    |phiStripSum_3_fu_326_p2  |     +    |      0|  0|  16|          16|          16|
    |phiStripSum_4_fu_350_p2  |     +    |      0|  0|  16|          16|          16|
    |tmp10_fu_284_p2          |     +    |      0|  0|  16|          16|          16|
    |tmp11_fu_290_p2          |     +    |      0|  0|  16|          16|          16|
    |tmp12_fu_296_p2          |     +    |      0|  0|  16|          16|          16|
    |tmp13_fu_308_p2          |     +    |      0|  0|  16|          16|          16|
    |tmp14_fu_314_p2          |     +    |      0|  0|  16|          16|          16|
    |tmp15_fu_320_p2          |     +    |      0|  0|  16|          16|          16|
    |tmp16_fu_332_p2          |     +    |      0|  0|  16|          16|          16|
    |tmp17_fu_338_p2          |     +    |      0|  0|  16|          16|          16|
    |tmp18_fu_344_p2          |     +    |      0|  0|  16|          16|          16|
    |tmp19_fu_356_p2          |     +    |      0|  0|  16|          16|          16|
    |tmp20_fu_362_p2          |     +    |      0|  0|  16|          16|          16|
    |tmp21_fu_368_p2          |     +    |      0|  0|  16|          16|          16|
    |tmp22_fu_380_p2          |     +    |      0|  0|  16|          16|          16|
    |tmp23_fu_386_p2          |     +    |      0|  0|  16|          16|          16|
    |tmp24_fu_392_p2          |     +    |      0|  0|  16|          16|          16|
    |tmp25_fu_404_p2          |     +    |      0|  0|  16|          16|          16|
    |tmp26_fu_410_p2          |     +    |      0|  0|  16|          16|          16|
    |tmp27_fu_416_p2          |     +    |      0|  0|  16|          16|          16|
    |tmp28_fu_428_p2          |     +    |      0|  0|  16|          16|          16|
    |tmp29_fu_434_p2          |     +    |      0|  0|  16|          16|          16|
    |tmp30_fu_440_p2          |     +    |      0|  0|  16|          16|          16|
    |tmp31_fu_452_p2          |     +    |      0|  0|  16|          16|          16|
    |tmp32_fu_458_p2          |     +    |      0|  0|  16|          16|          16|
    |tmp33_fu_464_p2          |     +    |      0|  0|  16|          16|          16|
    |tmp34_fu_476_p2          |     +    |      0|  0|  16|          16|          16|
    |tmp35_fu_480_p2          |     +    |      0|  0|  16|          16|          16|
    |tmp36_fu_484_p2          |     +    |      0|  0|  16|          16|          16|
    |tmp5_fu_242_p2           |     +    |      0|  0|  16|          16|          16|
    |tmp6_fu_248_p2           |     +    |      0|  0|  16|          16|          16|
    |tmp7_fu_260_p2           |     +    |      0|  0|  16|          16|          16|
    |tmp8_fu_266_p2           |     +    |      0|  0|  16|          16|          16|
    |tmp9_fu_272_p2           |     +    |      0|  0|  16|          16|          16|
    |tmp_43_4_fu_489_p2       |     +    |      0|  0|  16|          16|          16|
    |tmp_fu_236_p2            |     +    |      0|  0|  16|          16|          16|
    +-------------------------+----------+-------+---+----+------------+------------+
    |Total                    |          |      0|  0| 716|         707|         706|
    +-------------------------+----------+-------+---+----+------------+------------+

    * Multiplexer: 
    N/A

    * Register: 
    +-------------------------------------+----+----+-----+-----------+
    |                 Name                | FF | LUT| Bits| Const Bits|
    +-------------------------------------+----+----+-----+-----------+
    |ap_ce_reg                            |   1|   0|    1|          0|
    |crystals_0_0_read_int_reg            |  16|   0|   16|          0|
    |crystals_0_1_read_int_reg            |  16|   0|   16|          0|
    |crystals_0_2_read_int_reg            |  16|   0|   16|          0|
    |crystals_0_3_read_int_reg            |  16|   0|   16|          0|
    |crystals_0_4_read_int_reg            |  16|   0|   16|          0|
    |crystals_1_0_read_int_reg            |  16|   0|   16|          0|
    |crystals_1_1_read_int_reg            |  16|   0|   16|          0|
    |crystals_1_2_read_int_reg            |  16|   0|   16|          0|
    |crystals_1_3_read_int_reg            |  16|   0|   16|          0|
    |crystals_1_4_read_int_reg            |  16|   0|   16|          0|
    |crystals_2_0_read_int_reg            |  16|   0|   16|          0|
    |crystals_2_1_read_int_reg            |  16|   0|   16|          0|
    |crystals_2_2_read_int_reg            |  16|   0|   16|          0|
    |crystals_2_3_read_int_reg            |  16|   0|   16|          0|
    |crystals_2_4_read_int_reg            |  16|   0|   16|          0|
    |crystals_3_0_read_int_reg            |  16|   0|   16|          0|
    |crystals_3_1_read_int_reg            |  16|   0|   16|          0|
    |crystals_3_2_read_int_reg            |  16|   0|   16|          0|
    |crystals_3_3_read_int_reg            |  16|   0|   16|          0|
    |crystals_3_4_read_int_reg            |  16|   0|   16|          0|
    |crystals_4_0_read_int_reg            |  16|   0|   16|          0|
    |crystals_4_1_read_int_reg            |  16|   0|   16|          0|
    |crystals_4_2_read_int_reg            |  16|   0|   16|          0|
    |crystals_4_3_read_int_reg            |  16|   0|   16|          0|
    |crystals_4_4_read_int_reg            |  16|   0|   16|          0|
    |etaStripSum_0_reg_553                |  16|   0|   16|          0|
    |etaStripSum_1_reg_560                |  16|   0|   16|          0|
    |etaStripSum_2_reg_567                |  16|   0|   16|          0|
    |etaStripSum_3_reg_574                |  16|   0|   16|          0|
    |etaStripSum_4_reg_581                |  16|   0|   16|          0|
    |phiStripSum_0_reg_523                |  16|   0|   16|          0|
    |phiStripSum_0_reg_523_pp0_iter1_reg  |  16|   0|   16|          0|
    |phiStripSum_1_reg_529                |  16|   0|   16|          0|
    |phiStripSum_1_reg_529_pp0_iter1_reg  |  16|   0|   16|          0|
    |phiStripSum_2_reg_535                |  16|   0|   16|          0|
    |phiStripSum_2_reg_535_pp0_iter1_reg  |  16|   0|   16|          0|
    |phiStripSum_3_reg_541                |  16|   0|   16|          0|
    |phiStripSum_3_reg_541_pp0_iter1_reg  |  16|   0|   16|          0|
    |phiStripSum_4_reg_547                |  16|   0|   16|          0|
    |phiStripSum_4_reg_547_pp0_iter1_reg  |  16|   0|   16|          0|
    |tmp_43_4_reg_588                     |  16|   0|   16|          0|
    |etaStripSum_0_reg_553                |  64|  32|   16|          0|
    |etaStripSum_1_reg_560                |  64|  32|   16|          0|
    |etaStripSum_2_reg_567                |  64|  32|   16|          0|
    |etaStripSum_3_reg_574                |  64|  32|   16|          0|
    |etaStripSum_4_reg_581                |  64|  32|   16|          0|
    +-------------------------------------+----+----+-----+-----------+
    |Total                                | 977| 160|  737|          0|
    +-------------------------------------+----+----+-----+-----------+



================================================================
== Interface
================================================================
* Summary: 
+-------------------+----+-----+------------+--------------------+--------------+
|     RTL Ports     | Dir| Bits|  Protocol  |    Source Object   |    C Type    |
+-------------------+----+-----+------------+--------------------+--------------+
|ap_clk             | in |    1| ap_ctrl_hs | getClustersInTower | return value |
|ap_rst             | in |    1| ap_ctrl_hs | getClustersInTower | return value |
|ap_ce              | in |    1| ap_ctrl_hs | getClustersInTower | return value |
|crystals_0_0_read  | in |   16|   ap_none  |  crystals_0_0_read |    scalar    |
|crystals_0_1_read  | in |   16|   ap_none  |  crystals_0_1_read |    scalar    |
|crystals_0_2_read  | in |   16|   ap_none  |  crystals_0_2_read |    scalar    |
|crystals_0_3_read  | in |   16|   ap_none  |  crystals_0_3_read |    scalar    |
|crystals_0_4_read  | in |   16|   ap_none  |  crystals_0_4_read |    scalar    |
|crystals_1_0_read  | in |   16|   ap_none  |  crystals_1_0_read |    scalar    |
|crystals_1_1_read  | in |   16|   ap_none  |  crystals_1_1_read |    scalar    |
|crystals_1_2_read  | in |   16|   ap_none  |  crystals_1_2_read |    scalar    |
|crystals_1_3_read  | in |   16|   ap_none  |  crystals_1_3_read |    scalar    |
|crystals_1_4_read  | in |   16|   ap_none  |  crystals_1_4_read |    scalar    |
|crystals_2_0_read  | in |   16|   ap_none  |  crystals_2_0_read |    scalar    |
|crystals_2_1_read  | in |   16|   ap_none  |  crystals_2_1_read |    scalar    |
|crystals_2_2_read  | in |   16|   ap_none  |  crystals_2_2_read |    scalar    |
|crystals_2_3_read  | in |   16|   ap_none  |  crystals_2_3_read |    scalar    |
|crystals_2_4_read  | in |   16|   ap_none  |  crystals_2_4_read |    scalar    |
|crystals_3_0_read  | in |   16|   ap_none  |  crystals_3_0_read |    scalar    |
|crystals_3_1_read  | in |   16|   ap_none  |  crystals_3_1_read |    scalar    |
|crystals_3_2_read  | in |   16|   ap_none  |  crystals_3_2_read |    scalar    |
|crystals_3_3_read  | in |   16|   ap_none  |  crystals_3_3_read |    scalar    |
|crystals_3_4_read  | in |   16|   ap_none  |  crystals_3_4_read |    scalar    |
|crystals_4_0_read  | in |   16|   ap_none  |  crystals_4_0_read |    scalar    |
|crystals_4_1_read  | in |   16|   ap_none  |  crystals_4_1_read |    scalar    |
|crystals_4_2_read  | in |   16|   ap_none  |  crystals_4_2_read |    scalar    |
|crystals_4_3_read  | in |   16|   ap_none  |  crystals_4_3_read |    scalar    |
|crystals_4_4_read  | in |   16|   ap_none  |  crystals_4_4_read |    scalar    |
+-------------------+----+-----+------------+--------------------+--------------+

