

================================================================
== Vivado HLS Report for 'getPeakBinOf5'
================================================================
* Date:           Sun Jan 20 19:47:09 2019

* Version:        2018.2 (Build 2258646 on Thu Jun 14 20:25:20 MDT 2018)
* Project:        proj
* Solution:       solution1
* Product family: virtex7
* Target device:  xc7vx690tffg1927-2


================================================================
== Performance Estimates
================================================================
+ Timing (ns): 
    * Summary: 
    +--------+-------+----------+------------+
    |  Clock | Target| Estimated| Uncertainty|
    +--------+-------+----------+------------+
    |ap_clk  |   8.33|     6.123|        1.04|
    +--------+-------+----------+------------+

+ Latency (clock cycles): 
    * Summary: 
    +-----+-----+-----+-----+----------+
    |  Latency  |  Interval | Pipeline |
    | min | max | min | max |   Type   |
    +-----+-----+-----+-----+----------+
    |    1|    1|    1|    1| function |
    +-----+-----+-----+-----+----------+

    + Detail: 
        * Instance: 
        N/A

        * Loop: 
        N/A



================================================================
== Utilization Estimates
================================================================
* Summary: 
+-----------------+---------+-------+--------+--------+
|       Name      | BRAM_18K| DSP48E|   FF   |   LUT  |
+-----------------+---------+-------+--------+--------+
|DSP              |        -|      -|       -|       -|
|Expression       |        -|      -|       0|     253|
|FIFO             |        -|      -|       -|       -|
|Instance         |        -|      -|       -|       -|
|Memory           |        -|      -|       -|       -|
|Multiplexer      |        -|      -|       -|       -|
|Register         |        -|      -|      32|       -|
+-----------------+---------+-------+--------+--------+
|Total            |        0|      0|      32|     253|
+-----------------+---------+-------+--------+--------+
|Available        |     2940|   3600|  866400|  433200|
+-----------------+---------+-------+--------+--------+
|Utilization (%)  |        0|      0|   ~0   |   ~0   |
+-----------------+---------+-------+--------+--------+

+ Detail: 
    * Instance: 
    N/A

    * DSP48: 
    N/A

    * Memory: 
    N/A

    * FIFO: 
    N/A

    * Expression: 
    +--------------------+----------+-------+---+----+------------+------------+
    |    Variable Name   | Operation| DSP48E| FF| LUT| Bitwidth P0| Bitwidth P1|
    +--------------------+----------+-------+---+----+------------+------------+
    |iEtSum_fu_220_p2    |     +    |      0|  0|  16|          16|          16|
    |tmp2_fu_190_p2      |     +    |      0|  0|  16|          16|          16|
    |tmp3_fu_214_p2      |     +    |      0|  0|  16|          16|          16|
    |tmp5_fu_156_p2      |     +    |      0|  0|  21|          14|          14|
    |tmp8_fu_184_p2      |     +    |      0|  0|  23|          16|          16|
    |tmp9_fu_196_p2      |     +    |      0|  0|  16|          16|          16|
    |tmp_12_fu_256_p2    |     +    |      0|  0|  25|          18|          18|
    |tmp_8_fu_202_p2     |     +    |      0|  0|  16|          16|          16|
    |tmp_6_fu_208_p2     |     -    |      0|  0|  16|          16|          16|
    |sel_tmp1_fu_295_p2  |    and   |      0|  0|   2|           1|           1|
    |sel_tmp6_fu_323_p2  |    and   |      0|  0|   2|           1|           1|
    |tmp4_fu_289_p2      |    and   |      0|  0|   2|           1|           1|
    |tmp_11_fu_250_p2    |   icmp   |      0|  0|  18|          17|          17|
    |tmp_13_fu_262_p2    |   icmp   |      0|  0|  18|          18|          18|
    |tmp_15_fu_275_p2    |   icmp   |      0|  0|  18|          18|          18|
    |tmp_7_fu_226_p2     |   icmp   |      0|  0|  13|          16|          16|
    |ap_return           |  select  |      0|  0|   3|           1|           1|
    |iAve_fu_281_p3      |  select  |      0|  0|   4|           1|           4|
    |sel_tmp2_fu_301_p3  |  select  |      0|  0|   3|           1|           3|
    |sel_tmp4_fu_309_p3  |  select  |      0|  0|   3|           1|           3|
    |sel_tmp5_fu_317_p2  |    xor   |      0|  0|   2|           1|           2|
    +--------------------+----------+-------+---+----+------------+------------+
    |Total               |          |      0|  0| 253|         221|         229|
    +--------------------+----------+-------+---+----+------------+------------+

    * Multiplexer: 
    N/A

    * Register: 
    +--------------------+----+----+-----+-----------+
    |        Name        | FF | LUT| Bits| Const Bits|
    +--------------------+----+----+-----+-----------+
    |etSum_read_reg_337  |  16|   0|   16|          0|
    |iEtSum_reg_345      |  16|   0|   16|          0|
    +--------------------+----+----+-----+-----------+
    |Total               |  32|   0|   32|          0|
    +--------------------+----+----+-----+-----------+



================================================================
== Interface
================================================================
* Summary: 
+-----------+-----+-----+------------+---------------+--------------+
| RTL Ports | Dir | Bits|  Protocol  | Source Object |    C Type    |
+-----------+-----+-----+------------+---------------+--------------+
|ap_clk     |  in |    1| ap_ctrl_hs | getPeakBinOf5 | return value |
|ap_rst     |  in |    1| ap_ctrl_hs | getPeakBinOf5 | return value |
|ap_return  | out |    3| ap_ctrl_hs | getPeakBinOf5 | return value |
|ap_ce      |  in |    1| ap_ctrl_hs | getPeakBinOf5 | return value |
|et_0_read  |  in |   16|   ap_none  |   et_0_read   |    scalar    |
|et_1_read  |  in |   16|   ap_none  |   et_1_read   |    scalar    |
|et_2_read  |  in |   16|   ap_none  |   et_2_read   |    scalar    |
|et_3_read  |  in |   16|   ap_none  |   et_3_read   |    scalar    |
|et_4_read  |  in |   16|   ap_none  |   et_4_read   |    scalar    |
|etSum      |  in |   16|   ap_none  |     etSum     |    scalar    |
+-----------+-----+-----+------------+---------------+--------------+

