                             latency        interval
transaction       0:               6               3
transaction       1:               6               3
transaction       2:               6               3
transaction       3:               6               3
transaction       4:               6               3
transaction       5:               6               3
transaction       6:               6               3
transaction       7:               6               3
transaction       8:               6               3
transaction       9:               6               3
transaction      10:               6               3
transaction      11:               6               3
transaction      12:               6               3
transaction      13:               6               3
transaction      14:               6               3
transaction      15:               6               3
transaction      16:               6               3
transaction      17:               6               3
transaction      18:               6               3
transaction      19:               6               3
transaction      20:               6               3
transaction      21:               6               3
transaction      22:               6               3
transaction      23:               6               3
transaction      24:               6               3
transaction      25:               6               3
transaction      26:               6               3
transaction      27:               6               3
transaction      28:               6               3
transaction      29:               6               3
transaction      30:               6               3
transaction      31:               6               3
transaction      32:               6               3
transaction      33:               6               3
transaction      34:               6               3
transaction      35:               6               3
transaction      36:               6               3
transaction      37:               6               3
transaction      38:               6               3
transaction      39:               6               3
transaction      40:               6               3
transaction      41:               6               3
transaction      42:               6               3
transaction      43:               6               3
transaction      44:               6               3
transaction      45:               6               3
transaction      46:               6               3
transaction      47:               6               3
transaction      48:               6               3
transaction      49:               6               3
transaction      50:               6               3
transaction      51:               6               3
transaction      52:               6               3
transaction      53:               6               3
transaction      54:               6               3
transaction      55:               6               3
transaction      56:               6               3
transaction      57:               6               3
transaction      58:               6               3
transaction      59:               6               3
transaction      60:               6               3
transaction      61:               6               3
transaction      62:               6               3
transaction      63:               6               3
transaction      64:               6               3
transaction      65:               6               3
transaction      66:               6               3
transaction      67:               6               3
transaction      68:               6               3
transaction      69:               6               3
transaction      70:               6               3
transaction      71:               6               3
transaction      72:               6               3
transaction      73:               6               3
transaction      74:               6               3
transaction      75:               6               3
transaction      76:               6               3
transaction      77:               6               3
transaction      78:               6               3
transaction      79:               6               3
transaction      80:               6               3
transaction      81:               6               3
transaction      82:               6               3
transaction      83:               6               3
transaction      84:               6               3
transaction      85:               6               3
transaction      86:               6               3
transaction      87:               6               3
transaction      88:               6               3
transaction      89:               6               3
transaction      90:               6               3
transaction      91:               6               3
transaction      92:               6               3
transaction      93:               6               3
transaction      94:               6               3
transaction      95:               6               3
transaction      96:               6               3
transaction      97:               6               3
transaction      98:               6               3
transaction      99:               6               3
transaction     100:               6               3
transaction     101:               6               3
transaction     102:               6               3
transaction     103:               6               3
transaction     104:               6               3
transaction     105:               6               3
transaction     106:               6               3
transaction     107:               6               3
transaction     108:               6               3
transaction     109:               6               3
transaction     110:               6               3
transaction     111:               6               3
transaction     112:               6               3
transaction     113:               6               3
transaction     114:               6               3
transaction     115:               6               3
transaction     116:               6               3
transaction     117:               6               3
transaction     118:               6               3
transaction     119:               6               3
transaction     120:               6               3
transaction     121:               6               3
transaction     122:               6               3
transaction     123:               6               3
transaction     124:               6               3
transaction     125:               6               3
transaction     126:               6               3
transaction     127:               6               3
transaction     128:               6               3
transaction     129:               6               3
transaction     130:               6               3
transaction     131:               6               3
transaction     132:               6               3
transaction     133:               6               3
transaction     134:               6               3
transaction     135:               6               3
transaction     136:               6               3
transaction     137:               6               3
transaction     138:               6               3
transaction     139:               6               3
transaction     140:               6               3
transaction     141:               6               3
transaction     142:               6               3
transaction     143:               6               3
transaction     144:               6               3
transaction     145:               6               3
transaction     146:               6               3
transaction     147:               6               3
transaction     148:               6               3
transaction     149:               6               3
transaction     150:               6               3
transaction     151:               6               3
transaction     152:               6               3
transaction     153:               6               3
transaction     154:               6               3
transaction     155:               6               3
transaction     156:               6               3
transaction     157:               6               3
transaction     158:               6               3
transaction     159:               6               3
transaction     160:               6               3
transaction     161:               6               3
transaction     162:               6               3
transaction     163:               6               3
transaction     164:               6               3
transaction     165:               6               3
transaction     166:               6               3
transaction     167:               6               3
transaction     168:               6               3
transaction     169:               6               3
transaction     170:               6               3
transaction     171:               6               3
transaction     172:               6               3
transaction     173:               6               3
transaction     174:               6               3
transaction     175:               6               3
transaction     176:               6               3
transaction     177:               6               3
transaction     178:               6               3
transaction     179:               6               3
transaction     180:               6               3
transaction     181:               6               3
transaction     182:               6               3
transaction     183:               6               3
transaction     184:               6               3
transaction     185:               6               3
transaction     186:               6               3
transaction     187:               6               3
transaction     188:               6               3
transaction     189:               6               3
transaction     190:               6               3
transaction     191:               6               3
transaction     192:               6               3
transaction     193:               6               3
transaction     194:               6               3
transaction     195:               6               3
transaction     196:               6               3
transaction     197:               6               3
transaction     198:               6               3
transaction     199:               6               3
transaction     200:               6               3
transaction     201:               6               3
transaction     202:               6               3
transaction     203:               6               3
transaction     204:               6               3
transaction     205:               6               3
transaction     206:               6               3
transaction     207:               6               3
transaction     208:               6               3
transaction     209:               6               3
transaction     210:               6               3
transaction     211:               6               3
transaction     212:               6               3
transaction     213:               6               3
transaction     214:               6               3
transaction     215:               6               3
transaction     216:               6               3
transaction     217:               6               3
transaction     218:               6               3
transaction     219:               6               3
transaction     220:               6               3
transaction     221:               6               3
transaction     222:               6               3
transaction     223:               6               3
transaction     224:               6               3
transaction     225:               6               3
transaction     226:               6               3
transaction     227:               6               3
transaction     228:               6               3
transaction     229:               6               3
transaction     230:               6               3
transaction     231:               6               3
transaction     232:               6               3
transaction     233:               6               3
transaction     234:               6               3
transaction     235:               6               3
transaction     236:               6               3
transaction     237:               6               3
transaction     238:               6               3
transaction     239:               6               3
transaction     240:               6               3
transaction     241:               6               3
transaction     242:               6               3
transaction     243:               6               3
transaction     244:               6               3
transaction     245:               6               3
transaction     246:               6               3
transaction     247:               6               3
transaction     248:               6               3
transaction     249:               6               3
transaction     250:               6               3
transaction     251:               6               3
transaction     252:               6               3
transaction     253:               6               3
transaction     254:               6               3
transaction     255:               6               3
transaction     256:               6               3
transaction     257:               6               3
transaction     258:               6               3
transaction     259:               6               3
transaction     260:               6               3
transaction     261:               6               3
transaction     262:               6               3
transaction     263:               6               3
transaction     264:               6               3
transaction     265:               6               3
transaction     266:               6               3
transaction     267:               6               3
transaction     268:               6               3
transaction     269:               6               3
transaction     270:               6               3
transaction     271:               6               3
transaction     272:               6               3
transaction     273:               6               3
transaction     274:               6               3
transaction     275:               6               3
transaction     276:               6               3
transaction     277:               6               3
transaction     278:               6               3
transaction     279:               6               3
transaction     280:               6               3
transaction     281:               6               3
transaction     282:               6               3
transaction     283:               6               3
transaction     284:               6               3
transaction     285:               6               3
transaction     286:               6               3
transaction     287:               6               3
transaction     288:               6               3
transaction     289:               6               3
transaction     290:               6               3
transaction     291:               6               3
transaction     292:               6               3
transaction     293:               6               3
transaction     294:               6               3
transaction     295:               6               3
transaction     296:               6               3
transaction     297:               6               3
transaction     298:               6               3
transaction     299:               6               3
transaction     300:               6               3
transaction     301:               6               3
transaction     302:               6               3
transaction     303:               6               3
transaction     304:               6               3
transaction     305:               6               3
transaction     306:               6               3
transaction     307:               6               3
transaction     308:               6               3
transaction     309:               6               3
transaction     310:               6               3
transaction     311:               6               3
transaction     312:               6               3
transaction     313:               6               3
transaction     314:               6               3
transaction     315:               6               3
transaction     316:               6               3
transaction     317:               6               3
transaction     318:               6               3
transaction     319:               6               3
transaction     320:               6               3
transaction     321:               6               3
transaction     322:               6               3
transaction     323:               6               3
transaction     324:               6               3
transaction     325:               6               3
transaction     326:               6               3
transaction     327:               6               3
transaction     328:               6               3
transaction     329:               6               3
transaction     330:               6               3
transaction     331:               6               3
transaction     332:               6               3
transaction     333:               6               3
transaction     334:               6               3
transaction     335:               6               x
