

================================================================
== Vivado HLS Report for 'getClustersInTower'
================================================================
* Date:           Sun Jan 20 19:47:00 2019

* Version:        2018.2 (Build 2258646 on Thu Jun 14 20:25:20 MDT 2018)
* Project:        proj
* Solution:       solution1
* Product family: virtex7
* Target device:  xc7vx690tffg1927-2


================================================================
== Performance Estimates
================================================================
+ Timing (ns): 
    * Summary: 
    +--------+-------+----------+------------+
    |  Clock | Target| Estimated| Uncertainty|
    +--------+-------+----------+------------+
    |ap_clk  |   8.33|     6.123|        1.04|
    +--------+-------+----------+------------+

+ Latency (clock cycles): 
    * Summary: 
    +-----+-----+-----+-----+----------+
    |  Latency  |  Interval | Pipeline |
    | min | max | min | max |   Type   |
    +-----+-----+-----+-----+----------+
    |    3|    3|    1|    1| function |
    +-----+-----+-----+-----+----------+

    + Detail: 
        * Instance: 
        +--------------------------+---------------+-----+-----+-----+-----+----------+
        |                          |               |  Latency  |  Interval | Pipeline |
        |         Instance         |     Module    | min | max | min | max |   Type   |
        +--------------------------+---------------+-----+-----+-----+-----+----------+
        |grp_getPeakBinOf5_fu_216  |getPeakBinOf5  |    1|    1|    1|    1| function |
        |grp_getPeakBinOf5_fu_226  |getPeakBinOf5  |    1|    1|    1|    1| function |
        +--------------------------+---------------+-----+-----+-----+-----+----------+

        * Loop: 
        N/A

============================================================
+ Verbose Summary: Synthesis Manager
============================================================
InlineROM: 1
ExposeGlobal: 0
============================================================
+ Verbose Summary: CDFG Model
============================================================
IsTopModel: 0
ResetActiveHigh: 1
IsCombinational: 0
IsDatapathOnly: 0
HasWiredReturn: 1
HasMFsm: 2
HasVarLatency: 0
IsPipeline: 1
IsRtlPipelined: 1
IsInstanceOverlapped: 0
IsDontTouch: 0
HasImplIP: 0
IsGatedGlobalClock: 0

+ Individual pipeline summary: 
  * Pipeline-0: initiation interval (II) = 1, depth = 4


============================================================
+ Verbose Summary: Schedule
============================================================
* Number of FSM states : 4
* Pipeline : 1
  Pipeline-0 : II = 1, D = 4, States = { 1 2 3 4 }
* Dataflow Pipeline: 0

* FSM state transitions: 
1 --> 
	2  / true
2 --> 
	3  / true
3 --> 
	4  / true
4 --> 

* FSM state operations: 

State 1 <SV = 0> <Delay = 4.08>
ST_1 : Operation 5 [1/1] (0.00ns)   --->   "%crystals_4_4_read_1 = call i16 @_ssdm_op_Read.ap_auto.i16(i16 %crystals_4_4_read)"   --->   Operation 5 'read' 'crystals_4_4_read_1' <Predicate = true> <Delay = 0.00>
ST_1 : Operation 6 [1/1] (0.00ns)   --->   "%crystals_4_3_read_1 = call i16 @_ssdm_op_Read.ap_auto.i16(i16 %crystals_4_3_read)"   --->   Operation 6 'read' 'crystals_4_3_read_1' <Predicate = true> <Delay = 0.00>
ST_1 : Operation 7 [1/1] (0.00ns)   --->   "%crystals_4_2_read_1 = call i16 @_ssdm_op_Read.ap_auto.i16(i16 %crystals_4_2_read)"   --->   Operation 7 'read' 'crystals_4_2_read_1' <Predicate = true> <Delay = 0.00>
ST_1 : Operation 8 [1/1] (0.00ns)   --->   "%crystals_4_1_read_1 = call i16 @_ssdm_op_Read.ap_auto.i16(i16 %crystals_4_1_read)"   --->   Operation 8 'read' 'crystals_4_1_read_1' <Predicate = true> <Delay = 0.00>
ST_1 : Operation 9 [1/1] (0.00ns)   --->   "%crystals_4_0_read_1 = call i16 @_ssdm_op_Read.ap_auto.i16(i16 %crystals_4_0_read)"   --->   Operation 9 'read' 'crystals_4_0_read_1' <Predicate = true> <Delay = 0.00>
ST_1 : Operation 10 [1/1] (0.00ns)   --->   "%crystals_3_4_read_1 = call i16 @_ssdm_op_Read.ap_auto.i16(i16 %crystals_3_4_read)"   --->   Operation 10 'read' 'crystals_3_4_read_1' <Predicate = true> <Delay = 0.00>
ST_1 : Operation 11 [1/1] (0.00ns)   --->   "%crystals_3_3_read_1 = call i16 @_ssdm_op_Read.ap_auto.i16(i16 %crystals_3_3_read)"   --->   Operation 11 'read' 'crystals_3_3_read_1' <Predicate = true> <Delay = 0.00>
ST_1 : Operation 12 [1/1] (0.00ns)   --->   "%crystals_3_2_read_1 = call i16 @_ssdm_op_Read.ap_auto.i16(i16 %crystals_3_2_read)"   --->   Operation 12 'read' 'crystals_3_2_read_1' <Predicate = true> <Delay = 0.00>
ST_1 : Operation 13 [1/1] (0.00ns)   --->   "%crystals_3_1_read_1 = call i16 @_ssdm_op_Read.ap_auto.i16(i16 %crystals_3_1_read)"   --->   Operation 13 'read' 'crystals_3_1_read_1' <Predicate = true> <Delay = 0.00>
ST_1 : Operation 14 [1/1] (0.00ns)   --->   "%crystals_3_0_read_1 = call i16 @_ssdm_op_Read.ap_auto.i16(i16 %crystals_3_0_read)"   --->   Operation 14 'read' 'crystals_3_0_read_1' <Predicate = true> <Delay = 0.00>
ST_1 : Operation 15 [1/1] (0.00ns)   --->   "%crystals_2_4_read_1 = call i16 @_ssdm_op_Read.ap_auto.i16(i16 %crystals_2_4_read)"   --->   Operation 15 'read' 'crystals_2_4_read_1' <Predicate = true> <Delay = 0.00>
ST_1 : Operation 16 [1/1] (0.00ns)   --->   "%crystals_2_3_read_1 = call i16 @_ssdm_op_Read.ap_auto.i16(i16 %crystals_2_3_read)"   --->   Operation 16 'read' 'crystals_2_3_read_1' <Predicate = true> <Delay = 0.00>
ST_1 : Operation 17 [1/1] (0.00ns)   --->   "%crystals_2_2_read_1 = call i16 @_ssdm_op_Read.ap_auto.i16(i16 %crystals_2_2_read)"   --->   Operation 17 'read' 'crystals_2_2_read_1' <Predicate = true> <Delay = 0.00>
ST_1 : Operation 18 [1/1] (0.00ns)   --->   "%crystals_2_1_read_1 = call i16 @_ssdm_op_Read.ap_auto.i16(i16 %crystals_2_1_read)"   --->   Operation 18 'read' 'crystals_2_1_read_1' <Predicate = true> <Delay = 0.00>
ST_1 : Operation 19 [1/1] (0.00ns)   --->   "%crystals_2_0_read_1 = call i16 @_ssdm_op_Read.ap_auto.i16(i16 %crystals_2_0_read)"   --->   Operation 19 'read' 'crystals_2_0_read_1' <Predicate = true> <Delay = 0.00>
ST_1 : Operation 20 [1/1] (0.00ns)   --->   "%crystals_1_4_read_1 = call i16 @_ssdm_op_Read.ap_auto.i16(i16 %crystals_1_4_read)"   --->   Operation 20 'read' 'crystals_1_4_read_1' <Predicate = true> <Delay = 0.00>
ST_1 : Operation 21 [1/1] (0.00ns)   --->   "%crystals_1_3_read_1 = call i16 @_ssdm_op_Read.ap_auto.i16(i16 %crystals_1_3_read)"   --->   Operation 21 'read' 'crystals_1_3_read_1' <Predicate = true> <Delay = 0.00>
ST_1 : Operation 22 [1/1] (0.00ns)   --->   "%crystals_1_2_read_1 = call i16 @_ssdm_op_Read.ap_auto.i16(i16 %crystals_1_2_read)"   --->   Operation 22 'read' 'crystals_1_2_read_1' <Predicate = true> <Delay = 0.00>
ST_1 : Operation 23 [1/1] (0.00ns)   --->   "%crystals_1_1_read_1 = call i16 @_ssdm_op_Read.ap_auto.i16(i16 %crystals_1_1_read)"   --->   Operation 23 'read' 'crystals_1_1_read_1' <Predicate = true> <Delay = 0.00>
ST_1 : Operation 24 [1/1] (0.00ns)   --->   "%crystals_1_0_read_1 = call i16 @_ssdm_op_Read.ap_auto.i16(i16 %crystals_1_0_read)"   --->   Operation 24 'read' 'crystals_1_0_read_1' <Predicate = true> <Delay = 0.00>
ST_1 : Operation 25 [1/1] (0.00ns)   --->   "%crystals_0_4_read_1 = call i16 @_ssdm_op_Read.ap_auto.i16(i16 %crystals_0_4_read)"   --->   Operation 25 'read' 'crystals_0_4_read_1' <Predicate = true> <Delay = 0.00>
ST_1 : Operation 26 [1/1] (0.00ns)   --->   "%crystals_0_3_read_1 = call i16 @_ssdm_op_Read.ap_auto.i16(i16 %crystals_0_3_read)"   --->   Operation 26 'read' 'crystals_0_3_read_1' <Predicate = true> <Delay = 0.00>
ST_1 : Operation 27 [1/1] (0.00ns)   --->   "%crystals_0_2_read_1 = call i16 @_ssdm_op_Read.ap_auto.i16(i16 %crystals_0_2_read)"   --->   Operation 27 'read' 'crystals_0_2_read_1' <Predicate = true> <Delay = 0.00>
ST_1 : Operation 28 [1/1] (0.00ns)   --->   "%crystals_0_1_read_1 = call i16 @_ssdm_op_Read.ap_auto.i16(i16 %crystals_0_1_read)"   --->   Operation 28 'read' 'crystals_0_1_read_1' <Predicate = true> <Delay = 0.00>
ST_1 : Operation 29 [1/1] (0.00ns)   --->   "%crystals_0_0_read_1 = call i16 @_ssdm_op_Read.ap_auto.i16(i16 %crystals_0_0_read)"   --->   Operation 29 'read' 'crystals_0_0_read_1' <Predicate = true> <Delay = 0.00>
ST_1 : Operation 30 [1/1] (0.00ns) (grouped into TernaryAdder)   --->   "%tmp = add i16 %crystals_2_0_read_1, %crystals_3_0_read_1" [src/ClusterFinder.cc:1460]   --->   Operation 30 'add' 'tmp' <Predicate = true> <Delay = 0.00> <Core = "TAddSub">   --->   Core 80 'TAddSub' <Latency = 0> <II = 1> <Delay = 1.02> <IPBlock> <Opcode : 'add' 'sub'> <InPorts = 3> <OutPorts = 1> <Sync> <CReg>
ST_1 : Operation 31 [1/1] (0.00ns) (grouped into TernaryAdder)   --->   "%tmp5 = add i16 %crystals_1_0_read_1, %crystals_4_0_read_1" [src/ClusterFinder.cc:1460]   --->   Operation 31 'add' 'tmp5' <Predicate = true> <Delay = 0.00> <Core = "TAddSub">   --->   Core 80 'TAddSub' <Latency = 0> <II = 1> <Delay = 1.02> <IPBlock> <Opcode : 'add' 'sub'> <InPorts = 3> <OutPorts = 1> <Sync> <CReg>
ST_1 : Operation 32 [1/1] (2.04ns) (root node of TernaryAdder)   --->   "%tmp6 = add i16 %tmp5, %crystals_0_0_read_1" [src/ClusterFinder.cc:1460]   --->   Operation 32 'add' 'tmp6' <Predicate = true> <Delay = 2.04> <Core = "TAddSub">   --->   Core 80 'TAddSub' <Latency = 0> <II = 1> <Delay = 1.02> <IPBlock> <Opcode : 'add' 'sub'> <InPorts = 3> <OutPorts = 1> <Sync> <CReg>
ST_1 : Operation 33 [1/1] (2.04ns) (root node of TernaryAdder)   --->   "%phiStripSum_0 = add i16 %tmp6, %tmp" [src/ClusterFinder.cc:1460]   --->   Operation 33 'add' 'phiStripSum_0' <Predicate = true> <Delay = 2.04> <Core = "TAddSub">   --->   Core 80 'TAddSub' <Latency = 0> <II = 1> <Delay = 1.02> <IPBlock> <Opcode : 'add' 'sub'> <InPorts = 3> <OutPorts = 1> <Sync> <CReg>
ST_1 : Operation 34 [1/1] (0.00ns) (grouped into TernaryAdder)   --->   "%tmp7 = add i16 %crystals_2_1_read_1, %crystals_3_1_read_1" [src/ClusterFinder.cc:1460]   --->   Operation 34 'add' 'tmp7' <Predicate = true> <Delay = 0.00> <Core = "TAddSub">   --->   Core 80 'TAddSub' <Latency = 0> <II = 1> <Delay = 1.02> <IPBlock> <Opcode : 'add' 'sub'> <InPorts = 3> <OutPorts = 1> <Sync> <CReg>
ST_1 : Operation 35 [1/1] (0.00ns) (grouped into TernaryAdder)   --->   "%tmp8 = add i16 %crystals_1_1_read_1, %crystals_4_1_read_1" [src/ClusterFinder.cc:1460]   --->   Operation 35 'add' 'tmp8' <Predicate = true> <Delay = 0.00> <Core = "TAddSub">   --->   Core 80 'TAddSub' <Latency = 0> <II = 1> <Delay = 1.02> <IPBlock> <Opcode : 'add' 'sub'> <InPorts = 3> <OutPorts = 1> <Sync> <CReg>
ST_1 : Operation 36 [1/1] (2.04ns) (root node of TernaryAdder)   --->   "%tmp9 = add i16 %tmp8, %crystals_0_1_read_1" [src/ClusterFinder.cc:1460]   --->   Operation 36 'add' 'tmp9' <Predicate = true> <Delay = 2.04> <Core = "TAddSub">   --->   Core 80 'TAddSub' <Latency = 0> <II = 1> <Delay = 1.02> <IPBlock> <Opcode : 'add' 'sub'> <InPorts = 3> <OutPorts = 1> <Sync> <CReg>
ST_1 : Operation 37 [1/1] (2.04ns) (root node of TernaryAdder)   --->   "%phiStripSum_1 = add i16 %tmp9, %tmp7" [src/ClusterFinder.cc:1460]   --->   Operation 37 'add' 'phiStripSum_1' <Predicate = true> <Delay = 2.04> <Core = "TAddSub">   --->   Core 80 'TAddSub' <Latency = 0> <II = 1> <Delay = 1.02> <IPBlock> <Opcode : 'add' 'sub'> <InPorts = 3> <OutPorts = 1> <Sync> <CReg>
ST_1 : Operation 38 [1/1] (0.00ns) (grouped into TernaryAdder)   --->   "%tmp10 = add i16 %crystals_2_2_read_1, %crystals_3_2_read_1" [src/ClusterFinder.cc:1460]   --->   Operation 38 'add' 'tmp10' <Predicate = true> <Delay = 0.00> <Core = "TAddSub">   --->   Core 80 'TAddSub' <Latency = 0> <II = 1> <Delay = 1.02> <IPBlock> <Opcode : 'add' 'sub'> <InPorts = 3> <OutPorts = 1> <Sync> <CReg>
ST_1 : Operation 39 [1/1] (0.00ns) (grouped into TernaryAdder)   --->   "%tmp11 = add i16 %crystals_1_2_read_1, %crystals_4_2_read_1" [src/ClusterFinder.cc:1460]   --->   Operation 39 'add' 'tmp11' <Predicate = true> <Delay = 0.00> <Core = "TAddSub">   --->   Core 80 'TAddSub' <Latency = 0> <II = 1> <Delay = 1.02> <IPBlock> <Opcode : 'add' 'sub'> <InPorts = 3> <OutPorts = 1> <Sync> <CReg>
ST_1 : Operation 40 [1/1] (2.04ns) (root node of TernaryAdder)   --->   "%tmp12 = add i16 %tmp11, %crystals_0_2_read_1" [src/ClusterFinder.cc:1460]   --->   Operation 40 'add' 'tmp12' <Predicate = true> <Delay = 2.04> <Core = "TAddSub">   --->   Core 80 'TAddSub' <Latency = 0> <II = 1> <Delay = 1.02> <IPBlock> <Opcode : 'add' 'sub'> <InPorts = 3> <OutPorts = 1> <Sync> <CReg>
ST_1 : Operation 41 [1/1] (2.04ns) (root node of TernaryAdder)   --->   "%phiStripSum_2 = add i16 %tmp12, %tmp10" [src/ClusterFinder.cc:1460]   --->   Operation 41 'add' 'phiStripSum_2' <Predicate = true> <Delay = 2.04> <Core = "TAddSub">   --->   Core 80 'TAddSub' <Latency = 0> <II = 1> <Delay = 1.02> <IPBlock> <Opcode : 'add' 'sub'> <InPorts = 3> <OutPorts = 1> <Sync> <CReg>
ST_1 : Operation 42 [1/1] (0.00ns) (grouped into TernaryAdder)   --->   "%tmp13 = add i16 %crystals_2_3_read_1, %crystals_3_3_read_1" [src/ClusterFinder.cc:1460]   --->   Operation 42 'add' 'tmp13' <Predicate = true> <Delay = 0.00> <Core = "TAddSub">   --->   Core 80 'TAddSub' <Latency = 0> <II = 1> <Delay = 1.02> <IPBlock> <Opcode : 'add' 'sub'> <InPorts = 3> <OutPorts = 1> <Sync> <CReg>
ST_1 : Operation 43 [1/1] (0.00ns) (grouped into TernaryAdder)   --->   "%tmp14 = add i16 %crystals_1_3_read_1, %crystals_4_3_read_1" [src/ClusterFinder.cc:1460]   --->   Operation 43 'add' 'tmp14' <Predicate = true> <Delay = 0.00> <Core = "TAddSub">   --->   Core 80 'TAddSub' <Latency = 0> <II = 1> <Delay = 1.02> <IPBlock> <Opcode : 'add' 'sub'> <InPorts = 3> <OutPorts = 1> <Sync> <CReg>
ST_1 : Operation 44 [1/1] (2.04ns) (root node of TernaryAdder)   --->   "%tmp15 = add i16 %tmp14, %crystals_0_3_read_1" [src/ClusterFinder.cc:1460]   --->   Operation 44 'add' 'tmp15' <Predicate = true> <Delay = 2.04> <Core = "TAddSub">   --->   Core 80 'TAddSub' <Latency = 0> <II = 1> <Delay = 1.02> <IPBlock> <Opcode : 'add' 'sub'> <InPorts = 3> <OutPorts = 1> <Sync> <CReg>
ST_1 : Operation 45 [1/1] (2.04ns) (root node of TernaryAdder)   --->   "%phiStripSum_3 = add i16 %tmp15, %tmp13" [src/ClusterFinder.cc:1460]   --->   Operation 45 'add' 'phiStripSum_3' <Predicate = true> <Delay = 2.04> <Core = "TAddSub">   --->   Core 80 'TAddSub' <Latency = 0> <II = 1> <Delay = 1.02> <IPBlock> <Opcode : 'add' 'sub'> <InPorts = 3> <OutPorts = 1> <Sync> <CReg>
ST_1 : Operation 46 [1/1] (0.00ns) (grouped into TernaryAdder)   --->   "%tmp16 = add i16 %crystals_2_4_read_1, %crystals_3_4_read_1" [src/ClusterFinder.cc:1460]   --->   Operation 46 'add' 'tmp16' <Predicate = true> <Delay = 0.00> <Core = "TAddSub">   --->   Core 80 'TAddSub' <Latency = 0> <II = 1> <Delay = 1.02> <IPBlock> <Opcode : 'add' 'sub'> <InPorts = 3> <OutPorts = 1> <Sync> <CReg>
ST_1 : Operation 47 [1/1] (0.00ns) (grouped into TernaryAdder)   --->   "%tmp17 = add i16 %crystals_1_4_read_1, %crystals_4_4_read_1" [src/ClusterFinder.cc:1460]   --->   Operation 47 'add' 'tmp17' <Predicate = true> <Delay = 0.00> <Core = "TAddSub">   --->   Core 80 'TAddSub' <Latency = 0> <II = 1> <Delay = 1.02> <IPBlock> <Opcode : 'add' 'sub'> <InPorts = 3> <OutPorts = 1> <Sync> <CReg>
ST_1 : Operation 48 [1/1] (2.04ns) (root node of TernaryAdder)   --->   "%tmp18 = add i16 %tmp17, %crystals_0_4_read_1" [src/ClusterFinder.cc:1460]   --->   Operation 48 'add' 'tmp18' <Predicate = true> <Delay = 2.04> <Core = "TAddSub">   --->   Core 80 'TAddSub' <Latency = 0> <II = 1> <Delay = 1.02> <IPBlock> <Opcode : 'add' 'sub'> <InPorts = 3> <OutPorts = 1> <Sync> <CReg>
ST_1 : Operation 49 [1/1] (2.04ns) (root node of TernaryAdder)   --->   "%phiStripSum_4 = add i16 %tmp18, %tmp16" [src/ClusterFinder.cc:1460]   --->   Operation 49 'add' 'phiStripSum_4' <Predicate = true> <Delay = 2.04> <Core = "TAddSub">   --->   Core 80 'TAddSub' <Latency = 0> <II = 1> <Delay = 1.02> <IPBlock> <Opcode : 'add' 'sub'> <InPorts = 3> <OutPorts = 1> <Sync> <CReg>
ST_1 : Operation 50 [1/1] (0.00ns) (grouped into TernaryAdder)   --->   "%tmp19 = add i16 %crystals_0_2_read_1, %crystals_0_3_read_1" [src/ClusterFinder.cc:1470]   --->   Operation 50 'add' 'tmp19' <Predicate = true> <Delay = 0.00> <Core = "TAddSub">   --->   Core 80 'TAddSub' <Latency = 0> <II = 1> <Delay = 1.02> <IPBlock> <Opcode : 'add' 'sub'> <InPorts = 3> <OutPorts = 1> <Sync> <CReg>
ST_1 : Operation 51 [1/1] (0.00ns) (grouped into TernaryAdder)   --->   "%tmp20 = add i16 %crystals_0_1_read_1, %crystals_0_4_read_1" [src/ClusterFinder.cc:1470]   --->   Operation 51 'add' 'tmp20' <Predicate = true> <Delay = 0.00> <Core = "TAddSub">   --->   Core 80 'TAddSub' <Latency = 0> <II = 1> <Delay = 1.02> <IPBlock> <Opcode : 'add' 'sub'> <InPorts = 3> <OutPorts = 1> <Sync> <CReg>
ST_1 : Operation 52 [1/1] (2.04ns) (root node of TernaryAdder)   --->   "%tmp21 = add i16 %tmp20, %crystals_0_0_read_1" [src/ClusterFinder.cc:1470]   --->   Operation 52 'add' 'tmp21' <Predicate = true> <Delay = 2.04> <Core = "TAddSub">   --->   Core 80 'TAddSub' <Latency = 0> <II = 1> <Delay = 1.02> <IPBlock> <Opcode : 'add' 'sub'> <InPorts = 3> <OutPorts = 1> <Sync> <CReg>
ST_1 : Operation 53 [1/1] (2.04ns) (root node of TernaryAdder)   --->   "%etaStripSum_0 = add i16 %tmp21, %tmp19" [src/ClusterFinder.cc:1470]   --->   Operation 53 'add' 'etaStripSum_0' <Predicate = true> <Delay = 2.04> <Core = "TAddSub">   --->   Core 80 'TAddSub' <Latency = 0> <II = 1> <Delay = 1.02> <IPBlock> <Opcode : 'add' 'sub'> <InPorts = 3> <OutPorts = 1> <Sync> <CReg>
ST_1 : Operation 54 [1/1] (0.00ns) (grouped into TernaryAdder)   --->   "%tmp22 = add i16 %crystals_1_2_read_1, %crystals_1_3_read_1" [src/ClusterFinder.cc:1470]   --->   Operation 54 'add' 'tmp22' <Predicate = true> <Delay = 0.00> <Core = "TAddSub">   --->   Core 80 'TAddSub' <Latency = 0> <II = 1> <Delay = 1.02> <IPBlock> <Opcode : 'add' 'sub'> <InPorts = 3> <OutPorts = 1> <Sync> <CReg>
ST_1 : Operation 55 [1/1] (0.00ns) (grouped into TernaryAdder)   --->   "%tmp23 = add i16 %crystals_1_1_read_1, %crystals_1_4_read_1" [src/ClusterFinder.cc:1470]   --->   Operation 55 'add' 'tmp23' <Predicate = true> <Delay = 0.00> <Core = "TAddSub">   --->   Core 80 'TAddSub' <Latency = 0> <II = 1> <Delay = 1.02> <IPBlock> <Opcode : 'add' 'sub'> <InPorts = 3> <OutPorts = 1> <Sync> <CReg>
ST_1 : Operation 56 [1/1] (2.04ns) (root node of TernaryAdder)   --->   "%tmp24 = add i16 %tmp23, %crystals_1_0_read_1" [src/ClusterFinder.cc:1470]   --->   Operation 56 'add' 'tmp24' <Predicate = true> <Delay = 2.04> <Core = "TAddSub">   --->   Core 80 'TAddSub' <Latency = 0> <II = 1> <Delay = 1.02> <IPBlock> <Opcode : 'add' 'sub'> <InPorts = 3> <OutPorts = 1> <Sync> <CReg>
ST_1 : Operation 57 [1/1] (2.04ns) (root node of TernaryAdder)   --->   "%etaStripSum_1 = add i16 %tmp24, %tmp22" [src/ClusterFinder.cc:1470]   --->   Operation 57 'add' 'etaStripSum_1' <Predicate = true> <Delay = 2.04> <Core = "TAddSub">   --->   Core 80 'TAddSub' <Latency = 0> <II = 1> <Delay = 1.02> <IPBlock> <Opcode : 'add' 'sub'> <InPorts = 3> <OutPorts = 1> <Sync> <CReg>
ST_1 : Operation 58 [1/1] (0.00ns) (grouped into TernaryAdder)   --->   "%tmp25 = add i16 %crystals_2_2_read_1, %crystals_2_3_read_1" [src/ClusterFinder.cc:1470]   --->   Operation 58 'add' 'tmp25' <Predicate = true> <Delay = 0.00> <Core = "TAddSub">   --->   Core 80 'TAddSub' <Latency = 0> <II = 1> <Delay = 1.02> <IPBlock> <Opcode : 'add' 'sub'> <InPorts = 3> <OutPorts = 1> <Sync> <CReg>
ST_1 : Operation 59 [1/1] (0.00ns) (grouped into TernaryAdder)   --->   "%tmp26 = add i16 %crystals_2_1_read_1, %crystals_2_4_read_1" [src/ClusterFinder.cc:1470]   --->   Operation 59 'add' 'tmp26' <Predicate = true> <Delay = 0.00> <Core = "TAddSub">   --->   Core 80 'TAddSub' <Latency = 0> <II = 1> <Delay = 1.02> <IPBlock> <Opcode : 'add' 'sub'> <InPorts = 3> <OutPorts = 1> <Sync> <CReg>
ST_1 : Operation 60 [1/1] (2.04ns) (root node of TernaryAdder)   --->   "%tmp27 = add i16 %tmp26, %crystals_2_0_read_1" [src/ClusterFinder.cc:1470]   --->   Operation 60 'add' 'tmp27' <Predicate = true> <Delay = 2.04> <Core = "TAddSub">   --->   Core 80 'TAddSub' <Latency = 0> <II = 1> <Delay = 1.02> <IPBlock> <Opcode : 'add' 'sub'> <InPorts = 3> <OutPorts = 1> <Sync> <CReg>
ST_1 : Operation 61 [1/1] (2.04ns) (root node of TernaryAdder)   --->   "%etaStripSum_2 = add i16 %tmp27, %tmp25" [src/ClusterFinder.cc:1470]   --->   Operation 61 'add' 'etaStripSum_2' <Predicate = true> <Delay = 2.04> <Core = "TAddSub">   --->   Core 80 'TAddSub' <Latency = 0> <II = 1> <Delay = 1.02> <IPBlock> <Opcode : 'add' 'sub'> <InPorts = 3> <OutPorts = 1> <Sync> <CReg>
ST_1 : Operation 62 [1/1] (0.00ns) (grouped into TernaryAdder)   --->   "%tmp28 = add i16 %crystals_3_2_read_1, %crystals_3_3_read_1" [src/ClusterFinder.cc:1470]   --->   Operation 62 'add' 'tmp28' <Predicate = true> <Delay = 0.00> <Core = "TAddSub">   --->   Core 80 'TAddSub' <Latency = 0> <II = 1> <Delay = 1.02> <IPBlock> <Opcode : 'add' 'sub'> <InPorts = 3> <OutPorts = 1> <Sync> <CReg>
ST_1 : Operation 63 [1/1] (0.00ns) (grouped into TernaryAdder)   --->   "%tmp29 = add i16 %crystals_3_1_read_1, %crystals_3_4_read_1" [src/ClusterFinder.cc:1470]   --->   Operation 63 'add' 'tmp29' <Predicate = true> <Delay = 0.00> <Core = "TAddSub">   --->   Core 80 'TAddSub' <Latency = 0> <II = 1> <Delay = 1.02> <IPBlock> <Opcode : 'add' 'sub'> <InPorts = 3> <OutPorts = 1> <Sync> <CReg>
ST_1 : Operation 64 [1/1] (2.04ns) (root node of TernaryAdder)   --->   "%tmp30 = add i16 %tmp29, %crystals_3_0_read_1" [src/ClusterFinder.cc:1470]   --->   Operation 64 'add' 'tmp30' <Predicate = true> <Delay = 2.04> <Core = "TAddSub">   --->   Core 80 'TAddSub' <Latency = 0> <II = 1> <Delay = 1.02> <IPBlock> <Opcode : 'add' 'sub'> <InPorts = 3> <OutPorts = 1> <Sync> <CReg>
ST_1 : Operation 65 [1/1] (2.04ns) (root node of TernaryAdder)   --->   "%etaStripSum_3 = add i16 %tmp30, %tmp28" [src/ClusterFinder.cc:1470]   --->   Operation 65 'add' 'etaStripSum_3' <Predicate = true> <Delay = 2.04> <Core = "TAddSub">   --->   Core 80 'TAddSub' <Latency = 0> <II = 1> <Delay = 1.02> <IPBlock> <Opcode : 'add' 'sub'> <InPorts = 3> <OutPorts = 1> <Sync> <CReg>
ST_1 : Operation 66 [1/1] (0.00ns) (grouped into TernaryAdder)   --->   "%tmp31 = add i16 %crystals_4_2_read_1, %crystals_4_3_read_1" [src/ClusterFinder.cc:1470]   --->   Operation 66 'add' 'tmp31' <Predicate = true> <Delay = 0.00> <Core = "TAddSub">   --->   Core 80 'TAddSub' <Latency = 0> <II = 1> <Delay = 1.02> <IPBlock> <Opcode : 'add' 'sub'> <InPorts = 3> <OutPorts = 1> <Sync> <CReg>
ST_1 : Operation 67 [1/1] (0.00ns) (grouped into TernaryAdder)   --->   "%tmp32 = add i16 %crystals_4_1_read_1, %crystals_4_4_read_1" [src/ClusterFinder.cc:1470]   --->   Operation 67 'add' 'tmp32' <Predicate = true> <Delay = 0.00> <Core = "TAddSub">   --->   Core 80 'TAddSub' <Latency = 0> <II = 1> <Delay = 1.02> <IPBlock> <Opcode : 'add' 'sub'> <InPorts = 3> <OutPorts = 1> <Sync> <CReg>
ST_1 : Operation 68 [1/1] (2.04ns) (root node of TernaryAdder)   --->   "%tmp33 = add i16 %tmp32, %crystals_4_0_read_1" [src/ClusterFinder.cc:1470]   --->   Operation 68 'add' 'tmp33' <Predicate = true> <Delay = 2.04> <Core = "TAddSub">   --->   Core 80 'TAddSub' <Latency = 0> <II = 1> <Delay = 1.02> <IPBlock> <Opcode : 'add' 'sub'> <InPorts = 3> <OutPorts = 1> <Sync> <CReg>
ST_1 : Operation 69 [1/1] (2.04ns) (root node of TernaryAdder)   --->   "%etaStripSum_4 = add i16 %tmp33, %tmp31" [src/ClusterFinder.cc:1470]   --->   Operation 69 'add' 'etaStripSum_4' <Predicate = true> <Delay = 2.04> <Core = "TAddSub">   --->   Core 80 'TAddSub' <Latency = 0> <II = 1> <Delay = 1.02> <IPBlock> <Opcode : 'add' 'sub'> <InPorts = 3> <OutPorts = 1> <Sync> <CReg>

State 2 <SV = 1> <Delay = 4.08>
ST_2 : Operation 70 [1/1] (0.00ns) (grouped into TernaryAdder)   --->   "%tmp34 = add i16 %phiStripSum_2, %phiStripSum_3" [src/ClusterFinder.cc:1477]   --->   Operation 70 'add' 'tmp34' <Predicate = true> <Delay = 0.00> <Core = "TAddSub">   --->   Core 80 'TAddSub' <Latency = 0> <II = 1> <Delay = 1.02> <IPBlock> <Opcode : 'add' 'sub'> <InPorts = 3> <OutPorts = 1> <Sync> <CReg>
ST_2 : Operation 71 [1/1] (0.00ns) (grouped into TernaryAdder)   --->   "%tmp35 = add i16 %phiStripSum_0, %phiStripSum_4" [src/ClusterFinder.cc:1477]   --->   Operation 71 'add' 'tmp35' <Predicate = true> <Delay = 0.00> <Core = "TAddSub">   --->   Core 80 'TAddSub' <Latency = 0> <II = 1> <Delay = 1.02> <IPBlock> <Opcode : 'add' 'sub'> <InPorts = 3> <OutPorts = 1> <Sync> <CReg>
ST_2 : Operation 72 [1/1] (2.04ns) (root node of TernaryAdder)   --->   "%tmp36 = add i16 %tmp35, %phiStripSum_1" [src/ClusterFinder.cc:1477]   --->   Operation 72 'add' 'tmp36' <Predicate = true> <Delay = 2.04> <Core = "TAddSub">   --->   Core 80 'TAddSub' <Latency = 0> <II = 1> <Delay = 1.02> <IPBlock> <Opcode : 'add' 'sub'> <InPorts = 3> <OutPorts = 1> <Sync> <CReg>
ST_2 : Operation 73 [1/1] (2.04ns) (root node of TernaryAdder)   --->   "%tmp_43_4 = add i16 %tmp36, %tmp34" [src/ClusterFinder.cc:1477]   --->   Operation 73 'add' 'tmp_43_4' <Predicate = true> <Delay = 2.04> <Core = "TAddSub">   --->   Core 80 'TAddSub' <Latency = 0> <II = 1> <Delay = 1.02> <IPBlock> <Opcode : 'add' 'sub'> <InPorts = 3> <OutPorts = 1> <Sync> <CReg>

State 3 <SV = 2> <Delay = 6.12>
ST_3 : Operation 74 [2/2] (6.12ns)   --->   "%tmp_s = call fastcc i3 @getPeakBinOf5(i16 %etaStripSum_0, i16 %etaStripSum_1, i16 %etaStripSum_2, i16 %etaStripSum_3, i16 %etaStripSum_4, i16 %tmp_43_4)" [src/ClusterFinder.cc:1479]   --->   Operation 74 'call' 'tmp_s' <Predicate = true> <Delay = 6.12> <CoreType = "Generic">   --->   Core 0 '' <Latency = 0> <II = 1> <Delay = 1.00> <Generic> <Opcode : >
ST_3 : Operation 75 [2/2] (6.12ns)   --->   "%peakPhi_write_assign = call fastcc i3 @getPeakBinOf5(i16 %phiStripSum_0, i16 %phiStripSum_1, i16 %phiStripSum_2, i16 %phiStripSum_3, i16 %phiStripSum_4, i16 %tmp_43_4)" [src/ClusterFinder.cc:1480]   --->   Operation 75 'call' 'peakPhi_write_assign' <Predicate = true> <Delay = 6.12> <CoreType = "Generic">   --->   Core 0 '' <Latency = 0> <II = 1> <Delay = 1.00> <Generic> <Opcode : >

State 4 <SV = 3> <Delay = 5.50>
ST_4 : Operation 76 [1/1] (0.00ns)   --->   "call void (...)* @_ssdm_op_SpecPipeline(i32 1, i32 1, i32 1, i32 0, [1 x i8]* @p_str1) nounwind" [src/ClusterFinder.cc:1451]   --->   Operation 76 'specpipeline' <Predicate = true> <Delay = 0.00>
ST_4 : Operation 77 [1/2] (3.53ns)   --->   "%tmp_s = call fastcc i3 @getPeakBinOf5(i16 %etaStripSum_0, i16 %etaStripSum_1, i16 %etaStripSum_2, i16 %etaStripSum_3, i16 %etaStripSum_4, i16 %tmp_43_4)" [src/ClusterFinder.cc:1479]   --->   Operation 77 'call' 'tmp_s' <Predicate = true> <Delay = 3.53> <CoreType = "Generic">   --->   Core 0 '' <Latency = 0> <II = 1> <Delay = 1.00> <Generic> <Opcode : >
ST_4 : Operation 78 [1/2] (3.53ns)   --->   "%peakPhi_write_assign = call fastcc i3 @getPeakBinOf5(i16 %phiStripSum_0, i16 %phiStripSum_1, i16 %phiStripSum_2, i16 %phiStripSum_3, i16 %phiStripSum_4, i16 %tmp_43_4)" [src/ClusterFinder.cc:1480]   --->   Operation 78 'call' 'peakPhi_write_assign' <Predicate = true> <Delay = 3.53> <CoreType = "Generic">   --->   Core 0 '' <Latency = 0> <II = 1> <Delay = 1.00> <Generic> <Opcode : >
ST_4 : Operation 79 [1/1] (0.93ns)   --->   "%eta_3_0_t = add i3 %tmp_s, -1" [src/ClusterFinder.cc:1479]   --->   Operation 79 'add' 'eta_3_0_t' <Predicate = true> <Delay = 0.93> <Core = "AddSub">   --->   Core 14 'AddSub' <Latency = 0> <II = 1> <Delay = 0.93> <FuncUnit> <Opcode : 'add' 'sub'> <InPorts = 2> <OutPorts = 1>
ST_4 : Operation 80 [1/1] (1.04ns)   --->   "%empty = call i16 @_ssdm_op_Mux.ap_auto.5i16.i3(i16 %etaStripSum_0, i16 %etaStripSum_1, i16 %etaStripSum_2, i16 %etaStripSum_3, i16 %etaStripSum_4, i3 %eta_3_0_t)" [src/ClusterFinder.cc:1470]   --->   Operation 80 'mux' 'empty' <Predicate = true> <Delay = 1.04> <Core = "MuxnS">   --->   Core 31 'MuxnS' <Latency = 0> <II = 1> <Delay = 1.04> <FuncUnit> <Opcode : 'mux'> <InPorts = 2> <OutPorts = 1>
ST_4 : Operation 81 [1/1] (1.04ns)   --->   "%empty_9 = call i16 @_ssdm_op_Mux.ap_auto.5i16.i3(i16 %etaStripSum_0, i16 %etaStripSum_1, i16 %etaStripSum_2, i16 %etaStripSum_3, i16 %etaStripSum_4, i3 %tmp_s)" [src/ClusterFinder.cc:1470]   --->   Operation 81 'mux' 'empty_9' <Predicate = true> <Delay = 1.04> <Core = "MuxnS">   --->   Core 31 'MuxnS' <Latency = 0> <II = 1> <Delay = 1.04> <FuncUnit> <Opcode : 'mux'> <InPorts = 2> <OutPorts = 1>
ST_4 : Operation 82 [1/1] (0.00ns)   --->   "ret void"   --->   Operation 82 'ret' <Predicate = true> <Delay = 0.00>


============================================================
+ Verbose Summary: Binding
============================================================
STG Binding: 
---------------- STG Properties BEGIN ----------------
- Is combinational: 0
- Is one-state seq: 0
- Is datapath-only: 1
- Is pipelined: 1
- Is top level: 0
Port [ Return ] is wired: 1; IO mode=ap_ctrl_hs:ce=0
Port [ crystals_0_0_read]:  wired=1; compound=0; hidden=0; nouse=0; global=0; static=0; extern=0; dir=0; type=0; pingpong=0; private_global=0; IO mode=ap_none:ce=0
Port [ crystals_0_1_read]:  wired=1; compound=0; hidden=0; nouse=0; global=0; static=0; extern=0; dir=0; type=0; pingpong=0; private_global=0; IO mode=ap_none:ce=0
Port [ crystals_0_2_read]:  wired=1; compound=0; hidden=0; nouse=0; global=0; static=0; extern=0; dir=0; type=0; pingpong=0; private_global=0; IO mode=ap_none:ce=0
Port [ crystals_0_3_read]:  wired=1; compound=0; hidden=0; nouse=0; global=0; static=0; extern=0; dir=0; type=0; pingpong=0; private_global=0; IO mode=ap_none:ce=0
Port [ crystals_0_4_read]:  wired=1; compound=0; hidden=0; nouse=0; global=0; static=0; extern=0; dir=0; type=0; pingpong=0; private_global=0; IO mode=ap_none:ce=0
Port [ crystals_1_0_read]:  wired=1; compound=0; hidden=0; nouse=0; global=0; static=0; extern=0; dir=0; type=0; pingpong=0; private_global=0; IO mode=ap_none:ce=0
Port [ crystals_1_1_read]:  wired=1; compound=0; hidden=0; nouse=0; global=0; static=0; extern=0; dir=0; type=0; pingpong=0; private_global=0; IO mode=ap_none:ce=0
Port [ crystals_1_2_read]:  wired=1; compound=0; hidden=0; nouse=0; global=0; static=0; extern=0; dir=0; type=0; pingpong=0; private_global=0; IO mode=ap_none:ce=0
Port [ crystals_1_3_read]:  wired=1; compound=0; hidden=0; nouse=0; global=0; static=0; extern=0; dir=0; type=0; pingpong=0; private_global=0; IO mode=ap_none:ce=0
Port [ crystals_1_4_read]:  wired=1; compound=0; hidden=0; nouse=0; global=0; static=0; extern=0; dir=0; type=0; pingpong=0; private_global=0; IO mode=ap_none:ce=0
Port [ crystals_2_0_read]:  wired=1; compound=0; hidden=0; nouse=0; global=0; static=0; extern=0; dir=0; type=0; pingpong=0; private_global=0; IO mode=ap_none:ce=0
Port [ crystals_2_1_read]:  wired=1; compound=0; hidden=0; nouse=0; global=0; static=0; extern=0; dir=0; type=0; pingpong=0; private_global=0; IO mode=ap_none:ce=0
Port [ crystals_2_2_read]:  wired=1; compound=0; hidden=0; nouse=0; global=0; static=0; extern=0; dir=0; type=0; pingpong=0; private_global=0; IO mode=ap_none:ce=0
Port [ crystals_2_3_read]:  wired=1; compound=0; hidden=0; nouse=0; global=0; static=0; extern=0; dir=0; type=0; pingpong=0; private_global=0; IO mode=ap_none:ce=0
Port [ crystals_2_4_read]:  wired=1; compound=0; hidden=0; nouse=0; global=0; static=0; extern=0; dir=0; type=0; pingpong=0; private_global=0; IO mode=ap_none:ce=0
Port [ crystals_3_0_read]:  wired=1; compound=0; hidden=0; nouse=0; global=0; static=0; extern=0; dir=0; type=0; pingpong=0; private_global=0; IO mode=ap_none:ce=0
Port [ crystals_3_1_read]:  wired=1; compound=0; hidden=0; nouse=0; global=0; static=0; extern=0; dir=0; type=0; pingpong=0; private_global=0; IO mode=ap_none:ce=0
Port [ crystals_3_2_read]:  wired=1; compound=0; hidden=0; nouse=0; global=0; static=0; extern=0; dir=0; type=0; pingpong=0; private_global=0; IO mode=ap_none:ce=0
Port [ crystals_3_3_read]:  wired=1; compound=0; hidden=0; nouse=0; global=0; static=0; extern=0; dir=0; type=0; pingpong=0; private_global=0; IO mode=ap_none:ce=0
Port [ crystals_3_4_read]:  wired=1; compound=0; hidden=0; nouse=0; global=0; static=0; extern=0; dir=0; type=0; pingpong=0; private_global=0; IO mode=ap_none:ce=0
Port [ crystals_4_0_read]:  wired=1; compound=0; hidden=0; nouse=0; global=0; static=0; extern=0; dir=0; type=0; pingpong=0; private_global=0; IO mode=ap_none:ce=0
Port [ crystals_4_1_read]:  wired=1; compound=0; hidden=0; nouse=0; global=0; static=0; extern=0; dir=0; type=0; pingpong=0; private_global=0; IO mode=ap_none:ce=0
Port [ crystals_4_2_read]:  wired=1; compound=0; hidden=0; nouse=0; global=0; static=0; extern=0; dir=0; type=0; pingpong=0; private_global=0; IO mode=ap_none:ce=0
Port [ crystals_4_3_read]:  wired=1; compound=0; hidden=0; nouse=0; global=0; static=0; extern=0; dir=0; type=0; pingpong=0; private_global=0; IO mode=ap_none:ce=0
Port [ crystals_4_4_read]:  wired=1; compound=0; hidden=0; nouse=0; global=0; static=0; extern=0; dir=0; type=0; pingpong=0; private_global=0; IO mode=ap_none:ce=0
---------------- STG Properties END ------------------

---------------- Datapath Model BEGIN ----------------

<LifeTime>
<method=bitvector/>
crystals_4_4_read_1  (read        ) [ 00000]
crystals_4_3_read_1  (read        ) [ 00000]
crystals_4_2_read_1  (read        ) [ 00000]
crystals_4_1_read_1  (read        ) [ 00000]
crystals_4_0_read_1  (read        ) [ 00000]
crystals_3_4_read_1  (read        ) [ 00000]
crystals_3_3_read_1  (read        ) [ 00000]
crystals_3_2_read_1  (read        ) [ 00000]
crystals_3_1_read_1  (read        ) [ 00000]
crystals_3_0_read_1  (read        ) [ 00000]
crystals_2_4_read_1  (read        ) [ 00000]
crystals_2_3_read_1  (read        ) [ 00000]
crystals_2_2_read_1  (read        ) [ 00000]
crystals_2_1_read_1  (read        ) [ 00000]
crystals_2_0_read_1  (read        ) [ 00000]
crystals_1_4_read_1  (read        ) [ 00000]
crystals_1_3_read_1  (read        ) [ 00000]
crystals_1_2_read_1  (read        ) [ 00000]
crystals_1_1_read_1  (read        ) [ 00000]
crystals_1_0_read_1  (read        ) [ 00000]
crystals_0_4_read_1  (read        ) [ 00000]
crystals_0_3_read_1  (read        ) [ 00000]
crystals_0_2_read_1  (read        ) [ 00000]
crystals_0_1_read_1  (read        ) [ 00000]
crystals_0_0_read_1  (read        ) [ 00000]
tmp                  (add         ) [ 00000]
tmp5                 (add         ) [ 00000]
tmp6                 (add         ) [ 00000]
phiStripSum_0        (add         ) [ 01110]
tmp7                 (add         ) [ 00000]
tmp8                 (add         ) [ 00000]
tmp9                 (add         ) [ 00000]
phiStripSum_1        (add         ) [ 01110]
tmp10                (add         ) [ 00000]
tmp11                (add         ) [ 00000]
tmp12                (add         ) [ 00000]
phiStripSum_2        (add         ) [ 01110]
tmp13                (add         ) [ 00000]
tmp14                (add         ) [ 00000]
tmp15                (add         ) [ 00000]
phiStripSum_3        (add         ) [ 01110]
tmp16                (add         ) [ 00000]
tmp17                (add         ) [ 00000]
tmp18                (add         ) [ 00000]
phiStripSum_4        (add         ) [ 01110]
tmp19                (add         ) [ 00000]
tmp20                (add         ) [ 00000]
tmp21                (add         ) [ 00000]
etaStripSum_0        (add         ) [ 01111]
tmp22                (add         ) [ 00000]
tmp23                (add         ) [ 00000]
tmp24                (add         ) [ 00000]
etaStripSum_1        (add         ) [ 01111]
tmp25                (add         ) [ 00000]
tmp26                (add         ) [ 00000]
tmp27                (add         ) [ 00000]
etaStripSum_2        (add         ) [ 01111]
tmp28                (add         ) [ 00000]
tmp29                (add         ) [ 00000]
tmp30                (add         ) [ 00000]
etaStripSum_3        (add         ) [ 01111]
tmp31                (add         ) [ 00000]
tmp32                (add         ) [ 00000]
tmp33                (add         ) [ 00000]
etaStripSum_4        (add         ) [ 01111]
tmp34                (add         ) [ 00000]
tmp35                (add         ) [ 00000]
tmp36                (add         ) [ 00000]
tmp_43_4             (add         ) [ 01010]
StgValue_76          (specpipeline) [ 00000]
tmp_s                (call        ) [ 00000]
peakPhi_write_assign (call        ) [ 00000]
eta_3_0_t            (add         ) [ 00000]
empty                (mux         ) [ 00000]
empty_9              (mux         ) [ 00000]
StgValue_82          (ret         ) [ 00000]
</LifeTime>

<model>

<comp_list>
<comp id="0" class="1000" name="crystals_0_0_read">
<pin_list>
<pin id="1" dir="1" index="0" bw="1" slack="0"/>
</pin_list>
<bind>
<StgValue><ssdm name="crystals_0_0_read"/></StgValue>
</bind>
</comp>

<comp id="2" class="1000" name="crystals_0_1_read">
<pin_list>
<pin id="3" dir="1" index="0" bw="1" slack="0"/>
</pin_list>
<bind>
<StgValue><ssdm name="crystals_0_1_read"/></StgValue>
</bind>
</comp>

<comp id="4" class="1000" name="crystals_0_2_read">
<pin_list>
<pin id="5" dir="1" index="0" bw="1" slack="0"/>
</pin_list>
<bind>
<StgValue><ssdm name="crystals_0_2_read"/></StgValue>
</bind>
</comp>

<comp id="6" class="1000" name="crystals_0_3_read">
<pin_list>
<pin id="7" dir="1" index="0" bw="1" slack="0"/>
</pin_list>
<bind>
<StgValue><ssdm name="crystals_0_3_read"/></StgValue>
</bind>
</comp>

<comp id="8" class="1000" name="crystals_0_4_read">
<pin_list>
<pin id="9" dir="1" index="0" bw="1" slack="0"/>
</pin_list>
<bind>
<StgValue><ssdm name="crystals_0_4_read"/></StgValue>
</bind>
</comp>

<comp id="10" class="1000" name="crystals_1_0_read">
<pin_list>
<pin id="11" dir="1" index="0" bw="1" slack="0"/>
</pin_list>
<bind>
<StgValue><ssdm name="crystals_1_0_read"/></StgValue>
</bind>
</comp>

<comp id="12" class="1000" name="crystals_1_1_read">
<pin_list>
<pin id="13" dir="1" index="0" bw="1" slack="0"/>
</pin_list>
<bind>
<StgValue><ssdm name="crystals_1_1_read"/></StgValue>
</bind>
</comp>

<comp id="14" class="1000" name="crystals_1_2_read">
<pin_list>
<pin id="15" dir="1" index="0" bw="1" slack="0"/>
</pin_list>
<bind>
<StgValue><ssdm name="crystals_1_2_read"/></StgValue>
</bind>
</comp>

<comp id="16" class="1000" name="crystals_1_3_read">
<pin_list>
<pin id="17" dir="1" index="0" bw="1" slack="0"/>
</pin_list>
<bind>
<StgValue><ssdm name="crystals_1_3_read"/></StgValue>
</bind>
</comp>

<comp id="18" class="1000" name="crystals_1_4_read">
<pin_list>
<pin id="19" dir="1" index="0" bw="1" slack="0"/>
</pin_list>
<bind>
<StgValue><ssdm name="crystals_1_4_read"/></StgValue>
</bind>
</comp>

<comp id="20" class="1000" name="crystals_2_0_read">
<pin_list>
<pin id="21" dir="1" index="0" bw="1" slack="0"/>
</pin_list>
<bind>
<StgValue><ssdm name="crystals_2_0_read"/></StgValue>
</bind>
</comp>

<comp id="22" class="1000" name="crystals_2_1_read">
<pin_list>
<pin id="23" dir="1" index="0" bw="1" slack="0"/>
</pin_list>
<bind>
<StgValue><ssdm name="crystals_2_1_read"/></StgValue>
</bind>
</comp>

<comp id="24" class="1000" name="crystals_2_2_read">
<pin_list>
<pin id="25" dir="1" index="0" bw="1" slack="0"/>
</pin_list>
<bind>
<StgValue><ssdm name="crystals_2_2_read"/></StgValue>
</bind>
</comp>

<comp id="26" class="1000" name="crystals_2_3_read">
<pin_list>
<pin id="27" dir="1" index="0" bw="1" slack="0"/>
</pin_list>
<bind>
<StgValue><ssdm name="crystals_2_3_read"/></StgValue>
</bind>
</comp>

<comp id="28" class="1000" name="crystals_2_4_read">
<pin_list>
<pin id="29" dir="1" index="0" bw="1" slack="0"/>
</pin_list>
<bind>
<StgValue><ssdm name="crystals_2_4_read"/></StgValue>
</bind>
</comp>

<comp id="30" class="1000" name="crystals_3_0_read">
<pin_list>
<pin id="31" dir="1" index="0" bw="1" slack="0"/>
</pin_list>
<bind>
<StgValue><ssdm name="crystals_3_0_read"/></StgValue>
</bind>
</comp>

<comp id="32" class="1000" name="crystals_3_1_read">
<pin_list>
<pin id="33" dir="1" index="0" bw="1" slack="0"/>
</pin_list>
<bind>
<StgValue><ssdm name="crystals_3_1_read"/></StgValue>
</bind>
</comp>

<comp id="34" class="1000" name="crystals_3_2_read">
<pin_list>
<pin id="35" dir="1" index="0" bw="1" slack="0"/>
</pin_list>
<bind>
<StgValue><ssdm name="crystals_3_2_read"/></StgValue>
</bind>
</comp>

<comp id="36" class="1000" name="crystals_3_3_read">
<pin_list>
<pin id="37" dir="1" index="0" bw="1" slack="0"/>
</pin_list>
<bind>
<StgValue><ssdm name="crystals_3_3_read"/></StgValue>
</bind>
</comp>

<comp id="38" class="1000" name="crystals_3_4_read">
<pin_list>
<pin id="39" dir="1" index="0" bw="1" slack="0"/>
</pin_list>
<bind>
<StgValue><ssdm name="crystals_3_4_read"/></StgValue>
</bind>
</comp>

<comp id="40" class="1000" name="crystals_4_0_read">
<pin_list>
<pin id="41" dir="1" index="0" bw="1" slack="0"/>
</pin_list>
<bind>
<StgValue><ssdm name="crystals_4_0_read"/></StgValue>
</bind>
</comp>

<comp id="42" class="1000" name="crystals_4_1_read">
<pin_list>
<pin id="43" dir="1" index="0" bw="1" slack="0"/>
</pin_list>
<bind>
<StgValue><ssdm name="crystals_4_1_read"/></StgValue>
</bind>
</comp>

<comp id="44" class="1000" name="crystals_4_2_read">
<pin_list>
<pin id="45" dir="1" index="0" bw="1" slack="0"/>
</pin_list>
<bind>
<StgValue><ssdm name="crystals_4_2_read"/></StgValue>
</bind>
</comp>

<comp id="46" class="1000" name="crystals_4_3_read">
<pin_list>
<pin id="47" dir="1" index="0" bw="1" slack="0"/>
</pin_list>
<bind>
<StgValue><ssdm name="crystals_4_3_read"/></StgValue>
</bind>
</comp>

<comp id="48" class="1000" name="crystals_4_4_read">
<pin_list>
<pin id="49" dir="1" index="0" bw="1" slack="0"/>
</pin_list>
<bind>
<StgValue><ssdm name="crystals_4_4_read"/></StgValue>
</bind>
</comp>

<comp id="50" class="1001" name="const_50">
<pin_list>
<pin id="51" dir="1" index="0" bw="1" slack="0"/>
</pin_list>
<bind>
<StgValue><ssdm name="_ssdm_op_Read.ap_auto.i16"/></StgValue>
</bind>
</comp>

<comp id="52" class="1001" name="const_52">
<pin_list>
<pin id="53" dir="1" index="0" bw="1" slack="0"/>
</pin_list>
<bind>
<StgValue><ssdm name="getPeakBinOf5"/></StgValue>
</bind>
</comp>

<comp id="54" class="1001" name="const_54">
<pin_list>
<pin id="55" dir="1" index="0" bw="1" slack="2147483647"/>
</pin_list>
<bind>
<StgValue><ssdm name="_ssdm_op_SpecPipeline"/></StgValue>
</bind>
</comp>

<comp id="56" class="1001" name="const_56">
<pin_list>
<pin id="57" dir="1" index="0" bw="1" slack="2147483647"/>
</pin_list>
<bind>
<StgValue><ssdm name=""/></StgValue>
</bind>
</comp>

<comp id="58" class="1001" name="const_58">
<pin_list>
<pin id="59" dir="1" index="0" bw="1" slack="2147483647"/>
</pin_list>
<bind>
<StgValue><ssdm name=""/></StgValue>
</bind>
</comp>

<comp id="60" class="1001" name="const_60">
<pin_list>
<pin id="61" dir="1" index="0" bw="1" slack="2147483647"/>
</pin_list>
<bind>
<StgValue><ssdm name="p_str1"/></StgValue>
</bind>
</comp>

<comp id="62" class="1001" name="const_62">
<pin_list>
<pin id="63" dir="1" index="0" bw="1" slack="0"/>
</pin_list>
<bind>
<StgValue><ssdm name=""/></StgValue>
</bind>
</comp>

<comp id="64" class="1001" name="const_64">
<pin_list>
<pin id="65" dir="1" index="0" bw="1" slack="0"/>
</pin_list>
<bind>
<StgValue><ssdm name="_ssdm_op_Mux.ap_auto.5i16.i3"/></StgValue>
</bind>
</comp>

<comp id="66" class="1004" name="crystals_4_4_read_1_read_fu_66">
<pin_list>
<pin id="67" dir="0" index="0" bw="16" slack="0"/>
<pin id="68" dir="0" index="1" bw="16" slack="0"/>
<pin id="69" dir="1" index="2" bw="16" slack="0"/>
</pin_list>
<bind>
<opcode="read(1150) " fcode="read"/>
<opset="crystals_4_4_read_1/1 "/>
</bind>
</comp>

<comp id="72" class="1004" name="crystals_4_3_read_1_read_fu_72">
<pin_list>
<pin id="73" dir="0" index="0" bw="16" slack="0"/>
<pin id="74" dir="0" index="1" bw="16" slack="0"/>
<pin id="75" dir="1" index="2" bw="16" slack="0"/>
</pin_list>
<bind>
<opcode="read(1150) " fcode="read"/>
<opset="crystals_4_3_read_1/1 "/>
</bind>
</comp>

<comp id="78" class="1004" name="crystals_4_2_read_1_read_fu_78">
<pin_list>
<pin id="79" dir="0" index="0" bw="16" slack="0"/>
<pin id="80" dir="0" index="1" bw="16" slack="0"/>
<pin id="81" dir="1" index="2" bw="16" slack="0"/>
</pin_list>
<bind>
<opcode="read(1150) " fcode="read"/>
<opset="crystals_4_2_read_1/1 "/>
</bind>
</comp>

<comp id="84" class="1004" name="crystals_4_1_read_1_read_fu_84">
<pin_list>
<pin id="85" dir="0" index="0" bw="16" slack="0"/>
<pin id="86" dir="0" index="1" bw="16" slack="0"/>
<pin id="87" dir="1" index="2" bw="16" slack="0"/>
</pin_list>
<bind>
<opcode="read(1150) " fcode="read"/>
<opset="crystals_4_1_read_1/1 "/>
</bind>
</comp>

<comp id="90" class="1004" name="crystals_4_0_read_1_read_fu_90">
<pin_list>
<pin id="91" dir="0" index="0" bw="16" slack="0"/>
<pin id="92" dir="0" index="1" bw="16" slack="0"/>
<pin id="93" dir="1" index="2" bw="16" slack="0"/>
</pin_list>
<bind>
<opcode="read(1150) " fcode="read"/>
<opset="crystals_4_0_read_1/1 "/>
</bind>
</comp>

<comp id="96" class="1004" name="crystals_3_4_read_1_read_fu_96">
<pin_list>
<pin id="97" dir="0" index="0" bw="16" slack="0"/>
<pin id="98" dir="0" index="1" bw="16" slack="0"/>
<pin id="99" dir="1" index="2" bw="16" slack="0"/>
</pin_list>
<bind>
<opcode="read(1150) " fcode="read"/>
<opset="crystals_3_4_read_1/1 "/>
</bind>
</comp>

<comp id="102" class="1004" name="crystals_3_3_read_1_read_fu_102">
<pin_list>
<pin id="103" dir="0" index="0" bw="16" slack="0"/>
<pin id="104" dir="0" index="1" bw="16" slack="0"/>
<pin id="105" dir="1" index="2" bw="16" slack="0"/>
</pin_list>
<bind>
<opcode="read(1150) " fcode="read"/>
<opset="crystals_3_3_read_1/1 "/>
</bind>
</comp>

<comp id="108" class="1004" name="crystals_3_2_read_1_read_fu_108">
<pin_list>
<pin id="109" dir="0" index="0" bw="16" slack="0"/>
<pin id="110" dir="0" index="1" bw="16" slack="0"/>
<pin id="111" dir="1" index="2" bw="16" slack="0"/>
</pin_list>
<bind>
<opcode="read(1150) " fcode="read"/>
<opset="crystals_3_2_read_1/1 "/>
</bind>
</comp>

<comp id="114" class="1004" name="crystals_3_1_read_1_read_fu_114">
<pin_list>
<pin id="115" dir="0" index="0" bw="16" slack="0"/>
<pin id="116" dir="0" index="1" bw="16" slack="0"/>
<pin id="117" dir="1" index="2" bw="16" slack="0"/>
</pin_list>
<bind>
<opcode="read(1150) " fcode="read"/>
<opset="crystals_3_1_read_1/1 "/>
</bind>
</comp>

<comp id="120" class="1004" name="crystals_3_0_read_1_read_fu_120">
<pin_list>
<pin id="121" dir="0" index="0" bw="16" slack="0"/>
<pin id="122" dir="0" index="1" bw="16" slack="0"/>
<pin id="123" dir="1" index="2" bw="16" slack="0"/>
</pin_list>
<bind>
<opcode="read(1150) " fcode="read"/>
<opset="crystals_3_0_read_1/1 "/>
</bind>
</comp>

<comp id="126" class="1004" name="crystals_2_4_read_1_read_fu_126">
<pin_list>
<pin id="127" dir="0" index="0" bw="16" slack="0"/>
<pin id="128" dir="0" index="1" bw="16" slack="0"/>
<pin id="129" dir="1" index="2" bw="16" slack="0"/>
</pin_list>
<bind>
<opcode="read(1150) " fcode="read"/>
<opset="crystals_2_4_read_1/1 "/>
</bind>
</comp>

<comp id="132" class="1004" name="crystals_2_3_read_1_read_fu_132">
<pin_list>
<pin id="133" dir="0" index="0" bw="16" slack="0"/>
<pin id="134" dir="0" index="1" bw="16" slack="0"/>
<pin id="135" dir="1" index="2" bw="16" slack="0"/>
</pin_list>
<bind>
<opcode="read(1150) " fcode="read"/>
<opset="crystals_2_3_read_1/1 "/>
</bind>
</comp>

<comp id="138" class="1004" name="crystals_2_2_read_1_read_fu_138">
<pin_list>
<pin id="139" dir="0" index="0" bw="16" slack="0"/>
<pin id="140" dir="0" index="1" bw="16" slack="0"/>
<pin id="141" dir="1" index="2" bw="16" slack="0"/>
</pin_list>
<bind>
<opcode="read(1150) " fcode="read"/>
<opset="crystals_2_2_read_1/1 "/>
</bind>
</comp>

<comp id="144" class="1004" name="crystals_2_1_read_1_read_fu_144">
<pin_list>
<pin id="145" dir="0" index="0" bw="16" slack="0"/>
<pin id="146" dir="0" index="1" bw="16" slack="0"/>
<pin id="147" dir="1" index="2" bw="16" slack="0"/>
</pin_list>
<bind>
<opcode="read(1150) " fcode="read"/>
<opset="crystals_2_1_read_1/1 "/>
</bind>
</comp>

<comp id="150" class="1004" name="crystals_2_0_read_1_read_fu_150">
<pin_list>
<pin id="151" dir="0" index="0" bw="16" slack="0"/>
<pin id="152" dir="0" index="1" bw="16" slack="0"/>
<pin id="153" dir="1" index="2" bw="16" slack="0"/>
</pin_list>
<bind>
<opcode="read(1150) " fcode="read"/>
<opset="crystals_2_0_read_1/1 "/>
</bind>
</comp>

<comp id="156" class="1004" name="crystals_1_4_read_1_read_fu_156">
<pin_list>
<pin id="157" dir="0" index="0" bw="16" slack="0"/>
<pin id="158" dir="0" index="1" bw="16" slack="0"/>
<pin id="159" dir="1" index="2" bw="16" slack="0"/>
</pin_list>
<bind>
<opcode="read(1150) " fcode="read"/>
<opset="crystals_1_4_read_1/1 "/>
</bind>
</comp>

<comp id="162" class="1004" name="crystals_1_3_read_1_read_fu_162">
<pin_list>
<pin id="163" dir="0" index="0" bw="16" slack="0"/>
<pin id="164" dir="0" index="1" bw="16" slack="0"/>
<pin id="165" dir="1" index="2" bw="16" slack="0"/>
</pin_list>
<bind>
<opcode="read(1150) " fcode="read"/>
<opset="crystals_1_3_read_1/1 "/>
</bind>
</comp>

<comp id="168" class="1004" name="crystals_1_2_read_1_read_fu_168">
<pin_list>
<pin id="169" dir="0" index="0" bw="16" slack="0"/>
<pin id="170" dir="0" index="1" bw="16" slack="0"/>
<pin id="171" dir="1" index="2" bw="16" slack="0"/>
</pin_list>
<bind>
<opcode="read(1150) " fcode="read"/>
<opset="crystals_1_2_read_1/1 "/>
</bind>
</comp>

<comp id="174" class="1004" name="crystals_1_1_read_1_read_fu_174">
<pin_list>
<pin id="175" dir="0" index="0" bw="16" slack="0"/>
<pin id="176" dir="0" index="1" bw="16" slack="0"/>
<pin id="177" dir="1" index="2" bw="16" slack="0"/>
</pin_list>
<bind>
<opcode="read(1150) " fcode="read"/>
<opset="crystals_1_1_read_1/1 "/>
</bind>
</comp>

<comp id="180" class="1004" name="crystals_1_0_read_1_read_fu_180">
<pin_list>
<pin id="181" dir="0" index="0" bw="16" slack="0"/>
<pin id="182" dir="0" index="1" bw="16" slack="0"/>
<pin id="183" dir="1" index="2" bw="16" slack="0"/>
</pin_list>
<bind>
<opcode="read(1150) " fcode="read"/>
<opset="crystals_1_0_read_1/1 "/>
</bind>
</comp>

<comp id="186" class="1004" name="crystals_0_4_read_1_read_fu_186">
<pin_list>
<pin id="187" dir="0" index="0" bw="16" slack="0"/>
<pin id="188" dir="0" index="1" bw="16" slack="0"/>
<pin id="189" dir="1" index="2" bw="16" slack="0"/>
</pin_list>
<bind>
<opcode="read(1150) " fcode="read"/>
<opset="crystals_0_4_read_1/1 "/>
</bind>
</comp>

<comp id="192" class="1004" name="crystals_0_3_read_1_read_fu_192">
<pin_list>
<pin id="193" dir="0" index="0" bw="16" slack="0"/>
<pin id="194" dir="0" index="1" bw="16" slack="0"/>
<pin id="195" dir="1" index="2" bw="16" slack="0"/>
</pin_list>
<bind>
<opcode="read(1150) " fcode="read"/>
<opset="crystals_0_3_read_1/1 "/>
</bind>
</comp>

<comp id="198" class="1004" name="crystals_0_2_read_1_read_fu_198">
<pin_list>
<pin id="199" dir="0" index="0" bw="16" slack="0"/>
<pin id="200" dir="0" index="1" bw="16" slack="0"/>
<pin id="201" dir="1" index="2" bw="16" slack="0"/>
</pin_list>
<bind>
<opcode="read(1150) " fcode="read"/>
<opset="crystals_0_2_read_1/1 "/>
</bind>
</comp>

<comp id="204" class="1004" name="crystals_0_1_read_1_read_fu_204">
<pin_list>
<pin id="205" dir="0" index="0" bw="16" slack="0"/>
<pin id="206" dir="0" index="1" bw="16" slack="0"/>
<pin id="207" dir="1" index="2" bw="16" slack="0"/>
</pin_list>
<bind>
<opcode="read(1150) " fcode="read"/>
<opset="crystals_0_1_read_1/1 "/>
</bind>
</comp>

<comp id="210" class="1004" name="crystals_0_0_read_1_read_fu_210">
<pin_list>
<pin id="211" dir="0" index="0" bw="16" slack="0"/>
<pin id="212" dir="0" index="1" bw="16" slack="0"/>
<pin id="213" dir="1" index="2" bw="16" slack="0"/>
</pin_list>
<bind>
<opcode="read(1150) " fcode="read"/>
<opset="crystals_0_0_read_1/1 "/>
</bind>
</comp>

<comp id="216" class="1004" name="grp_getPeakBinOf5_fu_216">
<pin_list>
<pin id="217" dir="0" index="0" bw="3" slack="0"/>
<pin id="218" dir="0" index="1" bw="16" slack="2"/>
<pin id="219" dir="0" index="2" bw="16" slack="2"/>
<pin id="220" dir="0" index="3" bw="16" slack="2"/>
<pin id="221" dir="0" index="4" bw="16" slack="2"/>
<pin id="222" dir="0" index="5" bw="16" slack="2"/>
<pin id="223" dir="0" index="6" bw="16" slack="1"/>
<pin id="224" dir="1" index="7" bw="3" slack="0"/>
</pin_list>
<bind>
<opcode="call(48) " fcode="call"/>
<opset="tmp_s/3 "/>
</bind>
</comp>

<comp id="226" class="1004" name="grp_getPeakBinOf5_fu_226">
<pin_list>
<pin id="227" dir="0" index="0" bw="3" slack="0"/>
<pin id="228" dir="0" index="1" bw="16" slack="2"/>
<pin id="229" dir="0" index="2" bw="16" slack="2"/>
<pin id="230" dir="0" index="3" bw="16" slack="2"/>
<pin id="231" dir="0" index="4" bw="16" slack="2"/>
<pin id="232" dir="0" index="5" bw="16" slack="2"/>
<pin id="233" dir="0" index="6" bw="16" slack="1"/>
<pin id="234" dir="1" index="7" bw="3" slack="2147483647"/>
</pin_list>
<bind>
<opcode="call(48) " fcode="call"/>
<opset="peakPhi_write_assign/3 "/>
</bind>
</comp>

<comp id="236" class="1004" name="tmp_fu_236">
<pin_list>
<pin id="237" dir="0" index="0" bw="16" slack="0"/>
<pin id="238" dir="0" index="1" bw="16" slack="0"/>
<pin id="239" dir="1" index="2" bw="16" slack="0"/>
</pin_list>
<bind>
<opcode="add(8) " fcode="add"/>
<opset="tmp/1 "/>
</bind>
</comp>

<comp id="242" class="1004" name="tmp5_fu_242">
<pin_list>
<pin id="243" dir="0" index="0" bw="16" slack="0"/>
<pin id="244" dir="0" index="1" bw="16" slack="0"/>
<pin id="245" dir="1" index="2" bw="16" slack="0"/>
</pin_list>
<bind>
<opcode="add(8) " fcode="add"/>
<opset="tmp5/1 "/>
</bind>
</comp>

<comp id="248" class="1004" name="tmp6_fu_248">
<pin_list>
<pin id="249" dir="0" index="0" bw="16" slack="0"/>
<pin id="250" dir="0" index="1" bw="16" slack="0"/>
<pin id="251" dir="1" index="2" bw="16" slack="0"/>
</pin_list>
<bind>
<opcode="add(8) " fcode="add"/>
<opset="tmp6/1 "/>
</bind>
</comp>

<comp id="254" class="1004" name="phiStripSum_0_fu_254">
<pin_list>
<pin id="255" dir="0" index="0" bw="16" slack="0"/>
<pin id="256" dir="0" index="1" bw="16" slack="0"/>
<pin id="257" dir="1" index="2" bw="16" slack="1"/>
</pin_list>
<bind>
<opcode="add(8) " fcode="add"/>
<opset="phiStripSum_0/1 "/>
</bind>
</comp>

<comp id="260" class="1004" name="tmp7_fu_260">
<pin_list>
<pin id="261" dir="0" index="0" bw="16" slack="0"/>
<pin id="262" dir="0" index="1" bw="16" slack="0"/>
<pin id="263" dir="1" index="2" bw="16" slack="0"/>
</pin_list>
<bind>
<opcode="add(8) " fcode="add"/>
<opset="tmp7/1 "/>
</bind>
</comp>

<comp id="266" class="1004" name="tmp8_fu_266">
<pin_list>
<pin id="267" dir="0" index="0" bw="16" slack="0"/>
<pin id="268" dir="0" index="1" bw="16" slack="0"/>
<pin id="269" dir="1" index="2" bw="16" slack="0"/>
</pin_list>
<bind>
<opcode="add(8) " fcode="add"/>
<opset="tmp8/1 "/>
</bind>
</comp>

<comp id="272" class="1004" name="tmp9_fu_272">
<pin_list>
<pin id="273" dir="0" index="0" bw="16" slack="0"/>
<pin id="274" dir="0" index="1" bw="16" slack="0"/>
<pin id="275" dir="1" index="2" bw="16" slack="0"/>
</pin_list>
<bind>
<opcode="add(8) " fcode="add"/>
<opset="tmp9/1 "/>
</bind>
</comp>

<comp id="278" class="1004" name="phiStripSum_1_fu_278">
<pin_list>
<pin id="279" dir="0" index="0" bw="16" slack="0"/>
<pin id="280" dir="0" index="1" bw="16" slack="0"/>
<pin id="281" dir="1" index="2" bw="16" slack="1"/>
</pin_list>
<bind>
<opcode="add(8) " fcode="add"/>
<opset="phiStripSum_1/1 "/>
</bind>
</comp>

<comp id="284" class="1004" name="tmp10_fu_284">
<pin_list>
<pin id="285" dir="0" index="0" bw="16" slack="0"/>
<pin id="286" dir="0" index="1" bw="16" slack="0"/>
<pin id="287" dir="1" index="2" bw="16" slack="0"/>
</pin_list>
<bind>
<opcode="add(8) " fcode="add"/>
<opset="tmp10/1 "/>
</bind>
</comp>

<comp id="290" class="1004" name="tmp11_fu_290">
<pin_list>
<pin id="291" dir="0" index="0" bw="16" slack="0"/>
<pin id="292" dir="0" index="1" bw="16" slack="0"/>
<pin id="293" dir="1" index="2" bw="16" slack="0"/>
</pin_list>
<bind>
<opcode="add(8) " fcode="add"/>
<opset="tmp11/1 "/>
</bind>
</comp>

<comp id="296" class="1004" name="tmp12_fu_296">
<pin_list>
<pin id="297" dir="0" index="0" bw="16" slack="0"/>
<pin id="298" dir="0" index="1" bw="16" slack="0"/>
<pin id="299" dir="1" index="2" bw="16" slack="0"/>
</pin_list>
<bind>
<opcode="add(8) " fcode="add"/>
<opset="tmp12/1 "/>
</bind>
</comp>

<comp id="302" class="1004" name="phiStripSum_2_fu_302">
<pin_list>
<pin id="303" dir="0" index="0" bw="16" slack="0"/>
<pin id="304" dir="0" index="1" bw="16" slack="0"/>
<pin id="305" dir="1" index="2" bw="16" slack="1"/>
</pin_list>
<bind>
<opcode="add(8) " fcode="add"/>
<opset="phiStripSum_2/1 "/>
</bind>
</comp>

<comp id="308" class="1004" name="tmp13_fu_308">
<pin_list>
<pin id="309" dir="0" index="0" bw="16" slack="0"/>
<pin id="310" dir="0" index="1" bw="16" slack="0"/>
<pin id="311" dir="1" index="2" bw="16" slack="0"/>
</pin_list>
<bind>
<opcode="add(8) " fcode="add"/>
<opset="tmp13/1 "/>
</bind>
</comp>

<comp id="314" class="1004" name="tmp14_fu_314">
<pin_list>
<pin id="315" dir="0" index="0" bw="16" slack="0"/>
<pin id="316" dir="0" index="1" bw="16" slack="0"/>
<pin id="317" dir="1" index="2" bw="16" slack="0"/>
</pin_list>
<bind>
<opcode="add(8) " fcode="add"/>
<opset="tmp14/1 "/>
</bind>
</comp>

<comp id="320" class="1004" name="tmp15_fu_320">
<pin_list>
<pin id="321" dir="0" index="0" bw="16" slack="0"/>
<pin id="322" dir="0" index="1" bw="16" slack="0"/>
<pin id="323" dir="1" index="2" bw="16" slack="0"/>
</pin_list>
<bind>
<opcode="add(8) " fcode="add"/>
<opset="tmp15/1 "/>
</bind>
</comp>

<comp id="326" class="1004" name="phiStripSum_3_fu_326">
<pin_list>
<pin id="327" dir="0" index="0" bw="16" slack="0"/>
<pin id="328" dir="0" index="1" bw="16" slack="0"/>
<pin id="329" dir="1" index="2" bw="16" slack="1"/>
</pin_list>
<bind>
<opcode="add(8) " fcode="add"/>
<opset="phiStripSum_3/1 "/>
</bind>
</comp>

<comp id="332" class="1004" name="tmp16_fu_332">
<pin_list>
<pin id="333" dir="0" index="0" bw="16" slack="0"/>
<pin id="334" dir="0" index="1" bw="16" slack="0"/>
<pin id="335" dir="1" index="2" bw="16" slack="0"/>
</pin_list>
<bind>
<opcode="add(8) " fcode="add"/>
<opset="tmp16/1 "/>
</bind>
</comp>

<comp id="338" class="1004" name="tmp17_fu_338">
<pin_list>
<pin id="339" dir="0" index="0" bw="16" slack="0"/>
<pin id="340" dir="0" index="1" bw="16" slack="0"/>
<pin id="341" dir="1" index="2" bw="16" slack="0"/>
</pin_list>
<bind>
<opcode="add(8) " fcode="add"/>
<opset="tmp17/1 "/>
</bind>
</comp>

<comp id="344" class="1004" name="tmp18_fu_344">
<pin_list>
<pin id="345" dir="0" index="0" bw="16" slack="0"/>
<pin id="346" dir="0" index="1" bw="16" slack="0"/>
<pin id="347" dir="1" index="2" bw="16" slack="0"/>
</pin_list>
<bind>
<opcode="add(8) " fcode="add"/>
<opset="tmp18/1 "/>
</bind>
</comp>

<comp id="350" class="1004" name="phiStripSum_4_fu_350">
<pin_list>
<pin id="351" dir="0" index="0" bw="16" slack="0"/>
<pin id="352" dir="0" index="1" bw="16" slack="0"/>
<pin id="353" dir="1" index="2" bw="16" slack="1"/>
</pin_list>
<bind>
<opcode="add(8) " fcode="add"/>
<opset="phiStripSum_4/1 "/>
</bind>
</comp>

<comp id="356" class="1004" name="tmp19_fu_356">
<pin_list>
<pin id="357" dir="0" index="0" bw="16" slack="0"/>
<pin id="358" dir="0" index="1" bw="16" slack="0"/>
<pin id="359" dir="1" index="2" bw="16" slack="0"/>
</pin_list>
<bind>
<opcode="add(8) " fcode="add"/>
<opset="tmp19/1 "/>
</bind>
</comp>

<comp id="362" class="1004" name="tmp20_fu_362">
<pin_list>
<pin id="363" dir="0" index="0" bw="16" slack="0"/>
<pin id="364" dir="0" index="1" bw="16" slack="0"/>
<pin id="365" dir="1" index="2" bw="16" slack="0"/>
</pin_list>
<bind>
<opcode="add(8) " fcode="add"/>
<opset="tmp20/1 "/>
</bind>
</comp>

<comp id="368" class="1004" name="tmp21_fu_368">
<pin_list>
<pin id="369" dir="0" index="0" bw="16" slack="0"/>
<pin id="370" dir="0" index="1" bw="16" slack="0"/>
<pin id="371" dir="1" index="2" bw="16" slack="0"/>
</pin_list>
<bind>
<opcode="add(8) " fcode="add"/>
<opset="tmp21/1 "/>
</bind>
</comp>

<comp id="374" class="1004" name="etaStripSum_0_fu_374">
<pin_list>
<pin id="375" dir="0" index="0" bw="16" slack="0"/>
<pin id="376" dir="0" index="1" bw="16" slack="0"/>
<pin id="377" dir="1" index="2" bw="16" slack="2"/>
</pin_list>
<bind>
<opcode="add(8) " fcode="add"/>
<opset="etaStripSum_0/1 "/>
</bind>
</comp>

<comp id="380" class="1004" name="tmp22_fu_380">
<pin_list>
<pin id="381" dir="0" index="0" bw="16" slack="0"/>
<pin id="382" dir="0" index="1" bw="16" slack="0"/>
<pin id="383" dir="1" index="2" bw="16" slack="0"/>
</pin_list>
<bind>
<opcode="add(8) " fcode="add"/>
<opset="tmp22/1 "/>
</bind>
</comp>

<comp id="386" class="1004" name="tmp23_fu_386">
<pin_list>
<pin id="387" dir="0" index="0" bw="16" slack="0"/>
<pin id="388" dir="0" index="1" bw="16" slack="0"/>
<pin id="389" dir="1" index="2" bw="16" slack="0"/>
</pin_list>
<bind>
<opcode="add(8) " fcode="add"/>
<opset="tmp23/1 "/>
</bind>
</comp>

<comp id="392" class="1004" name="tmp24_fu_392">
<pin_list>
<pin id="393" dir="0" index="0" bw="16" slack="0"/>
<pin id="394" dir="0" index="1" bw="16" slack="0"/>
<pin id="395" dir="1" index="2" bw="16" slack="0"/>
</pin_list>
<bind>
<opcode="add(8) " fcode="add"/>
<opset="tmp24/1 "/>
</bind>
</comp>

<comp id="398" class="1004" name="etaStripSum_1_fu_398">
<pin_list>
<pin id="399" dir="0" index="0" bw="16" slack="0"/>
<pin id="400" dir="0" index="1" bw="16" slack="0"/>
<pin id="401" dir="1" index="2" bw="16" slack="2"/>
</pin_list>
<bind>
<opcode="add(8) " fcode="add"/>
<opset="etaStripSum_1/1 "/>
</bind>
</comp>

<comp id="404" class="1004" name="tmp25_fu_404">
<pin_list>
<pin id="405" dir="0" index="0" bw="16" slack="0"/>
<pin id="406" dir="0" index="1" bw="16" slack="0"/>
<pin id="407" dir="1" index="2" bw="16" slack="0"/>
</pin_list>
<bind>
<opcode="add(8) " fcode="add"/>
<opset="tmp25/1 "/>
</bind>
</comp>

<comp id="410" class="1004" name="tmp26_fu_410">
<pin_list>
<pin id="411" dir="0" index="0" bw="16" slack="0"/>
<pin id="412" dir="0" index="1" bw="16" slack="0"/>
<pin id="413" dir="1" index="2" bw="16" slack="0"/>
</pin_list>
<bind>
<opcode="add(8) " fcode="add"/>
<opset="tmp26/1 "/>
</bind>
</comp>

<comp id="416" class="1004" name="tmp27_fu_416">
<pin_list>
<pin id="417" dir="0" index="0" bw="16" slack="0"/>
<pin id="418" dir="0" index="1" bw="16" slack="0"/>
<pin id="419" dir="1" index="2" bw="16" slack="0"/>
</pin_list>
<bind>
<opcode="add(8) " fcode="add"/>
<opset="tmp27/1 "/>
</bind>
</comp>

<comp id="422" class="1004" name="etaStripSum_2_fu_422">
<pin_list>
<pin id="423" dir="0" index="0" bw="16" slack="0"/>
<pin id="424" dir="0" index="1" bw="16" slack="0"/>
<pin id="425" dir="1" index="2" bw="16" slack="2"/>
</pin_list>
<bind>
<opcode="add(8) " fcode="add"/>
<opset="etaStripSum_2/1 "/>
</bind>
</comp>

<comp id="428" class="1004" name="tmp28_fu_428">
<pin_list>
<pin id="429" dir="0" index="0" bw="16" slack="0"/>
<pin id="430" dir="0" index="1" bw="16" slack="0"/>
<pin id="431" dir="1" index="2" bw="16" slack="0"/>
</pin_list>
<bind>
<opcode="add(8) " fcode="add"/>
<opset="tmp28/1 "/>
</bind>
</comp>

<comp id="434" class="1004" name="tmp29_fu_434">
<pin_list>
<pin id="435" dir="0" index="0" bw="16" slack="0"/>
<pin id="436" dir="0" index="1" bw="16" slack="0"/>
<pin id="437" dir="1" index="2" bw="16" slack="0"/>
</pin_list>
<bind>
<opcode="add(8) " fcode="add"/>
<opset="tmp29/1 "/>
</bind>
</comp>

<comp id="440" class="1004" name="tmp30_fu_440">
<pin_list>
<pin id="441" dir="0" index="0" bw="16" slack="0"/>
<pin id="442" dir="0" index="1" bw="16" slack="0"/>
<pin id="443" dir="1" index="2" bw="16" slack="0"/>
</pin_list>
<bind>
<opcode="add(8) " fcode="add"/>
<opset="tmp30/1 "/>
</bind>
</comp>

<comp id="446" class="1004" name="etaStripSum_3_fu_446">
<pin_list>
<pin id="447" dir="0" index="0" bw="16" slack="0"/>
<pin id="448" dir="0" index="1" bw="16" slack="0"/>
<pin id="449" dir="1" index="2" bw="16" slack="2"/>
</pin_list>
<bind>
<opcode="add(8) " fcode="add"/>
<opset="etaStripSum_3/1 "/>
</bind>
</comp>

<comp id="452" class="1004" name="tmp31_fu_452">
<pin_list>
<pin id="453" dir="0" index="0" bw="16" slack="0"/>
<pin id="454" dir="0" index="1" bw="16" slack="0"/>
<pin id="455" dir="1" index="2" bw="16" slack="0"/>
</pin_list>
<bind>
<opcode="add(8) " fcode="add"/>
<opset="tmp31/1 "/>
</bind>
</comp>

<comp id="458" class="1004" name="tmp32_fu_458">
<pin_list>
<pin id="459" dir="0" index="0" bw="16" slack="0"/>
<pin id="460" dir="0" index="1" bw="16" slack="0"/>
<pin id="461" dir="1" index="2" bw="16" slack="0"/>
</pin_list>
<bind>
<opcode="add(8) " fcode="add"/>
<opset="tmp32/1 "/>
</bind>
</comp>

<comp id="464" class="1004" name="tmp33_fu_464">
<pin_list>
<pin id="465" dir="0" index="0" bw="16" slack="0"/>
<pin id="466" dir="0" index="1" bw="16" slack="0"/>
<pin id="467" dir="1" index="2" bw="16" slack="0"/>
</pin_list>
<bind>
<opcode="add(8) " fcode="add"/>
<opset="tmp33/1 "/>
</bind>
</comp>

<comp id="470" class="1004" name="etaStripSum_4_fu_470">
<pin_list>
<pin id="471" dir="0" index="0" bw="16" slack="0"/>
<pin id="472" dir="0" index="1" bw="16" slack="0"/>
<pin id="473" dir="1" index="2" bw="16" slack="2"/>
</pin_list>
<bind>
<opcode="add(8) " fcode="add"/>
<opset="etaStripSum_4/1 "/>
</bind>
</comp>

<comp id="476" class="1004" name="tmp34_fu_476">
<pin_list>
<pin id="477" dir="0" index="0" bw="16" slack="1"/>
<pin id="478" dir="0" index="1" bw="16" slack="1"/>
<pin id="479" dir="1" index="2" bw="16" slack="0"/>
</pin_list>
<bind>
<opcode="add(8) " fcode="add"/>
<opset="tmp34/2 "/>
</bind>
</comp>

<comp id="480" class="1004" name="tmp35_fu_480">
<pin_list>
<pin id="481" dir="0" index="0" bw="16" slack="1"/>
<pin id="482" dir="0" index="1" bw="16" slack="1"/>
<pin id="483" dir="1" index="2" bw="16" slack="0"/>
</pin_list>
<bind>
<opcode="add(8) " fcode="add"/>
<opset="tmp35/2 "/>
</bind>
</comp>

<comp id="484" class="1004" name="tmp36_fu_484">
<pin_list>
<pin id="485" dir="0" index="0" bw="16" slack="0"/>
<pin id="486" dir="0" index="1" bw="16" slack="1"/>
<pin id="487" dir="1" index="2" bw="16" slack="0"/>
</pin_list>
<bind>
<opcode="add(8) " fcode="add"/>
<opset="tmp36/2 "/>
</bind>
</comp>

<comp id="489" class="1004" name="tmp_43_4_fu_489">
<pin_list>
<pin id="490" dir="0" index="0" bw="16" slack="0"/>
<pin id="491" dir="0" index="1" bw="16" slack="0"/>
<pin id="492" dir="1" index="2" bw="16" slack="1"/>
</pin_list>
<bind>
<opcode="add(8) " fcode="add"/>
<opset="tmp_43_4/2 "/>
</bind>
</comp>

<comp id="495" class="1004" name="eta_3_0_t_fu_495">
<pin_list>
<pin id="496" dir="0" index="0" bw="3" slack="0"/>
<pin id="497" dir="0" index="1" bw="1" slack="0"/>
<pin id="498" dir="1" index="2" bw="3" slack="0"/>
</pin_list>
<bind>
<opcode="add(8) " fcode="add"/>
<opset="eta_3_0_t/4 "/>
</bind>
</comp>

<comp id="501" class="1004" name="empty_fu_501">
<pin_list>
<pin id="502" dir="0" index="0" bw="16" slack="0"/>
<pin id="503" dir="0" index="1" bw="16" slack="3"/>
<pin id="504" dir="0" index="2" bw="16" slack="3"/>
<pin id="505" dir="0" index="3" bw="16" slack="3"/>
<pin id="506" dir="0" index="4" bw="16" slack="3"/>
<pin id="507" dir="0" index="5" bw="16" slack="3"/>
<pin id="508" dir="0" index="6" bw="3" slack="0"/>
<pin id="509" dir="1" index="7" bw="16" slack="2147483647"/>
</pin_list>
<bind>
<opcode="mux(1196) " fcode="mux"/>
<opset="empty/4 "/>
</bind>
</comp>

<comp id="512" class="1004" name="empty_9_fu_512">
<pin_list>
<pin id="513" dir="0" index="0" bw="16" slack="0"/>
<pin id="514" dir="0" index="1" bw="16" slack="3"/>
<pin id="515" dir="0" index="2" bw="16" slack="3"/>
<pin id="516" dir="0" index="3" bw="16" slack="3"/>
<pin id="517" dir="0" index="4" bw="16" slack="3"/>
<pin id="518" dir="0" index="5" bw="16" slack="3"/>
<pin id="519" dir="0" index="6" bw="3" slack="0"/>
<pin id="520" dir="1" index="7" bw="16" slack="2147483647"/>
</pin_list>
<bind>
<opcode="mux(1196) " fcode="mux"/>
<opset="empty_9/4 "/>
</bind>
</comp>

<comp id="523" class="1005" name="phiStripSum_0_reg_523">
<pin_list>
<pin id="524" dir="0" index="0" bw="16" slack="1"/>
<pin id="525" dir="1" index="1" bw="16" slack="1"/>
</pin_list>
<bind>
<opset="phiStripSum_0 "/>
</bind>
</comp>

<comp id="529" class="1005" name="phiStripSum_1_reg_529">
<pin_list>
<pin id="530" dir="0" index="0" bw="16" slack="1"/>
<pin id="531" dir="1" index="1" bw="16" slack="1"/>
</pin_list>
<bind>
<opset="phiStripSum_1 "/>
</bind>
</comp>

<comp id="535" class="1005" name="phiStripSum_2_reg_535">
<pin_list>
<pin id="536" dir="0" index="0" bw="16" slack="1"/>
<pin id="537" dir="1" index="1" bw="16" slack="1"/>
</pin_list>
<bind>
<opset="phiStripSum_2 "/>
</bind>
</comp>

<comp id="541" class="1005" name="phiStripSum_3_reg_541">
<pin_list>
<pin id="542" dir="0" index="0" bw="16" slack="1"/>
<pin id="543" dir="1" index="1" bw="16" slack="1"/>
</pin_list>
<bind>
<opset="phiStripSum_3 "/>
</bind>
</comp>

<comp id="547" class="1005" name="phiStripSum_4_reg_547">
<pin_list>
<pin id="548" dir="0" index="0" bw="16" slack="1"/>
<pin id="549" dir="1" index="1" bw="16" slack="1"/>
</pin_list>
<bind>
<opset="phiStripSum_4 "/>
</bind>
</comp>

<comp id="553" class="1005" name="etaStripSum_0_reg_553">
<pin_list>
<pin id="554" dir="0" index="0" bw="16" slack="2"/>
<pin id="555" dir="1" index="1" bw="16" slack="2"/>
</pin_list>
<bind>
<opset="etaStripSum_0 "/>
</bind>
</comp>

<comp id="560" class="1005" name="etaStripSum_1_reg_560">
<pin_list>
<pin id="561" dir="0" index="0" bw="16" slack="2"/>
<pin id="562" dir="1" index="1" bw="16" slack="2"/>
</pin_list>
<bind>
<opset="etaStripSum_1 "/>
</bind>
</comp>

<comp id="567" class="1005" name="etaStripSum_2_reg_567">
<pin_list>
<pin id="568" dir="0" index="0" bw="16" slack="2"/>
<pin id="569" dir="1" index="1" bw="16" slack="2"/>
</pin_list>
<bind>
<opset="etaStripSum_2 "/>
</bind>
</comp>

<comp id="574" class="1005" name="etaStripSum_3_reg_574">
<pin_list>
<pin id="575" dir="0" index="0" bw="16" slack="2"/>
<pin id="576" dir="1" index="1" bw="16" slack="2"/>
</pin_list>
<bind>
<opset="etaStripSum_3 "/>
</bind>
</comp>

<comp id="581" class="1005" name="etaStripSum_4_reg_581">
<pin_list>
<pin id="582" dir="0" index="0" bw="16" slack="2"/>
<pin id="583" dir="1" index="1" bw="16" slack="2"/>
</pin_list>
<bind>
<opset="etaStripSum_4 "/>
</bind>
</comp>

<comp id="588" class="1005" name="tmp_43_4_reg_588">
<pin_list>
<pin id="589" dir="0" index="0" bw="16" slack="1"/>
<pin id="590" dir="1" index="1" bw="16" slack="1"/>
</pin_list>
<bind>
<opset="tmp_43_4 "/>
</bind>
</comp>

</comp_list>

<net_list>
<net id="70"><net_src comp="50" pin="0"/><net_sink comp="66" pin=0"/></net>

<net id="71"><net_src comp="48" pin="0"/><net_sink comp="66" pin=1"/></net>

<net id="76"><net_src comp="50" pin="0"/><net_sink comp="72" pin=0"/></net>

<net id="77"><net_src comp="46" pin="0"/><net_sink comp="72" pin=1"/></net>

<net id="82"><net_src comp="50" pin="0"/><net_sink comp="78" pin=0"/></net>

<net id="83"><net_src comp="44" pin="0"/><net_sink comp="78" pin=1"/></net>

<net id="88"><net_src comp="50" pin="0"/><net_sink comp="84" pin=0"/></net>

<net id="89"><net_src comp="42" pin="0"/><net_sink comp="84" pin=1"/></net>

<net id="94"><net_src comp="50" pin="0"/><net_sink comp="90" pin=0"/></net>

<net id="95"><net_src comp="40" pin="0"/><net_sink comp="90" pin=1"/></net>

<net id="100"><net_src comp="50" pin="0"/><net_sink comp="96" pin=0"/></net>

<net id="101"><net_src comp="38" pin="0"/><net_sink comp="96" pin=1"/></net>

<net id="106"><net_src comp="50" pin="0"/><net_sink comp="102" pin=0"/></net>

<net id="107"><net_src comp="36" pin="0"/><net_sink comp="102" pin=1"/></net>

<net id="112"><net_src comp="50" pin="0"/><net_sink comp="108" pin=0"/></net>

<net id="113"><net_src comp="34" pin="0"/><net_sink comp="108" pin=1"/></net>

<net id="118"><net_src comp="50" pin="0"/><net_sink comp="114" pin=0"/></net>

<net id="119"><net_src comp="32" pin="0"/><net_sink comp="114" pin=1"/></net>

<net id="124"><net_src comp="50" pin="0"/><net_sink comp="120" pin=0"/></net>

<net id="125"><net_src comp="30" pin="0"/><net_sink comp="120" pin=1"/></net>

<net id="130"><net_src comp="50" pin="0"/><net_sink comp="126" pin=0"/></net>

<net id="131"><net_src comp="28" pin="0"/><net_sink comp="126" pin=1"/></net>

<net id="136"><net_src comp="50" pin="0"/><net_sink comp="132" pin=0"/></net>

<net id="137"><net_src comp="26" pin="0"/><net_sink comp="132" pin=1"/></net>

<net id="142"><net_src comp="50" pin="0"/><net_sink comp="138" pin=0"/></net>

<net id="143"><net_src comp="24" pin="0"/><net_sink comp="138" pin=1"/></net>

<net id="148"><net_src comp="50" pin="0"/><net_sink comp="144" pin=0"/></net>

<net id="149"><net_src comp="22" pin="0"/><net_sink comp="144" pin=1"/></net>

<net id="154"><net_src comp="50" pin="0"/><net_sink comp="150" pin=0"/></net>

<net id="155"><net_src comp="20" pin="0"/><net_sink comp="150" pin=1"/></net>

<net id="160"><net_src comp="50" pin="0"/><net_sink comp="156" pin=0"/></net>

<net id="161"><net_src comp="18" pin="0"/><net_sink comp="156" pin=1"/></net>

<net id="166"><net_src comp="50" pin="0"/><net_sink comp="162" pin=0"/></net>

<net id="167"><net_src comp="16" pin="0"/><net_sink comp="162" pin=1"/></net>

<net id="172"><net_src comp="50" pin="0"/><net_sink comp="168" pin=0"/></net>

<net id="173"><net_src comp="14" pin="0"/><net_sink comp="168" pin=1"/></net>

<net id="178"><net_src comp="50" pin="0"/><net_sink comp="174" pin=0"/></net>

<net id="179"><net_src comp="12" pin="0"/><net_sink comp="174" pin=1"/></net>

<net id="184"><net_src comp="50" pin="0"/><net_sink comp="180" pin=0"/></net>

<net id="185"><net_src comp="10" pin="0"/><net_sink comp="180" pin=1"/></net>

<net id="190"><net_src comp="50" pin="0"/><net_sink comp="186" pin=0"/></net>

<net id="191"><net_src comp="8" pin="0"/><net_sink comp="186" pin=1"/></net>

<net id="196"><net_src comp="50" pin="0"/><net_sink comp="192" pin=0"/></net>

<net id="197"><net_src comp="6" pin="0"/><net_sink comp="192" pin=1"/></net>

<net id="202"><net_src comp="50" pin="0"/><net_sink comp="198" pin=0"/></net>

<net id="203"><net_src comp="4" pin="0"/><net_sink comp="198" pin=1"/></net>

<net id="208"><net_src comp="50" pin="0"/><net_sink comp="204" pin=0"/></net>

<net id="209"><net_src comp="2" pin="0"/><net_sink comp="204" pin=1"/></net>

<net id="214"><net_src comp="50" pin="0"/><net_sink comp="210" pin=0"/></net>

<net id="215"><net_src comp="0" pin="0"/><net_sink comp="210" pin=1"/></net>

<net id="225"><net_src comp="52" pin="0"/><net_sink comp="216" pin=0"/></net>

<net id="235"><net_src comp="52" pin="0"/><net_sink comp="226" pin=0"/></net>

<net id="240"><net_src comp="150" pin="2"/><net_sink comp="236" pin=0"/></net>

<net id="241"><net_src comp="120" pin="2"/><net_sink comp="236" pin=1"/></net>

<net id="246"><net_src comp="180" pin="2"/><net_sink comp="242" pin=0"/></net>

<net id="247"><net_src comp="90" pin="2"/><net_sink comp="242" pin=1"/></net>

<net id="252"><net_src comp="242" pin="2"/><net_sink comp="248" pin=0"/></net>

<net id="253"><net_src comp="210" pin="2"/><net_sink comp="248" pin=1"/></net>

<net id="258"><net_src comp="248" pin="2"/><net_sink comp="254" pin=0"/></net>

<net id="259"><net_src comp="236" pin="2"/><net_sink comp="254" pin=1"/></net>

<net id="264"><net_src comp="144" pin="2"/><net_sink comp="260" pin=0"/></net>

<net id="265"><net_src comp="114" pin="2"/><net_sink comp="260" pin=1"/></net>

<net id="270"><net_src comp="174" pin="2"/><net_sink comp="266" pin=0"/></net>

<net id="271"><net_src comp="84" pin="2"/><net_sink comp="266" pin=1"/></net>

<net id="276"><net_src comp="266" pin="2"/><net_sink comp="272" pin=0"/></net>

<net id="277"><net_src comp="204" pin="2"/><net_sink comp="272" pin=1"/></net>

<net id="282"><net_src comp="272" pin="2"/><net_sink comp="278" pin=0"/></net>

<net id="283"><net_src comp="260" pin="2"/><net_sink comp="278" pin=1"/></net>

<net id="288"><net_src comp="138" pin="2"/><net_sink comp="284" pin=0"/></net>

<net id="289"><net_src comp="108" pin="2"/><net_sink comp="284" pin=1"/></net>

<net id="294"><net_src comp="168" pin="2"/><net_sink comp="290" pin=0"/></net>

<net id="295"><net_src comp="78" pin="2"/><net_sink comp="290" pin=1"/></net>

<net id="300"><net_src comp="290" pin="2"/><net_sink comp="296" pin=0"/></net>

<net id="301"><net_src comp="198" pin="2"/><net_sink comp="296" pin=1"/></net>

<net id="306"><net_src comp="296" pin="2"/><net_sink comp="302" pin=0"/></net>

<net id="307"><net_src comp="284" pin="2"/><net_sink comp="302" pin=1"/></net>

<net id="312"><net_src comp="132" pin="2"/><net_sink comp="308" pin=0"/></net>

<net id="313"><net_src comp="102" pin="2"/><net_sink comp="308" pin=1"/></net>

<net id="318"><net_src comp="162" pin="2"/><net_sink comp="314" pin=0"/></net>

<net id="319"><net_src comp="72" pin="2"/><net_sink comp="314" pin=1"/></net>

<net id="324"><net_src comp="314" pin="2"/><net_sink comp="320" pin=0"/></net>

<net id="325"><net_src comp="192" pin="2"/><net_sink comp="320" pin=1"/></net>

<net id="330"><net_src comp="320" pin="2"/><net_sink comp="326" pin=0"/></net>

<net id="331"><net_src comp="308" pin="2"/><net_sink comp="326" pin=1"/></net>

<net id="336"><net_src comp="126" pin="2"/><net_sink comp="332" pin=0"/></net>

<net id="337"><net_src comp="96" pin="2"/><net_sink comp="332" pin=1"/></net>

<net id="342"><net_src comp="156" pin="2"/><net_sink comp="338" pin=0"/></net>

<net id="343"><net_src comp="66" pin="2"/><net_sink comp="338" pin=1"/></net>

<net id="348"><net_src comp="338" pin="2"/><net_sink comp="344" pin=0"/></net>

<net id="349"><net_src comp="186" pin="2"/><net_sink comp="344" pin=1"/></net>

<net id="354"><net_src comp="344" pin="2"/><net_sink comp="350" pin=0"/></net>

<net id="355"><net_src comp="332" pin="2"/><net_sink comp="350" pin=1"/></net>

<net id="360"><net_src comp="198" pin="2"/><net_sink comp="356" pin=0"/></net>

<net id="361"><net_src comp="192" pin="2"/><net_sink comp="356" pin=1"/></net>

<net id="366"><net_src comp="204" pin="2"/><net_sink comp="362" pin=0"/></net>

<net id="367"><net_src comp="186" pin="2"/><net_sink comp="362" pin=1"/></net>

<net id="372"><net_src comp="362" pin="2"/><net_sink comp="368" pin=0"/></net>

<net id="373"><net_src comp="210" pin="2"/><net_sink comp="368" pin=1"/></net>

<net id="378"><net_src comp="368" pin="2"/><net_sink comp="374" pin=0"/></net>

<net id="379"><net_src comp="356" pin="2"/><net_sink comp="374" pin=1"/></net>

<net id="384"><net_src comp="168" pin="2"/><net_sink comp="380" pin=0"/></net>

<net id="385"><net_src comp="162" pin="2"/><net_sink comp="380" pin=1"/></net>

<net id="390"><net_src comp="174" pin="2"/><net_sink comp="386" pin=0"/></net>

<net id="391"><net_src comp="156" pin="2"/><net_sink comp="386" pin=1"/></net>

<net id="396"><net_src comp="386" pin="2"/><net_sink comp="392" pin=0"/></net>

<net id="397"><net_src comp="180" pin="2"/><net_sink comp="392" pin=1"/></net>

<net id="402"><net_src comp="392" pin="2"/><net_sink comp="398" pin=0"/></net>

<net id="403"><net_src comp="380" pin="2"/><net_sink comp="398" pin=1"/></net>

<net id="408"><net_src comp="138" pin="2"/><net_sink comp="404" pin=0"/></net>

<net id="409"><net_src comp="132" pin="2"/><net_sink comp="404" pin=1"/></net>

<net id="414"><net_src comp="144" pin="2"/><net_sink comp="410" pin=0"/></net>

<net id="415"><net_src comp="126" pin="2"/><net_sink comp="410" pin=1"/></net>

<net id="420"><net_src comp="410" pin="2"/><net_sink comp="416" pin=0"/></net>

<net id="421"><net_src comp="150" pin="2"/><net_sink comp="416" pin=1"/></net>

<net id="426"><net_src comp="416" pin="2"/><net_sink comp="422" pin=0"/></net>

<net id="427"><net_src comp="404" pin="2"/><net_sink comp="422" pin=1"/></net>

<net id="432"><net_src comp="108" pin="2"/><net_sink comp="428" pin=0"/></net>

<net id="433"><net_src comp="102" pin="2"/><net_sink comp="428" pin=1"/></net>

<net id="438"><net_src comp="114" pin="2"/><net_sink comp="434" pin=0"/></net>

<net id="439"><net_src comp="96" pin="2"/><net_sink comp="434" pin=1"/></net>

<net id="444"><net_src comp="434" pin="2"/><net_sink comp="440" pin=0"/></net>

<net id="445"><net_src comp="120" pin="2"/><net_sink comp="440" pin=1"/></net>

<net id="450"><net_src comp="440" pin="2"/><net_sink comp="446" pin=0"/></net>

<net id="451"><net_src comp="428" pin="2"/><net_sink comp="446" pin=1"/></net>

<net id="456"><net_src comp="78" pin="2"/><net_sink comp="452" pin=0"/></net>

<net id="457"><net_src comp="72" pin="2"/><net_sink comp="452" pin=1"/></net>

<net id="462"><net_src comp="84" pin="2"/><net_sink comp="458" pin=0"/></net>

<net id="463"><net_src comp="66" pin="2"/><net_sink comp="458" pin=1"/></net>

<net id="468"><net_src comp="458" pin="2"/><net_sink comp="464" pin=0"/></net>

<net id="469"><net_src comp="90" pin="2"/><net_sink comp="464" pin=1"/></net>

<net id="474"><net_src comp="464" pin="2"/><net_sink comp="470" pin=0"/></net>

<net id="475"><net_src comp="452" pin="2"/><net_sink comp="470" pin=1"/></net>

<net id="488"><net_src comp="480" pin="2"/><net_sink comp="484" pin=0"/></net>

<net id="493"><net_src comp="484" pin="2"/><net_sink comp="489" pin=0"/></net>

<net id="494"><net_src comp="476" pin="2"/><net_sink comp="489" pin=1"/></net>

<net id="499"><net_src comp="216" pin="7"/><net_sink comp="495" pin=0"/></net>

<net id="500"><net_src comp="62" pin="0"/><net_sink comp="495" pin=1"/></net>

<net id="510"><net_src comp="64" pin="0"/><net_sink comp="501" pin=0"/></net>

<net id="511"><net_src comp="495" pin="2"/><net_sink comp="501" pin=6"/></net>

<net id="521"><net_src comp="64" pin="0"/><net_sink comp="512" pin=0"/></net>

<net id="522"><net_src comp="216" pin="7"/><net_sink comp="512" pin=6"/></net>

<net id="526"><net_src comp="254" pin="2"/><net_sink comp="523" pin=0"/></net>

<net id="527"><net_src comp="523" pin="1"/><net_sink comp="480" pin=0"/></net>

<net id="528"><net_src comp="523" pin="1"/><net_sink comp="226" pin=1"/></net>

<net id="532"><net_src comp="278" pin="2"/><net_sink comp="529" pin=0"/></net>

<net id="533"><net_src comp="529" pin="1"/><net_sink comp="484" pin=1"/></net>

<net id="534"><net_src comp="529" pin="1"/><net_sink comp="226" pin=2"/></net>

<net id="538"><net_src comp="302" pin="2"/><net_sink comp="535" pin=0"/></net>

<net id="539"><net_src comp="535" pin="1"/><net_sink comp="476" pin=0"/></net>

<net id="540"><net_src comp="535" pin="1"/><net_sink comp="226" pin=3"/></net>

<net id="544"><net_src comp="326" pin="2"/><net_sink comp="541" pin=0"/></net>

<net id="545"><net_src comp="541" pin="1"/><net_sink comp="476" pin=1"/></net>

<net id="546"><net_src comp="541" pin="1"/><net_sink comp="226" pin=4"/></net>

<net id="550"><net_src comp="350" pin="2"/><net_sink comp="547" pin=0"/></net>

<net id="551"><net_src comp="547" pin="1"/><net_sink comp="480" pin=1"/></net>

<net id="552"><net_src comp="547" pin="1"/><net_sink comp="226" pin=5"/></net>

<net id="556"><net_src comp="374" pin="2"/><net_sink comp="553" pin=0"/></net>

<net id="557"><net_src comp="553" pin="1"/><net_sink comp="216" pin=1"/></net>

<net id="558"><net_src comp="553" pin="1"/><net_sink comp="501" pin=1"/></net>

<net id="559"><net_src comp="553" pin="1"/><net_sink comp="512" pin=1"/></net>

<net id="563"><net_src comp="398" pin="2"/><net_sink comp="560" pin=0"/></net>

<net id="564"><net_src comp="560" pin="1"/><net_sink comp="216" pin=2"/></net>

<net id="565"><net_src comp="560" pin="1"/><net_sink comp="501" pin=2"/></net>

<net id="566"><net_src comp="560" pin="1"/><net_sink comp="512" pin=2"/></net>

<net id="570"><net_src comp="422" pin="2"/><net_sink comp="567" pin=0"/></net>

<net id="571"><net_src comp="567" pin="1"/><net_sink comp="216" pin=3"/></net>

<net id="572"><net_src comp="567" pin="1"/><net_sink comp="501" pin=3"/></net>

<net id="573"><net_src comp="567" pin="1"/><net_sink comp="512" pin=3"/></net>

<net id="577"><net_src comp="446" pin="2"/><net_sink comp="574" pin=0"/></net>

<net id="578"><net_src comp="574" pin="1"/><net_sink comp="216" pin=4"/></net>

<net id="579"><net_src comp="574" pin="1"/><net_sink comp="501" pin=4"/></net>

<net id="580"><net_src comp="574" pin="1"/><net_sink comp="512" pin=4"/></net>

<net id="584"><net_src comp="470" pin="2"/><net_sink comp="581" pin=0"/></net>

<net id="585"><net_src comp="581" pin="1"/><net_sink comp="216" pin=5"/></net>

<net id="586"><net_src comp="581" pin="1"/><net_sink comp="501" pin=5"/></net>

<net id="587"><net_src comp="581" pin="1"/><net_sink comp="512" pin=5"/></net>

<net id="591"><net_src comp="489" pin="2"/><net_sink comp="588" pin=0"/></net>

<net id="592"><net_src comp="588" pin="1"/><net_sink comp="216" pin=6"/></net>

<net id="593"><net_src comp="588" pin="1"/><net_sink comp="226" pin=6"/></net>

</net_list>

</model> 
---------------- Datapath Model END ------------------

* FSMD analyzer results:
  - Output states:
 - Input state : 
	Port: getClustersInTower : crystals_0_0_read | {1 }
	Port: getClustersInTower : crystals_0_1_read | {1 }
	Port: getClustersInTower : crystals_0_2_read | {1 }
	Port: getClustersInTower : crystals_0_3_read | {1 }
	Port: getClustersInTower : crystals_0_4_read | {1 }
	Port: getClustersInTower : crystals_1_0_read | {1 }
	Port: getClustersInTower : crystals_1_1_read | {1 }
	Port: getClustersInTower : crystals_1_2_read | {1 }
	Port: getClustersInTower : crystals_1_3_read | {1 }
	Port: getClustersInTower : crystals_1_4_read | {1 }
	Port: getClustersInTower : crystals_2_0_read | {1 }
	Port: getClustersInTower : crystals_2_1_read | {1 }
	Port: getClustersInTower : crystals_2_2_read | {1 }
	Port: getClustersInTower : crystals_2_3_read | {1 }
	Port: getClustersInTower : crystals_2_4_read | {1 }
	Port: getClustersInTower : crystals_3_0_read | {1 }
	Port: getClustersInTower : crystals_3_1_read | {1 }
	Port: getClustersInTower : crystals_3_2_read | {1 }
	Port: getClustersInTower : crystals_3_3_read | {1 }
	Port: getClustersInTower : crystals_3_4_read | {1 }
	Port: getClustersInTower : crystals_4_0_read | {1 }
	Port: getClustersInTower : crystals_4_1_read | {1 }
	Port: getClustersInTower : crystals_4_2_read | {1 }
	Port: getClustersInTower : crystals_4_3_read | {1 }
	Port: getClustersInTower : crystals_4_4_read | {1 }
  - Chain level:
	State 1
		tmp6 : 1
		phiStripSum_0 : 2
		tmp9 : 1
		phiStripSum_1 : 2
		tmp12 : 1
		phiStripSum_2 : 2
		tmp15 : 1
		phiStripSum_3 : 2
		tmp18 : 1
		phiStripSum_4 : 2
		tmp21 : 1
		etaStripSum_0 : 2
		tmp24 : 1
		etaStripSum_1 : 2
		tmp27 : 1
		etaStripSum_2 : 2
		tmp30 : 1
		etaStripSum_3 : 2
		tmp33 : 1
		etaStripSum_4 : 2
	State 2
		tmp36 : 1
		tmp_43_4 : 2
	State 3
	State 4
		eta_3_0_t : 1
		empty : 2
		empty_9 : 1


============================================================
+ Verbose Summary: Datapath Resource usage 
============================================================

* Functional unit list:
|----------|---------------------------------|---------|---------|
| Operation|         Functional Unit         |    FF   |   LUT   |
|----------|---------------------------------|---------|---------|
|          |            tmp_fu_236           |    0    |    16   |
|          |           tmp5_fu_242           |    0    |    16   |
|          |           tmp6_fu_248           |    0    |    16   |
|          |       phiStripSum_0_fu_254      |    0    |    16   |
|          |           tmp7_fu_260           |    0    |    16   |
|          |           tmp8_fu_266           |    0    |    16   |
|          |           tmp9_fu_272           |    0    |    16   |
|          |       phiStripSum_1_fu_278      |    0    |    16   |
|          |           tmp10_fu_284          |    0    |    16   |
|          |           tmp11_fu_290          |    0    |    16   |
|          |           tmp12_fu_296          |    0    |    16   |
|          |       phiStripSum_2_fu_302      |    0    |    16   |
|          |           tmp13_fu_308          |    0    |    16   |
|          |           tmp14_fu_314          |    0    |    16   |
|          |           tmp15_fu_320          |    0    |    16   |
|          |       phiStripSum_3_fu_326      |    0    |    16   |
|          |           tmp16_fu_332          |    0    |    16   |
|          |           tmp17_fu_338          |    0    |    16   |
|          |           tmp18_fu_344          |    0    |    16   |
|          |       phiStripSum_4_fu_350      |    0    |    16   |
|          |           tmp19_fu_356          |    0    |    16   |
|          |           tmp20_fu_362          |    0    |    16   |
|    add   |           tmp21_fu_368          |    0    |    16   |
|          |       etaStripSum_0_fu_374      |    0    |    16   |
|          |           tmp22_fu_380          |    0    |    16   |
|          |           tmp23_fu_386          |    0    |    16   |
|          |           tmp24_fu_392          |    0    |    16   |
|          |       etaStripSum_1_fu_398      |    0    |    16   |
|          |           tmp25_fu_404          |    0    |    16   |
|          |           tmp26_fu_410          |    0    |    16   |
|          |           tmp27_fu_416          |    0    |    16   |
|          |       etaStripSum_2_fu_422      |    0    |    16   |
|          |           tmp28_fu_428          |    0    |    16   |
|          |           tmp29_fu_434          |    0    |    16   |
|          |           tmp30_fu_440          |    0    |    16   |
|          |       etaStripSum_3_fu_446      |    0    |    16   |
|          |           tmp31_fu_452          |    0    |    16   |
|          |           tmp32_fu_458          |    0    |    16   |
|          |           tmp33_fu_464          |    0    |    16   |
|          |       etaStripSum_4_fu_470      |    0    |    16   |
|          |           tmp34_fu_476          |    0    |    16   |
|          |           tmp35_fu_480          |    0    |    16   |
|          |           tmp36_fu_484          |    0    |    16   |
|          |         tmp_43_4_fu_489         |    0    |    16   |
|          |         eta_3_0_t_fu_495        |    0    |    12   |
|----------|---------------------------------|---------|---------|
|   call   |     grp_getPeakBinOf5_fu_216    |    32   |   251   |
|          |     grp_getPeakBinOf5_fu_226    |    32   |   251   |
|----------|---------------------------------|---------|---------|
|    mux   |           empty_fu_501          |    0    |    25   |
|          |          empty_9_fu_512         |    0    |    25   |
|----------|---------------------------------|---------|---------|
|          |  crystals_4_4_read_1_read_fu_66 |    0    |    0    |
|          |  crystals_4_3_read_1_read_fu_72 |    0    |    0    |
|          |  crystals_4_2_read_1_read_fu_78 |    0    |    0    |
|          |  crystals_4_1_read_1_read_fu_84 |    0    |    0    |
|          |  crystals_4_0_read_1_read_fu_90 |    0    |    0    |
|          |  crystals_3_4_read_1_read_fu_96 |    0    |    0    |
|          | crystals_3_3_read_1_read_fu_102 |    0    |    0    |
|          | crystals_3_2_read_1_read_fu_108 |    0    |    0    |
|          | crystals_3_1_read_1_read_fu_114 |    0    |    0    |
|          | crystals_3_0_read_1_read_fu_120 |    0    |    0    |
|          | crystals_2_4_read_1_read_fu_126 |    0    |    0    |
|          | crystals_2_3_read_1_read_fu_132 |    0    |    0    |
|   read   | crystals_2_2_read_1_read_fu_138 |    0    |    0    |
|          | crystals_2_1_read_1_read_fu_144 |    0    |    0    |
|          | crystals_2_0_read_1_read_fu_150 |    0    |    0    |
|          | crystals_1_4_read_1_read_fu_156 |    0    |    0    |
|          | crystals_1_3_read_1_read_fu_162 |    0    |    0    |
|          | crystals_1_2_read_1_read_fu_168 |    0    |    0    |
|          | crystals_1_1_read_1_read_fu_174 |    0    |    0    |
|          | crystals_1_0_read_1_read_fu_180 |    0    |    0    |
|          | crystals_0_4_read_1_read_fu_186 |    0    |    0    |
|          | crystals_0_3_read_1_read_fu_192 |    0    |    0    |
|          | crystals_0_2_read_1_read_fu_198 |    0    |    0    |
|          | crystals_0_1_read_1_read_fu_204 |    0    |    0    |
|          | crystals_0_0_read_1_read_fu_210 |    0    |    0    |
|----------|---------------------------------|---------|---------|
|   Total  |                                 |    64   |   1268  |
|----------|---------------------------------|---------|---------|

Memories:
N/A

* Register list:
+---------------------+--------+
|                     |   FF   |
+---------------------+--------+
|etaStripSum_0_reg_553|   16   |
|etaStripSum_1_reg_560|   16   |
|etaStripSum_2_reg_567|   16   |
|etaStripSum_3_reg_574|   16   |
|etaStripSum_4_reg_581|   16   |
|phiStripSum_0_reg_523|   16   |
|phiStripSum_1_reg_529|   16   |
|phiStripSum_2_reg_535|   16   |
|phiStripSum_3_reg_541|   16   |
|phiStripSum_4_reg_547|   16   |
|   tmp_43_4_reg_588  |   16   |
+---------------------+--------+
|        Total        |   176  |
+---------------------+--------+

* Multiplexer (MUX) list: 
|--------|------|------|------|--------|
|  Comp  |  Pin | Size |  BW  | S x BW |
|--------|------|------|------|--------|
|  Total |      |      |      |    0   |
|--------|------|------|------|--------|



* Summary:
+-----------+--------+--------+
|           |   FF   |   LUT  |
+-----------+--------+--------+
|  Function |   64   |  1268  |
|   Memory  |    -   |    -   |
|Multiplexer|    -   |    -   |
|  Register |   176  |    -   |
+-----------+--------+--------+
|   Total   |   240  |  1268  |
+-----------+--------+--------+
