

================================================================
== Vivado HLS Report for 'getPeakBinOf5'
================================================================
* Date:           Sun Jan 20 19:47:09 2019

* Version:        2018.2 (Build 2258646 on Thu Jun 14 20:25:20 MDT 2018)
* Project:        proj
* Solution:       solution1
* Product family: virtex7
* Target device:  xc7vx690tffg1927-2


================================================================
== Performance Estimates
================================================================
+ Timing (ns): 
    * Summary: 
    +--------+-------+----------+------------+
    |  Clock | Target| Estimated| Uncertainty|
    +--------+-------+----------+------------+
    |ap_clk  |   8.33|     6.123|        1.04|
    +--------+-------+----------+------------+

+ Latency (clock cycles): 
    * Summary: 
    +-----+-----+-----+-----+----------+
    |  Latency  |  Interval | Pipeline |
    | min | max | min | max |   Type   |
    +-----+-----+-----+-----+----------+
    |    1|    1|    1|    1| function |
    +-----+-----+-----+-----+----------+

    + Detail: 
        * Instance: 
        N/A

        * Loop: 
        N/A



================================================================
== Utilization Estimates
================================================================
* Summary: 
+-----------------+---------+-------+--------+--------+
|       Name      | BRAM_18K| DSP48E|   FF   |   LUT  |
+-----------------+---------+-------+--------+--------+
|DSP              |        -|      -|       -|       -|
|Expression       |        -|      -|       0|     253|
|FIFO             |        -|      -|       -|       -|
|Instance         |        -|      -|       -|       -|
|Memory           |        -|      -|       -|       -|
|Multiplexer      |        -|      -|       -|       -|
|Register         |        -|      -|      32|       -|
+-----------------+---------+-------+--------+--------+
|Total            |        0|      0|      32|     253|
+-----------------+---------+-------+--------+--------+
|Available        |     2940|   3600|  866400|  433200|
+-----------------+---------+-------+--------+--------+
|Utilization (%)  |        0|      0|   ~0   |   ~0   |
+-----------------+---------+-------+--------+--------+

+ Detail: 
    * Instance: 
    N/A

    * DSP48: 
    N/A

    * Memory: 
    N/A

    * FIFO: 
    N/A

    * Expression: 
    +--------------------+----------+-------+---+----+------------+------------+
    |    Variable Name   | Operation| DSP48E| FF| LUT| Bitwidth P0| Bitwidth P1|
    +--------------------+----------+-------+---+----+------------+------------+
    |iEtSum_fu_220_p2    |     +    |      0|  0|  16|          16|          16|
    |tmp2_fu_190_p2      |     +    |      0|  0|  16|          16|          16|
    |tmp3_fu_214_p2      |     +    |      0|  0|  16|          16|          16|
    |tmp5_fu_156_p2      |     +    |      0|  0|  21|          14|          14|
    |tmp8_fu_184_p2      |     +    |      0|  0|  23|          16|          16|
    |tmp9_fu_196_p2      |     +    |      0|  0|  16|          16|          16|
    |tmp_12_fu_256_p2    |     +    |      0|  0|  25|          18|          18|
    |tmp_8_fu_202_p2     |     +    |      0|  0|  16|          16|          16|
    |tmp_6_fu_208_p2     |     -    |      0|  0|  16|          16|          16|
    |sel_tmp1_fu_295_p2  |    and   |      0|  0|   2|           1|           1|
    |sel_tmp6_fu_323_p2  |    and   |      0|  0|   2|           1|           1|
    |tmp4_fu_289_p2      |    and   |      0|  0|   2|           1|           1|
    |tmp_11_fu_250_p2    |   icmp   |      0|  0|  18|          17|          17|
    |tmp_13_fu_262_p2    |   icmp   |      0|  0|  18|          18|          18|
    |tmp_15_fu_275_p2    |   icmp   |      0|  0|  18|          18|          18|
    |tmp_7_fu_226_p2     |   icmp   |      0|  0|  13|          16|          16|
    |ap_return           |  select  |      0|  0|   3|           1|           1|
    |iAve_fu_281_p3      |  select  |      0|  0|   4|           1|           4|
    |sel_tmp2_fu_301_p3  |  select  |      0|  0|   3|           1|           3|
    |sel_tmp4_fu_309_p3  |  select  |      0|  0|   3|           1|           3|
    |sel_tmp5_fu_317_p2  |    xor   |      0|  0|   2|           1|           2|
    +--------------------+----------+-------+---+----+------------+------------+
    |Total               |          |      0|  0| 253|         221|         229|
    +--------------------+----------+-------+---+----+------------+------------+

    * Multiplexer: 
    N/A

    * Register: 
    +--------------------+----+----+-----+-----------+
    |        Name        | FF | LUT| Bits| Const Bits|
    +--------------------+----+----+-----+-----------+
    |etSum_read_reg_337  |  16|   0|   16|          0|
    |iEtSum_reg_345      |  16|   0|   16|          0|
    +--------------------+----+----+-----+-----------+
    |Total               |  32|   0|   32|          0|
    +--------------------+----+----+-----+-----------+



================================================================
== Interface
================================================================
* Summary: 
+-----------+-----+-----+------------+---------------+--------------+
| RTL Ports | Dir | Bits|  Protocol  | Source Object |    C Type    |
+-----------+-----+-----+------------+---------------+--------------+
|ap_clk     |  in |    1| ap_ctrl_hs | getPeakBinOf5 | return value |
|ap_rst     |  in |    1| ap_ctrl_hs | getPeakBinOf5 | return value |
|ap_return  | out |    3| ap_ctrl_hs | getPeakBinOf5 | return value |
|ap_ce      |  in |    1| ap_ctrl_hs | getPeakBinOf5 | return value |
|et_0_read  |  in |   16|   ap_none  |   et_0_read   |    scalar    |
|et_1_read  |  in |   16|   ap_none  |   et_1_read   |    scalar    |
|et_2_read  |  in |   16|   ap_none  |   et_2_read   |    scalar    |
|et_3_read  |  in |   16|   ap_none  |   et_3_read   |    scalar    |
|et_4_read  |  in |   16|   ap_none  |   et_4_read   |    scalar    |
|etSum      |  in |   16|   ap_none  |     etSum     |    scalar    |
+-----------+-----+-----+------------+---------------+--------------+

============================================================
+ Verbose Summary: Synthesis Manager
============================================================
InlineROM: 1
ExposeGlobal: 0
============================================================
+ Verbose Summary: CDFG Model
============================================================
IsTopModel: 0
ResetActiveHigh: 1
IsCombinational: 2
IsDatapathOnly: 1
HasWiredReturn: 1
HasMFsm: 2
HasVarLatency: 0
IsPipeline: 1
IsRtlPipelined: 1
IsInstanceOverlapped: 0
IsDontTouch: 0
HasImplIP: 0
IsGatedGlobalClock: 0

+ Individual pipeline summary: 
  * Pipeline-0: initiation interval (II) = 1, depth = 2


============================================================
+ Verbose Summary: Schedule
============================================================
* Number of FSM states : 2
* Pipeline : 1
  Pipeline-0 : II = 1, D = 2, States = { 1 2 }
* Dataflow Pipeline: 0

* FSM state transitions: 
1 --> 
	2  / true
2 --> 

* FSM state operations: 

State 1 <SV = 0> <Delay = 6.12>
ST_1 : Operation 3 [1/1] (0.00ns)   --->   "%etSum_read = call i16 @_ssdm_op_Read.ap_auto.i16(i16 %etSum)"   --->   Operation 3 'read' 'etSum_read' <Predicate = true> <Delay = 0.00>
ST_1 : Operation 4 [1/1] (0.00ns)   --->   "%et_4_read_1 = call i16 @_ssdm_op_Read.ap_auto.i16(i16 %et_4_read)"   --->   Operation 4 'read' 'et_4_read_1' <Predicate = true> <Delay = 0.00>
ST_1 : Operation 5 [1/1] (0.00ns)   --->   "%et_3_read_1 = call i16 @_ssdm_op_Read.ap_auto.i16(i16 %et_3_read)"   --->   Operation 5 'read' 'et_3_read_1' <Predicate = true> <Delay = 0.00>
ST_1 : Operation 6 [1/1] (0.00ns)   --->   "%et_2_read_1 = call i16 @_ssdm_op_Read.ap_auto.i16(i16 %et_2_read)"   --->   Operation 6 'read' 'et_2_read_1' <Predicate = true> <Delay = 0.00>
ST_1 : Operation 7 [1/1] (0.00ns)   --->   "%et_1_read_1 = call i16 @_ssdm_op_Read.ap_auto.i16(i16 %et_1_read)"   --->   Operation 7 'read' 'et_1_read_1' <Predicate = true> <Delay = 0.00>
ST_1 : Operation 8 [1/1] (0.00ns)   --->   "%et_0_read_1 = call i16 @_ssdm_op_Read.ap_auto.i16(i16 %et_0_read)"   --->   Operation 8 'read' 'et_0_read_1' <Predicate = true> <Delay = 0.00>
ST_1 : Operation 9 [1/1] (0.00ns)   --->   "%tmp_9 = call i15 @_ssdm_op_PartSelect.i15.i16.i32.i32(i16 %et_0_read_1, i32 1, i32 15)" [src/ClusterFinder.cc:1312]   --->   Operation 9 'partselect' 'tmp_9' <Predicate = true> <Delay = 0.00>
ST_1 : Operation 10 [1/1] (0.00ns)   --->   "%tmp_2 = zext i15 %tmp_9 to i16" [src/ClusterFinder.cc:1312]   --->   Operation 10 'zext' 'tmp_2' <Predicate = true> <Delay = 0.00>
ST_1 : Operation 11 [1/1] (0.00ns)   --->   "%tmp_s = call i15 @_ssdm_op_PartSelect.i15.i16.i32.i32(i16 %et_1_read_1, i32 1, i32 15)" [src/ClusterFinder.cc:1312]   --->   Operation 11 'partselect' 'tmp_s' <Predicate = true> <Delay = 0.00>
ST_1 : Operation 12 [1/1] (0.00ns)   --->   "%tmp_5 = zext i15 %tmp_s to i16" [src/ClusterFinder.cc:1312]   --->   Operation 12 'zext' 'tmp_5' <Predicate = true> <Delay = 0.00>
ST_1 : Operation 13 [1/1] (0.00ns)   --->   "%tmp_1 = call i15 @_ssdm_op_PartSelect.i15.i16.i32.i32(i16 %et_2_read_1, i32 1, i32 15)" [src/ClusterFinder.cc:1312]   --->   Operation 13 'partselect' 'tmp_1' <Predicate = true> <Delay = 0.00>
ST_1 : Operation 14 [1/1] (0.00ns)   --->   "%tmp_16 = zext i15 %tmp_1 to i16" [src/ClusterFinder.cc:1312]   --->   Operation 14 'zext' 'tmp_16' <Predicate = true> <Delay = 0.00>
ST_1 : Operation 15 [1/1] (0.00ns)   --->   "%tmp = shl i16 %et_2_read_1, 1" [src/ClusterFinder.cc:1312]   --->   Operation 15 'shl' 'tmp' <Predicate = true> <Delay = 0.00>
ST_1 : Operation 16 [1/1] (0.00ns)   --->   "%tmp_3 = call i15 @_ssdm_op_PartSelect.i15.i16.i32.i32(i16 %et_3_read_1, i32 1, i32 15)" [src/ClusterFinder.cc:1312]   --->   Operation 16 'partselect' 'tmp_3' <Predicate = true> <Delay = 0.00>
ST_1 : Operation 17 [1/1] (0.00ns)   --->   "%tmp_17 = zext i15 %tmp_3 to i16" [src/ClusterFinder.cc:1312]   --->   Operation 17 'zext' 'tmp_17' <Predicate = true> <Delay = 0.00>
ST_1 : Operation 18 [1/1] (0.00ns)   --->   "%tmp_18 = trunc i16 %et_4_read_1 to i14"   --->   Operation 18 'trunc' 'tmp_18' <Predicate = true> <Delay = 0.00>
ST_1 : Operation 19 [1/1] (0.00ns)   --->   "%tmp_19 = trunc i16 %et_3_read_1 to i14"   --->   Operation 19 'trunc' 'tmp_19' <Predicate = true> <Delay = 0.00>
ST_1 : Operation 20 [1/1] (1.32ns)   --->   "%tmp5 = add i14 %tmp_18, %tmp_19"   --->   Operation 20 'add' 'tmp5' <Predicate = true> <Delay = 1.32> <Core = "AddSub">   --->   Core 14 'AddSub' <Latency = 0> <II = 1> <Delay = 1.33> <FuncUnit> <Opcode : 'add' 'sub'> <InPorts = 2> <OutPorts = 1>
ST_1 : Operation 21 [1/1] (0.00ns)   --->   "%tmp1 = call i16 @_ssdm_op_BitConcatenate.i16.i14.i2(i14 %tmp5, i2 0)"   --->   Operation 21 'bitconcatenate' 'tmp1' <Predicate = true> <Delay = 0.00>
ST_1 : Operation 22 [1/1] (0.00ns)   --->   "%tmp_4 = call i15 @_ssdm_op_PartSelect.i15.i16.i32.i32(i16 %et_4_read_1, i32 1, i32 15)" [src/ClusterFinder.cc:1312]   --->   Operation 22 'partselect' 'tmp_4' <Predicate = true> <Delay = 0.00>
ST_1 : Operation 23 [1/1] (0.00ns)   --->   "%tmp_20 = zext i15 %tmp_4 to i16" [src/ClusterFinder.cc:1312]   --->   Operation 23 'zext' 'tmp_20' <Predicate = true> <Delay = 0.00>
ST_1 : Operation 24 [1/1] (1.30ns)   --->   "%tmp8 = add i16 %tmp_2, %et_1_read_1" [src/ClusterFinder.cc:1312]   --->   Operation 24 'add' 'tmp8' <Predicate = true> <Delay = 1.30> <Core = "AddSub">   --->   Core 14 'AddSub' <Latency = 0> <II = 1> <Delay = 1.33> <FuncUnit> <Opcode : 'add' 'sub'> <InPorts = 2> <OutPorts = 1>
ST_1 : Operation 25 [1/1] (0.00ns) (grouped into TernaryAdder)   --->   "%tmp2 = add i16 %tmp, %tmp_16" [src/ClusterFinder.cc:1312]   --->   Operation 25 'add' 'tmp2' <Predicate = true> <Delay = 0.00> <Core = "TAddSub">   --->   Core 80 'TAddSub' <Latency = 0> <II = 1> <Delay = 1.02> <IPBlock> <Opcode : 'add' 'sub'> <InPorts = 3> <OutPorts = 1> <Sync> <CReg>
ST_1 : Operation 26 [1/1] (2.04ns) (root node of TernaryAdder)   --->   "%tmp9 = add i16 %tmp_5, %tmp2" [src/ClusterFinder.cc:1312]   --->   Operation 26 'add' 'tmp9' <Predicate = true> <Delay = 2.04> <Core = "TAddSub">   --->   Core 80 'TAddSub' <Latency = 0> <II = 1> <Delay = 1.02> <IPBlock> <Opcode : 'add' 'sub'> <InPorts = 3> <OutPorts = 1> <Sync> <CReg>
ST_1 : Operation 27 [1/1] (0.00ns) (grouped into TernaryAdder)   --->   "%tmp_8 = add i16 %tmp8, %tmp9" [src/ClusterFinder.cc:1312]   --->   Operation 27 'add' 'tmp_8' <Predicate = true> <Delay = 0.00> <Core = "TAddSub">   --->   Core 80 'TAddSub' <Latency = 0> <II = 1> <Delay = 1.02> <IPBlock> <Opcode : 'add' 'sub'> <InPorts = 3> <OutPorts = 1> <Sync> <CReg>
ST_1 : Operation 28 [1/1] (2.04ns) (root node of TernaryAdder)   --->   "%tmp_6 = sub i16 %tmp_8, %tmp_17" [src/ClusterFinder.cc:1312]   --->   Operation 28 'sub' 'tmp_6' <Predicate = true> <Delay = 2.04> <Core = "TAddSub">   --->   Core 80 'TAddSub' <Latency = 0> <II = 1> <Delay = 1.02> <IPBlock> <Opcode : 'add' 'sub'> <InPorts = 3> <OutPorts = 1> <Sync> <CReg>
ST_1 : Operation 29 [1/1] (0.00ns) (grouped into TernaryAdder)   --->   "%tmp3 = add i16 %tmp1, %tmp_20" [src/ClusterFinder.cc:1312]   --->   Operation 29 'add' 'tmp3' <Predicate = true> <Delay = 0.00> <Core = "TAddSub">   --->   Core 80 'TAddSub' <Latency = 0> <II = 1> <Delay = 1.02> <IPBlock> <Opcode : 'add' 'sub'> <InPorts = 3> <OutPorts = 1> <Sync> <CReg>
ST_1 : Operation 30 [1/1] (2.04ns) (root node of TernaryAdder)   --->   "%iEtSum = add i16 %tmp_6, %tmp3" [src/ClusterFinder.cc:1312]   --->   Operation 30 'add' 'iEtSum' <Predicate = true> <Delay = 2.04> <Core = "TAddSub">   --->   Core 80 'TAddSub' <Latency = 0> <II = 1> <Delay = 1.02> <IPBlock> <Opcode : 'add' 'sub'> <InPorts = 3> <OutPorts = 1> <Sync> <CReg>

State 2 <SV = 1> <Delay = 3.53>
ST_2 : Operation 31 [1/1] (0.00ns)   --->   "call void (...)* @_ssdm_op_SpecPipeline(i32 1, i32 1, i32 1, i32 0, [1 x i8]* @p_str1) nounwind" [src/ClusterFinder.cc:1305]   --->   Operation 31 'specpipeline' <Predicate = true> <Delay = 0.00>
ST_2 : Operation 32 [1/1] (1.18ns)   --->   "%tmp_7 = icmp ugt i16 %iEtSum, %etSum_read" [src/ClusterFinder.cc:1314]   --->   Operation 32 'icmp' 'tmp_7' <Predicate = true> <Delay = 1.18> <Core = "Cmp">   --->   Core 25 'Cmp' <Latency = 0> <II = 1> <Delay = 1.18> <FuncUnit> <Opcode : 'icmp'> <InPorts = 2> <OutPorts = 1>
ST_2 : Operation 33 [1/1] (0.00ns)   --->   "%tmp_13_cast1 = zext i16 %iEtSum to i18" [src/ClusterFinder.cc:1315]   --->   Operation 33 'zext' 'tmp_13_cast1' <Predicate = true> <Delay = 0.00>
ST_2 : Operation 34 [1/1] (0.00ns)   --->   "%tmp_13_cast = zext i16 %iEtSum to i17" [src/ClusterFinder.cc:1315]   --->   Operation 34 'zext' 'tmp_13_cast' <Predicate = true> <Delay = 0.00>
ST_2 : Operation 35 [1/1] (0.00ns)   --->   "%tmp_14_cast1 = zext i16 %etSum_read to i18" [src/ClusterFinder.cc:1315]   --->   Operation 35 'zext' 'tmp_14_cast1' <Predicate = true> <Delay = 0.00>
ST_2 : Operation 36 [1/1] (0.00ns)   --->   "%tmp_10 = call i17 @_ssdm_op_BitConcatenate.i17.i16.i1(i16 %etSum_read, i1 false)" [src/ClusterFinder.cc:1315]   --->   Operation 36 'bitconcatenate' 'tmp_10' <Predicate = true> <Delay = 0.00>
ST_2 : Operation 37 [1/1] (0.00ns)   --->   "%tmp_15_cast = zext i17 %tmp_10 to i18" [src/ClusterFinder.cc:1315]   --->   Operation 37 'zext' 'tmp_15_cast' <Predicate = true> <Delay = 0.00>
ST_2 : Operation 38 [1/1] (1.18ns)   --->   "%tmp_11 = icmp ugt i17 %tmp_13_cast, %tmp_10" [src/ClusterFinder.cc:1315]   --->   Operation 38 'icmp' 'tmp_11' <Predicate = true> <Delay = 1.18> <Core = "Cmp">   --->   Core 25 'Cmp' <Latency = 0> <II = 1> <Delay = 1.18> <FuncUnit> <Opcode : 'icmp'> <InPorts = 2> <OutPorts = 1>
ST_2 : Operation 39 [1/1] (1.32ns)   --->   "%tmp_12 = add i18 %tmp_14_cast1, %tmp_15_cast" [src/ClusterFinder.cc:1316]   --->   Operation 39 'add' 'tmp_12' <Predicate = true> <Delay = 1.32> <Core = "AddSub">   --->   Core 14 'AddSub' <Latency = 0> <II = 1> <Delay = 1.33> <FuncUnit> <Opcode : 'add' 'sub'> <InPorts = 2> <OutPorts = 1>
ST_2 : Operation 40 [1/1] (1.19ns)   --->   "%tmp_13 = icmp ugt i18 %tmp_13_cast1, %tmp_12" [src/ClusterFinder.cc:1316]   --->   Operation 40 'icmp' 'tmp_13' <Predicate = true> <Delay = 1.19> <Core = "Cmp">   --->   Core 25 'Cmp' <Latency = 0> <II = 1> <Delay = 1.18> <FuncUnit> <Opcode : 'icmp'> <InPorts = 2> <OutPorts = 1>
ST_2 : Operation 41 [1/1] (0.00ns)   --->   "%tmp_14 = call i18 @_ssdm_op_BitConcatenate.i18.i16.i2(i16 %etSum_read, i2 0)" [src/ClusterFinder.cc:1317]   --->   Operation 41 'bitconcatenate' 'tmp_14' <Predicate = true> <Delay = 0.00>
ST_2 : Operation 42 [1/1] (1.19ns)   --->   "%tmp_15 = icmp ugt i18 %tmp_13_cast1, %tmp_14" [src/ClusterFinder.cc:1317]   --->   Operation 42 'icmp' 'tmp_15' <Predicate = true> <Delay = 1.19> <Core = "Cmp">   --->   Core 25 'Cmp' <Latency = 0> <II = 1> <Delay = 1.18> <FuncUnit> <Opcode : 'icmp'> <InPorts = 2> <OutPorts = 1>
ST_2 : Operation 43 [1/1] (0.00ns) (grouped into LUT with out node sel_tmp4)   --->   "%iAve = select i1 %tmp_15, i3 -4, i3 3" [src/ClusterFinder.cc:1317]   --->   Operation 43 'select' 'iAve' <Predicate = true> <Delay = 0.00> <Core = "Sel">   --->   Core 26 'Sel' <Latency = 0> <II = 1> <Delay = 0.51> <FuncUnit> <Opcode : 'select'> <InPorts = 3> <OutPorts = 1>
ST_2 : Operation 44 [1/1] (0.00ns) (grouped into LUT with out node sel_tmp4)   --->   "%tmp4 = and i1 %tmp_11, %tmp_13" [src/ClusterFinder.cc:1315]   --->   Operation 44 'and' 'tmp4' <Predicate = true> <Delay = 0.00> <Core = "LogicGate">   --->   Core 27 'LogicGate' <Latency = 0> <II = 1> <Delay = 0.48> <FuncUnit> <Opcode : 'and' 'or' 'xor'> <InPorts = 2> <OutPorts = 1>
ST_2 : Operation 45 [1/1] (0.00ns) (grouped into LUT with out node sel_tmp4)   --->   "%sel_tmp1 = and i1 %tmp4, %tmp_7" [src/ClusterFinder.cc:1315]   --->   Operation 45 'and' 'sel_tmp1' <Predicate = true> <Delay = 0.00> <Core = "LogicGate">   --->   Core 27 'LogicGate' <Latency = 0> <II = 1> <Delay = 0.48> <FuncUnit> <Opcode : 'and' 'or' 'xor'> <InPorts = 2> <OutPorts = 1>
ST_2 : Operation 46 [1/1] (0.00ns) (grouped into LUT with out node sel_tmp4)   --->   "%sel_tmp2 = select i1 %sel_tmp1, i3 %iAve, i3 2" [src/ClusterFinder.cc:1315]   --->   Operation 46 'select' 'sel_tmp2' <Predicate = true> <Delay = 0.00> <Core = "Sel">   --->   Core 26 'Sel' <Latency = 0> <II = 1> <Delay = 0.51> <FuncUnit> <Opcode : 'select'> <InPorts = 3> <OutPorts = 1>
ST_2 : Operation 47 [1/1] (0.51ns) (out node of the LUT)   --->   "%sel_tmp4 = select i1 %tmp_7, i3 %sel_tmp2, i3 0" [src/ClusterFinder.cc:1314]   --->   Operation 47 'select' 'sel_tmp4' <Predicate = true> <Delay = 0.51> <Core = "Sel">   --->   Core 26 'Sel' <Latency = 0> <II = 1> <Delay = 0.51> <FuncUnit> <Opcode : 'select'> <InPorts = 3> <OutPorts = 1>
ST_2 : Operation 48 [1/1] (0.00ns) (grouped into LUT with out node iAve_3)   --->   "%sel_tmp5 = xor i1 %tmp_11, true" [src/ClusterFinder.cc:1315]   --->   Operation 48 'xor' 'sel_tmp5' <Predicate = true> <Delay = 0.00> <Core = "LogicGate">   --->   Core 27 'LogicGate' <Latency = 0> <II = 1> <Delay = 0.48> <FuncUnit> <Opcode : 'and' 'or' 'xor'> <InPorts = 2> <OutPorts = 1>
ST_2 : Operation 49 [1/1] (0.00ns) (grouped into LUT with out node iAve_3)   --->   "%sel_tmp6 = and i1 %tmp_7, %sel_tmp5" [src/ClusterFinder.cc:1314]   --->   Operation 49 'and' 'sel_tmp6' <Predicate = true> <Delay = 0.00> <Core = "LogicGate">   --->   Core 27 'LogicGate' <Latency = 0> <II = 1> <Delay = 0.48> <FuncUnit> <Opcode : 'and' 'or' 'xor'> <InPorts = 2> <OutPorts = 1>
ST_2 : Operation 50 [1/1] (0.51ns) (out node of the LUT)   --->   "%iAve_3 = select i1 %sel_tmp6, i3 1, i3 %sel_tmp4" [src/ClusterFinder.cc:1314]   --->   Operation 50 'select' 'iAve_3' <Predicate = true> <Delay = 0.51> <Core = "Sel">   --->   Core 26 'Sel' <Latency = 0> <II = 1> <Delay = 0.51> <FuncUnit> <Opcode : 'select'> <InPorts = 3> <OutPorts = 1>
ST_2 : Operation 51 [1/1] (0.00ns)   --->   "ret i3 %iAve_3" [src/ClusterFinder.cc:1319]   --->   Operation 51 'ret' <Predicate = true> <Delay = 0.00>


============================================================
+ Verbose Summary: Binding
============================================================
STG Binding: 
---------------- STG Properties BEGIN ----------------
- Is combinational: 0
- Is one-state seq: 0
- Is datapath-only: 1
- Is pipelined: 1
- Is top level: 0
Port [ Return ] is wired: 1; IO mode=ap_ctrl_hs:ce=0
Port [ et_0_read]:  wired=1; compound=0; hidden=0; nouse=0; global=0; static=0; extern=0; dir=0; type=0; pingpong=0; private_global=0; IO mode=ap_none:ce=0
Port [ et_1_read]:  wired=1; compound=0; hidden=0; nouse=0; global=0; static=0; extern=0; dir=0; type=0; pingpong=0; private_global=0; IO mode=ap_none:ce=0
Port [ et_2_read]:  wired=1; compound=0; hidden=0; nouse=0; global=0; static=0; extern=0; dir=0; type=0; pingpong=0; private_global=0; IO mode=ap_none:ce=0
Port [ et_3_read]:  wired=1; compound=0; hidden=0; nouse=0; global=0; static=0; extern=0; dir=0; type=0; pingpong=0; private_global=0; IO mode=ap_none:ce=0
Port [ et_4_read]:  wired=1; compound=0; hidden=0; nouse=0; global=0; static=0; extern=0; dir=0; type=0; pingpong=0; private_global=0; IO mode=ap_none:ce=0
Port [ etSum]:  wired=1; compound=0; hidden=0; nouse=0; global=0; static=0; extern=0; dir=0; type=0; pingpong=0; private_global=0; IO mode=ap_none:ce=0
---------------- STG Properties END ------------------

---------------- Datapath Model BEGIN ----------------

<LifeTime>
<method=bitvector/>
etSum_read   (read          ) [ 011]
et_4_read_1  (read          ) [ 000]
et_3_read_1  (read          ) [ 000]
et_2_read_1  (read          ) [ 000]
et_1_read_1  (read          ) [ 000]
et_0_read_1  (read          ) [ 000]
tmp_9        (partselect    ) [ 000]
tmp_2        (zext          ) [ 000]
tmp_s        (partselect    ) [ 000]
tmp_5        (zext          ) [ 000]
tmp_1        (partselect    ) [ 000]
tmp_16       (zext          ) [ 000]
tmp          (shl           ) [ 000]
tmp_3        (partselect    ) [ 000]
tmp_17       (zext          ) [ 000]
tmp_18       (trunc         ) [ 000]
tmp_19       (trunc         ) [ 000]
tmp5         (add           ) [ 000]
tmp1         (bitconcatenate) [ 000]
tmp_4        (partselect    ) [ 000]
tmp_20       (zext          ) [ 000]
tmp8         (add           ) [ 000]
tmp2         (add           ) [ 000]
tmp9         (add           ) [ 000]
tmp_8        (add           ) [ 000]
tmp_6        (sub           ) [ 000]
tmp3         (add           ) [ 000]
iEtSum       (add           ) [ 011]
StgValue_31  (specpipeline  ) [ 000]
tmp_7        (icmp          ) [ 000]
tmp_13_cast1 (zext          ) [ 000]
tmp_13_cast  (zext          ) [ 000]
tmp_14_cast1 (zext          ) [ 000]
tmp_10       (bitconcatenate) [ 000]
tmp_15_cast  (zext          ) [ 000]
tmp_11       (icmp          ) [ 000]
tmp_12       (add           ) [ 000]
tmp_13       (icmp          ) [ 000]
tmp_14       (bitconcatenate) [ 000]
tmp_15       (icmp          ) [ 000]
iAve         (select        ) [ 000]
tmp4         (and           ) [ 000]
sel_tmp1     (and           ) [ 000]
sel_tmp2     (select        ) [ 000]
sel_tmp4     (select        ) [ 000]
sel_tmp5     (xor           ) [ 000]
sel_tmp6     (and           ) [ 000]
iAve_3       (select        ) [ 000]
StgValue_51  (ret           ) [ 000]
</LifeTime>

<model>

<comp_list>
<comp id="0" class="1000" name="et_0_read">
<pin_list>
<pin id="1" dir="1" index="0" bw="1" slack="0"/>
</pin_list>
<bind>
<StgValue><ssdm name="et_0_read"/></StgValue>
</bind>
</comp>

<comp id="2" class="1000" name="et_1_read">
<pin_list>
<pin id="3" dir="1" index="0" bw="1" slack="0"/>
</pin_list>
<bind>
<StgValue><ssdm name="et_1_read"/></StgValue>
</bind>
</comp>

<comp id="4" class="1000" name="et_2_read">
<pin_list>
<pin id="5" dir="1" index="0" bw="1" slack="0"/>
</pin_list>
<bind>
<StgValue><ssdm name="et_2_read"/></StgValue>
</bind>
</comp>

<comp id="6" class="1000" name="et_3_read">
<pin_list>
<pin id="7" dir="1" index="0" bw="1" slack="0"/>
</pin_list>
<bind>
<StgValue><ssdm name="et_3_read"/></StgValue>
</bind>
</comp>

<comp id="8" class="1000" name="et_4_read">
<pin_list>
<pin id="9" dir="1" index="0" bw="1" slack="0"/>
</pin_list>
<bind>
<StgValue><ssdm name="et_4_read"/></StgValue>
</bind>
</comp>

<comp id="10" class="1000" name="etSum">
<pin_list>
<pin id="11" dir="1" index="0" bw="1" slack="0"/>
</pin_list>
<bind>
<StgValue><ssdm name="etSum"/></StgValue>
</bind>
</comp>

<comp id="12" class="1001" name="const_12">
<pin_list>
<pin id="13" dir="1" index="0" bw="1" slack="0"/>
</pin_list>
<bind>
<StgValue><ssdm name="_ssdm_op_Read.ap_auto.i16"/></StgValue>
</bind>
</comp>

<comp id="14" class="1001" name="const_14">
<pin_list>
<pin id="15" dir="1" index="0" bw="1" slack="0"/>
</pin_list>
<bind>
<StgValue><ssdm name="_ssdm_op_PartSelect.i15.i16.i32.i32"/></StgValue>
</bind>
</comp>

<comp id="16" class="1001" name="const_16">
<pin_list>
<pin id="17" dir="1" index="0" bw="1" slack="0"/>
</pin_list>
<bind>
<StgValue><ssdm name=""/></StgValue>
</bind>
</comp>

<comp id="18" class="1001" name="const_18">
<pin_list>
<pin id="19" dir="1" index="0" bw="1" slack="0"/>
</pin_list>
<bind>
<StgValue><ssdm name=""/></StgValue>
</bind>
</comp>

<comp id="20" class="1001" name="const_20">
<pin_list>
<pin id="21" dir="1" index="0" bw="1" slack="0"/>
</pin_list>
<bind>
<StgValue><ssdm name=""/></StgValue>
</bind>
</comp>

<comp id="22" class="1001" name="const_22">
<pin_list>
<pin id="23" dir="1" index="0" bw="1" slack="0"/>
</pin_list>
<bind>
<StgValue><ssdm name="_ssdm_op_BitConcatenate.i16.i14.i2"/></StgValue>
</bind>
</comp>

<comp id="24" class="1001" name="const_24">
<pin_list>
<pin id="25" dir="1" index="0" bw="1" slack="0"/>
</pin_list>
<bind>
<StgValue><ssdm name=""/></StgValue>
</bind>
</comp>

<comp id="26" class="1001" name="const_26">
<pin_list>
<pin id="27" dir="1" index="0" bw="1" slack="2147483647"/>
</pin_list>
<bind>
<StgValue><ssdm name="_ssdm_op_SpecPipeline"/></StgValue>
</bind>
</comp>

<comp id="28" class="1001" name="const_28">
<pin_list>
<pin id="29" dir="1" index="0" bw="1" slack="2147483647"/>
</pin_list>
<bind>
<StgValue><ssdm name=""/></StgValue>
</bind>
</comp>

<comp id="30" class="1001" name="const_30">
<pin_list>
<pin id="31" dir="1" index="0" bw="1" slack="2147483647"/>
</pin_list>
<bind>
<StgValue><ssdm name="p_str1"/></StgValue>
</bind>
</comp>

<comp id="32" class="1001" name="const_32">
<pin_list>
<pin id="33" dir="1" index="0" bw="1" slack="0"/>
</pin_list>
<bind>
<StgValue><ssdm name="_ssdm_op_BitConcatenate.i17.i16.i1"/></StgValue>
</bind>
</comp>

<comp id="34" class="1001" name="const_34">
<pin_list>
<pin id="35" dir="1" index="0" bw="1" slack="0"/>
</pin_list>
<bind>
<StgValue><ssdm name=""/></StgValue>
</bind>
</comp>

<comp id="36" class="1001" name="const_36">
<pin_list>
<pin id="37" dir="1" index="0" bw="1" slack="0"/>
</pin_list>
<bind>
<StgValue><ssdm name="_ssdm_op_BitConcatenate.i18.i16.i2"/></StgValue>
</bind>
</comp>

<comp id="38" class="1001" name="const_38">
<pin_list>
<pin id="39" dir="1" index="0" bw="1" slack="0"/>
</pin_list>
<bind>
<StgValue><ssdm name=""/></StgValue>
</bind>
</comp>

<comp id="40" class="1001" name="const_40">
<pin_list>
<pin id="41" dir="1" index="0" bw="1" slack="0"/>
</pin_list>
<bind>
<StgValue><ssdm name=""/></StgValue>
</bind>
</comp>

<comp id="42" class="1001" name="const_42">
<pin_list>
<pin id="43" dir="1" index="0" bw="1" slack="0"/>
</pin_list>
<bind>
<StgValue><ssdm name=""/></StgValue>
</bind>
</comp>

<comp id="44" class="1001" name="const_44">
<pin_list>
<pin id="45" dir="1" index="0" bw="1" slack="0"/>
</pin_list>
<bind>
<StgValue><ssdm name=""/></StgValue>
</bind>
</comp>

<comp id="46" class="1001" name="const_46">
<pin_list>
<pin id="47" dir="1" index="0" bw="1" slack="0"/>
</pin_list>
<bind>
<StgValue><ssdm name=""/></StgValue>
</bind>
</comp>

<comp id="48" class="1001" name="const_48">
<pin_list>
<pin id="49" dir="1" index="0" bw="1" slack="0"/>
</pin_list>
<bind>
<StgValue><ssdm name=""/></StgValue>
</bind>
</comp>

<comp id="50" class="1004" name="etSum_read_read_fu_50">
<pin_list>
<pin id="51" dir="0" index="0" bw="16" slack="0"/>
<pin id="52" dir="0" index="1" bw="16" slack="0"/>
<pin id="53" dir="1" index="2" bw="16" slack="1"/>
</pin_list>
<bind>
<opcode="read(1150) " fcode="read"/>
<opset="etSum_read/1 "/>
</bind>
</comp>

<comp id="56" class="1004" name="et_4_read_1_read_fu_56">
<pin_list>
<pin id="57" dir="0" index="0" bw="16" slack="0"/>
<pin id="58" dir="0" index="1" bw="16" slack="0"/>
<pin id="59" dir="1" index="2" bw="16" slack="0"/>
</pin_list>
<bind>
<opcode="read(1150) " fcode="read"/>
<opset="et_4_read_1/1 "/>
</bind>
</comp>

<comp id="62" class="1004" name="et_3_read_1_read_fu_62">
<pin_list>
<pin id="63" dir="0" index="0" bw="16" slack="0"/>
<pin id="64" dir="0" index="1" bw="16" slack="0"/>
<pin id="65" dir="1" index="2" bw="16" slack="0"/>
</pin_list>
<bind>
<opcode="read(1150) " fcode="read"/>
<opset="et_3_read_1/1 "/>
</bind>
</comp>

<comp id="68" class="1004" name="et_2_read_1_read_fu_68">
<pin_list>
<pin id="69" dir="0" index="0" bw="16" slack="0"/>
<pin id="70" dir="0" index="1" bw="16" slack="0"/>
<pin id="71" dir="1" index="2" bw="16" slack="0"/>
</pin_list>
<bind>
<opcode="read(1150) " fcode="read"/>
<opset="et_2_read_1/1 "/>
</bind>
</comp>

<comp id="74" class="1004" name="et_1_read_1_read_fu_74">
<pin_list>
<pin id="75" dir="0" index="0" bw="16" slack="0"/>
<pin id="76" dir="0" index="1" bw="16" slack="0"/>
<pin id="77" dir="1" index="2" bw="16" slack="0"/>
</pin_list>
<bind>
<opcode="read(1150) " fcode="read"/>
<opset="et_1_read_1/1 "/>
</bind>
</comp>

<comp id="80" class="1004" name="et_0_read_1_read_fu_80">
<pin_list>
<pin id="81" dir="0" index="0" bw="16" slack="0"/>
<pin id="82" dir="0" index="1" bw="16" slack="0"/>
<pin id="83" dir="1" index="2" bw="16" slack="0"/>
</pin_list>
<bind>
<opcode="read(1150) " fcode="read"/>
<opset="et_0_read_1/1 "/>
</bind>
</comp>

<comp id="86" class="1004" name="tmp_9_fu_86">
<pin_list>
<pin id="87" dir="0" index="0" bw="15" slack="0"/>
<pin id="88" dir="0" index="1" bw="16" slack="0"/>
<pin id="89" dir="0" index="2" bw="1" slack="0"/>
<pin id="90" dir="0" index="3" bw="5" slack="0"/>
<pin id="91" dir="1" index="4" bw="15" slack="0"/>
</pin_list>
<bind>
<opcode="partselect(1002) " fcode="partselect"/>
<opset="tmp_9/1 "/>
</bind>
</comp>

<comp id="96" class="1004" name="tmp_2_fu_96">
<pin_list>
<pin id="97" dir="0" index="0" bw="15" slack="0"/>
<pin id="98" dir="1" index="1" bw="16" slack="0"/>
</pin_list>
<bind>
<opcode="zext(34) " fcode="zext"/>
<opset="tmp_2/1 "/>
</bind>
</comp>

<comp id="100" class="1004" name="tmp_s_fu_100">
<pin_list>
<pin id="101" dir="0" index="0" bw="15" slack="0"/>
<pin id="102" dir="0" index="1" bw="16" slack="0"/>
<pin id="103" dir="0" index="2" bw="1" slack="0"/>
<pin id="104" dir="0" index="3" bw="5" slack="0"/>
<pin id="105" dir="1" index="4" bw="15" slack="0"/>
</pin_list>
<bind>
<opcode="partselect(1002) " fcode="partselect"/>
<opset="tmp_s/1 "/>
</bind>
</comp>

<comp id="110" class="1004" name="tmp_5_fu_110">
<pin_list>
<pin id="111" dir="0" index="0" bw="15" slack="0"/>
<pin id="112" dir="1" index="1" bw="16" slack="0"/>
</pin_list>
<bind>
<opcode="zext(34) " fcode="zext"/>
<opset="tmp_5/1 "/>
</bind>
</comp>

<comp id="114" class="1004" name="tmp_1_fu_114">
<pin_list>
<pin id="115" dir="0" index="0" bw="15" slack="0"/>
<pin id="116" dir="0" index="1" bw="16" slack="0"/>
<pin id="117" dir="0" index="2" bw="1" slack="0"/>
<pin id="118" dir="0" index="3" bw="5" slack="0"/>
<pin id="119" dir="1" index="4" bw="15" slack="0"/>
</pin_list>
<bind>
<opcode="partselect(1002) " fcode="partselect"/>
<opset="tmp_1/1 "/>
</bind>
</comp>

<comp id="124" class="1004" name="tmp_16_fu_124">
<pin_list>
<pin id="125" dir="0" index="0" bw="15" slack="0"/>
<pin id="126" dir="1" index="1" bw="16" slack="0"/>
</pin_list>
<bind>
<opcode="zext(34) " fcode="zext"/>
<opset="tmp_16/1 "/>
</bind>
</comp>

<comp id="128" class="1004" name="tmp_fu_128">
<pin_list>
<pin id="129" dir="0" index="0" bw="16" slack="0"/>
<pin id="130" dir="0" index="1" bw="1" slack="0"/>
<pin id="131" dir="1" index="2" bw="16" slack="0"/>
</pin_list>
<bind>
<opcode="shl(20) " fcode="shl"/>
<opset="tmp/1 "/>
</bind>
</comp>

<comp id="134" class="1004" name="tmp_3_fu_134">
<pin_list>
<pin id="135" dir="0" index="0" bw="15" slack="0"/>
<pin id="136" dir="0" index="1" bw="16" slack="0"/>
<pin id="137" dir="0" index="2" bw="1" slack="0"/>
<pin id="138" dir="0" index="3" bw="5" slack="0"/>
<pin id="139" dir="1" index="4" bw="15" slack="0"/>
</pin_list>
<bind>
<opcode="partselect(1002) " fcode="partselect"/>
<opset="tmp_3/1 "/>
</bind>
</comp>

<comp id="144" class="1004" name="tmp_17_fu_144">
<pin_list>
<pin id="145" dir="0" index="0" bw="15" slack="0"/>
<pin id="146" dir="1" index="1" bw="16" slack="0"/>
</pin_list>
<bind>
<opcode="zext(34) " fcode="zext"/>
<opset="tmp_17/1 "/>
</bind>
</comp>

<comp id="148" class="1004" name="tmp_18_fu_148">
<pin_list>
<pin id="149" dir="0" index="0" bw="16" slack="0"/>
<pin id="150" dir="1" index="1" bw="14" slack="0"/>
</pin_list>
<bind>
<opcode="trunc(33) " fcode="trunc"/>
<opset="tmp_18/1 "/>
</bind>
</comp>

<comp id="152" class="1004" name="tmp_19_fu_152">
<pin_list>
<pin id="153" dir="0" index="0" bw="16" slack="0"/>
<pin id="154" dir="1" index="1" bw="14" slack="0"/>
</pin_list>
<bind>
<opcode="trunc(33) " fcode="trunc"/>
<opset="tmp_19/1 "/>
</bind>
</comp>

<comp id="156" class="1004" name="tmp5_fu_156">
<pin_list>
<pin id="157" dir="0" index="0" bw="14" slack="0"/>
<pin id="158" dir="0" index="1" bw="14" slack="0"/>
<pin id="159" dir="1" index="2" bw="14" slack="0"/>
</pin_list>
<bind>
<opcode="add(8) " fcode="add"/>
<opset="tmp5/1 "/>
</bind>
</comp>

<comp id="162" class="1004" name="tmp1_fu_162">
<pin_list>
<pin id="163" dir="0" index="0" bw="16" slack="0"/>
<pin id="164" dir="0" index="1" bw="14" slack="0"/>
<pin id="165" dir="0" index="2" bw="1" slack="0"/>
<pin id="166" dir="1" index="3" bw="16" slack="0"/>
</pin_list>
<bind>
<opcode="bitconcatenate(1004) " fcode="bitconcatenate"/>
<opset="tmp1/1 "/>
</bind>
</comp>

<comp id="170" class="1004" name="tmp_4_fu_170">
<pin_list>
<pin id="171" dir="0" index="0" bw="15" slack="0"/>
<pin id="172" dir="0" index="1" bw="16" slack="0"/>
<pin id="173" dir="0" index="2" bw="1" slack="0"/>
<pin id="174" dir="0" index="3" bw="5" slack="0"/>
<pin id="175" dir="1" index="4" bw="15" slack="0"/>
</pin_list>
<bind>
<opcode="partselect(1002) " fcode="partselect"/>
<opset="tmp_4/1 "/>
</bind>
</comp>

<comp id="180" class="1004" name="tmp_20_fu_180">
<pin_list>
<pin id="181" dir="0" index="0" bw="15" slack="0"/>
<pin id="182" dir="1" index="1" bw="16" slack="0"/>
</pin_list>
<bind>
<opcode="zext(34) " fcode="zext"/>
<opset="tmp_20/1 "/>
</bind>
</comp>

<comp id="184" class="1004" name="tmp8_fu_184">
<pin_list>
<pin id="185" dir="0" index="0" bw="15" slack="0"/>
<pin id="186" dir="0" index="1" bw="16" slack="0"/>
<pin id="187" dir="1" index="2" bw="16" slack="0"/>
</pin_list>
<bind>
<opcode="add(8) " fcode="add"/>
<opset="tmp8/1 "/>
</bind>
</comp>

<comp id="190" class="1004" name="tmp2_fu_190">
<pin_list>
<pin id="191" dir="0" index="0" bw="16" slack="0"/>
<pin id="192" dir="0" index="1" bw="15" slack="0"/>
<pin id="193" dir="1" index="2" bw="16" slack="0"/>
</pin_list>
<bind>
<opcode="add(8) " fcode="add"/>
<opset="tmp2/1 "/>
</bind>
</comp>

<comp id="196" class="1004" name="tmp9_fu_196">
<pin_list>
<pin id="197" dir="0" index="0" bw="15" slack="0"/>
<pin id="198" dir="0" index="1" bw="16" slack="0"/>
<pin id="199" dir="1" index="2" bw="16" slack="0"/>
</pin_list>
<bind>
<opcode="add(8) " fcode="add"/>
<opset="tmp9/1 "/>
</bind>
</comp>

<comp id="202" class="1004" name="tmp_8_fu_202">
<pin_list>
<pin id="203" dir="0" index="0" bw="16" slack="0"/>
<pin id="204" dir="0" index="1" bw="16" slack="0"/>
<pin id="205" dir="1" index="2" bw="16" slack="0"/>
</pin_list>
<bind>
<opcode="add(8) " fcode="add"/>
<opset="tmp_8/1 "/>
</bind>
</comp>

<comp id="208" class="1004" name="tmp_6_fu_208">
<pin_list>
<pin id="209" dir="0" index="0" bw="16" slack="0"/>
<pin id="210" dir="0" index="1" bw="15" slack="0"/>
<pin id="211" dir="1" index="2" bw="16" slack="0"/>
</pin_list>
<bind>
<opcode="sub(10) " fcode="sub"/>
<opset="tmp_6/1 "/>
</bind>
</comp>

<comp id="214" class="1004" name="tmp3_fu_214">
<pin_list>
<pin id="215" dir="0" index="0" bw="16" slack="0"/>
<pin id="216" dir="0" index="1" bw="15" slack="0"/>
<pin id="217" dir="1" index="2" bw="16" slack="0"/>
</pin_list>
<bind>
<opcode="add(8) " fcode="add"/>
<opset="tmp3/1 "/>
</bind>
</comp>

<comp id="220" class="1004" name="iEtSum_fu_220">
<pin_list>
<pin id="221" dir="0" index="0" bw="16" slack="0"/>
<pin id="222" dir="0" index="1" bw="16" slack="0"/>
<pin id="223" dir="1" index="2" bw="16" slack="1"/>
</pin_list>
<bind>
<opcode="add(8) " fcode="add"/>
<opset="iEtSum/1 "/>
</bind>
</comp>

<comp id="226" class="1004" name="tmp_7_fu_226">
<pin_list>
<pin id="227" dir="0" index="0" bw="16" slack="1"/>
<pin id="228" dir="0" index="1" bw="16" slack="1"/>
<pin id="229" dir="1" index="2" bw="1" slack="0"/>
</pin_list>
<bind>
<opcode="icmp(45) " fcode="icmp"/>
<opset="tmp_7/2 "/>
</bind>
</comp>

<comp id="230" class="1004" name="tmp_13_cast1_fu_230">
<pin_list>
<pin id="231" dir="0" index="0" bw="16" slack="1"/>
<pin id="232" dir="1" index="1" bw="18" slack="0"/>
</pin_list>
<bind>
<opcode="zext(34) " fcode="zext"/>
<opset="tmp_13_cast1/2 "/>
</bind>
</comp>

<comp id="233" class="1004" name="tmp_13_cast_fu_233">
<pin_list>
<pin id="234" dir="0" index="0" bw="16" slack="1"/>
<pin id="235" dir="1" index="1" bw="17" slack="0"/>
</pin_list>
<bind>
<opcode="zext(34) " fcode="zext"/>
<opset="tmp_13_cast/2 "/>
</bind>
</comp>

<comp id="236" class="1004" name="tmp_14_cast1_fu_236">
<pin_list>
<pin id="237" dir="0" index="0" bw="16" slack="1"/>
<pin id="238" dir="1" index="1" bw="18" slack="0"/>
</pin_list>
<bind>
<opcode="zext(34) " fcode="zext"/>
<opset="tmp_14_cast1/2 "/>
</bind>
</comp>

<comp id="239" class="1004" name="tmp_10_fu_239">
<pin_list>
<pin id="240" dir="0" index="0" bw="17" slack="0"/>
<pin id="241" dir="0" index="1" bw="16" slack="1"/>
<pin id="242" dir="0" index="2" bw="1" slack="0"/>
<pin id="243" dir="1" index="3" bw="17" slack="0"/>
</pin_list>
<bind>
<opcode="bitconcatenate(1004) " fcode="bitconcatenate"/>
<opset="tmp_10/2 "/>
</bind>
</comp>

<comp id="246" class="1004" name="tmp_15_cast_fu_246">
<pin_list>
<pin id="247" dir="0" index="0" bw="17" slack="0"/>
<pin id="248" dir="1" index="1" bw="18" slack="0"/>
</pin_list>
<bind>
<opcode="zext(34) " fcode="zext"/>
<opset="tmp_15_cast/2 "/>
</bind>
</comp>

<comp id="250" class="1004" name="tmp_11_fu_250">
<pin_list>
<pin id="251" dir="0" index="0" bw="17" slack="0"/>
<pin id="252" dir="0" index="1" bw="17" slack="0"/>
<pin id="253" dir="1" index="2" bw="1" slack="0"/>
</pin_list>
<bind>
<opcode="icmp(45) " fcode="icmp"/>
<opset="tmp_11/2 "/>
</bind>
</comp>

<comp id="256" class="1004" name="tmp_12_fu_256">
<pin_list>
<pin id="257" dir="0" index="0" bw="16" slack="0"/>
<pin id="258" dir="0" index="1" bw="17" slack="0"/>
<pin id="259" dir="1" index="2" bw="18" slack="0"/>
</pin_list>
<bind>
<opcode="add(8) " fcode="add"/>
<opset="tmp_12/2 "/>
</bind>
</comp>

<comp id="262" class="1004" name="tmp_13_fu_262">
<pin_list>
<pin id="263" dir="0" index="0" bw="18" slack="0"/>
<pin id="264" dir="0" index="1" bw="18" slack="0"/>
<pin id="265" dir="1" index="2" bw="1" slack="0"/>
</pin_list>
<bind>
<opcode="icmp(45) " fcode="icmp"/>
<opset="tmp_13/2 "/>
</bind>
</comp>

<comp id="268" class="1004" name="tmp_14_fu_268">
<pin_list>
<pin id="269" dir="0" index="0" bw="18" slack="0"/>
<pin id="270" dir="0" index="1" bw="16" slack="1"/>
<pin id="271" dir="0" index="2" bw="1" slack="0"/>
<pin id="272" dir="1" index="3" bw="18" slack="0"/>
</pin_list>
<bind>
<opcode="bitconcatenate(1004) " fcode="bitconcatenate"/>
<opset="tmp_14/2 "/>
</bind>
</comp>

<comp id="275" class="1004" name="tmp_15_fu_275">
<pin_list>
<pin id="276" dir="0" index="0" bw="18" slack="0"/>
<pin id="277" dir="0" index="1" bw="18" slack="0"/>
<pin id="278" dir="1" index="2" bw="1" slack="0"/>
</pin_list>
<bind>
<opcode="icmp(45) " fcode="icmp"/>
<opset="tmp_15/2 "/>
</bind>
</comp>

<comp id="281" class="1004" name="iAve_fu_281">
<pin_list>
<pin id="282" dir="0" index="0" bw="1" slack="0"/>
<pin id="283" dir="0" index="1" bw="3" slack="0"/>
<pin id="284" dir="0" index="2" bw="3" slack="0"/>
<pin id="285" dir="1" index="3" bw="3" slack="0"/>
</pin_list>
<bind>
<opcode="select(49) " fcode="select"/>
<opset="iAve/2 "/>
</bind>
</comp>

<comp id="289" class="1004" name="tmp4_fu_289">
<pin_list>
<pin id="290" dir="0" index="0" bw="1" slack="0"/>
<pin id="291" dir="0" index="1" bw="1" slack="0"/>
<pin id="292" dir="1" index="2" bw="1" slack="0"/>
</pin_list>
<bind>
<opcode="and(23) " fcode="and"/>
<opset="tmp4/2 "/>
</bind>
</comp>

<comp id="295" class="1004" name="sel_tmp1_fu_295">
<pin_list>
<pin id="296" dir="0" index="0" bw="1" slack="0"/>
<pin id="297" dir="0" index="1" bw="1" slack="0"/>
<pin id="298" dir="1" index="2" bw="1" slack="0"/>
</pin_list>
<bind>
<opcode="and(23) " fcode="and"/>
<opset="sel_tmp1/2 "/>
</bind>
</comp>

<comp id="301" class="1004" name="sel_tmp2_fu_301">
<pin_list>
<pin id="302" dir="0" index="0" bw="1" slack="0"/>
<pin id="303" dir="0" index="1" bw="3" slack="0"/>
<pin id="304" dir="0" index="2" bw="3" slack="0"/>
<pin id="305" dir="1" index="3" bw="3" slack="0"/>
</pin_list>
<bind>
<opcode="select(49) " fcode="select"/>
<opset="sel_tmp2/2 "/>
</bind>
</comp>

<comp id="309" class="1004" name="sel_tmp4_fu_309">
<pin_list>
<pin id="310" dir="0" index="0" bw="1" slack="0"/>
<pin id="311" dir="0" index="1" bw="3" slack="0"/>
<pin id="312" dir="0" index="2" bw="3" slack="0"/>
<pin id="313" dir="1" index="3" bw="3" slack="0"/>
</pin_list>
<bind>
<opcode="select(49) " fcode="select"/>
<opset="sel_tmp4/2 "/>
</bind>
</comp>

<comp id="317" class="1004" name="sel_tmp5_fu_317">
<pin_list>
<pin id="318" dir="0" index="0" bw="1" slack="0"/>
<pin id="319" dir="0" index="1" bw="1" slack="0"/>
<pin id="320" dir="1" index="2" bw="1" slack="0"/>
</pin_list>
<bind>
<opcode="xor(25) " fcode="xor"/>
<opset="sel_tmp5/2 "/>
</bind>
</comp>

<comp id="323" class="1004" name="sel_tmp6_fu_323">
<pin_list>
<pin id="324" dir="0" index="0" bw="1" slack="0"/>
<pin id="325" dir="0" index="1" bw="1" slack="0"/>
<pin id="326" dir="1" index="2" bw="1" slack="0"/>
</pin_list>
<bind>
<opcode="and(23) " fcode="and"/>
<opset="sel_tmp6/2 "/>
</bind>
</comp>

<comp id="329" class="1004" name="iAve_3_fu_329">
<pin_list>
<pin id="330" dir="0" index="0" bw="1" slack="0"/>
<pin id="331" dir="0" index="1" bw="3" slack="0"/>
<pin id="332" dir="0" index="2" bw="3" slack="0"/>
<pin id="333" dir="1" index="3" bw="3" slack="2147483647"/>
</pin_list>
<bind>
<opcode="select(49) " fcode="select"/>
<opset="iAve_3/2 "/>
</bind>
</comp>

<comp id="337" class="1005" name="etSum_read_reg_337">
<pin_list>
<pin id="338" dir="0" index="0" bw="16" slack="1"/>
<pin id="339" dir="1" index="1" bw="16" slack="1"/>
</pin_list>
<bind>
<opset="etSum_read "/>
</bind>
</comp>

<comp id="345" class="1005" name="iEtSum_reg_345">
<pin_list>
<pin id="346" dir="0" index="0" bw="16" slack="1"/>
<pin id="347" dir="1" index="1" bw="16" slack="1"/>
</pin_list>
<bind>
<opset="iEtSum "/>
</bind>
</comp>

</comp_list>

<net_list>
<net id="54"><net_src comp="12" pin="0"/><net_sink comp="50" pin=0"/></net>

<net id="55"><net_src comp="10" pin="0"/><net_sink comp="50" pin=1"/></net>

<net id="60"><net_src comp="12" pin="0"/><net_sink comp="56" pin=0"/></net>

<net id="61"><net_src comp="8" pin="0"/><net_sink comp="56" pin=1"/></net>

<net id="66"><net_src comp="12" pin="0"/><net_sink comp="62" pin=0"/></net>

<net id="67"><net_src comp="6" pin="0"/><net_sink comp="62" pin=1"/></net>

<net id="72"><net_src comp="12" pin="0"/><net_sink comp="68" pin=0"/></net>

<net id="73"><net_src comp="4" pin="0"/><net_sink comp="68" pin=1"/></net>

<net id="78"><net_src comp="12" pin="0"/><net_sink comp="74" pin=0"/></net>

<net id="79"><net_src comp="2" pin="0"/><net_sink comp="74" pin=1"/></net>

<net id="84"><net_src comp="12" pin="0"/><net_sink comp="80" pin=0"/></net>

<net id="85"><net_src comp="0" pin="0"/><net_sink comp="80" pin=1"/></net>

<net id="92"><net_src comp="14" pin="0"/><net_sink comp="86" pin=0"/></net>

<net id="93"><net_src comp="80" pin="2"/><net_sink comp="86" pin=1"/></net>

<net id="94"><net_src comp="16" pin="0"/><net_sink comp="86" pin=2"/></net>

<net id="95"><net_src comp="18" pin="0"/><net_sink comp="86" pin=3"/></net>

<net id="99"><net_src comp="86" pin="4"/><net_sink comp="96" pin=0"/></net>

<net id="106"><net_src comp="14" pin="0"/><net_sink comp="100" pin=0"/></net>

<net id="107"><net_src comp="74" pin="2"/><net_sink comp="100" pin=1"/></net>

<net id="108"><net_src comp="16" pin="0"/><net_sink comp="100" pin=2"/></net>

<net id="109"><net_src comp="18" pin="0"/><net_sink comp="100" pin=3"/></net>

<net id="113"><net_src comp="100" pin="4"/><net_sink comp="110" pin=0"/></net>

<net id="120"><net_src comp="14" pin="0"/><net_sink comp="114" pin=0"/></net>

<net id="121"><net_src comp="68" pin="2"/><net_sink comp="114" pin=1"/></net>

<net id="122"><net_src comp="16" pin="0"/><net_sink comp="114" pin=2"/></net>

<net id="123"><net_src comp="18" pin="0"/><net_sink comp="114" pin=3"/></net>

<net id="127"><net_src comp="114" pin="4"/><net_sink comp="124" pin=0"/></net>

<net id="132"><net_src comp="68" pin="2"/><net_sink comp="128" pin=0"/></net>

<net id="133"><net_src comp="20" pin="0"/><net_sink comp="128" pin=1"/></net>

<net id="140"><net_src comp="14" pin="0"/><net_sink comp="134" pin=0"/></net>

<net id="141"><net_src comp="62" pin="2"/><net_sink comp="134" pin=1"/></net>

<net id="142"><net_src comp="16" pin="0"/><net_sink comp="134" pin=2"/></net>

<net id="143"><net_src comp="18" pin="0"/><net_sink comp="134" pin=3"/></net>

<net id="147"><net_src comp="134" pin="4"/><net_sink comp="144" pin=0"/></net>

<net id="151"><net_src comp="56" pin="2"/><net_sink comp="148" pin=0"/></net>

<net id="155"><net_src comp="62" pin="2"/><net_sink comp="152" pin=0"/></net>

<net id="160"><net_src comp="148" pin="1"/><net_sink comp="156" pin=0"/></net>

<net id="161"><net_src comp="152" pin="1"/><net_sink comp="156" pin=1"/></net>

<net id="167"><net_src comp="22" pin="0"/><net_sink comp="162" pin=0"/></net>

<net id="168"><net_src comp="156" pin="2"/><net_sink comp="162" pin=1"/></net>

<net id="169"><net_src comp="24" pin="0"/><net_sink comp="162" pin=2"/></net>

<net id="176"><net_src comp="14" pin="0"/><net_sink comp="170" pin=0"/></net>

<net id="177"><net_src comp="56" pin="2"/><net_sink comp="170" pin=1"/></net>

<net id="178"><net_src comp="16" pin="0"/><net_sink comp="170" pin=2"/></net>

<net id="179"><net_src comp="18" pin="0"/><net_sink comp="170" pin=3"/></net>

<net id="183"><net_src comp="170" pin="4"/><net_sink comp="180" pin=0"/></net>

<net id="188"><net_src comp="96" pin="1"/><net_sink comp="184" pin=0"/></net>

<net id="189"><net_src comp="74" pin="2"/><net_sink comp="184" pin=1"/></net>

<net id="194"><net_src comp="128" pin="2"/><net_sink comp="190" pin=0"/></net>

<net id="195"><net_src comp="124" pin="1"/><net_sink comp="190" pin=1"/></net>

<net id="200"><net_src comp="110" pin="1"/><net_sink comp="196" pin=0"/></net>

<net id="201"><net_src comp="190" pin="2"/><net_sink comp="196" pin=1"/></net>

<net id="206"><net_src comp="184" pin="2"/><net_sink comp="202" pin=0"/></net>

<net id="207"><net_src comp="196" pin="2"/><net_sink comp="202" pin=1"/></net>

<net id="212"><net_src comp="202" pin="2"/><net_sink comp="208" pin=0"/></net>

<net id="213"><net_src comp="144" pin="1"/><net_sink comp="208" pin=1"/></net>

<net id="218"><net_src comp="162" pin="3"/><net_sink comp="214" pin=0"/></net>

<net id="219"><net_src comp="180" pin="1"/><net_sink comp="214" pin=1"/></net>

<net id="224"><net_src comp="208" pin="2"/><net_sink comp="220" pin=0"/></net>

<net id="225"><net_src comp="214" pin="2"/><net_sink comp="220" pin=1"/></net>

<net id="244"><net_src comp="32" pin="0"/><net_sink comp="239" pin=0"/></net>

<net id="245"><net_src comp="34" pin="0"/><net_sink comp="239" pin=2"/></net>

<net id="249"><net_src comp="239" pin="3"/><net_sink comp="246" pin=0"/></net>

<net id="254"><net_src comp="233" pin="1"/><net_sink comp="250" pin=0"/></net>

<net id="255"><net_src comp="239" pin="3"/><net_sink comp="250" pin=1"/></net>

<net id="260"><net_src comp="236" pin="1"/><net_sink comp="256" pin=0"/></net>

<net id="261"><net_src comp="246" pin="1"/><net_sink comp="256" pin=1"/></net>

<net id="266"><net_src comp="230" pin="1"/><net_sink comp="262" pin=0"/></net>

<net id="267"><net_src comp="256" pin="2"/><net_sink comp="262" pin=1"/></net>

<net id="273"><net_src comp="36" pin="0"/><net_sink comp="268" pin=0"/></net>

<net id="274"><net_src comp="24" pin="0"/><net_sink comp="268" pin=2"/></net>

<net id="279"><net_src comp="230" pin="1"/><net_sink comp="275" pin=0"/></net>

<net id="280"><net_src comp="268" pin="3"/><net_sink comp="275" pin=1"/></net>

<net id="286"><net_src comp="275" pin="2"/><net_sink comp="281" pin=0"/></net>

<net id="287"><net_src comp="38" pin="0"/><net_sink comp="281" pin=1"/></net>

<net id="288"><net_src comp="40" pin="0"/><net_sink comp="281" pin=2"/></net>

<net id="293"><net_src comp="250" pin="2"/><net_sink comp="289" pin=0"/></net>

<net id="294"><net_src comp="262" pin="2"/><net_sink comp="289" pin=1"/></net>

<net id="299"><net_src comp="289" pin="2"/><net_sink comp="295" pin=0"/></net>

<net id="300"><net_src comp="226" pin="2"/><net_sink comp="295" pin=1"/></net>

<net id="306"><net_src comp="295" pin="2"/><net_sink comp="301" pin=0"/></net>

<net id="307"><net_src comp="281" pin="3"/><net_sink comp="301" pin=1"/></net>

<net id="308"><net_src comp="42" pin="0"/><net_sink comp="301" pin=2"/></net>

<net id="314"><net_src comp="226" pin="2"/><net_sink comp="309" pin=0"/></net>

<net id="315"><net_src comp="301" pin="3"/><net_sink comp="309" pin=1"/></net>

<net id="316"><net_src comp="44" pin="0"/><net_sink comp="309" pin=2"/></net>

<net id="321"><net_src comp="250" pin="2"/><net_sink comp="317" pin=0"/></net>

<net id="322"><net_src comp="46" pin="0"/><net_sink comp="317" pin=1"/></net>

<net id="327"><net_src comp="226" pin="2"/><net_sink comp="323" pin=0"/></net>

<net id="328"><net_src comp="317" pin="2"/><net_sink comp="323" pin=1"/></net>

<net id="334"><net_src comp="323" pin="2"/><net_sink comp="329" pin=0"/></net>

<net id="335"><net_src comp="48" pin="0"/><net_sink comp="329" pin=1"/></net>

<net id="336"><net_src comp="309" pin="3"/><net_sink comp="329" pin=2"/></net>

<net id="340"><net_src comp="50" pin="2"/><net_sink comp="337" pin=0"/></net>

<net id="341"><net_src comp="337" pin="1"/><net_sink comp="226" pin=1"/></net>

<net id="342"><net_src comp="337" pin="1"/><net_sink comp="236" pin=0"/></net>

<net id="343"><net_src comp="337" pin="1"/><net_sink comp="239" pin=1"/></net>

<net id="344"><net_src comp="337" pin="1"/><net_sink comp="268" pin=1"/></net>

<net id="348"><net_src comp="220" pin="2"/><net_sink comp="345" pin=0"/></net>

<net id="349"><net_src comp="345" pin="1"/><net_sink comp="226" pin=0"/></net>

<net id="350"><net_src comp="345" pin="1"/><net_sink comp="230" pin=0"/></net>

<net id="351"><net_src comp="345" pin="1"/><net_sink comp="233" pin=0"/></net>

</net_list>

</model> 
---------------- Datapath Model END ------------------

* FSMD analyzer results:
  - Output states:
	Port: et_0_read | {}
	Port: et_1_read | {}
	Port: et_2_read | {}
	Port: et_3_read | {}
	Port: et_4_read | {}
	Port: etSum | {}
 - Input state : 
	Port: getPeakBinOf5 : et_0_read | {1 }
	Port: getPeakBinOf5 : et_1_read | {1 }
	Port: getPeakBinOf5 : et_2_read | {1 }
	Port: getPeakBinOf5 : et_3_read | {1 }
	Port: getPeakBinOf5 : et_4_read | {1 }
	Port: getPeakBinOf5 : etSum | {1 }
  - Chain level:
	State 1
		tmp_2 : 1
		tmp_5 : 1
		tmp_16 : 1
		tmp_17 : 1
		tmp5 : 1
		tmp1 : 2
		tmp_20 : 1
		tmp8 : 2
		tmp2 : 2
		tmp9 : 3
		tmp_8 : 4
		tmp_6 : 5
		tmp3 : 3
		iEtSum : 6
	State 2
		tmp_15_cast : 1
		tmp_11 : 1
		tmp_12 : 2
		tmp_13 : 3
		tmp_15 : 1
		iAve : 2
		tmp4 : 4
		sel_tmp1 : 4
		sel_tmp2 : 4
		sel_tmp4 : 5
		sel_tmp5 : 2
		sel_tmp6 : 2
		iAve_3 : 6
		StgValue_51 : 7


============================================================
+ Verbose Summary: Datapath Resource usage 
============================================================

* Functional unit list:
|----------|------------------------|---------|---------|
| Operation|     Functional Unit    |    FF   |   LUT   |
|----------|------------------------|---------|---------|
|          |       tmp5_fu_156      |    0    |    21   |
|          |       tmp8_fu_184      |    0    |    23   |
|          |       tmp2_fu_190      |    0    |    16   |
|    add   |       tmp9_fu_196      |    0    |    16   |
|          |      tmp_8_fu_202      |    0    |    16   |
|          |       tmp3_fu_214      |    0    |    16   |
|          |      iEtSum_fu_220     |    0    |    16   |
|          |      tmp_12_fu_256     |    0    |    24   |
|----------|------------------------|---------|---------|
|          |      tmp_7_fu_226      |    0    |    13   |
|   icmp   |      tmp_11_fu_250     |    0    |    18   |
|          |      tmp_13_fu_262     |    0    |    18   |
|          |      tmp_15_fu_275     |    0    |    18   |
|----------|------------------------|---------|---------|
|    sub   |      tmp_6_fu_208      |    0    |    16   |
|----------|------------------------|---------|---------|
|          |       iAve_fu_281      |    0    |    3    |
|  select  |     sel_tmp2_fu_301    |    0    |    3    |
|          |     sel_tmp4_fu_309    |    0    |    3    |
|          |      iAve_3_fu_329     |    0    |    3    |
|----------|------------------------|---------|---------|
|          |       tmp4_fu_289      |    0    |    2    |
|    and   |     sel_tmp1_fu_295    |    0    |    2    |
|          |     sel_tmp6_fu_323    |    0    |    2    |
|----------|------------------------|---------|---------|
|    xor   |     sel_tmp5_fu_317    |    0    |    2    |
|----------|------------------------|---------|---------|
|          |  etSum_read_read_fu_50 |    0    |    0    |
|          | et_4_read_1_read_fu_56 |    0    |    0    |
|   read   | et_3_read_1_read_fu_62 |    0    |    0    |
|          | et_2_read_1_read_fu_68 |    0    |    0    |
|          | et_1_read_1_read_fu_74 |    0    |    0    |
|          | et_0_read_1_read_fu_80 |    0    |    0    |
|----------|------------------------|---------|---------|
|          |       tmp_9_fu_86      |    0    |    0    |
|          |      tmp_s_fu_100      |    0    |    0    |
|partselect|      tmp_1_fu_114      |    0    |    0    |
|          |      tmp_3_fu_134      |    0    |    0    |
|          |      tmp_4_fu_170      |    0    |    0    |
|----------|------------------------|---------|---------|
|          |       tmp_2_fu_96      |    0    |    0    |
|          |      tmp_5_fu_110      |    0    |    0    |
|          |      tmp_16_fu_124     |    0    |    0    |
|          |      tmp_17_fu_144     |    0    |    0    |
|   zext   |      tmp_20_fu_180     |    0    |    0    |
|          |   tmp_13_cast1_fu_230  |    0    |    0    |
|          |   tmp_13_cast_fu_233   |    0    |    0    |
|          |   tmp_14_cast1_fu_236  |    0    |    0    |
|          |   tmp_15_cast_fu_246   |    0    |    0    |
|----------|------------------------|---------|---------|
|    shl   |       tmp_fu_128       |    0    |    0    |
|----------|------------------------|---------|---------|
|   trunc  |      tmp_18_fu_148     |    0    |    0    |
|          |      tmp_19_fu_152     |    0    |    0    |
|----------|------------------------|---------|---------|
|          |       tmp1_fu_162      |    0    |    0    |
|bitconcatenate|      tmp_10_fu_239     |    0    |    0    |
|          |      tmp_14_fu_268     |    0    |    0    |
|----------|------------------------|---------|---------|
|   Total  |                        |    0    |   251   |
|----------|------------------------|---------|---------|

Memories:
N/A

* Register list:
+------------------+--------+
|                  |   FF   |
+------------------+--------+
|etSum_read_reg_337|   16   |
|  iEtSum_reg_345  |   16   |
+------------------+--------+
|       Total      |   32   |
+------------------+--------+

* Multiplexer (MUX) list: 
|--------|------|------|------|--------|
|  Comp  |  Pin | Size |  BW  | S x BW |
|--------|------|------|------|--------|
|  Total |      |      |      |    0   |
|--------|------|------|------|--------|



* Summary:
+-----------+--------+--------+
|           |   FF   |   LUT  |
+-----------+--------+--------+
|  Function |    0   |   251  |
|   Memory  |    -   |    -   |
|Multiplexer|    -   |    -   |
|  Register |   32   |    -   |
+-----------+--------+--------+
|   Total   |   32   |   251  |
+-----------+--------+--------+
