INFO: [XSIM 43-3496] Using init file passed via -initfile option "/data/tools/Xilinx/Vivado/2018.2/data/xsim/ip/xsim_ip.ini".
Vivado Simulator 2018.2
Copyright 1986-1999, 2001-2018 Xilinx, Inc. All Rights Reserved.
Running: /data/tools/Xilinx/Vivado/2018.2/bin/unwrapped/lnx64.o/xelab xil_defaultlib.apatb_algo_unpacked_top glbl -prj algo_unpacked.prj -L smartconnect_v1_0 -L axi_protocol_checker_v1_1_12 -L axi_protocol_checker_v1_1_13 -L axis_protocol_checker_v1_1_11 -L axis_protocol_checker_v1_1_12 -L xil_defaultlib -L unisims_ver -L xpm --initfile /data/tools/Xilinx/Vivado/2018.2/data/xsim/ip/xsim_ip.ini --lib ieee_proposed=./ieee_proposed -s algo_unpacked -debug wave 
Multi-threading is on. Using 34 slave threads.
INFO: [VRFC 10-2263] Analyzing SystemVerilog file "/data/skamat/CMSPhase2HLS/APx_Gen0_Algo/VivadoHls/CMSPhase2RCT/vivado_hls/proj/solution1/sim/verilog/glbl.v" into library work
INFO: [VRFC 10-311] analyzing module glbl
INFO: [VRFC 10-2263] Analyzing SystemVerilog file "/data/skamat/CMSPhase2HLS/APx_Gen0_Algo/VivadoHls/CMSPhase2RCT/vivado_hls/proj/solution1/sim/verilog/getPeakBinOf5.v" into library xil_defaultlib
INFO: [VRFC 10-311] analyzing module getPeakBinOf5
INFO: [VRFC 10-2263] Analyzing SystemVerilog file "/data/skamat/CMSPhase2HLS/APx_Gen0_Algo/VivadoHls/CMSPhase2RCT/vivado_hls/proj/solution1/sim/verilog/algo_unpacked.autotb.v" into library xil_defaultlib
INFO: [VRFC 10-311] analyzing module apatb_algo_unpacked_top
INFO: [VRFC 10-2263] Analyzing SystemVerilog file "/data/skamat/CMSPhase2HLS/APx_Gen0_Algo/VivadoHls/CMSPhase2RCT/vivado_hls/proj/solution1/sim/verilog/algo_unpacked_muxbkb.v" into library xil_defaultlib
INFO: [VRFC 10-311] analyzing module algo_unpacked_muxbkb
INFO: [VRFC 10-2263] Analyzing SystemVerilog file "/data/skamat/CMSPhase2HLS/APx_Gen0_Algo/VivadoHls/CMSPhase2RCT/vivado_hls/proj/solution1/sim/verilog/getClustersInCard.v" into library xil_defaultlib
INFO: [VRFC 10-311] analyzing module getClustersInCard
INFO: [VRFC 10-2263] Analyzing SystemVerilog file "/data/skamat/CMSPhase2HLS/APx_Gen0_Algo/VivadoHls/CMSPhase2RCT/vivado_hls/proj/solution1/sim/verilog/getClustersin3x4Regi.v" into library xil_defaultlib
INFO: [VRFC 10-311] analyzing module getClustersin3x4Regi
INFO: [VRFC 10-2263] Analyzing SystemVerilog file "/data/skamat/CMSPhase2HLS/APx_Gen0_Algo/VivadoHls/CMSPhase2RCT/vivado_hls/proj/solution1/sim/verilog/getClustersInTower.v" into library xil_defaultlib
INFO: [VRFC 10-311] analyzing module getClustersInTower
INFO: [VRFC 10-2263] Analyzing SystemVerilog file "/data/skamat/CMSPhase2HLS/APx_Gen0_Algo/VivadoHls/CMSPhase2RCT/vivado_hls/proj/solution1/sim/verilog/algo_unpacked.v" into library xil_defaultlib
INFO: [VRFC 10-311] analyzing module algo_unpacked
Starting static elaboration
Completed static elaboration
Starting simulation data flow analysis
Completed simulation data flow analysis
Time Resolution for simulation is 1ps
Compiling module xil_defaultlib.getPeakBinOf5
Compiling module xil_defaultlib.algo_unpacked_muxbkb(ID=1,din0_W...
Compiling module xil_defaultlib.getClustersInTower
Compiling module xil_defaultlib.getClustersin3x4Regi
Compiling module xil_defaultlib.getClustersInCard
Compiling module xil_defaultlib.algo_unpacked
Compiling module xil_defaultlib.apatb_algo_unpacked_top
Compiling module work.glbl
Built simulation snapshot algo_unpacked
