#-----------------------------------------------------------
# xsim v2018.2 (64-bit)
# SW Build 2258646 on Thu Jun 14 20:02:38 MDT 2018
# IP Build 2256618 on Thu Jun 14 22:10:49 MDT 2018
# Start of session at: Sun Jan 20 19:48:05 2019
# Process ID: 3867856
# Current directory: /data/skamat/CMSPhase2HLS/APx_Gen0_Algo/VivadoHls/CMSPhase2RCT/vivado_hls/proj/solution1/sim/verilog
# Command line: xsim -mode tcl -source {xsim.dir/algo_unpacked/xsim_script.tcl}
# Log file: /data/skamat/CMSPhase2HLS/APx_Gen0_Algo/VivadoHls/CMSPhase2RCT/vivado_hls/proj/solution1/sim/verilog/xsim.log
# Journal file: /data/skamat/CMSPhase2HLS/APx_Gen0_Algo/VivadoHls/CMSPhase2RCT/vivado_hls/proj/solution1/sim/verilog/xsim.jou
#-----------------------------------------------------------
source xsim.dir/algo_unpacked/xsim_script.tcl
# xsim {algo_unpacked} -autoloadwcfg -tclbatch {algo_unpacked.tcl}
Vivado Simulator 2018.2
Time resolution is 1 ps
source algo_unpacked.tcl
## log_wave -r /
## set designtopgroup [add_wave_group "Design Top Signals"]
## set cinoutgroup [add_wave_group "C InOuts" -into $designtopgroup]
## set link_out_group [add_wave_group link_out(wire) -into $cinoutgroup]
## add_wave /apatb_algo_unpacked_top/AESL_inst_algo_unpacked/link_out_47_V_o_ap_lwr -into $link_out_group -radix hex
## add_wave /apatb_algo_unpacked_top/AESL_inst_algo_unpacked/link_out_46_V_o_ap_lwr -into $link_out_group -radix hex
## add_wave /apatb_algo_unpacked_top/AESL_inst_algo_unpacked/link_out_45_V_o_ap_lwr -into $link_out_group -radix hex
## add_wave /apatb_algo_unpacked_top/AESL_inst_algo_unpacked/link_out_44_V_o_ap_lwr -into $link_out_group -radix hex
## add_wave /apatb_algo_unpacked_top/AESL_inst_algo_unpacked/link_out_43_V_o_ap_lwr -into $link_out_group -radix hex
## add_wave /apatb_algo_unpacked_top/AESL_inst_algo_unpacked/link_out_42_V_o_ap_lwr -into $link_out_group -radix hex
## add_wave /apatb_algo_unpacked_top/AESL_inst_algo_unpacked/link_out_41_V_o_ap_lwr -into $link_out_group -radix hex
## add_wave /apatb_algo_unpacked_top/AESL_inst_algo_unpacked/link_out_40_V_o_ap_lwr -into $link_out_group -radix hex
## add_wave /apatb_algo_unpacked_top/AESL_inst_algo_unpacked/link_out_39_V_o_ap_lwr -into $link_out_group -radix hex
## add_wave /apatb_algo_unpacked_top/AESL_inst_algo_unpacked/link_out_38_V_o_ap_lwr -into $link_out_group -radix hex
## add_wave /apatb_algo_unpacked_top/AESL_inst_algo_unpacked/link_out_37_V_o_ap_lwr -into $link_out_group -radix hex
## add_wave /apatb_algo_unpacked_top/AESL_inst_algo_unpacked/link_out_36_V_o_ap_lwr -into $link_out_group -radix hex
## add_wave /apatb_algo_unpacked_top/AESL_inst_algo_unpacked/link_out_35_V_o_ap_lwr -into $link_out_group -radix hex
## add_wave /apatb_algo_unpacked_top/AESL_inst_algo_unpacked/link_out_34_V_o_ap_lwr -into $link_out_group -radix hex
## add_wave /apatb_algo_unpacked_top/AESL_inst_algo_unpacked/link_out_33_V_o_ap_lwr -into $link_out_group -radix hex
## add_wave /apatb_algo_unpacked_top/AESL_inst_algo_unpacked/link_out_32_V_o_ap_lwr -into $link_out_group -radix hex
## add_wave /apatb_algo_unpacked_top/AESL_inst_algo_unpacked/link_out_31_V_o_ap_lwr -into $link_out_group -radix hex
## add_wave /apatb_algo_unpacked_top/AESL_inst_algo_unpacked/link_out_30_V_o_ap_lwr -into $link_out_group -radix hex
## add_wave /apatb_algo_unpacked_top/AESL_inst_algo_unpacked/link_out_29_V_o_ap_lwr -into $link_out_group -radix hex
## add_wave /apatb_algo_unpacked_top/AESL_inst_algo_unpacked/link_out_28_V_o_ap_lwr -into $link_out_group -radix hex
## add_wave /apatb_algo_unpacked_top/AESL_inst_algo_unpacked/link_out_27_V_o_ap_lwr -into $link_out_group -radix hex
## add_wave /apatb_algo_unpacked_top/AESL_inst_algo_unpacked/link_out_26_V_o_ap_lwr -into $link_out_group -radix hex
## add_wave /apatb_algo_unpacked_top/AESL_inst_algo_unpacked/link_out_25_V_o_ap_lwr -into $link_out_group -radix hex
## add_wave /apatb_algo_unpacked_top/AESL_inst_algo_unpacked/link_out_24_V_o_ap_lwr -into $link_out_group -radix hex
## add_wave /apatb_algo_unpacked_top/AESL_inst_algo_unpacked/link_out_23_V_o_ap_lwr -into $link_out_group -radix hex
## add_wave /apatb_algo_unpacked_top/AESL_inst_algo_unpacked/link_out_22_V_o_ap_lwr -into $link_out_group -radix hex
## add_wave /apatb_algo_unpacked_top/AESL_inst_algo_unpacked/link_out_21_V_o_ap_lwr -into $link_out_group -radix hex
## add_wave /apatb_algo_unpacked_top/AESL_inst_algo_unpacked/link_out_20_V_o_ap_lwr -into $link_out_group -radix hex
## add_wave /apatb_algo_unpacked_top/AESL_inst_algo_unpacked/link_out_19_V_o_ap_lwr -into $link_out_group -radix hex
## add_wave /apatb_algo_unpacked_top/AESL_inst_algo_unpacked/link_out_18_V_o_ap_lwr -into $link_out_group -radix hex
## add_wave /apatb_algo_unpacked_top/AESL_inst_algo_unpacked/link_out_17_V_o_ap_lwr -into $link_out_group -radix hex
## add_wave /apatb_algo_unpacked_top/AESL_inst_algo_unpacked/link_out_16_V_o_ap_lwr -into $link_out_group -radix hex
## add_wave /apatb_algo_unpacked_top/AESL_inst_algo_unpacked/link_out_15_V_o_ap_lwr -into $link_out_group -radix hex
## add_wave /apatb_algo_unpacked_top/AESL_inst_algo_unpacked/link_out_14_V_o_ap_lwr -into $link_out_group -radix hex
## add_wave /apatb_algo_unpacked_top/AESL_inst_algo_unpacked/link_out_13_V_o_ap_lwr -into $link_out_group -radix hex
## add_wave /apatb_algo_unpacked_top/AESL_inst_algo_unpacked/link_out_12_V_o_ap_lwr -into $link_out_group -radix hex
## add_wave /apatb_algo_unpacked_top/AESL_inst_algo_unpacked/link_out_11_V_o_ap_lwr -into $link_out_group -radix hex
## add_wave /apatb_algo_unpacked_top/AESL_inst_algo_unpacked/link_out_10_V_o_ap_lwr -into $link_out_group -radix hex
## add_wave /apatb_algo_unpacked_top/AESL_inst_algo_unpacked/link_out_9_V_o_ap_lwr -into $link_out_group -radix hex
## add_wave /apatb_algo_unpacked_top/AESL_inst_algo_unpacked/link_out_8_V_o_ap_lwr -into $link_out_group -radix hex
## add_wave /apatb_algo_unpacked_top/AESL_inst_algo_unpacked/link_out_7_V_o_ap_lwr -into $link_out_group -radix hex
## add_wave /apatb_algo_unpacked_top/AESL_inst_algo_unpacked/link_out_6_V_o_ap_lwr -into $link_out_group -radix hex
## add_wave /apatb_algo_unpacked_top/AESL_inst_algo_unpacked/link_out_5_V_o_ap_lwr -into $link_out_group -radix hex
## add_wave /apatb_algo_unpacked_top/AESL_inst_algo_unpacked/link_out_4_V_o_ap_lwr -into $link_out_group -radix hex
## add_wave /apatb_algo_unpacked_top/AESL_inst_algo_unpacked/link_out_3_V_o_ap_lwr -into $link_out_group -radix hex
## add_wave /apatb_algo_unpacked_top/AESL_inst_algo_unpacked/link_out_2_V_o_ap_lwr -into $link_out_group -radix hex
## add_wave /apatb_algo_unpacked_top/AESL_inst_algo_unpacked/link_out_1_V_o_ap_lwr -into $link_out_group -radix hex
## add_wave /apatb_algo_unpacked_top/AESL_inst_algo_unpacked/link_out_0_V_o_ap_lwr -into $link_out_group -radix hex
## add_wave /apatb_algo_unpacked_top/AESL_inst_algo_unpacked/link_out_47_V_o_ap_vld -into $link_out_group -color #ffff00 -radix hex
## add_wave /apatb_algo_unpacked_top/AESL_inst_algo_unpacked/link_out_47_V_o -into $link_out_group -radix hex
## add_wave /apatb_algo_unpacked_top/AESL_inst_algo_unpacked/link_out_47_V_i -into $link_out_group -radix hex
## add_wave /apatb_algo_unpacked_top/AESL_inst_algo_unpacked/link_out_46_V_o_ap_vld -into $link_out_group -color #ffff00 -radix hex
## add_wave /apatb_algo_unpacked_top/AESL_inst_algo_unpacked/link_out_46_V_o -into $link_out_group -radix hex
## add_wave /apatb_algo_unpacked_top/AESL_inst_algo_unpacked/link_out_46_V_i -into $link_out_group -radix hex
## add_wave /apatb_algo_unpacked_top/AESL_inst_algo_unpacked/link_out_45_V_o_ap_vld -into $link_out_group -color #ffff00 -radix hex
## add_wave /apatb_algo_unpacked_top/AESL_inst_algo_unpacked/link_out_45_V_o -into $link_out_group -radix hex
## add_wave /apatb_algo_unpacked_top/AESL_inst_algo_unpacked/link_out_45_V_i -into $link_out_group -radix hex
## add_wave /apatb_algo_unpacked_top/AESL_inst_algo_unpacked/link_out_44_V_o_ap_vld -into $link_out_group -color #ffff00 -radix hex
## add_wave /apatb_algo_unpacked_top/AESL_inst_algo_unpacked/link_out_44_V_o -into $link_out_group -radix hex
## add_wave /apatb_algo_unpacked_top/AESL_inst_algo_unpacked/link_out_44_V_i -into $link_out_group -radix hex
## add_wave /apatb_algo_unpacked_top/AESL_inst_algo_unpacked/link_out_43_V_o_ap_vld -into $link_out_group -color #ffff00 -radix hex
## add_wave /apatb_algo_unpacked_top/AESL_inst_algo_unpacked/link_out_43_V_o -into $link_out_group -radix hex
## add_wave /apatb_algo_unpacked_top/AESL_inst_algo_unpacked/link_out_43_V_i -into $link_out_group -radix hex
## add_wave /apatb_algo_unpacked_top/AESL_inst_algo_unpacked/link_out_42_V_o_ap_vld -into $link_out_group -color #ffff00 -radix hex
## add_wave /apatb_algo_unpacked_top/AESL_inst_algo_unpacked/link_out_42_V_o -into $link_out_group -radix hex
## add_wave /apatb_algo_unpacked_top/AESL_inst_algo_unpacked/link_out_42_V_i -into $link_out_group -radix hex
## add_wave /apatb_algo_unpacked_top/AESL_inst_algo_unpacked/link_out_41_V_o_ap_vld -into $link_out_group -color #ffff00 -radix hex
## add_wave /apatb_algo_unpacked_top/AESL_inst_algo_unpacked/link_out_41_V_o -into $link_out_group -radix hex
## add_wave /apatb_algo_unpacked_top/AESL_inst_algo_unpacked/link_out_41_V_i -into $link_out_group -radix hex
## add_wave /apatb_algo_unpacked_top/AESL_inst_algo_unpacked/link_out_40_V_o_ap_vld -into $link_out_group -color #ffff00 -radix hex
## add_wave /apatb_algo_unpacked_top/AESL_inst_algo_unpacked/link_out_40_V_o -into $link_out_group -radix hex
## add_wave /apatb_algo_unpacked_top/AESL_inst_algo_unpacked/link_out_40_V_i -into $link_out_group -radix hex
## add_wave /apatb_algo_unpacked_top/AESL_inst_algo_unpacked/link_out_39_V_o_ap_vld -into $link_out_group -color #ffff00 -radix hex
## add_wave /apatb_algo_unpacked_top/AESL_inst_algo_unpacked/link_out_39_V_o -into $link_out_group -radix hex
## add_wave /apatb_algo_unpacked_top/AESL_inst_algo_unpacked/link_out_39_V_i -into $link_out_group -radix hex
## add_wave /apatb_algo_unpacked_top/AESL_inst_algo_unpacked/link_out_38_V_o_ap_vld -into $link_out_group -color #ffff00 -radix hex
## add_wave /apatb_algo_unpacked_top/AESL_inst_algo_unpacked/link_out_38_V_o -into $link_out_group -radix hex
## add_wave /apatb_algo_unpacked_top/AESL_inst_algo_unpacked/link_out_38_V_i -into $link_out_group -radix hex
## add_wave /apatb_algo_unpacked_top/AESL_inst_algo_unpacked/link_out_37_V_o_ap_vld -into $link_out_group -color #ffff00 -radix hex
## add_wave /apatb_algo_unpacked_top/AESL_inst_algo_unpacked/link_out_37_V_o -into $link_out_group -radix hex
## add_wave /apatb_algo_unpacked_top/AESL_inst_algo_unpacked/link_out_37_V_i -into $link_out_group -radix hex
## add_wave /apatb_algo_unpacked_top/AESL_inst_algo_unpacked/link_out_36_V_o_ap_vld -into $link_out_group -color #ffff00 -radix hex
## add_wave /apatb_algo_unpacked_top/AESL_inst_algo_unpacked/link_out_36_V_o -into $link_out_group -radix hex
## add_wave /apatb_algo_unpacked_top/AESL_inst_algo_unpacked/link_out_36_V_i -into $link_out_group -radix hex
## add_wave /apatb_algo_unpacked_top/AESL_inst_algo_unpacked/link_out_35_V_o_ap_vld -into $link_out_group -color #ffff00 -radix hex
## add_wave /apatb_algo_unpacked_top/AESL_inst_algo_unpacked/link_out_35_V_o -into $link_out_group -radix hex
## add_wave /apatb_algo_unpacked_top/AESL_inst_algo_unpacked/link_out_35_V_i -into $link_out_group -radix hex
## add_wave /apatb_algo_unpacked_top/AESL_inst_algo_unpacked/link_out_34_V_o_ap_vld -into $link_out_group -color #ffff00 -radix hex
## add_wave /apatb_algo_unpacked_top/AESL_inst_algo_unpacked/link_out_34_V_o -into $link_out_group -radix hex
## add_wave /apatb_algo_unpacked_top/AESL_inst_algo_unpacked/link_out_34_V_i -into $link_out_group -radix hex
## add_wave /apatb_algo_unpacked_top/AESL_inst_algo_unpacked/link_out_33_V_o_ap_vld -into $link_out_group -color #ffff00 -radix hex
## add_wave /apatb_algo_unpacked_top/AESL_inst_algo_unpacked/link_out_33_V_o -into $link_out_group -radix hex
## add_wave /apatb_algo_unpacked_top/AESL_inst_algo_unpacked/link_out_33_V_i -into $link_out_group -radix hex
## add_wave /apatb_algo_unpacked_top/AESL_inst_algo_unpacked/link_out_32_V_o_ap_vld -into $link_out_group -color #ffff00 -radix hex
## add_wave /apatb_algo_unpacked_top/AESL_inst_algo_unpacked/link_out_32_V_o -into $link_out_group -radix hex
## add_wave /apatb_algo_unpacked_top/AESL_inst_algo_unpacked/link_out_32_V_i -into $link_out_group -radix hex
## add_wave /apatb_algo_unpacked_top/AESL_inst_algo_unpacked/link_out_31_V_o_ap_vld -into $link_out_group -color #ffff00 -radix hex
## add_wave /apatb_algo_unpacked_top/AESL_inst_algo_unpacked/link_out_31_V_o -into $link_out_group -radix hex
## add_wave /apatb_algo_unpacked_top/AESL_inst_algo_unpacked/link_out_31_V_i -into $link_out_group -radix hex
## add_wave /apatb_algo_unpacked_top/AESL_inst_algo_unpacked/link_out_30_V_o_ap_vld -into $link_out_group -color #ffff00 -radix hex
## add_wave /apatb_algo_unpacked_top/AESL_inst_algo_unpacked/link_out_30_V_o -into $link_out_group -radix hex
## add_wave /apatb_algo_unpacked_top/AESL_inst_algo_unpacked/link_out_30_V_i -into $link_out_group -radix hex
## add_wave /apatb_algo_unpacked_top/AESL_inst_algo_unpacked/link_out_29_V_o_ap_vld -into $link_out_group -color #ffff00 -radix hex
## add_wave /apatb_algo_unpacked_top/AESL_inst_algo_unpacked/link_out_29_V_o -into $link_out_group -radix hex
## add_wave /apatb_algo_unpacked_top/AESL_inst_algo_unpacked/link_out_29_V_i -into $link_out_group -radix hex
## add_wave /apatb_algo_unpacked_top/AESL_inst_algo_unpacked/link_out_28_V_o_ap_vld -into $link_out_group -color #ffff00 -radix hex
## add_wave /apatb_algo_unpacked_top/AESL_inst_algo_unpacked/link_out_28_V_o -into $link_out_group -radix hex
## add_wave /apatb_algo_unpacked_top/AESL_inst_algo_unpacked/link_out_28_V_i -into $link_out_group -radix hex
## add_wave /apatb_algo_unpacked_top/AESL_inst_algo_unpacked/link_out_27_V_o_ap_vld -into $link_out_group -color #ffff00 -radix hex
## add_wave /apatb_algo_unpacked_top/AESL_inst_algo_unpacked/link_out_27_V_o -into $link_out_group -radix hex
## add_wave /apatb_algo_unpacked_top/AESL_inst_algo_unpacked/link_out_27_V_i -into $link_out_group -radix hex
## add_wave /apatb_algo_unpacked_top/AESL_inst_algo_unpacked/link_out_26_V_o_ap_vld -into $link_out_group -color #ffff00 -radix hex
## add_wave /apatb_algo_unpacked_top/AESL_inst_algo_unpacked/link_out_26_V_o -into $link_out_group -radix hex
## add_wave /apatb_algo_unpacked_top/AESL_inst_algo_unpacked/link_out_26_V_i -into $link_out_group -radix hex
## add_wave /apatb_algo_unpacked_top/AESL_inst_algo_unpacked/link_out_25_V_o_ap_vld -into $link_out_group -color #ffff00 -radix hex
## add_wave /apatb_algo_unpacked_top/AESL_inst_algo_unpacked/link_out_25_V_o -into $link_out_group -radix hex
## add_wave /apatb_algo_unpacked_top/AESL_inst_algo_unpacked/link_out_25_V_i -into $link_out_group -radix hex
## add_wave /apatb_algo_unpacked_top/AESL_inst_algo_unpacked/link_out_24_V_o_ap_vld -into $link_out_group -color #ffff00 -radix hex
## add_wave /apatb_algo_unpacked_top/AESL_inst_algo_unpacked/link_out_24_V_o -into $link_out_group -radix hex
## add_wave /apatb_algo_unpacked_top/AESL_inst_algo_unpacked/link_out_24_V_i -into $link_out_group -radix hex
## add_wave /apatb_algo_unpacked_top/AESL_inst_algo_unpacked/link_out_23_V_o_ap_vld -into $link_out_group -color #ffff00 -radix hex
## add_wave /apatb_algo_unpacked_top/AESL_inst_algo_unpacked/link_out_23_V_o -into $link_out_group -radix hex
## add_wave /apatb_algo_unpacked_top/AESL_inst_algo_unpacked/link_out_23_V_i -into $link_out_group -radix hex
## add_wave /apatb_algo_unpacked_top/AESL_inst_algo_unpacked/link_out_22_V_o_ap_vld -into $link_out_group -color #ffff00 -radix hex
## add_wave /apatb_algo_unpacked_top/AESL_inst_algo_unpacked/link_out_22_V_o -into $link_out_group -radix hex
## add_wave /apatb_algo_unpacked_top/AESL_inst_algo_unpacked/link_out_22_V_i -into $link_out_group -radix hex
## add_wave /apatb_algo_unpacked_top/AESL_inst_algo_unpacked/link_out_21_V_o_ap_vld -into $link_out_group -color #ffff00 -radix hex
## add_wave /apatb_algo_unpacked_top/AESL_inst_algo_unpacked/link_out_21_V_o -into $link_out_group -radix hex
## add_wave /apatb_algo_unpacked_top/AESL_inst_algo_unpacked/link_out_21_V_i -into $link_out_group -radix hex
## add_wave /apatb_algo_unpacked_top/AESL_inst_algo_unpacked/link_out_20_V_o_ap_vld -into $link_out_group -color #ffff00 -radix hex
## add_wave /apatb_algo_unpacked_top/AESL_inst_algo_unpacked/link_out_20_V_o -into $link_out_group -radix hex
## add_wave /apatb_algo_unpacked_top/AESL_inst_algo_unpacked/link_out_20_V_i -into $link_out_group -radix hex
## add_wave /apatb_algo_unpacked_top/AESL_inst_algo_unpacked/link_out_19_V_o_ap_vld -into $link_out_group -color #ffff00 -radix hex
## add_wave /apatb_algo_unpacked_top/AESL_inst_algo_unpacked/link_out_19_V_o -into $link_out_group -radix hex
## add_wave /apatb_algo_unpacked_top/AESL_inst_algo_unpacked/link_out_19_V_i -into $link_out_group -radix hex
## add_wave /apatb_algo_unpacked_top/AESL_inst_algo_unpacked/link_out_18_V_o_ap_vld -into $link_out_group -color #ffff00 -radix hex
## add_wave /apatb_algo_unpacked_top/AESL_inst_algo_unpacked/link_out_18_V_o -into $link_out_group -radix hex
## add_wave /apatb_algo_unpacked_top/AESL_inst_algo_unpacked/link_out_18_V_i -into $link_out_group -radix hex
## add_wave /apatb_algo_unpacked_top/AESL_inst_algo_unpacked/link_out_17_V_o_ap_vld -into $link_out_group -color #ffff00 -radix hex
## add_wave /apatb_algo_unpacked_top/AESL_inst_algo_unpacked/link_out_17_V_o -into $link_out_group -radix hex
## add_wave /apatb_algo_unpacked_top/AESL_inst_algo_unpacked/link_out_17_V_i -into $link_out_group -radix hex
## add_wave /apatb_algo_unpacked_top/AESL_inst_algo_unpacked/link_out_16_V_o_ap_vld -into $link_out_group -color #ffff00 -radix hex
## add_wave /apatb_algo_unpacked_top/AESL_inst_algo_unpacked/link_out_16_V_o -into $link_out_group -radix hex
## add_wave /apatb_algo_unpacked_top/AESL_inst_algo_unpacked/link_out_16_V_i -into $link_out_group -radix hex
## add_wave /apatb_algo_unpacked_top/AESL_inst_algo_unpacked/link_out_15_V_o_ap_vld -into $link_out_group -color #ffff00 -radix hex
## add_wave /apatb_algo_unpacked_top/AESL_inst_algo_unpacked/link_out_15_V_o -into $link_out_group -radix hex
## add_wave /apatb_algo_unpacked_top/AESL_inst_algo_unpacked/link_out_15_V_i -into $link_out_group -radix hex
## add_wave /apatb_algo_unpacked_top/AESL_inst_algo_unpacked/link_out_14_V_o_ap_vld -into $link_out_group -color #ffff00 -radix hex
## add_wave /apatb_algo_unpacked_top/AESL_inst_algo_unpacked/link_out_14_V_o -into $link_out_group -radix hex
## add_wave /apatb_algo_unpacked_top/AESL_inst_algo_unpacked/link_out_14_V_i -into $link_out_group -radix hex
## add_wave /apatb_algo_unpacked_top/AESL_inst_algo_unpacked/link_out_13_V_o_ap_vld -into $link_out_group -color #ffff00 -radix hex
## add_wave /apatb_algo_unpacked_top/AESL_inst_algo_unpacked/link_out_13_V_o -into $link_out_group -radix hex
## add_wave /apatb_algo_unpacked_top/AESL_inst_algo_unpacked/link_out_13_V_i -into $link_out_group -radix hex
## add_wave /apatb_algo_unpacked_top/AESL_inst_algo_unpacked/link_out_12_V_o_ap_vld -into $link_out_group -color #ffff00 -radix hex
## add_wave /apatb_algo_unpacked_top/AESL_inst_algo_unpacked/link_out_12_V_o -into $link_out_group -radix hex
## add_wave /apatb_algo_unpacked_top/AESL_inst_algo_unpacked/link_out_12_V_i -into $link_out_group -radix hex
## add_wave /apatb_algo_unpacked_top/AESL_inst_algo_unpacked/link_out_11_V_o_ap_vld -into $link_out_group -color #ffff00 -radix hex
## add_wave /apatb_algo_unpacked_top/AESL_inst_algo_unpacked/link_out_11_V_o -into $link_out_group -radix hex
## add_wave /apatb_algo_unpacked_top/AESL_inst_algo_unpacked/link_out_11_V_i -into $link_out_group -radix hex
## add_wave /apatb_algo_unpacked_top/AESL_inst_algo_unpacked/link_out_10_V_o_ap_vld -into $link_out_group -color #ffff00 -radix hex
## add_wave /apatb_algo_unpacked_top/AESL_inst_algo_unpacked/link_out_10_V_o -into $link_out_group -radix hex
## add_wave /apatb_algo_unpacked_top/AESL_inst_algo_unpacked/link_out_10_V_i -into $link_out_group -radix hex
## add_wave /apatb_algo_unpacked_top/AESL_inst_algo_unpacked/link_out_9_V_o_ap_vld -into $link_out_group -color #ffff00 -radix hex
## add_wave /apatb_algo_unpacked_top/AESL_inst_algo_unpacked/link_out_9_V_o -into $link_out_group -radix hex
## add_wave /apatb_algo_unpacked_top/AESL_inst_algo_unpacked/link_out_9_V_i -into $link_out_group -radix hex
## add_wave /apatb_algo_unpacked_top/AESL_inst_algo_unpacked/link_out_8_V_o_ap_vld -into $link_out_group -color #ffff00 -radix hex
## add_wave /apatb_algo_unpacked_top/AESL_inst_algo_unpacked/link_out_8_V_o -into $link_out_group -radix hex
## add_wave /apatb_algo_unpacked_top/AESL_inst_algo_unpacked/link_out_8_V_i -into $link_out_group -radix hex
## add_wave /apatb_algo_unpacked_top/AESL_inst_algo_unpacked/link_out_7_V_o_ap_vld -into $link_out_group -color #ffff00 -radix hex
## add_wave /apatb_algo_unpacked_top/AESL_inst_algo_unpacked/link_out_7_V_o -into $link_out_group -radix hex
## add_wave /apatb_algo_unpacked_top/AESL_inst_algo_unpacked/link_out_7_V_i -into $link_out_group -radix hex
## add_wave /apatb_algo_unpacked_top/AESL_inst_algo_unpacked/link_out_6_V_o_ap_vld -into $link_out_group -color #ffff00 -radix hex
## add_wave /apatb_algo_unpacked_top/AESL_inst_algo_unpacked/link_out_6_V_o -into $link_out_group -radix hex
## add_wave /apatb_algo_unpacked_top/AESL_inst_algo_unpacked/link_out_6_V_i -into $link_out_group -radix hex
## add_wave /apatb_algo_unpacked_top/AESL_inst_algo_unpacked/link_out_5_V_o_ap_vld -into $link_out_group -color #ffff00 -radix hex
## add_wave /apatb_algo_unpacked_top/AESL_inst_algo_unpacked/link_out_5_V_o -into $link_out_group -radix hex
## add_wave /apatb_algo_unpacked_top/AESL_inst_algo_unpacked/link_out_5_V_i -into $link_out_group -radix hex
## add_wave /apatb_algo_unpacked_top/AESL_inst_algo_unpacked/link_out_4_V_o_ap_vld -into $link_out_group -color #ffff00 -radix hex
## add_wave /apatb_algo_unpacked_top/AESL_inst_algo_unpacked/link_out_4_V_o -into $link_out_group -radix hex
## add_wave /apatb_algo_unpacked_top/AESL_inst_algo_unpacked/link_out_4_V_i -into $link_out_group -radix hex
## add_wave /apatb_algo_unpacked_top/AESL_inst_algo_unpacked/link_out_3_V_o_ap_vld -into $link_out_group -color #ffff00 -radix hex
## add_wave /apatb_algo_unpacked_top/AESL_inst_algo_unpacked/link_out_3_V_o -into $link_out_group -radix hex
## add_wave /apatb_algo_unpacked_top/AESL_inst_algo_unpacked/link_out_3_V_i -into $link_out_group -radix hex
## add_wave /apatb_algo_unpacked_top/AESL_inst_algo_unpacked/link_out_2_V_o_ap_vld -into $link_out_group -color #ffff00 -radix hex
## add_wave /apatb_algo_unpacked_top/AESL_inst_algo_unpacked/link_out_2_V_o -into $link_out_group -radix hex
## add_wave /apatb_algo_unpacked_top/AESL_inst_algo_unpacked/link_out_2_V_i -into $link_out_group -radix hex
## add_wave /apatb_algo_unpacked_top/AESL_inst_algo_unpacked/link_out_1_V_o_ap_vld -into $link_out_group -color #ffff00 -radix hex
## add_wave /apatb_algo_unpacked_top/AESL_inst_algo_unpacked/link_out_1_V_o -into $link_out_group -radix hex
## add_wave /apatb_algo_unpacked_top/AESL_inst_algo_unpacked/link_out_1_V_i -into $link_out_group -radix hex
## add_wave /apatb_algo_unpacked_top/AESL_inst_algo_unpacked/link_out_0_V_o_ap_vld -into $link_out_group -color #ffff00 -radix hex
## add_wave /apatb_algo_unpacked_top/AESL_inst_algo_unpacked/link_out_0_V_o -into $link_out_group -radix hex
## add_wave /apatb_algo_unpacked_top/AESL_inst_algo_unpacked/link_out_0_V_i -into $link_out_group -radix hex
## set cinputgroup [add_wave_group "C Inputs" -into $designtopgroup]
## set link_in_group [add_wave_group link_in(wire) -into $cinputgroup]
## add_wave /apatb_algo_unpacked_top/AESL_inst_algo_unpacked/link_in_47_V -into $link_in_group -radix hex
## add_wave /apatb_algo_unpacked_top/AESL_inst_algo_unpacked/link_in_46_V -into $link_in_group -radix hex
## add_wave /apatb_algo_unpacked_top/AESL_inst_algo_unpacked/link_in_45_V -into $link_in_group -radix hex
## add_wave /apatb_algo_unpacked_top/AESL_inst_algo_unpacked/link_in_44_V -into $link_in_group -radix hex
## add_wave /apatb_algo_unpacked_top/AESL_inst_algo_unpacked/link_in_43_V -into $link_in_group -radix hex
## add_wave /apatb_algo_unpacked_top/AESL_inst_algo_unpacked/link_in_42_V -into $link_in_group -radix hex
## add_wave /apatb_algo_unpacked_top/AESL_inst_algo_unpacked/link_in_41_V -into $link_in_group -radix hex
## add_wave /apatb_algo_unpacked_top/AESL_inst_algo_unpacked/link_in_40_V -into $link_in_group -radix hex
## add_wave /apatb_algo_unpacked_top/AESL_inst_algo_unpacked/link_in_39_V -into $link_in_group -radix hex
## add_wave /apatb_algo_unpacked_top/AESL_inst_algo_unpacked/link_in_38_V -into $link_in_group -radix hex
## add_wave /apatb_algo_unpacked_top/AESL_inst_algo_unpacked/link_in_37_V -into $link_in_group -radix hex
## add_wave /apatb_algo_unpacked_top/AESL_inst_algo_unpacked/link_in_36_V -into $link_in_group -radix hex
## add_wave /apatb_algo_unpacked_top/AESL_inst_algo_unpacked/link_in_35_V -into $link_in_group -radix hex
## add_wave /apatb_algo_unpacked_top/AESL_inst_algo_unpacked/link_in_34_V -into $link_in_group -radix hex
## add_wave /apatb_algo_unpacked_top/AESL_inst_algo_unpacked/link_in_33_V -into $link_in_group -radix hex
## add_wave /apatb_algo_unpacked_top/AESL_inst_algo_unpacked/link_in_32_V -into $link_in_group -radix hex
## add_wave /apatb_algo_unpacked_top/AESL_inst_algo_unpacked/link_in_31_V -into $link_in_group -radix hex
## add_wave /apatb_algo_unpacked_top/AESL_inst_algo_unpacked/link_in_30_V -into $link_in_group -radix hex
## add_wave /apatb_algo_unpacked_top/AESL_inst_algo_unpacked/link_in_29_V -into $link_in_group -radix hex
## add_wave /apatb_algo_unpacked_top/AESL_inst_algo_unpacked/link_in_28_V -into $link_in_group -radix hex
## add_wave /apatb_algo_unpacked_top/AESL_inst_algo_unpacked/link_in_27_V -into $link_in_group -radix hex
## add_wave /apatb_algo_unpacked_top/AESL_inst_algo_unpacked/link_in_26_V -into $link_in_group -radix hex
## add_wave /apatb_algo_unpacked_top/AESL_inst_algo_unpacked/link_in_25_V -into $link_in_group -radix hex
## add_wave /apatb_algo_unpacked_top/AESL_inst_algo_unpacked/link_in_24_V -into $link_in_group -radix hex
## add_wave /apatb_algo_unpacked_top/AESL_inst_algo_unpacked/link_in_23_V -into $link_in_group -radix hex
## add_wave /apatb_algo_unpacked_top/AESL_inst_algo_unpacked/link_in_22_V -into $link_in_group -radix hex
## add_wave /apatb_algo_unpacked_top/AESL_inst_algo_unpacked/link_in_21_V -into $link_in_group -radix hex
## add_wave /apatb_algo_unpacked_top/AESL_inst_algo_unpacked/link_in_20_V -into $link_in_group -radix hex
## add_wave /apatb_algo_unpacked_top/AESL_inst_algo_unpacked/link_in_19_V -into $link_in_group -radix hex
## add_wave /apatb_algo_unpacked_top/AESL_inst_algo_unpacked/link_in_18_V -into $link_in_group -radix hex
## add_wave /apatb_algo_unpacked_top/AESL_inst_algo_unpacked/link_in_17_V -into $link_in_group -radix hex
## add_wave /apatb_algo_unpacked_top/AESL_inst_algo_unpacked/link_in_16_V -into $link_in_group -radix hex
## add_wave /apatb_algo_unpacked_top/AESL_inst_algo_unpacked/link_in_15_V -into $link_in_group -radix hex
## add_wave /apatb_algo_unpacked_top/AESL_inst_algo_unpacked/link_in_14_V -into $link_in_group -radix hex
## add_wave /apatb_algo_unpacked_top/AESL_inst_algo_unpacked/link_in_13_V -into $link_in_group -radix hex
## add_wave /apatb_algo_unpacked_top/AESL_inst_algo_unpacked/link_in_12_V -into $link_in_group -radix hex
## add_wave /apatb_algo_unpacked_top/AESL_inst_algo_unpacked/link_in_11_V -into $link_in_group -radix hex
## add_wave /apatb_algo_unpacked_top/AESL_inst_algo_unpacked/link_in_10_V -into $link_in_group -radix hex
## add_wave /apatb_algo_unpacked_top/AESL_inst_algo_unpacked/link_in_9_V -into $link_in_group -radix hex
## add_wave /apatb_algo_unpacked_top/AESL_inst_algo_unpacked/link_in_8_V -into $link_in_group -radix hex
## add_wave /apatb_algo_unpacked_top/AESL_inst_algo_unpacked/link_in_7_V -into $link_in_group -radix hex
## add_wave /apatb_algo_unpacked_top/AESL_inst_algo_unpacked/link_in_6_V -into $link_in_group -radix hex
## add_wave /apatb_algo_unpacked_top/AESL_inst_algo_unpacked/link_in_5_V -into $link_in_group -radix hex
## add_wave /apatb_algo_unpacked_top/AESL_inst_algo_unpacked/link_in_4_V -into $link_in_group -radix hex
## add_wave /apatb_algo_unpacked_top/AESL_inst_algo_unpacked/link_in_3_V -into $link_in_group -radix hex
## add_wave /apatb_algo_unpacked_top/AESL_inst_algo_unpacked/link_in_2_V -into $link_in_group -radix hex
## add_wave /apatb_algo_unpacked_top/AESL_inst_algo_unpacked/link_in_1_V -into $link_in_group -radix hex
## add_wave /apatb_algo_unpacked_top/AESL_inst_algo_unpacked/link_in_0_V -into $link_in_group -radix hex
## set blocksiggroup [add_wave_group "Block-level IO Handshake" -into $designtopgroup]
## add_wave /apatb_algo_unpacked_top/AESL_inst_algo_unpacked/ap_start -into $blocksiggroup
## add_wave /apatb_algo_unpacked_top/AESL_inst_algo_unpacked/ap_done -into $blocksiggroup
## add_wave /apatb_algo_unpacked_top/AESL_inst_algo_unpacked/ap_idle -into $blocksiggroup
## add_wave /apatb_algo_unpacked_top/AESL_inst_algo_unpacked/ap_ready -into $blocksiggroup
## set resetgroup [add_wave_group "Reset" -into $designtopgroup]
## add_wave /apatb_algo_unpacked_top/AESL_inst_algo_unpacked/ap_rst -into $resetgroup
## set clockgroup [add_wave_group "Clock" -into $designtopgroup]
## add_wave /apatb_algo_unpacked_top/AESL_inst_algo_unpacked/ap_clk -into $clockgroup
## set testbenchgroup [add_wave_group "Test Bench Signals"]
## set tbinternalsiggroup [add_wave_group "Internal Signals" -into $testbenchgroup]
## set tb_simstatus_group [add_wave_group "Simulation Status" -into $tbinternalsiggroup]
## set tb_portdepth_group [add_wave_group "Port Depth" -into $tbinternalsiggroup]
## add_wave /apatb_algo_unpacked_top/AUTOTB_TRANSACTION_NUM -into $tb_simstatus_group -radix hex
## add_wave /apatb_algo_unpacked_top/ready_cnt -into $tb_simstatus_group -radix hex
## add_wave /apatb_algo_unpacked_top/done_cnt -into $tb_simstatus_group -radix hex
## add_wave /apatb_algo_unpacked_top/LENGTH_link_in_0_V -into $tb_portdepth_group -radix hex
## add_wave /apatb_algo_unpacked_top/LENGTH_link_in_1_V -into $tb_portdepth_group -radix hex
## add_wave /apatb_algo_unpacked_top/LENGTH_link_in_2_V -into $tb_portdepth_group -radix hex
## add_wave /apatb_algo_unpacked_top/LENGTH_link_in_3_V -into $tb_portdepth_group -radix hex
## add_wave /apatb_algo_unpacked_top/LENGTH_link_in_4_V -into $tb_portdepth_group -radix hex
## add_wave /apatb_algo_unpacked_top/LENGTH_link_in_5_V -into $tb_portdepth_group -radix hex
## add_wave /apatb_algo_unpacked_top/LENGTH_link_in_6_V -into $tb_portdepth_group -radix hex
## add_wave /apatb_algo_unpacked_top/LENGTH_link_in_7_V -into $tb_portdepth_group -radix hex
## add_wave /apatb_algo_unpacked_top/LENGTH_link_in_8_V -into $tb_portdepth_group -radix hex
## add_wave /apatb_algo_unpacked_top/LENGTH_link_in_9_V -into $tb_portdepth_group -radix hex
## add_wave /apatb_algo_unpacked_top/LENGTH_link_in_10_V -into $tb_portdepth_group -radix hex
## add_wave /apatb_algo_unpacked_top/LENGTH_link_in_11_V -into $tb_portdepth_group -radix hex
## add_wave /apatb_algo_unpacked_top/LENGTH_link_in_12_V -into $tb_portdepth_group -radix hex
## add_wave /apatb_algo_unpacked_top/LENGTH_link_in_13_V -into $tb_portdepth_group -radix hex
## add_wave /apatb_algo_unpacked_top/LENGTH_link_in_14_V -into $tb_portdepth_group -radix hex
## add_wave /apatb_algo_unpacked_top/LENGTH_link_in_15_V -into $tb_portdepth_group -radix hex
## add_wave /apatb_algo_unpacked_top/LENGTH_link_in_16_V -into $tb_portdepth_group -radix hex
## add_wave /apatb_algo_unpacked_top/LENGTH_link_in_17_V -into $tb_portdepth_group -radix hex
## add_wave /apatb_algo_unpacked_top/LENGTH_link_in_18_V -into $tb_portdepth_group -radix hex
## add_wave /apatb_algo_unpacked_top/LENGTH_link_in_19_V -into $tb_portdepth_group -radix hex
## add_wave /apatb_algo_unpacked_top/LENGTH_link_in_20_V -into $tb_portdepth_group -radix hex
## add_wave /apatb_algo_unpacked_top/LENGTH_link_in_21_V -into $tb_portdepth_group -radix hex
## add_wave /apatb_algo_unpacked_top/LENGTH_link_in_22_V -into $tb_portdepth_group -radix hex
## add_wave /apatb_algo_unpacked_top/LENGTH_link_in_23_V -into $tb_portdepth_group -radix hex
## add_wave /apatb_algo_unpacked_top/LENGTH_link_in_24_V -into $tb_portdepth_group -radix hex
## add_wave /apatb_algo_unpacked_top/LENGTH_link_in_25_V -into $tb_portdepth_group -radix hex
## add_wave /apatb_algo_unpacked_top/LENGTH_link_in_26_V -into $tb_portdepth_group -radix hex
## add_wave /apatb_algo_unpacked_top/LENGTH_link_in_27_V -into $tb_portdepth_group -radix hex
## add_wave /apatb_algo_unpacked_top/LENGTH_link_out_0_V -into $tb_portdepth_group -radix hex
## add_wave /apatb_algo_unpacked_top/LENGTH_link_out_1_V -into $tb_portdepth_group -radix hex
## add_wave /apatb_algo_unpacked_top/LENGTH_link_out_2_V -into $tb_portdepth_group -radix hex
## add_wave /apatb_algo_unpacked_top/LENGTH_link_out_3_V -into $tb_portdepth_group -radix hex
## add_wave /apatb_algo_unpacked_top/LENGTH_link_out_4_V -into $tb_portdepth_group -radix hex
## add_wave /apatb_algo_unpacked_top/LENGTH_link_out_5_V -into $tb_portdepth_group -radix hex
## add_wave /apatb_algo_unpacked_top/LENGTH_link_out_6_V -into $tb_portdepth_group -radix hex
## add_wave /apatb_algo_unpacked_top/LENGTH_link_out_7_V -into $tb_portdepth_group -radix hex
## add_wave /apatb_algo_unpacked_top/LENGTH_link_out_8_V -into $tb_portdepth_group -radix hex
## add_wave /apatb_algo_unpacked_top/LENGTH_link_out_9_V -into $tb_portdepth_group -radix hex
## add_wave /apatb_algo_unpacked_top/LENGTH_link_out_10_V -into $tb_portdepth_group -radix hex
## add_wave /apatb_algo_unpacked_top/LENGTH_link_out_11_V -into $tb_portdepth_group -radix hex
## add_wave /apatb_algo_unpacked_top/LENGTH_link_out_12_V -into $tb_portdepth_group -radix hex
## add_wave /apatb_algo_unpacked_top/LENGTH_link_out_13_V -into $tb_portdepth_group -radix hex
## add_wave /apatb_algo_unpacked_top/LENGTH_link_out_14_V -into $tb_portdepth_group -radix hex
## add_wave /apatb_algo_unpacked_top/LENGTH_link_out_15_V -into $tb_portdepth_group -radix hex
## add_wave /apatb_algo_unpacked_top/LENGTH_link_out_16_V -into $tb_portdepth_group -radix hex
## add_wave /apatb_algo_unpacked_top/LENGTH_link_out_17_V -into $tb_portdepth_group -radix hex
## add_wave /apatb_algo_unpacked_top/LENGTH_link_out_18_V -into $tb_portdepth_group -radix hex
## add_wave /apatb_algo_unpacked_top/LENGTH_link_out_19_V -into $tb_portdepth_group -radix hex
## add_wave /apatb_algo_unpacked_top/LENGTH_link_out_20_V -into $tb_portdepth_group -radix hex
## add_wave /apatb_algo_unpacked_top/LENGTH_link_out_21_V -into $tb_portdepth_group -radix hex
## add_wave /apatb_algo_unpacked_top/LENGTH_link_out_22_V -into $tb_portdepth_group -radix hex
## add_wave /apatb_algo_unpacked_top/LENGTH_link_out_23_V -into $tb_portdepth_group -radix hex
## add_wave /apatb_algo_unpacked_top/LENGTH_link_out_24_V -into $tb_portdepth_group -radix hex
## add_wave /apatb_algo_unpacked_top/LENGTH_link_out_25_V -into $tb_portdepth_group -radix hex
## add_wave /apatb_algo_unpacked_top/LENGTH_link_out_26_V -into $tb_portdepth_group -radix hex
## add_wave /apatb_algo_unpacked_top/LENGTH_link_out_27_V -into $tb_portdepth_group -radix hex
## add_wave /apatb_algo_unpacked_top/LENGTH_link_out_28_V -into $tb_portdepth_group -radix hex
## add_wave /apatb_algo_unpacked_top/LENGTH_link_out_29_V -into $tb_portdepth_group -radix hex
## add_wave /apatb_algo_unpacked_top/LENGTH_link_out_30_V -into $tb_portdepth_group -radix hex
## add_wave /apatb_algo_unpacked_top/LENGTH_link_out_31_V -into $tb_portdepth_group -radix hex
## add_wave /apatb_algo_unpacked_top/LENGTH_link_out_32_V -into $tb_portdepth_group -radix hex
## add_wave /apatb_algo_unpacked_top/LENGTH_link_out_33_V -into $tb_portdepth_group -radix hex
## add_wave /apatb_algo_unpacked_top/LENGTH_link_out_34_V -into $tb_portdepth_group -radix hex
## add_wave /apatb_algo_unpacked_top/LENGTH_link_out_35_V -into $tb_portdepth_group -radix hex
## add_wave /apatb_algo_unpacked_top/LENGTH_link_out_36_V -into $tb_portdepth_group -radix hex
## add_wave /apatb_algo_unpacked_top/LENGTH_link_out_37_V -into $tb_portdepth_group -radix hex
## add_wave /apatb_algo_unpacked_top/LENGTH_link_out_38_V -into $tb_portdepth_group -radix hex
## add_wave /apatb_algo_unpacked_top/LENGTH_link_out_39_V -into $tb_portdepth_group -radix hex
## add_wave /apatb_algo_unpacked_top/LENGTH_link_out_40_V -into $tb_portdepth_group -radix hex
## add_wave /apatb_algo_unpacked_top/LENGTH_link_out_41_V -into $tb_portdepth_group -radix hex
## add_wave /apatb_algo_unpacked_top/LENGTH_link_out_42_V -into $tb_portdepth_group -radix hex
## add_wave /apatb_algo_unpacked_top/LENGTH_link_out_43_V -into $tb_portdepth_group -radix hex
## add_wave /apatb_algo_unpacked_top/LENGTH_link_out_44_V -into $tb_portdepth_group -radix hex
## add_wave /apatb_algo_unpacked_top/LENGTH_link_out_45_V -into $tb_portdepth_group -radix hex
## add_wave /apatb_algo_unpacked_top/LENGTH_link_out_46_V -into $tb_portdepth_group -radix hex
## add_wave /apatb_algo_unpacked_top/LENGTH_link_out_47_V -into $tb_portdepth_group -radix hex
## set tbcinoutgroup [add_wave_group "C InOuts" -into $testbenchgroup]
## set tb_link_out_group [add_wave_group link_out(wire) -into $tbcinoutgroup]
## add_wave /apatb_algo_unpacked_top/link_out_47_V_o_ap_lwr -into $tb_link_out_group -radix hex
## add_wave /apatb_algo_unpacked_top/link_out_46_V_o_ap_lwr -into $tb_link_out_group -radix hex
## add_wave /apatb_algo_unpacked_top/link_out_45_V_o_ap_lwr -into $tb_link_out_group -radix hex
## add_wave /apatb_algo_unpacked_top/link_out_44_V_o_ap_lwr -into $tb_link_out_group -radix hex
## add_wave /apatb_algo_unpacked_top/link_out_43_V_o_ap_lwr -into $tb_link_out_group -radix hex
## add_wave /apatb_algo_unpacked_top/link_out_42_V_o_ap_lwr -into $tb_link_out_group -radix hex
## add_wave /apatb_algo_unpacked_top/link_out_41_V_o_ap_lwr -into $tb_link_out_group -radix hex
## add_wave /apatb_algo_unpacked_top/link_out_40_V_o_ap_lwr -into $tb_link_out_group -radix hex
## add_wave /apatb_algo_unpacked_top/link_out_39_V_o_ap_lwr -into $tb_link_out_group -radix hex
## add_wave /apatb_algo_unpacked_top/link_out_38_V_o_ap_lwr -into $tb_link_out_group -radix hex
## add_wave /apatb_algo_unpacked_top/link_out_37_V_o_ap_lwr -into $tb_link_out_group -radix hex
## add_wave /apatb_algo_unpacked_top/link_out_36_V_o_ap_lwr -into $tb_link_out_group -radix hex
## add_wave /apatb_algo_unpacked_top/link_out_35_V_o_ap_lwr -into $tb_link_out_group -radix hex
## add_wave /apatb_algo_unpacked_top/link_out_34_V_o_ap_lwr -into $tb_link_out_group -radix hex
## add_wave /apatb_algo_unpacked_top/link_out_33_V_o_ap_lwr -into $tb_link_out_group -radix hex
## add_wave /apatb_algo_unpacked_top/link_out_32_V_o_ap_lwr -into $tb_link_out_group -radix hex
## add_wave /apatb_algo_unpacked_top/link_out_31_V_o_ap_lwr -into $tb_link_out_group -radix hex
## add_wave /apatb_algo_unpacked_top/link_out_30_V_o_ap_lwr -into $tb_link_out_group -radix hex
## add_wave /apatb_algo_unpacked_top/link_out_29_V_o_ap_lwr -into $tb_link_out_group -radix hex
## add_wave /apatb_algo_unpacked_top/link_out_28_V_o_ap_lwr -into $tb_link_out_group -radix hex
## add_wave /apatb_algo_unpacked_top/link_out_27_V_o_ap_lwr -into $tb_link_out_group -radix hex
## add_wave /apatb_algo_unpacked_top/link_out_26_V_o_ap_lwr -into $tb_link_out_group -radix hex
## add_wave /apatb_algo_unpacked_top/link_out_25_V_o_ap_lwr -into $tb_link_out_group -radix hex
## add_wave /apatb_algo_unpacked_top/link_out_24_V_o_ap_lwr -into $tb_link_out_group -radix hex
## add_wave /apatb_algo_unpacked_top/link_out_23_V_o_ap_lwr -into $tb_link_out_group -radix hex
## add_wave /apatb_algo_unpacked_top/link_out_22_V_o_ap_lwr -into $tb_link_out_group -radix hex
## add_wave /apatb_algo_unpacked_top/link_out_21_V_o_ap_lwr -into $tb_link_out_group -radix hex
## add_wave /apatb_algo_unpacked_top/link_out_20_V_o_ap_lwr -into $tb_link_out_group -radix hex
## add_wave /apatb_algo_unpacked_top/link_out_19_V_o_ap_lwr -into $tb_link_out_group -radix hex
## add_wave /apatb_algo_unpacked_top/link_out_18_V_o_ap_lwr -into $tb_link_out_group -radix hex
## add_wave /apatb_algo_unpacked_top/link_out_17_V_o_ap_lwr -into $tb_link_out_group -radix hex
## add_wave /apatb_algo_unpacked_top/link_out_16_V_o_ap_lwr -into $tb_link_out_group -radix hex
## add_wave /apatb_algo_unpacked_top/link_out_15_V_o_ap_lwr -into $tb_link_out_group -radix hex
## add_wave /apatb_algo_unpacked_top/link_out_14_V_o_ap_lwr -into $tb_link_out_group -radix hex
## add_wave /apatb_algo_unpacked_top/link_out_13_V_o_ap_lwr -into $tb_link_out_group -radix hex
## add_wave /apatb_algo_unpacked_top/link_out_12_V_o_ap_lwr -into $tb_link_out_group -radix hex
## add_wave /apatb_algo_unpacked_top/link_out_11_V_o_ap_lwr -into $tb_link_out_group -radix hex
## add_wave /apatb_algo_unpacked_top/link_out_10_V_o_ap_lwr -into $tb_link_out_group -radix hex
## add_wave /apatb_algo_unpacked_top/link_out_9_V_o_ap_lwr -into $tb_link_out_group -radix hex
## add_wave /apatb_algo_unpacked_top/link_out_8_V_o_ap_lwr -into $tb_link_out_group -radix hex
## add_wave /apatb_algo_unpacked_top/link_out_7_V_o_ap_lwr -into $tb_link_out_group -radix hex
## add_wave /apatb_algo_unpacked_top/link_out_6_V_o_ap_lwr -into $tb_link_out_group -radix hex
## add_wave /apatb_algo_unpacked_top/link_out_5_V_o_ap_lwr -into $tb_link_out_group -radix hex
## add_wave /apatb_algo_unpacked_top/link_out_4_V_o_ap_lwr -into $tb_link_out_group -radix hex
## add_wave /apatb_algo_unpacked_top/link_out_3_V_o_ap_lwr -into $tb_link_out_group -radix hex
## add_wave /apatb_algo_unpacked_top/link_out_2_V_o_ap_lwr -into $tb_link_out_group -radix hex
## add_wave /apatb_algo_unpacked_top/link_out_1_V_o_ap_lwr -into $tb_link_out_group -radix hex
## add_wave /apatb_algo_unpacked_top/link_out_0_V_o_ap_lwr -into $tb_link_out_group -radix hex
## add_wave /apatb_algo_unpacked_top/link_out_47_V_o_ap_vld -into $tb_link_out_group -color #ffff00 -radix hex
## add_wave /apatb_algo_unpacked_top/link_out_47_V_o -into $tb_link_out_group -radix hex
## add_wave /apatb_algo_unpacked_top/link_out_47_V_i -into $tb_link_out_group -radix hex
## add_wave /apatb_algo_unpacked_top/link_out_46_V_o_ap_vld -into $tb_link_out_group -color #ffff00 -radix hex
## add_wave /apatb_algo_unpacked_top/link_out_46_V_o -into $tb_link_out_group -radix hex
## add_wave /apatb_algo_unpacked_top/link_out_46_V_i -into $tb_link_out_group -radix hex
## add_wave /apatb_algo_unpacked_top/link_out_45_V_o_ap_vld -into $tb_link_out_group -color #ffff00 -radix hex
## add_wave /apatb_algo_unpacked_top/link_out_45_V_o -into $tb_link_out_group -radix hex
## add_wave /apatb_algo_unpacked_top/link_out_45_V_i -into $tb_link_out_group -radix hex
## add_wave /apatb_algo_unpacked_top/link_out_44_V_o_ap_vld -into $tb_link_out_group -color #ffff00 -radix hex
## add_wave /apatb_algo_unpacked_top/link_out_44_V_o -into $tb_link_out_group -radix hex
## add_wave /apatb_algo_unpacked_top/link_out_44_V_i -into $tb_link_out_group -radix hex
## add_wave /apatb_algo_unpacked_top/link_out_43_V_o_ap_vld -into $tb_link_out_group -color #ffff00 -radix hex
## add_wave /apatb_algo_unpacked_top/link_out_43_V_o -into $tb_link_out_group -radix hex
## add_wave /apatb_algo_unpacked_top/link_out_43_V_i -into $tb_link_out_group -radix hex
## add_wave /apatb_algo_unpacked_top/link_out_42_V_o_ap_vld -into $tb_link_out_group -color #ffff00 -radix hex
## add_wave /apatb_algo_unpacked_top/link_out_42_V_o -into $tb_link_out_group -radix hex
## add_wave /apatb_algo_unpacked_top/link_out_42_V_i -into $tb_link_out_group -radix hex
## add_wave /apatb_algo_unpacked_top/link_out_41_V_o_ap_vld -into $tb_link_out_group -color #ffff00 -radix hex
## add_wave /apatb_algo_unpacked_top/link_out_41_V_o -into $tb_link_out_group -radix hex
## add_wave /apatb_algo_unpacked_top/link_out_41_V_i -into $tb_link_out_group -radix hex
## add_wave /apatb_algo_unpacked_top/link_out_40_V_o_ap_vld -into $tb_link_out_group -color #ffff00 -radix hex
## add_wave /apatb_algo_unpacked_top/link_out_40_V_o -into $tb_link_out_group -radix hex
## add_wave /apatb_algo_unpacked_top/link_out_40_V_i -into $tb_link_out_group -radix hex
## add_wave /apatb_algo_unpacked_top/link_out_39_V_o_ap_vld -into $tb_link_out_group -color #ffff00 -radix hex
## add_wave /apatb_algo_unpacked_top/link_out_39_V_o -into $tb_link_out_group -radix hex
## add_wave /apatb_algo_unpacked_top/link_out_39_V_i -into $tb_link_out_group -radix hex
## add_wave /apatb_algo_unpacked_top/link_out_38_V_o_ap_vld -into $tb_link_out_group -color #ffff00 -radix hex
## add_wave /apatb_algo_unpacked_top/link_out_38_V_o -into $tb_link_out_group -radix hex
## add_wave /apatb_algo_unpacked_top/link_out_38_V_i -into $tb_link_out_group -radix hex
## add_wave /apatb_algo_unpacked_top/link_out_37_V_o_ap_vld -into $tb_link_out_group -color #ffff00 -radix hex
## add_wave /apatb_algo_unpacked_top/link_out_37_V_o -into $tb_link_out_group -radix hex
## add_wave /apatb_algo_unpacked_top/link_out_37_V_i -into $tb_link_out_group -radix hex
## add_wave /apatb_algo_unpacked_top/link_out_36_V_o_ap_vld -into $tb_link_out_group -color #ffff00 -radix hex
## add_wave /apatb_algo_unpacked_top/link_out_36_V_o -into $tb_link_out_group -radix hex
## add_wave /apatb_algo_unpacked_top/link_out_36_V_i -into $tb_link_out_group -radix hex
## add_wave /apatb_algo_unpacked_top/link_out_35_V_o_ap_vld -into $tb_link_out_group -color #ffff00 -radix hex
## add_wave /apatb_algo_unpacked_top/link_out_35_V_o -into $tb_link_out_group -radix hex
## add_wave /apatb_algo_unpacked_top/link_out_35_V_i -into $tb_link_out_group -radix hex
## add_wave /apatb_algo_unpacked_top/link_out_34_V_o_ap_vld -into $tb_link_out_group -color #ffff00 -radix hex
## add_wave /apatb_algo_unpacked_top/link_out_34_V_o -into $tb_link_out_group -radix hex
## add_wave /apatb_algo_unpacked_top/link_out_34_V_i -into $tb_link_out_group -radix hex
## add_wave /apatb_algo_unpacked_top/link_out_33_V_o_ap_vld -into $tb_link_out_group -color #ffff00 -radix hex
## add_wave /apatb_algo_unpacked_top/link_out_33_V_o -into $tb_link_out_group -radix hex
## add_wave /apatb_algo_unpacked_top/link_out_33_V_i -into $tb_link_out_group -radix hex
## add_wave /apatb_algo_unpacked_top/link_out_32_V_o_ap_vld -into $tb_link_out_group -color #ffff00 -radix hex
## add_wave /apatb_algo_unpacked_top/link_out_32_V_o -into $tb_link_out_group -radix hex
## add_wave /apatb_algo_unpacked_top/link_out_32_V_i -into $tb_link_out_group -radix hex
## add_wave /apatb_algo_unpacked_top/link_out_31_V_o_ap_vld -into $tb_link_out_group -color #ffff00 -radix hex
## add_wave /apatb_algo_unpacked_top/link_out_31_V_o -into $tb_link_out_group -radix hex
## add_wave /apatb_algo_unpacked_top/link_out_31_V_i -into $tb_link_out_group -radix hex
## add_wave /apatb_algo_unpacked_top/link_out_30_V_o_ap_vld -into $tb_link_out_group -color #ffff00 -radix hex
## add_wave /apatb_algo_unpacked_top/link_out_30_V_o -into $tb_link_out_group -radix hex
## add_wave /apatb_algo_unpacked_top/link_out_30_V_i -into $tb_link_out_group -radix hex
## add_wave /apatb_algo_unpacked_top/link_out_29_V_o_ap_vld -into $tb_link_out_group -color #ffff00 -radix hex
## add_wave /apatb_algo_unpacked_top/link_out_29_V_o -into $tb_link_out_group -radix hex
## add_wave /apatb_algo_unpacked_top/link_out_29_V_i -into $tb_link_out_group -radix hex
## add_wave /apatb_algo_unpacked_top/link_out_28_V_o_ap_vld -into $tb_link_out_group -color #ffff00 -radix hex
## add_wave /apatb_algo_unpacked_top/link_out_28_V_o -into $tb_link_out_group -radix hex
## add_wave /apatb_algo_unpacked_top/link_out_28_V_i -into $tb_link_out_group -radix hex
## add_wave /apatb_algo_unpacked_top/link_out_27_V_o_ap_vld -into $tb_link_out_group -color #ffff00 -radix hex
## add_wave /apatb_algo_unpacked_top/link_out_27_V_o -into $tb_link_out_group -radix hex
## add_wave /apatb_algo_unpacked_top/link_out_27_V_i -into $tb_link_out_group -radix hex
## add_wave /apatb_algo_unpacked_top/link_out_26_V_o_ap_vld -into $tb_link_out_group -color #ffff00 -radix hex
## add_wave /apatb_algo_unpacked_top/link_out_26_V_o -into $tb_link_out_group -radix hex
## add_wave /apatb_algo_unpacked_top/link_out_26_V_i -into $tb_link_out_group -radix hex
## add_wave /apatb_algo_unpacked_top/link_out_25_V_o_ap_vld -into $tb_link_out_group -color #ffff00 -radix hex
## add_wave /apatb_algo_unpacked_top/link_out_25_V_o -into $tb_link_out_group -radix hex
## add_wave /apatb_algo_unpacked_top/link_out_25_V_i -into $tb_link_out_group -radix hex
## add_wave /apatb_algo_unpacked_top/link_out_24_V_o_ap_vld -into $tb_link_out_group -color #ffff00 -radix hex
## add_wave /apatb_algo_unpacked_top/link_out_24_V_o -into $tb_link_out_group -radix hex
## add_wave /apatb_algo_unpacked_top/link_out_24_V_i -into $tb_link_out_group -radix hex
## add_wave /apatb_algo_unpacked_top/link_out_23_V_o_ap_vld -into $tb_link_out_group -color #ffff00 -radix hex
## add_wave /apatb_algo_unpacked_top/link_out_23_V_o -into $tb_link_out_group -radix hex
## add_wave /apatb_algo_unpacked_top/link_out_23_V_i -into $tb_link_out_group -radix hex
## add_wave /apatb_algo_unpacked_top/link_out_22_V_o_ap_vld -into $tb_link_out_group -color #ffff00 -radix hex
## add_wave /apatb_algo_unpacked_top/link_out_22_V_o -into $tb_link_out_group -radix hex
## add_wave /apatb_algo_unpacked_top/link_out_22_V_i -into $tb_link_out_group -radix hex
## add_wave /apatb_algo_unpacked_top/link_out_21_V_o_ap_vld -into $tb_link_out_group -color #ffff00 -radix hex
## add_wave /apatb_algo_unpacked_top/link_out_21_V_o -into $tb_link_out_group -radix hex
## add_wave /apatb_algo_unpacked_top/link_out_21_V_i -into $tb_link_out_group -radix hex
## add_wave /apatb_algo_unpacked_top/link_out_20_V_o_ap_vld -into $tb_link_out_group -color #ffff00 -radix hex
## add_wave /apatb_algo_unpacked_top/link_out_20_V_o -into $tb_link_out_group -radix hex
## add_wave /apatb_algo_unpacked_top/link_out_20_V_i -into $tb_link_out_group -radix hex
## add_wave /apatb_algo_unpacked_top/link_out_19_V_o_ap_vld -into $tb_link_out_group -color #ffff00 -radix hex
## add_wave /apatb_algo_unpacked_top/link_out_19_V_o -into $tb_link_out_group -radix hex
## add_wave /apatb_algo_unpacked_top/link_out_19_V_i -into $tb_link_out_group -radix hex
## add_wave /apatb_algo_unpacked_top/link_out_18_V_o_ap_vld -into $tb_link_out_group -color #ffff00 -radix hex
## add_wave /apatb_algo_unpacked_top/link_out_18_V_o -into $tb_link_out_group -radix hex
## add_wave /apatb_algo_unpacked_top/link_out_18_V_i -into $tb_link_out_group -radix hex
## add_wave /apatb_algo_unpacked_top/link_out_17_V_o_ap_vld -into $tb_link_out_group -color #ffff00 -radix hex
## add_wave /apatb_algo_unpacked_top/link_out_17_V_o -into $tb_link_out_group -radix hex
## add_wave /apatb_algo_unpacked_top/link_out_17_V_i -into $tb_link_out_group -radix hex
## add_wave /apatb_algo_unpacked_top/link_out_16_V_o_ap_vld -into $tb_link_out_group -color #ffff00 -radix hex
## add_wave /apatb_algo_unpacked_top/link_out_16_V_o -into $tb_link_out_group -radix hex
## add_wave /apatb_algo_unpacked_top/link_out_16_V_i -into $tb_link_out_group -radix hex
## add_wave /apatb_algo_unpacked_top/link_out_15_V_o_ap_vld -into $tb_link_out_group -color #ffff00 -radix hex
## add_wave /apatb_algo_unpacked_top/link_out_15_V_o -into $tb_link_out_group -radix hex
## add_wave /apatb_algo_unpacked_top/link_out_15_V_i -into $tb_link_out_group -radix hex
## add_wave /apatb_algo_unpacked_top/link_out_14_V_o_ap_vld -into $tb_link_out_group -color #ffff00 -radix hex
## add_wave /apatb_algo_unpacked_top/link_out_14_V_o -into $tb_link_out_group -radix hex
## add_wave /apatb_algo_unpacked_top/link_out_14_V_i -into $tb_link_out_group -radix hex
## add_wave /apatb_algo_unpacked_top/link_out_13_V_o_ap_vld -into $tb_link_out_group -color #ffff00 -radix hex
## add_wave /apatb_algo_unpacked_top/link_out_13_V_o -into $tb_link_out_group -radix hex
## add_wave /apatb_algo_unpacked_top/link_out_13_V_i -into $tb_link_out_group -radix hex
## add_wave /apatb_algo_unpacked_top/link_out_12_V_o_ap_vld -into $tb_link_out_group -color #ffff00 -radix hex
## add_wave /apatb_algo_unpacked_top/link_out_12_V_o -into $tb_link_out_group -radix hex
## add_wave /apatb_algo_unpacked_top/link_out_12_V_i -into $tb_link_out_group -radix hex
## add_wave /apatb_algo_unpacked_top/link_out_11_V_o_ap_vld -into $tb_link_out_group -color #ffff00 -radix hex
## add_wave /apatb_algo_unpacked_top/link_out_11_V_o -into $tb_link_out_group -radix hex
## add_wave /apatb_algo_unpacked_top/link_out_11_V_i -into $tb_link_out_group -radix hex
## add_wave /apatb_algo_unpacked_top/link_out_10_V_o_ap_vld -into $tb_link_out_group -color #ffff00 -radix hex
## add_wave /apatb_algo_unpacked_top/link_out_10_V_o -into $tb_link_out_group -radix hex
## add_wave /apatb_algo_unpacked_top/link_out_10_V_i -into $tb_link_out_group -radix hex
## add_wave /apatb_algo_unpacked_top/link_out_9_V_o_ap_vld -into $tb_link_out_group -color #ffff00 -radix hex
## add_wave /apatb_algo_unpacked_top/link_out_9_V_o -into $tb_link_out_group -radix hex
## add_wave /apatb_algo_unpacked_top/link_out_9_V_i -into $tb_link_out_group -radix hex
## add_wave /apatb_algo_unpacked_top/link_out_8_V_o_ap_vld -into $tb_link_out_group -color #ffff00 -radix hex
## add_wave /apatb_algo_unpacked_top/link_out_8_V_o -into $tb_link_out_group -radix hex
## add_wave /apatb_algo_unpacked_top/link_out_8_V_i -into $tb_link_out_group -radix hex
## add_wave /apatb_algo_unpacked_top/link_out_7_V_o_ap_vld -into $tb_link_out_group -color #ffff00 -radix hex
## add_wave /apatb_algo_unpacked_top/link_out_7_V_o -into $tb_link_out_group -radix hex
## add_wave /apatb_algo_unpacked_top/link_out_7_V_i -into $tb_link_out_group -radix hex
## add_wave /apatb_algo_unpacked_top/link_out_6_V_o_ap_vld -into $tb_link_out_group -color #ffff00 -radix hex
## add_wave /apatb_algo_unpacked_top/link_out_6_V_o -into $tb_link_out_group -radix hex
## add_wave /apatb_algo_unpacked_top/link_out_6_V_i -into $tb_link_out_group -radix hex
## add_wave /apatb_algo_unpacked_top/link_out_5_V_o_ap_vld -into $tb_link_out_group -color #ffff00 -radix hex
## add_wave /apatb_algo_unpacked_top/link_out_5_V_o -into $tb_link_out_group -radix hex
## add_wave /apatb_algo_unpacked_top/link_out_5_V_i -into $tb_link_out_group -radix hex
## add_wave /apatb_algo_unpacked_top/link_out_4_V_o_ap_vld -into $tb_link_out_group -color #ffff00 -radix hex
## add_wave /apatb_algo_unpacked_top/link_out_4_V_o -into $tb_link_out_group -radix hex
## add_wave /apatb_algo_unpacked_top/link_out_4_V_i -into $tb_link_out_group -radix hex
## add_wave /apatb_algo_unpacked_top/link_out_3_V_o_ap_vld -into $tb_link_out_group -color #ffff00 -radix hex
## add_wave /apatb_algo_unpacked_top/link_out_3_V_o -into $tb_link_out_group -radix hex
## add_wave /apatb_algo_unpacked_top/link_out_3_V_i -into $tb_link_out_group -radix hex
## add_wave /apatb_algo_unpacked_top/link_out_2_V_o_ap_vld -into $tb_link_out_group -color #ffff00 -radix hex
## add_wave /apatb_algo_unpacked_top/link_out_2_V_o -into $tb_link_out_group -radix hex
## add_wave /apatb_algo_unpacked_top/link_out_2_V_i -into $tb_link_out_group -radix hex
## add_wave /apatb_algo_unpacked_top/link_out_1_V_o_ap_vld -into $tb_link_out_group -color #ffff00 -radix hex
## add_wave /apatb_algo_unpacked_top/link_out_1_V_o -into $tb_link_out_group -radix hex
## add_wave /apatb_algo_unpacked_top/link_out_1_V_i -into $tb_link_out_group -radix hex
## add_wave /apatb_algo_unpacked_top/link_out_0_V_o_ap_vld -into $tb_link_out_group -color #ffff00 -radix hex
## add_wave /apatb_algo_unpacked_top/link_out_0_V_o -into $tb_link_out_group -radix hex
## add_wave /apatb_algo_unpacked_top/link_out_0_V_i -into $tb_link_out_group -radix hex
## set tbcinputgroup [add_wave_group "C Inputs" -into $testbenchgroup]
## set tb_link_in_group [add_wave_group link_in(wire) -into $tbcinputgroup]
## add_wave /apatb_algo_unpacked_top/link_in_47_V -into $tb_link_in_group -radix hex
## add_wave /apatb_algo_unpacked_top/link_in_46_V -into $tb_link_in_group -radix hex
## add_wave /apatb_algo_unpacked_top/link_in_45_V -into $tb_link_in_group -radix hex
## add_wave /apatb_algo_unpacked_top/link_in_44_V -into $tb_link_in_group -radix hex
## add_wave /apatb_algo_unpacked_top/link_in_43_V -into $tb_link_in_group -radix hex
## add_wave /apatb_algo_unpacked_top/link_in_42_V -into $tb_link_in_group -radix hex
## add_wave /apatb_algo_unpacked_top/link_in_41_V -into $tb_link_in_group -radix hex
## add_wave /apatb_algo_unpacked_top/link_in_40_V -into $tb_link_in_group -radix hex
## add_wave /apatb_algo_unpacked_top/link_in_39_V -into $tb_link_in_group -radix hex
## add_wave /apatb_algo_unpacked_top/link_in_38_V -into $tb_link_in_group -radix hex
## add_wave /apatb_algo_unpacked_top/link_in_37_V -into $tb_link_in_group -radix hex
## add_wave /apatb_algo_unpacked_top/link_in_36_V -into $tb_link_in_group -radix hex
## add_wave /apatb_algo_unpacked_top/link_in_35_V -into $tb_link_in_group -radix hex
## add_wave /apatb_algo_unpacked_top/link_in_34_V -into $tb_link_in_group -radix hex
## add_wave /apatb_algo_unpacked_top/link_in_33_V -into $tb_link_in_group -radix hex
## add_wave /apatb_algo_unpacked_top/link_in_32_V -into $tb_link_in_group -radix hex
## add_wave /apatb_algo_unpacked_top/link_in_31_V -into $tb_link_in_group -radix hex
## add_wave /apatb_algo_unpacked_top/link_in_30_V -into $tb_link_in_group -radix hex
## add_wave /apatb_algo_unpacked_top/link_in_29_V -into $tb_link_in_group -radix hex
## add_wave /apatb_algo_unpacked_top/link_in_28_V -into $tb_link_in_group -radix hex
## add_wave /apatb_algo_unpacked_top/link_in_27_V -into $tb_link_in_group -radix hex
## add_wave /apatb_algo_unpacked_top/link_in_26_V -into $tb_link_in_group -radix hex
## add_wave /apatb_algo_unpacked_top/link_in_25_V -into $tb_link_in_group -radix hex
## add_wave /apatb_algo_unpacked_top/link_in_24_V -into $tb_link_in_group -radix hex
## add_wave /apatb_algo_unpacked_top/link_in_23_V -into $tb_link_in_group -radix hex
## add_wave /apatb_algo_unpacked_top/link_in_22_V -into $tb_link_in_group -radix hex
## add_wave /apatb_algo_unpacked_top/link_in_21_V -into $tb_link_in_group -radix hex
## add_wave /apatb_algo_unpacked_top/link_in_20_V -into $tb_link_in_group -radix hex
## add_wave /apatb_algo_unpacked_top/link_in_19_V -into $tb_link_in_group -radix hex
## add_wave /apatb_algo_unpacked_top/link_in_18_V -into $tb_link_in_group -radix hex
## add_wave /apatb_algo_unpacked_top/link_in_17_V -into $tb_link_in_group -radix hex
## add_wave /apatb_algo_unpacked_top/link_in_16_V -into $tb_link_in_group -radix hex
## add_wave /apatb_algo_unpacked_top/link_in_15_V -into $tb_link_in_group -radix hex
## add_wave /apatb_algo_unpacked_top/link_in_14_V -into $tb_link_in_group -radix hex
## add_wave /apatb_algo_unpacked_top/link_in_13_V -into $tb_link_in_group -radix hex
## add_wave /apatb_algo_unpacked_top/link_in_12_V -into $tb_link_in_group -radix hex
## add_wave /apatb_algo_unpacked_top/link_in_11_V -into $tb_link_in_group -radix hex
## add_wave /apatb_algo_unpacked_top/link_in_10_V -into $tb_link_in_group -radix hex
## add_wave /apatb_algo_unpacked_top/link_in_9_V -into $tb_link_in_group -radix hex
## add_wave /apatb_algo_unpacked_top/link_in_8_V -into $tb_link_in_group -radix hex
## add_wave /apatb_algo_unpacked_top/link_in_7_V -into $tb_link_in_group -radix hex
## add_wave /apatb_algo_unpacked_top/link_in_6_V -into $tb_link_in_group -radix hex
## add_wave /apatb_algo_unpacked_top/link_in_5_V -into $tb_link_in_group -radix hex
## add_wave /apatb_algo_unpacked_top/link_in_4_V -into $tb_link_in_group -radix hex
## add_wave /apatb_algo_unpacked_top/link_in_3_V -into $tb_link_in_group -radix hex
## add_wave /apatb_algo_unpacked_top/link_in_2_V -into $tb_link_in_group -radix hex
## add_wave /apatb_algo_unpacked_top/link_in_1_V -into $tb_link_in_group -radix hex
## add_wave /apatb_algo_unpacked_top/link_in_0_V -into $tb_link_in_group -radix hex
## save_wave_config algo_unpacked.wcfg
## run all
////////////////////////////////////////////////////////////////////////////////////
// Inter-Transaction Progress: Completed Transaction / Total Transaction
// Intra-Transaction Progress: Measured Latency / Latency Estimation * 100%
//
// RTL Simulation : "Inter-Transaction Progress" ["Intra-Transaction Progress"] @ "Simulation Time"
////////////////////////////////////////////////////////////////////////////////////
// RTL Simulation : 0 / 336 [0.00%] @ "121000"
// RTL Simulation : 1 / 336 [50.00%] @ "188000"
// RTL Simulation : 2 / 336 [50.00%] @ "213000"
// RTL Simulation : 3 / 336 [50.00%] @ "238000"
// RTL Simulation : 4 / 336 [50.00%] @ "263000"
// RTL Simulation : 5 / 336 [50.00%] @ "288000"
// RTL Simulation : 6 / 336 [50.00%] @ "313000"
// RTL Simulation : 7 / 336 [50.00%] @ "338000"
// RTL Simulation : 8 / 336 [50.00%] @ "363000"
// RTL Simulation : 9 / 336 [50.00%] @ "388000"
// RTL Simulation : 10 / 336 [50.00%] @ "413000"
// RTL Simulation : 11 / 336 [50.00%] @ "438000"
// RTL Simulation : 12 / 336 [50.00%] @ "463000"
// RTL Simulation : 13 / 336 [50.00%] @ "488000"
// RTL Simulation : 14 / 336 [50.00%] @ "513000"
// RTL Simulation : 15 / 336 [50.00%] @ "538000"
// RTL Simulation : 16 / 336 [50.00%] @ "563000"
// RTL Simulation : 17 / 336 [50.00%] @ "588000"
// RTL Simulation : 18 / 336 [50.00%] @ "613000"
// RTL Simulation : 19 / 336 [50.00%] @ "638000"
// RTL Simulation : 20 / 336 [50.00%] @ "663000"
// RTL Simulation : 21 / 336 [50.00%] @ "688000"
// RTL Simulation : 22 / 336 [50.00%] @ "713000"
// RTL Simulation : 23 / 336 [50.00%] @ "738000"
// RTL Simulation : 24 / 336 [50.00%] @ "763000"
// RTL Simulation : 25 / 336 [50.00%] @ "788000"
// RTL Simulation : 26 / 336 [50.00%] @ "813000"
// RTL Simulation : 27 / 336 [50.00%] @ "838000"
// RTL Simulation : 28 / 336 [50.00%] @ "863000"
// RTL Simulation : 29 / 336 [50.00%] @ "888000"
// RTL Simulation : 30 / 336 [50.00%] @ "913000"
// RTL Simulation : 31 / 336 [50.00%] @ "938000"
// RTL Simulation : 32 / 336 [50.00%] @ "963000"
// RTL Simulation : 33 / 336 [50.00%] @ "988000"
// RTL Simulation : 34 / 336 [50.00%] @ "1013000"
// RTL Simulation : 35 / 336 [50.00%] @ "1038000"
// RTL Simulation : 36 / 336 [50.00%] @ "1063000"
// RTL Simulation : 37 / 336 [50.00%] @ "1088000"
// RTL Simulation : 38 / 336 [50.00%] @ "1113000"
// RTL Simulation : 39 / 336 [50.00%] @ "1138000"
// RTL Simulation : 40 / 336 [50.00%] @ "1163000"
// RTL Simulation : 41 / 336 [50.00%] @ "1188000"
// RTL Simulation : 42 / 336 [50.00%] @ "1213000"
// RTL Simulation : 43 / 336 [50.00%] @ "1238000"
// RTL Simulation : 44 / 336 [50.00%] @ "1264000"
// RTL Simulation : 45 / 336 [50.00%] @ "1289000"
// RTL Simulation : 46 / 336 [50.00%] @ "1314000"
// RTL Simulation : 47 / 336 [50.00%] @ "1339000"
// RTL Simulation : 48 / 336 [50.00%] @ "1364000"
// RTL Simulation : 49 / 336 [50.00%] @ "1389000"
// RTL Simulation : 50 / 336 [50.00%] @ "1414000"
// RTL Simulation : 51 / 336 [50.00%] @ "1439000"
// RTL Simulation : 52 / 336 [50.00%] @ "1464000"
// RTL Simulation : 53 / 336 [50.00%] @ "1489000"
// RTL Simulation : 54 / 336 [50.00%] @ "1514000"
// RTL Simulation : 55 / 336 [50.00%] @ "1539000"
// RTL Simulation : 56 / 336 [50.00%] @ "1564000"
// RTL Simulation : 57 / 336 [50.00%] @ "1589000"
// RTL Simulation : 58 / 336 [50.00%] @ "1614000"
// RTL Simulation : 59 / 336 [50.00%] @ "1639000"
// RTL Simulation : 60 / 336 [50.00%] @ "1664000"
// RTL Simulation : 61 / 336 [50.00%] @ "1689000"
// RTL Simulation : 62 / 336 [50.00%] @ "1714000"
// RTL Simulation : 63 / 336 [50.00%] @ "1739000"
// RTL Simulation : 64 / 336 [50.00%] @ "1764000"
// RTL Simulation : 65 / 336 [50.00%] @ "1789000"
// RTL Simulation : 66 / 336 [50.00%] @ "1814000"
// RTL Simulation : 67 / 336 [50.00%] @ "1839000"
// RTL Simulation : 68 / 336 [50.00%] @ "1864000"
// RTL Simulation : 69 / 336 [50.00%] @ "1889000"
// RTL Simulation : 70 / 336 [50.00%] @ "1914000"
// RTL Simulation : 71 / 336 [50.00%] @ "1939000"
// RTL Simulation : 72 / 336 [50.00%] @ "1964000"
// RTL Simulation : 73 / 336 [50.00%] @ "1989000"
// RTL Simulation : 74 / 336 [50.00%] @ "2014000"
// RTL Simulation : 75 / 336 [50.00%] @ "2039000"
// RTL Simulation : 76 / 336 [50.00%] @ "2064000"
// RTL Simulation : 77 / 336 [50.00%] @ "2089000"
// RTL Simulation : 78 / 336 [50.00%] @ "2114000"
// RTL Simulation : 79 / 336 [50.00%] @ "2139000"
// RTL Simulation : 80 / 336 [50.00%] @ "2164000"
// RTL Simulation : 81 / 336 [50.00%] @ "2189000"
// RTL Simulation : 82 / 336 [50.00%] @ "2214000"
// RTL Simulation : 83 / 336 [50.00%] @ "2239000"
// RTL Simulation : 84 / 336 [50.00%] @ "2264000"
// RTL Simulation : 85 / 336 [50.00%] @ "2289000"
// RTL Simulation : 86 / 336 [50.00%] @ "2314000"
// RTL Simulation : 87 / 336 [50.00%] @ "2339000"
// RTL Simulation : 88 / 336 [50.00%] @ "2364000"
// RTL Simulation : 89 / 336 [50.00%] @ "2389000"
// RTL Simulation : 90 / 336 [50.00%] @ "2414000"
// RTL Simulation : 91 / 336 [50.00%] @ "2439000"
// RTL Simulation : 92 / 336 [50.00%] @ "2464000"
// RTL Simulation : 93 / 336 [50.00%] @ "2489000"
// RTL Simulation : 94 / 336 [50.00%] @ "2515000"
// RTL Simulation : 95 / 336 [50.00%] @ "2540000"
// RTL Simulation : 96 / 336 [50.00%] @ "2565000"
// RTL Simulation : 97 / 336 [50.00%] @ "2590000"
// RTL Simulation : 98 / 336 [50.00%] @ "2615000"
// RTL Simulation : 99 / 336 [50.00%] @ "2640000"
// RTL Simulation : 100 / 336 [50.00%] @ "2665000"
// RTL Simulation : 101 / 336 [50.00%] @ "2690000"
// RTL Simulation : 102 / 336 [50.00%] @ "2715000"
// RTL Simulation : 103 / 336 [50.00%] @ "2740000"
// RTL Simulation : 104 / 336 [50.00%] @ "2765000"
// RTL Simulation : 105 / 336 [50.00%] @ "2790000"
// RTL Simulation : 106 / 336 [50.00%] @ "2815000"
// RTL Simulation : 107 / 336 [50.00%] @ "2840000"
// RTL Simulation : 108 / 336 [50.00%] @ "2865000"
// RTL Simulation : 109 / 336 [50.00%] @ "2890000"
// RTL Simulation : 110 / 336 [50.00%] @ "2915000"
// RTL Simulation : 111 / 336 [50.00%] @ "2940000"
// RTL Simulation : 112 / 336 [50.00%] @ "2965000"
// RTL Simulation : 113 / 336 [50.00%] @ "2990000"
// RTL Simulation : 114 / 336 [50.00%] @ "3015000"
// RTL Simulation : 115 / 336 [50.00%] @ "3040000"
// RTL Simulation : 116 / 336 [50.00%] @ "3065000"
// RTL Simulation : 117 / 336 [50.00%] @ "3090000"
// RTL Simulation : 118 / 336 [50.00%] @ "3115000"
// RTL Simulation : 119 / 336 [50.00%] @ "3140000"
// RTL Simulation : 120 / 336 [50.00%] @ "3165000"
// RTL Simulation : 121 / 336 [50.00%] @ "3190000"
// RTL Simulation : 122 / 336 [50.00%] @ "3215000"
// RTL Simulation : 123 / 336 [50.00%] @ "3240000"
// RTL Simulation : 124 / 336 [50.00%] @ "3265000"
// RTL Simulation : 125 / 336 [50.00%] @ "3290000"
// RTL Simulation : 126 / 336 [50.00%] @ "3315000"
// RTL Simulation : 127 / 336 [50.00%] @ "3340000"
// RTL Simulation : 128 / 336 [50.00%] @ "3365000"
// RTL Simulation : 129 / 336 [50.00%] @ "3390000"
// RTL Simulation : 130 / 336 [50.00%] @ "3415000"
// RTL Simulation : 131 / 336 [50.00%] @ "3440000"
// RTL Simulation : 132 / 336 [50.00%] @ "3465000"
// RTL Simulation : 133 / 336 [50.00%] @ "3490000"
// RTL Simulation : 134 / 336 [50.00%] @ "3515000"
// RTL Simulation : 135 / 336 [50.00%] @ "3540000"
// RTL Simulation : 136 / 336 [50.00%] @ "3565000"
// RTL Simulation : 137 / 336 [50.00%] @ "3590000"
// RTL Simulation : 138 / 336 [50.00%] @ "3615000"
// RTL Simulation : 139 / 336 [50.00%] @ "3640000"
// RTL Simulation : 140 / 336 [50.00%] @ "3665000"
// RTL Simulation : 141 / 336 [50.00%] @ "3690000"
// RTL Simulation : 142 / 336 [50.00%] @ "3715000"
// RTL Simulation : 143 / 336 [50.00%] @ "3740000"
// RTL Simulation : 144 / 336 [50.00%] @ "3766000"
// RTL Simulation : 145 / 336 [50.00%] @ "3791000"
// RTL Simulation : 146 / 336 [50.00%] @ "3816000"
// RTL Simulation : 147 / 336 [50.00%] @ "3841000"
// RTL Simulation : 148 / 336 [50.00%] @ "3866000"
// RTL Simulation : 149 / 336 [50.00%] @ "3891000"
// RTL Simulation : 150 / 336 [50.00%] @ "3916000"
// RTL Simulation : 151 / 336 [50.00%] @ "3941000"
// RTL Simulation : 152 / 336 [50.00%] @ "3966000"
// RTL Simulation : 153 / 336 [50.00%] @ "3991000"
// RTL Simulation : 154 / 336 [50.00%] @ "4016000"
// RTL Simulation : 155 / 336 [50.00%] @ "4041000"
// RTL Simulation : 156 / 336 [50.00%] @ "4066000"
// RTL Simulation : 157 / 336 [50.00%] @ "4091000"
// RTL Simulation : 158 / 336 [50.00%] @ "4116000"
// RTL Simulation : 159 / 336 [50.00%] @ "4141000"
// RTL Simulation : 160 / 336 [50.00%] @ "4166000"
// RTL Simulation : 161 / 336 [50.00%] @ "4191000"
// RTL Simulation : 162 / 336 [50.00%] @ "4216000"
// RTL Simulation : 163 / 336 [50.00%] @ "4241000"
// RTL Simulation : 164 / 336 [50.00%] @ "4266000"
// RTL Simulation : 165 / 336 [50.00%] @ "4291000"
// RTL Simulation : 166 / 336 [50.00%] @ "4316000"
// RTL Simulation : 167 / 336 [50.00%] @ "4341000"
// RTL Simulation : 168 / 336 [50.00%] @ "4366000"
// RTL Simulation : 169 / 336 [50.00%] @ "4391000"
// RTL Simulation : 170 / 336 [50.00%] @ "4416000"
// RTL Simulation : 171 / 336 [50.00%] @ "4441000"
// RTL Simulation : 172 / 336 [50.00%] @ "4466000"
// RTL Simulation : 173 / 336 [50.00%] @ "4491000"
// RTL Simulation : 174 / 336 [50.00%] @ "4516000"
// RTL Simulation : 175 / 336 [50.00%] @ "4541000"
// RTL Simulation : 176 / 336 [50.00%] @ "4566000"
// RTL Simulation : 177 / 336 [50.00%] @ "4591000"
// RTL Simulation : 178 / 336 [50.00%] @ "4616000"
// RTL Simulation : 179 / 336 [50.00%] @ "4641000"
// RTL Simulation : 180 / 336 [50.00%] @ "4666000"
// RTL Simulation : 181 / 336 [50.00%] @ "4691000"
// RTL Simulation : 182 / 336 [50.00%] @ "4716000"
// RTL Simulation : 183 / 336 [50.00%] @ "4741000"
// RTL Simulation : 184 / 336 [50.00%] @ "4766000"
// RTL Simulation : 185 / 336 [50.00%] @ "4791000"
// RTL Simulation : 186 / 336 [50.00%] @ "4816000"
// RTL Simulation : 187 / 336 [50.00%] @ "4841000"
// RTL Simulation : 188 / 336 [50.00%] @ "4866000"
// RTL Simulation : 189 / 336 [50.00%] @ "4891000"
// RTL Simulation : 190 / 336 [50.00%] @ "4916000"
// RTL Simulation : 191 / 336 [50.00%] @ "4941000"
// RTL Simulation : 192 / 336 [50.00%] @ "4966000"
// RTL Simulation : 193 / 336 [50.00%] @ "4991000"
// RTL Simulation : 194 / 336 [50.00%] @ "5017000"
// RTL Simulation : 195 / 336 [50.00%] @ "5042000"
// RTL Simulation : 196 / 336 [50.00%] @ "5067000"
// RTL Simulation : 197 / 336 [50.00%] @ "5092000"
// RTL Simulation : 198 / 336 [50.00%] @ "5117000"
// RTL Simulation : 199 / 336 [50.00%] @ "5142000"
// RTL Simulation : 200 / 336 [50.00%] @ "5167000"
// RTL Simulation : 201 / 336 [50.00%] @ "5192000"
// RTL Simulation : 202 / 336 [50.00%] @ "5217000"
// RTL Simulation : 203 / 336 [50.00%] @ "5242000"
// RTL Simulation : 204 / 336 [50.00%] @ "5267000"
// RTL Simulation : 205 / 336 [50.00%] @ "5292000"
// RTL Simulation : 206 / 336 [50.00%] @ "5317000"
// RTL Simulation : 207 / 336 [50.00%] @ "5342000"
// RTL Simulation : 208 / 336 [50.00%] @ "5367000"
// RTL Simulation : 209 / 336 [50.00%] @ "5392000"
// RTL Simulation : 210 / 336 [50.00%] @ "5417000"
// RTL Simulation : 211 / 336 [50.00%] @ "5442000"
// RTL Simulation : 212 / 336 [50.00%] @ "5467000"
// RTL Simulation : 213 / 336 [50.00%] @ "5492000"
// RTL Simulation : 214 / 336 [50.00%] @ "5517000"
// RTL Simulation : 215 / 336 [50.00%] @ "5542000"
// RTL Simulation : 216 / 336 [50.00%] @ "5567000"
// RTL Simulation : 217 / 336 [50.00%] @ "5592000"
// RTL Simulation : 218 / 336 [50.00%] @ "5617000"
// RTL Simulation : 219 / 336 [50.00%] @ "5642000"
// RTL Simulation : 220 / 336 [50.00%] @ "5667000"
// RTL Simulation : 221 / 336 [50.00%] @ "5692000"
// RTL Simulation : 222 / 336 [50.00%] @ "5717000"
// RTL Simulation : 223 / 336 [50.00%] @ "5742000"
// RTL Simulation : 224 / 336 [50.00%] @ "5767000"
// RTL Simulation : 225 / 336 [50.00%] @ "5792000"
// RTL Simulation : 226 / 336 [50.00%] @ "5817000"
// RTL Simulation : 227 / 336 [50.00%] @ "5842000"
// RTL Simulation : 228 / 336 [50.00%] @ "5867000"
// RTL Simulation : 229 / 336 [50.00%] @ "5892000"
// RTL Simulation : 230 / 336 [50.00%] @ "5917000"
// RTL Simulation : 231 / 336 [50.00%] @ "5942000"
// RTL Simulation : 232 / 336 [50.00%] @ "5967000"
// RTL Simulation : 233 / 336 [50.00%] @ "5992000"
// RTL Simulation : 234 / 336 [50.00%] @ "6017000"
// RTL Simulation : 235 / 336 [50.00%] @ "6042000"
// RTL Simulation : 236 / 336 [50.00%] @ "6067000"
// RTL Simulation : 237 / 336 [50.00%] @ "6092000"
// RTL Simulation : 238 / 336 [50.00%] @ "6117000"
// RTL Simulation : 239 / 336 [50.00%] @ "6142000"
// RTL Simulation : 240 / 336 [50.00%] @ "6167000"
// RTL Simulation : 241 / 336 [50.00%] @ "6192000"
// RTL Simulation : 242 / 336 [50.00%] @ "6217000"
// RTL Simulation : 243 / 336 [50.00%] @ "6242000"
// RTL Simulation : 244 / 336 [50.00%] @ "6268000"
// RTL Simulation : 245 / 336 [50.00%] @ "6293000"
// RTL Simulation : 246 / 336 [50.00%] @ "6318000"
// RTL Simulation : 247 / 336 [50.00%] @ "6343000"
// RTL Simulation : 248 / 336 [50.00%] @ "6368000"
// RTL Simulation : 249 / 336 [50.00%] @ "6393000"
// RTL Simulation : 250 / 336 [50.00%] @ "6418000"
// RTL Simulation : 251 / 336 [50.00%] @ "6443000"
// RTL Simulation : 252 / 336 [50.00%] @ "6468000"
// RTL Simulation : 253 / 336 [50.00%] @ "6493000"
// RTL Simulation : 254 / 336 [50.00%] @ "6518000"
// RTL Simulation : 255 / 336 [50.00%] @ "6543000"
// RTL Simulation : 256 / 336 [50.00%] @ "6568000"
// RTL Simulation : 257 / 336 [50.00%] @ "6593000"
// RTL Simulation : 258 / 336 [50.00%] @ "6618000"
// RTL Simulation : 259 / 336 [50.00%] @ "6643000"
// RTL Simulation : 260 / 336 [50.00%] @ "6668000"
// RTL Simulation : 261 / 336 [50.00%] @ "6693000"
// RTL Simulation : 262 / 336 [50.00%] @ "6718000"
// RTL Simulation : 263 / 336 [50.00%] @ "6743000"
// RTL Simulation : 264 / 336 [50.00%] @ "6768000"
// RTL Simulation : 265 / 336 [50.00%] @ "6793000"
// RTL Simulation : 266 / 336 [50.00%] @ "6818000"
// RTL Simulation : 267 / 336 [50.00%] @ "6843000"
// RTL Simulation : 268 / 336 [50.00%] @ "6868000"
// RTL Simulation : 269 / 336 [50.00%] @ "6893000"
// RTL Simulation : 270 / 336 [50.00%] @ "6918000"
// RTL Simulation : 271 / 336 [50.00%] @ "6943000"
// RTL Simulation : 272 / 336 [50.00%] @ "6968000"
// RTL Simulation : 273 / 336 [50.00%] @ "6993000"
// RTL Simulation : 274 / 336 [50.00%] @ "7018000"
// RTL Simulation : 275 / 336 [50.00%] @ "7043000"
// RTL Simulation : 276 / 336 [50.00%] @ "7068000"
// RTL Simulation : 277 / 336 [50.00%] @ "7093000"
// RTL Simulation : 278 / 336 [50.00%] @ "7118000"
// RTL Simulation : 279 / 336 [50.00%] @ "7143000"
// RTL Simulation : 280 / 336 [50.00%] @ "7168000"
// RTL Simulation : 281 / 336 [50.00%] @ "7193000"
// RTL Simulation : 282 / 336 [50.00%] @ "7218000"
// RTL Simulation : 283 / 336 [50.00%] @ "7243000"
// RTL Simulation : 284 / 336 [50.00%] @ "7268000"
// RTL Simulation : 285 / 336 [50.00%] @ "7293000"
// RTL Simulation : 286 / 336 [50.00%] @ "7318000"
// RTL Simulation : 287 / 336 [50.00%] @ "7343000"
// RTL Simulation : 288 / 336 [50.00%] @ "7368000"
// RTL Simulation : 289 / 336 [50.00%] @ "7393000"
// RTL Simulation : 290 / 336 [50.00%] @ "7418000"
// RTL Simulation : 291 / 336 [50.00%] @ "7443000"
// RTL Simulation : 292 / 336 [50.00%] @ "7468000"
// RTL Simulation : 293 / 336 [50.00%] @ "7493000"
// RTL Simulation : 294 / 336 [50.00%] @ "7519000"
// RTL Simulation : 295 / 336 [50.00%] @ "7544000"
// RTL Simulation : 296 / 336 [50.00%] @ "7569000"
// RTL Simulation : 297 / 336 [50.00%] @ "7594000"
// RTL Simulation : 298 / 336 [50.00%] @ "7619000"
// RTL Simulation : 299 / 336 [50.00%] @ "7644000"
// RTL Simulation : 300 / 336 [50.00%] @ "7669000"
// RTL Simulation : 301 / 336 [50.00%] @ "7694000"
// RTL Simulation : 302 / 336 [50.00%] @ "7719000"
// RTL Simulation : 303 / 336 [50.00%] @ "7744000"
// RTL Simulation : 304 / 336 [50.00%] @ "7769000"
// RTL Simulation : 305 / 336 [50.00%] @ "7794000"
// RTL Simulation : 306 / 336 [50.00%] @ "7819000"
// RTL Simulation : 307 / 336 [50.00%] @ "7844000"
// RTL Simulation : 308 / 336 [50.00%] @ "7869000"
// RTL Simulation : 309 / 336 [50.00%] @ "7894000"
// RTL Simulation : 310 / 336 [50.00%] @ "7919000"
// RTL Simulation : 311 / 336 [50.00%] @ "7944000"
// RTL Simulation : 312 / 336 [50.00%] @ "7969000"
// RTL Simulation : 313 / 336 [50.00%] @ "7994000"
// RTL Simulation : 314 / 336 [50.00%] @ "8019000"
// RTL Simulation : 315 / 336 [50.00%] @ "8044000"
// RTL Simulation : 316 / 336 [50.00%] @ "8069000"
// RTL Simulation : 317 / 336 [50.00%] @ "8094000"
// RTL Simulation : 318 / 336 [50.00%] @ "8119000"
// RTL Simulation : 319 / 336 [50.00%] @ "8144000"
// RTL Simulation : 320 / 336 [50.00%] @ "8169000"
// RTL Simulation : 321 / 336 [50.00%] @ "8194000"
// RTL Simulation : 322 / 336 [50.00%] @ "8219000"
// RTL Simulation : 323 / 336 [50.00%] @ "8244000"
// RTL Simulation : 324 / 336 [50.00%] @ "8269000"
// RTL Simulation : 325 / 336 [50.00%] @ "8294000"
// RTL Simulation : 326 / 336 [50.00%] @ "8319000"
// RTL Simulation : 327 / 336 [50.00%] @ "8344000"
// RTL Simulation : 328 / 336 [50.00%] @ "8369000"
// RTL Simulation : 329 / 336 [50.00%] @ "8394000"
// RTL Simulation : 330 / 336 [50.00%] @ "8419000"
// RTL Simulation : 331 / 336 [50.00%] @ "8444000"
// RTL Simulation : 332 / 336 [50.00%] @ "8469000"
// RTL Simulation : 333 / 336 [50.00%] @ "8494000"
// RTL Simulation : 334 / 336 [50.00%] @ "8519000"
// RTL Simulation : 335 / 336 [50.00%] @ "8544000"
// RTL Simulation : 336 / 336 [100.00%] @ "8569000"
////////////////////////////////////////////////////////////////////////////////////
$finish called at time : 8602710 ps : File "/data/skamat/CMSPhase2HLS/APx_Gen0_Algo/VivadoHls/CMSPhase2RCT/vivado_hls/proj/solution1/sim/verilog/algo_unpacked.autotb.v" Line 8031
## quit
INFO: [Common 17-206] Exiting xsim at Sun Jan 20 19:48:14 2019...
